Name                                Stmts   Miss  Cover   Missing
-----------------------------------------------------------------
c_to_plantuml/__init__.py               8      0   100%
c_to_plantuml/config.py               203     22    89%   55, 59, 61, 63, 65, 92-95, 107, 151-152, 161, 169, 173, 203-204, 264, 365-366, 368, 391
c_to_plantuml/generator.py            313     24    92%   97, 238, 262, 379, 389-409, 413-414, 438, 446
c_to_plantuml/main.py                  97     28    71%   38-47, 85, 93-95, 121-123, 140-142, 151-155, 163-165, 201-203
c_to_plantuml/models.py               260     35    87%   27, 31, 37, 41, 60, 62, 64, 80, 82, 110, 120, 133, 154, 170, 172, 196, 198, 200, 202, 278, 291, 318, 332, 349, 372, 374, 390-391, 414-415, 419-424
c_to_plantuml/parser.py               682     92    87%   21-22, 43, 81-83, 86-91, 193-194, 293-294, 300, 357-358, 383-384, 404-413, 418-419, 467-468, 596-650, 663-664, 673, 677, 712, 727, 741, 794-818, 896, 925, 929, 1009, 1071, 1091-1095, 1113-1117, 1121, 1135, 1174, 1182, 1203, 1253, 1271-1276, 1280-1282
c_to_plantuml/parser_tokenizer.py     677     83    88%   222, 231, 309, 311, 427, 532-533, 541, 549, 569, 597, 654, 670, 681, 693-694, 703-705, 723, 751, 788-790, 808, 864, 911, 946, 958-960, 968, 993, 998, 1007, 1026, 1036-1039, 1046, 1055, 1067, 1078, 1081, 1086, 1097, 1126, 1155-1167, 1176-1187, 1198-1232, 1287
c_to_plantuml/preprocessor.py         294     85    71%   54-56, 60-61, 69, 103-104, 115, 127, 132, 134, 140-156, 167-173, 175-181, 183-189, 198-199, 204-205, 209, 221-226, 234, 300-308, 329-334, 353, 357-363, 367-369, 394-395, 397, 407-409, 471-472, 488-491
c_to_plantuml/transformer.py          341     18    95%   107-108, 279, 340-348, 518-522, 580-584, 605-609, 812, 855-856
c_to_plantuml/utils.py                 67     26    61%   13, 23-28, 39-42, 51, 66-74, 89-100, 115, 187
c_to_plantuml/verifier.py             139     21    85%   67, 70, 111, 114, 119, 123, 130, 133, 142, 144, 149, 166, 169, 172, 180, 188, 213, 227, 235, 242, 254
-----------------------------------------------------------------
TOTAL                                3081    434    86%
