Name                                Stmts   Miss  Cover   Missing
-----------------------------------------------------------------
c_to_plantuml/__init__.py               8      0   100%
c_to_plantuml/config.py               203     22    89%   55, 59, 61, 63, 65, 92-95, 107, 151-152, 161, 169, 173, 203-204, 263, 364-365, 367, 390
c_to_plantuml/generator.py            318     25    92%   44, 51-52, 315, 431, 441-461, 465-466, 490, 498
c_to_plantuml/main.py                  97     28    71%   38-47, 85, 93-95, 121-123, 140-142, 151-155, 163-165, 201-203
c_to_plantuml/models.py               255     31    88%   27, 31, 37, 41, 60, 62, 64, 80, 82, 110, 120, 133, 154, 170, 172, 273, 286, 313, 327, 344, 367, 369, 385-386, 409-410, 414-419
c_to_plantuml/parser.py               677     92    86%   21-22, 43, 83-85, 88-93, 194-195, 294-295, 301, 358-359, 384-385, 405-414, 419-420, 468-469, 597-651, 664-665, 674, 678, 713, 728, 742, 795-819, 897, 926, 930, 1010, 1072, 1092-1096, 1114-1118, 1122, 1136, 1175, 1183, 1204, 1254, 1272-1277, 1281-1283
c_to_plantuml/parser_tokenizer.py     677     80    88%   222, 231, 309, 311, 427, 532-533, 541, 549, 569, 597, 654, 670, 681, 693-694, 703-705, 723, 751, 788-790, 808, 864, 911, 946, 958-960, 968, 993, 998, 1007, 1026, 1039, 1046, 1055, 1067, 1078, 1081, 1086, 1097, 1126, 1155-1167, 1176-1187, 1198-1232, 1287
c_to_plantuml/preprocessor.py         294     85    71%   54-56, 60-61, 69, 103-104, 115, 127, 132, 134, 140-156, 167-173, 175-181, 183-189, 198-199, 204-205, 209, 221-226, 234, 300-308, 329-334, 353, 357-363, 367-369, 394-395, 397, 407-409, 471-472, 488-491
c_to_plantuml/transformer.py          337     19    94%   107-108, 279, 340-348, 518-522, 576-580, 601-605, 672, 808, 850-851
c_to_plantuml/utils.py                 67     26    61%   13, 23-28, 39-42, 51, 66-74, 89-100, 115, 187
c_to_plantuml/verifier.py             139     21    85%   67, 70, 111, 114, 119, 123, 130, 133, 142, 144, 149, 166, 169, 172, 180, 188, 213, 227, 235, 242, 254
-----------------------------------------------------------------
TOTAL                                3072    429    86%
