Coverage Summary Report
Generated: 2025-07-26 18:57:05
================================================================================

Overall Statistics:
  Total statements: 2,963
  Covered lines: 2,499
  Missing lines: 464
  Coverage: 84.3%

Per-File Summary:
--------------------------------------------------------------------------------
File                                                  Stmts     Miss    Cover
--------------------------------------------------------------------------------
c_to_plantuml/__init__.py                                 8        0   100.0%
c_to_plantuml/config.py                                 200       22    89.0%
c_to_plantuml/generator.py                              291       41    85.9%
c_to_plantuml/main.py                                    97       45    53.6%
c_to_plantuml/models.py                                 260       35    86.5%
c_to_plantuml/parser.py                                 706       89    87.4%
c_to_plantuml/parser_tokenizer.py                       649       73    88.8%
c_to_plantuml/preprocessor.py                           295      101    65.8%
c_to_plantuml/transformer.py                            251       10    96.0%
c_to_plantuml/utils.py                                   67       26    61.2%
c_to_plantuml/verifier.py                               139       22    84.2%
--------------------------------------------------------------------------------
