{"meta": {"format": 3, "version": "7.10.1", "timestamp": "2025-07-30T06:00:59.406151", "branch_coverage": false, "show_contexts": false}, "files": {"c_to_plantuml/__init__.py": {"executed_lines": [1, 7, 8, 10, 11, 12, 23, 24, 26], "summary": {"covered_lines": 8, "num_statements": 8, "percent_covered": 100.0, "percent_covered_display": "100", "missing_lines": 0, "excluded_lines": 0}, "missing_lines": [], "excluded_lines": [], "functions": {"": {"executed_lines": [1, 7, 8, 10, 11, 12, 23, 24, 26], "summary": {"covered_lines": 8, "num_statements": 8, "percent_covered": 100.0, "percent_covered_display": "100", "missing_lines": 0, "excluded_lines": 0}, "missing_lines": [], "excluded_lines": []}}, "classes": {"": {"executed_lines": [1, 7, 8, 10, 11, 12, 23, 24, 26], "summary": {"covered_lines": 8, "num_statements": 8, "percent_covered": 100.0, "percent_covered_display": "100", "missing_lines": 0, "excluded_lines": 0}, "missing_lines": [], "excluded_lines": []}}}, "c_to_plantuml/config.py": {"executed_lines": [2, 6, 7, 8, 9, 10, 11, 13, 16, 17, 18, 21, 22, 23, 24, 25, 26, 29, 30, 31, 34, 37, 38, 39, 42, 46, 49, 52, 55, 57, 58, 59, 61, 63, 65, 67, 68, 69, 70, 71, 72, 73, 74, 75, 76, 77, 78, 79, 80, 81, 82, 84, 86, 88, 89, 90, 91, 99, 100, 101, 104, 106, 110, 113, 114, 115, 116, 117, 118, 121, 122, 123, 124, 125, 126, 130, 131, 133, 134, 135, 136, 137, 140, 141, 146, 147, 148, 149, 158, 159, 161, 164, 165, 166, 169, 173, 176, 177, 179, 181, 182, 186, 188, 201, 202, 203, 209, 211, 213, 216, 217, 218, 221, 222, 225, 226, 227, 229, 231, 235, 249, 250, 255, 256, 261, 267, 268, 275, 276, 283, 284, 289, 290, 294, 296, 298, 301, 305, 307, 309, 310, 311, 312, 313, 314, 315, 316, 319, 320, 321, 322, 323, 324, 325, 327, 329, 331, 333, 336, 340, 342, 344, 345, 347, 350, 351, 352, 353, 354, 355, 356, 357, 360, 361, 362, 365, 368, 370, 372, 374, 386, 388, 391, 404, 406], "summary": {"covered_lines": 181, "num_statements": 203, "percent_covered": 89.16256157635468, "percent_covered_display": "89", "missing_lines": 22, "excluded_lines": 6}, "missing_lines": [56, 60, 62, 64, 66, 93, 94, 95, 96, 108, 152, 153, 162, 170, 174, 204, 205, 262, 363, 364, 366, 389], "excluded_lines": [404, 405, 406, 407, 408, 409], "functions": {"Config.__init__": {"executed_lines": [49, 52, 55, 57, 58, 59, 61, 63, 65, 67, 68, 69, 70, 71, 72, 73, 74, 75, 76, 77, 78, 79, 80, 81, 82, 84, 86, 88, 89, 90, 91, 99, 100, 101, 104], "summary": {"covered_lines": 35, "num_statements": 44, "percent_covered": 79.54545454545455, "percent_covered_display": "80", "missing_lines": 9, "excluded_lines": 0}, "missing_lines": [56, 60, 62, 64, 66, 93, 94, 95, 96], "excluded_lines": []}, "Config.__post_init__": {"executed_lines": [], "summary": {"covered_lines": 0, "num_statements": 1, "percent_covered": 0.0, "percent_covered_display": "0", "missing_lines": 1, "excluded_lines": 0}, "missing_lines": [108], "excluded_lines": []}, "Config._compile_patterns": {"executed_lines": [113, 114, 115, 116, 117, 118, 121, 122, 123, 124, 125, 126, 130, 131, 133, 134, 135, 136, 137, 140, 141, 146, 147, 148, 149], "summary": {"covered_lines": 25, "num_statements": 27, "percent_covered": 92.5925925925926, "percent_covered_display": "93", "missing_lines": 2, "excluded_lines": 0}, "missing_lines": [152, 153], "excluded_lines": []}, "Config.load": {"executed_lines": [161, 164, 165, 166, 169, 173, 176, 177, 179, 181, 182], "summary": {"covered_lines": 11, "num_statements": 14, "percent_covered": 78.57142857142857, "percent_covered_display": "79", "missing_lines": 3, "excluded_lines": 0}, "missing_lines": [162, 170, 174], "excluded_lines": []}, "Config.save": {"executed_lines": [188, 201, 202, 203], "summary": {"covered_lines": 4, "num_statements": 6, "percent_covered": 66.66666666666667, "percent_covered_display": "67", "missing_lines": 2, "excluded_lines": 0}, "missing_lines": [204, 205], "excluded_lines": []}, "Config.has_filters": {"executed_lines": [211], "summary": {"covered_lines": 1, "num_statements": 1, "percent_covered": 100.0, "percent_covered_display": "100", "missing_lines": 0, "excluded_lines": 0}, "missing_lines": [], "excluded_lines": []}, "Config._should_include_file": {"executed_lines": [216, 217, 218, 221, 222, 225, 226, 227, 229], "summary": {"covered_lines": 9, "num_statements": 9, "percent_covered": 100.0, "percent_covered_display": "100", "missing_lines": 0, "excluded_lines": 0}, "missing_lines": [], "excluded_lines": []}, "Config._apply_element_filters": {"executed_lines": [235, 249, 250, 255, 256, 261, 267, 268, 275, 276, 283, 284, 289, 290, 294], "summary": {"covered_lines": 15, "num_statements": 16, "percent_covered": 93.75, "percent_covered_display": "94", "missing_lines": 1, "excluded_lines": 0}, "missing_lines": [262], "excluded_lines": []}, "Config._filter_dict": {"executed_lines": [298, 301, 305, 307, 309, 310, 311, 312, 313, 314, 315, 316, 319, 320, 321, 322, 323, 324, 325, 327, 329], "summary": {"covered_lines": 21, "num_statements": 21, "percent_covered": 100.0, "percent_covered_display": "100", "missing_lines": 0, "excluded_lines": 0}, "missing_lines": [], "excluded_lines": []}, "Config._filter_list": {"executed_lines": [333, 336, 340, 342, 344, 345, 347, 350, 351, 352, 353, 354, 355, 356, 357, 360, 361, 362, 365, 368, 370], "summary": {"covered_lines": 21, "num_statements": 24, "percent_covered": 87.5, "percent_covered_display": "88", "missing_lines": 3, "excluded_lines": 0}, "missing_lines": [363, 364, 366], "excluded_lines": []}, "Config.get_summary": {"executed_lines": [374], "summary": {"covered_lines": 1, "num_statements": 1, "percent_covered": 100.0, "percent_covered_display": "100", "missing_lines": 0, "excluded_lines": 0}, "missing_lines": [], "excluded_lines": []}, "Config.__eq__": {"executed_lines": [388, 391], "summary": {"covered_lines": 2, "num_statements": 3, "percent_covered": 66.66666666666667, "percent_covered_display": "67", "missing_lines": 1, "excluded_lines": 0}, "missing_lines": [389], "excluded_lines": []}, "Config.__repr__": {"executed_lines": [406], "summary": {"covered_lines": 0, "num_statements": 0, "percent_covered": 100.0, "percent_covered_display": "100", "missing_lines": 0, "excluded_lines": 5}, "missing_lines": [], "excluded_lines": [405, 406, 407, 408, 409]}, "": {"executed_lines": [2, 6, 7, 8, 9, 10, 11, 13, 16, 17, 18, 21, 22, 23, 24, 25, 26, 29, 30, 31, 34, 37, 38, 39, 42, 46, 106, 110, 158, 159, 186, 209, 213, 231, 296, 331, 372, 386, 404], "summary": {"covered_lines": 36, "num_statements": 36, "percent_covered": 100.0, "percent_covered_display": "100", "missing_lines": 0, "excluded_lines": 1}, "missing_lines": [], "excluded_lines": [404]}}, "classes": {"Config": {"executed_lines": [49, 52, 55, 57, 58, 59, 61, 63, 65, 67, 68, 69, 70, 71, 72, 73, 74, 75, 76, 77, 78, 79, 80, 81, 82, 84, 86, 88, 89, 90, 91, 99, 100, 101, 104, 113, 114, 115, 116, 117, 118, 121, 122, 123, 124, 125, 126, 130, 131, 133, 134, 135, 136, 137, 140, 141, 146, 147, 148, 149, 161, 164, 165, 166, 169, 173, 176, 177, 179, 181, 182, 188, 201, 202, 203, 211, 216, 217, 218, 221, 222, 225, 226, 227, 229, 235, 249, 250, 255, 256, 261, 267, 268, 275, 276, 283, 284, 289, 290, 294, 298, 301, 305, 307, 309, 310, 311, 312, 313, 314, 315, 316, 319, 320, 321, 322, 323, 324, 325, 327, 329, 333, 336, 340, 342, 344, 345, 347, 350, 351, 352, 353, 354, 355, 356, 357, 360, 361, 362, 365, 368, 370, 374, 388, 391, 406], "summary": {"covered_lines": 145, "num_statements": 167, "percent_covered": 86.82634730538922, "percent_covered_display": "87", "missing_lines": 22, "excluded_lines": 5}, "missing_lines": [56, 60, 62, 64, 66, 93, 94, 95, 96, 108, 152, 153, 162, 170, 174, 204, 205, 262, 363, 364, 366, 389], "excluded_lines": [405, 406, 407, 408, 409]}, "": {"executed_lines": [2, 6, 7, 8, 9, 10, 11, 13, 16, 17, 18, 21, 22, 23, 24, 25, 26, 29, 30, 31, 34, 37, 38, 39, 42, 46, 106, 110, 158, 159, 186, 209, 213, 231, 296, 331, 372, 386, 404], "summary": {"covered_lines": 36, "num_statements": 36, "percent_covered": 100.0, "percent_covered_display": "100", "missing_lines": 0, "excluded_lines": 1}, "missing_lines": [], "excluded_lines": [404]}}}, "c_to_plantuml/generator.py": {"executed_lines": [2, 7, 8, 9, 10, 12, 15, 16, 17, 20, 21, 22, 25, 26, 29, 30, 41, 43, 47, 48, 49, 50, 54, 59, 62, 65, 68, 70, 72, 74, 79, 80, 83, 84, 86, 88, 90, 94, 95, 98, 100, 102, 103, 105, 106, 108, 115, 118, 121, 123, 132, 133, 134, 136, 143, 144, 145, 147, 149, 151, 155, 156, 158, 161, 162, 165, 166, 167, 170, 172, 173, 174, 176, 177, 179, 180, 183, 184, 186, 187, 190, 191, 193, 195, 199, 201, 202, 203, 205, 207, 208, 210, 213, 214, 217, 218, 221, 222, 225, 226, 230, 232, 234, 236, 237, 238, 241, 242, 244, 246, 248, 250, 251, 253, 254, 255, 256, 257, 259, 261, 262, 263, 264, 266, 267, 269, 271, 272, 273, 274, 275, 276, 277, 278, 279, 281, 285, 286, 287, 288, 290, 294, 295, 296, 297, 299, 307, 308, 309, 310, 311, 312, 313, 315, 319, 331, 335, 347, 360, 361, 362, 364, 367, 368, 370, 371, 372, 376, 377, 379, 383, 384, 385, 386, 388, 392, 393, 394, 395, 398, 399, 400, 401, 402, 404, 408, 409, 410, 411, 414, 415, 416, 417, 419, 420, 421, 423, 427, 428, 429, 430, 433, 434, 435, 436, 438, 442, 443, 444, 445, 448, 449, 450, 451, 452, 454, 457, 458, 459, 462, 463, 465, 467, 469, 475, 477, 478, 480, 484, 492, 493, 495, 496, 520, 524, 528, 531, 533, 537, 538, 539, 540, 541, 543, 545, 546, 551, 552, 553, 554, 558, 566, 567, 568, 570, 577, 580, 581, 582, 584, 585, 589, 591, 595, 596, 600, 601, 607, 608, 609, 610, 611, 612, 616, 618, 625, 626, 628, 629, 630, 631, 632, 633, 634, 635, 636, 639, 641, 645, 646, 648, 655, 656, 658, 662, 666, 674, 675, 676, 677, 678, 679, 680], "summary": {"covered_lines": 301, "num_statements": 327, "percent_covered": 92.04892966360856, "percent_covered_display": "92", "missing_lines": 26, "excluded_lines": 0}, "missing_lines": [44, 51, 52, 365, 482, 497, 499, 500, 501, 502, 504, 505, 506, 508, 509, 510, 512, 513, 514, 515, 517, 521, 522, 548, 556, 586], "excluded_lines": [], "functions": {"Generator._clear_output_folder": {"executed_lines": [43, 47, 48, 49, 50], "summary": {"covered_lines": 5, "num_statements": 8, "percent_covered": 62.5, "percent_covered_display": "62", "missing_lines": 3, "excluded_lines": 0}, "missing_lines": [44, 51, 52], "excluded_lines": []}, "Generator.generate": {"executed_lines": [59, 62, 65, 68, 70, 72, 74, 79, 80, 83, 84, 86, 88], "summary": {"covered_lines": 13, "num_statements": 13, "percent_covered": 100.0, "percent_covered_display": "100", "missing_lines": 0, "excluded_lines": 0}, "missing_lines": [], "excluded_lines": []}, "Generator.generate_diagram": {"executed_lines": [94, 95, 98, 100, 102, 103, 105, 106], "summary": {"covered_lines": 8, "num_statements": 8, "percent_covered": 100.0, "percent_covered_display": "100", "missing_lines": 0, "excluded_lines": 0}, "missing_lines": [], "excluded_lines": []}, "Generator._generate_all_file_classes": {"executed_lines": [115, 118, 121], "summary": {"covered_lines": 3, "num_statements": 3, "percent_covered": 100.0, "percent_covered_display": "100", "missing_lines": 0, "excluded_lines": 0}, "missing_lines": [], "excluded_lines": []}, "Generator._generate_file_classes_by_extension": {"executed_lines": [132, 133, 134], "summary": {"covered_lines": 3, "num_statements": 3, "percent_covered": 100.0, "percent_covered_display": "100", "missing_lines": 0, "excluded_lines": 0}, "missing_lines": [], "excluded_lines": []}, "Generator._generate_typedef_classes_for_all_files": {"executed_lines": [143, 144, 145], "summary": {"covered_lines": 3, "num_statements": 3, "percent_covered": 100.0, "percent_covered_display": "100", "missing_lines": 0, "excluded_lines": 0}, "missing_lines": [], "excluded_lines": []}, "Generator._load_model": {"executed_lines": [149], "summary": {"covered_lines": 1, "num_statements": 1, "percent_covered": 100.0, "percent_covered_display": "100", "missing_lines": 0, "excluded_lines": 0}, "missing_lines": [], "excluded_lines": []}, "Generator._build_include_tree": {"executed_lines": [155, 156, 158, 172, 190, 191, 193], "summary": {"covered_lines": 7, "num_statements": 7, "percent_covered": 100.0, "percent_covered_display": "100", "missing_lines": 0, "excluded_lines": 0}, "missing_lines": [], "excluded_lines": []}, "Generator._build_include_tree.find_file_key": {"executed_lines": [161, 162, 165, 166, 167, 170], "summary": {"covered_lines": 6, "num_statements": 6, "percent_covered": 100.0, "percent_covered_display": "100", "missing_lines": 0, "excluded_lines": 0}, "missing_lines": [], "excluded_lines": []}, "Generator._build_include_tree.add_file_to_tree": {"executed_lines": [173, 174, 176, 177, 179, 180, 183, 184, 186, 187], "summary": {"covered_lines": 10, "num_statements": 10, "percent_covered": 100.0, "percent_covered_display": "100", "missing_lines": 0, "excluded_lines": 0}, "missing_lines": [], "excluded_lines": []}, "Generator._generate_uml_ids": {"executed_lines": [199, 201, 202, 203, 205, 207, 208, 210, 213, 214, 217, 218, 221, 222, 225, 226, 230], "summary": {"covered_lines": 17, "num_statements": 17, "percent_covered": 100.0, "percent_covered_display": "100", "missing_lines": 0, "excluded_lines": 0}, "missing_lines": [], "excluded_lines": []}, "Generator._format_macro": {"executed_lines": [234, 236, 237, 238, 241, 242], "summary": {"covered_lines": 6, "num_statements": 6, "percent_covered": 100.0, "percent_covered_display": "100", "missing_lines": 0, "excluded_lines": 0}, "missing_lines": [], "excluded_lines": []}, "Generator._format_global_variable": {"executed_lines": [246], "summary": {"covered_lines": 1, "num_statements": 1, "percent_covered": 100.0, "percent_covered_display": "100", "missing_lines": 0, "excluded_lines": 0}, "missing_lines": [], "excluded_lines": []}, "Generator._format_function_signature": {"executed_lines": [250, 251, 253, 254, 255, 256, 257], "summary": {"covered_lines": 7, "num_statements": 7, "percent_covered": 100.0, "percent_covered_display": "100", "missing_lines": 0, "excluded_lines": 0}, "missing_lines": [], "excluded_lines": []}, "Generator._format_function_parameters": {"executed_lines": [261, 262, 263, 264, 266, 267], "summary": {"covered_lines": 6, "num_statements": 6, "percent_covered": 100.0, "percent_covered_display": "100", "missing_lines": 0, "excluded_lines": 0}, "missing_lines": [], "excluded_lines": []}, "Generator._truncate_parameters": {"executed_lines": [271, 272, 273, 274, 275, 276, 277, 278, 279], "summary": {"covered_lines": 9, "num_statements": 9, "percent_covered": 100.0, "percent_covered_display": "100", "missing_lines": 0, "excluded_lines": 0}, "missing_lines": [], "excluded_lines": []}, "Generator._add_macros_section": {"executed_lines": [285, 286, 287, 288], "summary": {"covered_lines": 4, "num_statements": 4, "percent_covered": 100.0, "percent_covered_display": "100", "missing_lines": 0, "excluded_lines": 0}, "missing_lines": [], "excluded_lines": []}, "Generator._add_globals_section": {"executed_lines": [294, 295, 296, 297], "summary": {"covered_lines": 4, "num_statements": 4, "percent_covered": 100.0, "percent_covered_display": "100", "missing_lines": 0, "excluded_lines": 0}, "missing_lines": [], "excluded_lines": []}, "Generator._add_functions_section": {"executed_lines": [307, 308, 309, 310, 311, 312, 313], "summary": {"covered_lines": 7, "num_statements": 7, "percent_covered": 100.0, "percent_covered_display": "100", "missing_lines": 0, "excluded_lines": 0}, "missing_lines": [], "excluded_lines": []}, "Generator._generate_c_file_class": {"executed_lines": [319], "summary": {"covered_lines": 1, "num_statements": 1, "percent_covered": 100.0, "percent_covered_display": "100", "missing_lines": 0, "excluded_lines": 0}, "missing_lines": [], "excluded_lines": []}, "Generator._generate_header_class": {"executed_lines": [335], "summary": {"covered_lines": 1, "num_statements": 1, "percent_covered": 100.0, "percent_covered_display": "100", "missing_lines": 0, "excluded_lines": 0}, "missing_lines": [], "excluded_lines": []}, "Generator._generate_file_class": {"executed_lines": [360, 361, 362, 364, 367, 368, 370, 371, 372, 376, 377], "summary": {"covered_lines": 11, "num_statements": 12, "percent_covered": 91.66666666666667, "percent_covered_display": "92", "missing_lines": 1, "excluded_lines": 0}, "missing_lines": [365], "excluded_lines": []}, "Generator._generate_typedef_classes": {"executed_lines": [383, 384, 385, 386], "summary": {"covered_lines": 4, "num_statements": 4, "percent_covered": 100.0, "percent_covered_display": "100", "missing_lines": 0, "excluded_lines": 0}, "missing_lines": [], "excluded_lines": []}, "Generator._generate_struct_classes": {"executed_lines": [392, 393, 394, 395, 398, 399, 400, 401, 402], "summary": {"covered_lines": 9, "num_statements": 9, "percent_covered": 100.0, "percent_covered_display": "100", "missing_lines": 0, "excluded_lines": 0}, "missing_lines": [], "excluded_lines": []}, "Generator._generate_enum_classes": {"executed_lines": [408, 409, 410, 411, 414, 415, 416, 417, 419, 420, 421], "summary": {"covered_lines": 11, "num_statements": 11, "percent_covered": 100.0, "percent_covered_display": "100", "missing_lines": 0, "excluded_lines": 0}, "missing_lines": [], "excluded_lines": []}, "Generator._generate_alias_classes": {"executed_lines": [427, 428, 429, 430, 433, 434, 435, 436], "summary": {"covered_lines": 8, "num_statements": 8, "percent_covered": 100.0, "percent_covered_display": "100", "missing_lines": 0, "excluded_lines": 0}, "missing_lines": [], "excluded_lines": []}, "Generator._generate_union_classes": {"executed_lines": [442, 443, 444, 445, 448, 449, 450, 451, 452], "summary": {"covered_lines": 9, "num_statements": 9, "percent_covered": 100.0, "percent_covered_display": "100", "missing_lines": 0, "excluded_lines": 0}, "missing_lines": [], "excluded_lines": []}, "Generator._process_alias_content": {"executed_lines": [457, 458, 459, 462, 463, 465], "summary": {"covered_lines": 6, "num_statements": 6, "percent_covered": 100.0, "percent_covered_display": "100", "missing_lines": 0, "excluded_lines": 0}, "missing_lines": [], "excluded_lines": []}, "Generator._is_truncated_typedef": {"executed_lines": [469], "summary": {"covered_lines": 1, "num_statements": 1, "percent_covered": 100.0, "percent_covered_display": "100", "missing_lines": 0, "excluded_lines": 0}, "missing_lines": [], "excluded_lines": []}, "Generator._handle_truncated_typedef": {"executed_lines": [477, 478, 480], "summary": {"covered_lines": 3, "num_statements": 4, "percent_covered": 75.0, "percent_covered_display": "75", "missing_lines": 1, "excluded_lines": 0}, "missing_lines": [482], "excluded_lines": []}, "Generator._handle_normal_alias": {"executed_lines": [492, 493, 495, 496, 520], "summary": {"covered_lines": 5, "num_statements": 23, "percent_covered": 21.73913043478261, "percent_covered_display": "22", "missing_lines": 18, "excluded_lines": 0}, "missing_lines": [497, 499, 500, 501, 502, 504, 505, 506, 508, 509, 510, 512, 513, 514, 515, 517, 521, 522], "excluded_lines": []}, "Generator._generate_field_with_nested_structs": {"executed_lines": [528, 531, 533, 537, 538, 539, 540, 541, 543, 545, 546, 551, 552, 553, 554], "summary": {"covered_lines": 15, "num_statements": 17, "percent_covered": 88.23529411764706, "percent_covered_display": "88", "missing_lines": 2, "excluded_lines": 0}, "missing_lines": [548, 556], "excluded_lines": []}, "Generator._generate_relationships": {"executed_lines": [566, 567, 568], "summary": {"covered_lines": 3, "num_statements": 3, "percent_covered": 100.0, "percent_covered_display": "100", "missing_lines": 0, "excluded_lines": 0}, "missing_lines": [], "excluded_lines": []}, "Generator._generate_include_relationships": {"executed_lines": [577, 580, 581, 582, 584, 585, 589, 591, 595, 596, 600, 601, 607, 608, 609, 610, 611, 612, 616], "summary": {"covered_lines": 19, "num_statements": 20, "percent_covered": 95.0, "percent_covered_display": "95", "missing_lines": 1, "excluded_lines": 0}, "missing_lines": [586], "excluded_lines": []}, "Generator._generate_declaration_relationships": {"executed_lines": [625, 626, 628, 629, 630, 631, 632, 633, 634, 635, 636, 639], "summary": {"covered_lines": 12, "num_statements": 12, "percent_covered": 100.0, "percent_covered_display": "100", "missing_lines": 0, "excluded_lines": 0}, "missing_lines": [], "excluded_lines": []}, "Generator._get_file_uml_id": {"executed_lines": [645, 646], "summary": {"covered_lines": 2, "num_statements": 2, "percent_covered": 100.0, "percent_covered_display": "100", "missing_lines": 0, "excluded_lines": 0}, "missing_lines": [], "excluded_lines": []}, "Generator._generate_uses_relationships": {"executed_lines": [655, 656, 658, 662], "summary": {"covered_lines": 4, "num_statements": 4, "percent_covered": 100.0, "percent_covered_display": "100", "missing_lines": 0, "excluded_lines": 0}, "missing_lines": [], "excluded_lines": []}, "Generator._add_typedef_uses_relationships": {"executed_lines": [674, 675, 676, 677, 678, 679, 680], "summary": {"covered_lines": 7, "num_statements": 7, "percent_covered": 100.0, "percent_covered_display": "100", "missing_lines": 0, "excluded_lines": 0}, "missing_lines": [], "excluded_lines": []}, "": {"executed_lines": [2, 7, 8, 9, 10, 12, 15, 16, 17, 20, 21, 22, 25, 26, 29, 30, 41, 54, 90, 108, 123, 136, 147, 151, 195, 232, 244, 248, 259, 269, 281, 290, 299, 315, 331, 347, 379, 388, 404, 423, 438, 454, 467, 475, 484, 524, 558, 570, 618, 641, 648, 666], "summary": {"covered_lines": 50, "num_statements": 50, "percent_covered": 100.0, "percent_covered_display": "100", "missing_lines": 0, "excluded_lines": 0}, "missing_lines": [], "excluded_lines": []}}, "classes": {"Generator": {"executed_lines": [43, 47, 48, 49, 50, 59, 62, 65, 68, 70, 72, 74, 79, 80, 83, 84, 86, 88, 94, 95, 98, 100, 102, 103, 105, 106, 115, 118, 121, 132, 133, 134, 143, 144, 145, 149, 155, 156, 158, 161, 162, 165, 166, 167, 170, 172, 173, 174, 176, 177, 179, 180, 183, 184, 186, 187, 190, 191, 193, 199, 201, 202, 203, 205, 207, 208, 210, 213, 214, 217, 218, 221, 222, 225, 226, 230, 234, 236, 237, 238, 241, 242, 246, 250, 251, 253, 254, 255, 256, 257, 261, 262, 263, 264, 266, 267, 271, 272, 273, 274, 275, 276, 277, 278, 279, 285, 286, 287, 288, 294, 295, 296, 297, 307, 308, 309, 310, 311, 312, 313, 319, 335, 360, 361, 362, 364, 367, 368, 370, 371, 372, 376, 377, 383, 384, 385, 386, 392, 393, 394, 395, 398, 399, 400, 401, 402, 408, 409, 410, 411, 414, 415, 416, 417, 419, 420, 421, 427, 428, 429, 430, 433, 434, 435, 436, 442, 443, 444, 445, 448, 449, 450, 451, 452, 457, 458, 459, 462, 463, 465, 469, 477, 478, 480, 492, 493, 495, 496, 520, 528, 531, 533, 537, 538, 539, 540, 541, 543, 545, 546, 551, 552, 553, 554, 566, 567, 568, 577, 580, 581, 582, 584, 585, 589, 591, 595, 596, 600, 601, 607, 608, 609, 610, 611, 612, 616, 625, 626, 628, 629, 630, 631, 632, 633, 634, 635, 636, 639, 645, 646, 655, 656, 658, 662, 674, 675, 676, 677, 678, 679, 680], "summary": {"covered_lines": 251, "num_statements": 277, "percent_covered": 90.61371841155234, "percent_covered_display": "91", "missing_lines": 26, "excluded_lines": 0}, "missing_lines": [44, 51, 52, 365, 482, 497, 499, 500, 501, 502, 504, 505, 506, 508, 509, 510, 512, 513, 514, 515, 517, 521, 522, 548, 556, 586], "excluded_lines": []}, "": {"executed_lines": [2, 7, 8, 9, 10, 12, 15, 16, 17, 20, 21, 22, 25, 26, 29, 30, 41, 54, 90, 108, 123, 136, 147, 151, 195, 232, 244, 248, 259, 269, 281, 290, 299, 315, 331, 347, 379, 388, 404, 423, 438, 454, 467, 475, 484, 524, 558, 570, 618, 641, 648, 666], "summary": {"covered_lines": 50, "num_statements": 50, "percent_covered": 100.0, "percent_covered_display": "100", "missing_lines": 0, "excluded_lines": 0}, "missing_lines": [], "excluded_lines": []}}}, "c_to_plantuml/main.py": {"executed_lines": [2, 11, 12, 13, 14, 15, 16, 18, 19, 20, 21, 24, 25, 26, 33, 34, 35, 36, 37, 50, 51, 62, 69, 75, 78, 80, 83, 84, 87, 90, 91, 92, 98, 101, 102, 103, 105, 106, 109, 110, 111, 113, 119, 120, 126, 127, 128, 129, 138, 139, 145, 146, 147, 149, 150, 156, 161, 162, 168, 170, 172, 178, 180, 181, 190, 192, 193, 198, 199, 200, 206, 207], "summary": {"covered_lines": 69, "num_statements": 97, "percent_covered": 71.1340206185567, "percent_covered_display": "71", "missing_lines": 28, "excluded_lines": 2}, "missing_lines": [38, 40, 41, 42, 43, 44, 45, 47, 85, 93, 94, 95, 121, 122, 123, 140, 141, 142, 151, 152, 154, 155, 163, 164, 165, 201, 202, 203], "excluded_lines": [206, 207], "functions": {"setup_logging": {"executed_lines": [25, 26], "summary": {"covered_lines": 2, "num_statements": 2, "percent_covered": 100.0, "percent_covered_display": "100", "missing_lines": 0, "excluded_lines": 0}, "missing_lines": [], "excluded_lines": []}, "load_config_from_path": {"executed_lines": [34, 35, 36, 37], "summary": {"covered_lines": 4, "num_statements": 12, "percent_covered": 33.333333333333336, "percent_covered_display": "33", "missing_lines": 8, "excluded_lines": 0}, "missing_lines": [38, 40, 41, 42, 43, 44, 45, 47], "excluded_lines": []}, "main": {"executed_lines": [51, 62, 69, 75, 78, 80, 83, 84, 87, 90, 91, 92, 98, 101, 102, 103, 105, 106, 109, 110, 111, 113, 119, 120, 126, 127, 128, 129, 138, 139, 145, 146, 147, 149, 150, 156, 161, 162, 168, 170, 172, 178, 180, 181, 190, 192, 193, 198, 199, 200], "summary": {"covered_lines": 50, "num_statements": 70, "percent_covered": 71.42857142857143, "percent_covered_display": "71", "missing_lines": 20, "excluded_lines": 0}, "missing_lines": [85, 93, 94, 95, 121, 122, 123, 140, 141, 142, 151, 152, 154, 155, 163, 164, 165, 201, 202, 203], "excluded_lines": []}, "": {"executed_lines": [2, 11, 12, 13, 14, 15, 16, 18, 19, 20, 21, 24, 33, 50, 206, 207], "summary": {"covered_lines": 13, "num_statements": 13, "percent_covered": 100.0, "percent_covered_display": "100", "missing_lines": 0, "excluded_lines": 2}, "missing_lines": [], "excluded_lines": [206, 207]}}, "classes": {"": {"executed_lines": [2, 11, 12, 13, 14, 15, 16, 18, 19, 20, 21, 24, 25, 26, 33, 34, 35, 36, 37, 50, 51, 62, 69, 75, 78, 80, 83, 84, 87, 90, 91, 92, 98, 101, 102, 103, 105, 106, 109, 110, 111, 113, 119, 120, 126, 127, 128, 129, 138, 139, 145, 146, 147, 149, 150, 156, 161, 162, 168, 170, 172, 178, 180, 181, 190, 192, 193, 198, 199, 200, 206, 207], "summary": {"covered_lines": 69, "num_statements": 97, "percent_covered": 71.1340206185567, "percent_covered_display": "71", "missing_lines": 28, "excluded_lines": 2}, "missing_lines": [38, 40, 41, 42, 43, 44, 45, 47, 85, 93, 94, 95, 121, 122, 123, 140, 141, 142, 151, 152, 154, 155, 163, 164, 165, 201, 202, 203], "excluded_lines": [206, 207]}}}, "c_to_plantuml/models.py": {"executed_lines": [2, 6, 7, 8, 11, 12, 13, 15, 16, 17, 19, 24, 26, 30, 36, 40, 49, 50, 51, 53, 54, 55, 57, 59, 61, 63, 67, 68, 69, 71, 72, 73, 74, 75, 77, 79, 81, 85, 86, 87, 88, 89, 91, 92, 95, 96, 97, 99, 100, 101, 102, 103, 107, 109, 113, 114, 115, 116, 118, 119, 123, 124, 125, 127, 128, 129, 131, 132, 135, 140, 141, 142, 144, 145, 146, 147, 151, 153, 157, 158, 159, 161, 162, 163, 167, 169, 171, 175, 176, 177, 179, 181, 182, 183, 184, 185, 186, 187, 188, 189, 190, 192, 194, 195, 197, 199, 201, 204, 206, 211, 212, 213, 214, 215, 217, 218, 220, 221, 224, 225, 226, 227, 228, 229, 230, 231, 232, 235, 237, 238, 241, 244, 245, 248, 249, 254, 255, 256, 257, 258, 262, 266, 277, 278, 279, 280, 281, 285, 292, 293, 299, 300, 301, 302, 303, 307, 317, 318, 319, 320, 321, 331, 332, 333, 334, 335, 336, 337, 338, 339, 341, 343, 357, 358, 359, 361, 362, 363, 365, 367, 369, 372, 374, 383, 384, 385, 389, 390, 392, 397, 403, 404, 406, 407, 408, 409, 413, 430, 433, 434, 435, 436, 437, 438, 441, 443, 444, 445, 446, 449, 450, 453, 454, 455, 456, 459, 460, 463, 464, 468, 469, 471, 474, 512, 515, 518, 519, 520, 521, 523, 525, 526, 528], "summary": {"covered_lines": 222, "num_statements": 253, "percent_covered": 87.74703557312253, "percent_covered_display": "88", "missing_lines": 31, "excluded_lines": 4}, "missing_lines": [27, 31, 37, 41, 60, 62, 64, 80, 82, 110, 120, 133, 154, 170, 172, 274, 287, 314, 328, 345, 368, 370, 386, 387, 410, 411, 415, 416, 417, 418, 420], "excluded_lines": [19, 20, 21, 22], "functions": {"Field.__repr__": {"executed_lines": [], "summary": {"covered_lines": 0, "num_statements": 0, "percent_covered": 100.0, "percent_covered_display": "100", "missing_lines": 0, "excluded_lines": 3}, "missing_lines": [], "excluded_lines": [20, 21, 22]}, "Field.__post_init__": {"executed_lines": [26, 30, 36, 40], "summary": {"covered_lines": 4, "num_statements": 8, "percent_covered": 50.0, "percent_covered_display": "50", "missing_lines": 4, "excluded_lines": 0}, "missing_lines": [27, 31, 37, 41], "excluded_lines": []}, "IncludeRelation.__post_init__": {"executed_lines": [59, 61, 63], "summary": {"covered_lines": 3, "num_statements": 6, "percent_covered": 50.0, "percent_covered_display": "50", "missing_lines": 3, "excluded_lines": 0}, "missing_lines": [60, 62, 64], "excluded_lines": []}, "Function.__post_init__": {"executed_lines": [79, 81, 85, 86, 87, 88, 89, 91, 92], "summary": {"covered_lines": 9, "num_statements": 11, "percent_covered": 81.81818181818181, "percent_covered_display": "82", "missing_lines": 2, "excluded_lines": 0}, "missing_lines": [80, 82], "excluded_lines": []}, "Struct.__post_init__": {"executed_lines": [109], "summary": {"covered_lines": 1, "num_statements": 2, "percent_covered": 50.0, "percent_covered_display": "50", "missing_lines": 1, "excluded_lines": 0}, "missing_lines": [110], "excluded_lines": []}, "EnumValue.__post_init__": {"executed_lines": [119], "summary": {"covered_lines": 1, "num_statements": 2, "percent_covered": 50.0, "percent_covered_display": "50", "missing_lines": 1, "excluded_lines": 0}, "missing_lines": [120], "excluded_lines": []}, "Enum.__post_init__": {"executed_lines": [132, 135], "summary": {"covered_lines": 2, "num_statements": 3, "percent_covered": 66.66666666666667, "percent_covered_display": "67", "missing_lines": 1, "excluded_lines": 0}, "missing_lines": [133], "excluded_lines": []}, "Union.__post_init__": {"executed_lines": [153], "summary": {"covered_lines": 1, "num_statements": 2, "percent_covered": 50.0, "percent_covered_display": "50", "missing_lines": 1, "excluded_lines": 0}, "missing_lines": [154], "excluded_lines": []}, "Alias.__post_init__": {"executed_lines": [169, 171], "summary": {"covered_lines": 2, "num_statements": 4, "percent_covered": 50.0, "percent_covered_display": "50", "missing_lines": 2, "excluded_lines": 0}, "missing_lines": [170, 172], "excluded_lines": []}, "FileModel.__post_init__": {"executed_lines": [194, 195, 197], "summary": {"covered_lines": 3, "num_statements": 3, "percent_covered": 100.0, "percent_covered_display": "100", "missing_lines": 0, "excluded_lines": 0}, "missing_lines": [], "excluded_lines": []}, "FileModel.to_dict": {"executed_lines": [201, 204, 206, 211, 212, 213, 214, 215, 217, 218, 220, 221, 224, 225, 226, 227, 228, 229, 230, 231, 232, 235], "summary": {"covered_lines": 22, "num_statements": 22, "percent_covered": 100.0, "percent_covered_display": "100", "missing_lines": 0, "excluded_lines": 0}, "missing_lines": [], "excluded_lines": []}, "FileModel.from_dict": {"executed_lines": [241, 244, 245, 248, 249, 254, 255, 256, 257, 258, 262, 266, 277, 278, 279, 280, 281, 285, 292, 293, 299, 300, 301, 302, 303, 307, 317, 318, 319, 320, 321, 331, 332, 333, 334, 335, 336, 337, 338, 339, 341], "summary": {"covered_lines": 41, "num_statements": 45, "percent_covered": 91.11111111111111, "percent_covered_display": "91", "missing_lines": 4, "excluded_lines": 0}, "missing_lines": [274, 287, 314, 328], "excluded_lines": []}, "FileModel.get_summary": {"executed_lines": [], "summary": {"covered_lines": 0, "num_statements": 1, "percent_covered": 0.0, "percent_covered_display": "0", "missing_lines": 1, "excluded_lines": 0}, "missing_lines": [345], "excluded_lines": []}, "ProjectModel.__post_init__": {"executed_lines": [367, 369], "summary": {"covered_lines": 2, "num_statements": 4, "percent_covered": 50.0, "percent_covered_display": "50", "missing_lines": 2, "excluded_lines": 0}, "missing_lines": [368, 370], "excluded_lines": []}, "ProjectModel.save": {"executed_lines": [374, 383, 384, 385], "summary": {"covered_lines": 4, "num_statements": 6, "percent_covered": 66.66666666666667, "percent_covered_display": "67", "missing_lines": 2, "excluded_lines": 0}, "missing_lines": [386, 387], "excluded_lines": []}, "ProjectModel.from_dict": {"executed_lines": [392, 397], "summary": {"covered_lines": 2, "num_statements": 2, "percent_covered": 100.0, "percent_covered_display": "100", "missing_lines": 0, "excluded_lines": 0}, "missing_lines": [], "excluded_lines": []}, "ProjectModel.load": {"executed_lines": [406, 407, 408, 409], "summary": {"covered_lines": 4, "num_statements": 6, "percent_covered": 66.66666666666667, "percent_covered_display": "67", "missing_lines": 2, "excluded_lines": 0}, "missing_lines": [410, 411], "excluded_lines": []}, "ProjectModel.get_summary": {"executed_lines": [], "summary": {"covered_lines": 0, "num_statements": 5, "percent_covered": 0.0, "percent_covered_display": "0", "missing_lines": 5, "excluded_lines": 0}, "missing_lines": [415, 416, 417, 418, 420], "excluded_lines": []}, "ProjectModel.update_uses_fields": {"executed_lines": [433, 434, 435, 436, 437, 438, 441, 443, 444, 445, 446, 449, 450, 453, 454, 455, 456, 459, 460, 463, 464, 468, 469], "summary": {"covered_lines": 23, "num_statements": 23, "percent_covered": 100.0, "percent_covered_display": "100", "missing_lines": 0, "excluded_lines": 0}, "missing_lines": [], "excluded_lines": []}, "ProjectModel._extract_non_primitive_types": {"executed_lines": [474, 512, 515, 518, 519, 520, 521, 523, 525, 526, 528], "summary": {"covered_lines": 11, "num_statements": 11, "percent_covered": 100.0, "percent_covered_display": "100", "missing_lines": 0, "excluded_lines": 0}, "missing_lines": [], "excluded_lines": []}, "": {"executed_lines": [2, 6, 7, 8, 11, 12, 13, 15, 16, 17, 19, 24, 49, 50, 51, 53, 54, 55, 57, 67, 68, 69, 71, 72, 73, 74, 75, 77, 95, 96, 97, 99, 100, 101, 102, 103, 107, 113, 114, 115, 116, 118, 123, 124, 125, 127, 128, 129, 131, 140, 141, 142, 144, 145, 146, 147, 151, 157, 158, 159, 161, 162, 163, 167, 175, 176, 177, 179, 181, 182, 183, 184, 185, 186, 187, 188, 189, 190, 192, 199, 237, 238, 343, 357, 358, 359, 361, 362, 363, 365, 372, 389, 390, 403, 404, 413, 430, 471], "summary": {"covered_lines": 87, "num_statements": 87, "percent_covered": 100.0, "percent_covered_display": "100", "missing_lines": 0, "excluded_lines": 1}, "missing_lines": [], "excluded_lines": [19]}}, "classes": {"Field": {"executed_lines": [26, 30, 36, 40], "summary": {"covered_lines": 4, "num_statements": 8, "percent_covered": 50.0, "percent_covered_display": "50", "missing_lines": 4, "excluded_lines": 3}, "missing_lines": [27, 31, 37, 41], "excluded_lines": [20, 21, 22]}, "IncludeRelation": {"executed_lines": [59, 61, 63], "summary": {"covered_lines": 3, "num_statements": 6, "percent_covered": 50.0, "percent_covered_display": "50", "missing_lines": 3, "excluded_lines": 0}, "missing_lines": [60, 62, 64], "excluded_lines": []}, "Function": {"executed_lines": [79, 81, 85, 86, 87, 88, 89, 91, 92], "summary": {"covered_lines": 9, "num_statements": 11, "percent_covered": 81.81818181818181, "percent_covered_display": "82", "missing_lines": 2, "excluded_lines": 0}, "missing_lines": [80, 82], "excluded_lines": []}, "Struct": {"executed_lines": [109], "summary": {"covered_lines": 1, "num_statements": 2, "percent_covered": 50.0, "percent_covered_display": "50", "missing_lines": 1, "excluded_lines": 0}, "missing_lines": [110], "excluded_lines": []}, "EnumValue": {"executed_lines": [119], "summary": {"covered_lines": 1, "num_statements": 2, "percent_covered": 50.0, "percent_covered_display": "50", "missing_lines": 1, "excluded_lines": 0}, "missing_lines": [120], "excluded_lines": []}, "Enum": {"executed_lines": [132, 135], "summary": {"covered_lines": 2, "num_statements": 3, "percent_covered": 66.66666666666667, "percent_covered_display": "67", "missing_lines": 1, "excluded_lines": 0}, "missing_lines": [133], "excluded_lines": []}, "Union": {"executed_lines": [153], "summary": {"covered_lines": 1, "num_statements": 2, "percent_covered": 50.0, "percent_covered_display": "50", "missing_lines": 1, "excluded_lines": 0}, "missing_lines": [154], "excluded_lines": []}, "Alias": {"executed_lines": [169, 171], "summary": {"covered_lines": 2, "num_statements": 4, "percent_covered": 50.0, "percent_covered_display": "50", "missing_lines": 2, "excluded_lines": 0}, "missing_lines": [170, 172], "excluded_lines": []}, "FileModel": {"executed_lines": [194, 195, 197, 201, 204, 206, 211, 212, 213, 214, 215, 217, 218, 220, 221, 224, 225, 226, 227, 228, 229, 230, 231, 232, 235, 241, 244, 245, 248, 249, 254, 255, 256, 257, 258, 262, 266, 277, 278, 279, 280, 281, 285, 292, 293, 299, 300, 301, 302, 303, 307, 317, 318, 319, 320, 321, 331, 332, 333, 334, 335, 336, 337, 338, 339, 341], "summary": {"covered_lines": 66, "num_statements": 71, "percent_covered": 92.95774647887323, "percent_covered_display": "93", "missing_lines": 5, "excluded_lines": 0}, "missing_lines": [274, 287, 314, 328, 345], "excluded_lines": []}, "ProjectModel": {"executed_lines": [367, 369, 374, 383, 384, 385, 392, 397, 406, 407, 408, 409, 433, 434, 435, 436, 437, 438, 441, 443, 444, 445, 446, 449, 450, 453, 454, 455, 456, 459, 460, 463, 464, 468, 469, 474, 512, 515, 518, 519, 520, 521, 523, 525, 526, 528], "summary": {"covered_lines": 46, "num_statements": 57, "percent_covered": 80.70175438596492, "percent_covered_display": "81", "missing_lines": 11, "excluded_lines": 0}, "missing_lines": [368, 370, 386, 387, 410, 411, 415, 416, 417, 418, 420], "excluded_lines": []}, "": {"executed_lines": [2, 6, 7, 8, 11, 12, 13, 15, 16, 17, 19, 24, 49, 50, 51, 53, 54, 55, 57, 67, 68, 69, 71, 72, 73, 74, 75, 77, 95, 96, 97, 99, 100, 101, 102, 103, 107, 113, 114, 115, 116, 118, 123, 124, 125, 127, 128, 129, 131, 140, 141, 142, 144, 145, 146, 147, 151, 157, 158, 159, 161, 162, 163, 167, 175, 176, 177, 179, 181, 182, 183, 184, 185, 186, 187, 188, 189, 190, 192, 199, 237, 238, 343, 357, 358, 359, 361, 362, 363, 365, 372, 389, 390, 403, 404, 413, 430, 471], "summary": {"covered_lines": 87, "num_statements": 87, "percent_covered": 100.0, "percent_covered_display": "100", "missing_lines": 0, "excluded_lines": 1}, "missing_lines": [], "excluded_lines": [19]}}}, "c_to_plantuml/parser.py": {"executed_lines": [2, 5, 6, 7, 9, 10, 17, 18, 20, 25, 26, 28, 29, 30, 31, 33, 37, 39, 40, 42, 45, 48, 49, 52, 53, 54, 55, 56, 57, 61, 65, 67, 70, 71, 73, 74, 76, 77, 80, 82, 88, 96, 103, 105, 106, 108, 110, 113, 116, 117, 120, 121, 124, 125, 126, 133, 134, 137, 138, 139, 140, 143, 151, 164, 169, 170, 172, 175, 178, 182, 184, 187, 188, 189, 190, 197, 198, 201, 202, 204, 206, 209, 213, 215, 219, 220, 222, 224, 227, 231, 233, 234, 235, 236, 237, 238, 239, 240, 241, 243, 244, 245, 248, 249, 252, 253, 255, 257, 258, 262, 264, 268, 270, 271, 273, 275, 278, 282, 284, 287, 288, 289, 290, 297, 301, 302, 304, 306, 309, 313, 315, 319, 321, 322, 324, 332, 335, 339, 340, 342, 346, 348, 350, 351, 352, 358, 360, 362, 364, 366, 367, 369, 376, 377, 380, 385, 386, 387, 390, 396, 397, 400, 414, 420, 421, 422, 423, 424, 425, 426, 427, 429, 430, 431, 434, 435, 436, 438, 450, 452, 453, 454, 455, 462, 469, 471, 473, 475, 477, 479, 480, 485, 487, 488, 490, 492, 494, 496, 498, 499, 503, 506, 509, 510, 513, 516, 517, 519, 521, 523, 525, 527, 528, 529, 531, 532, 533, 536, 537, 541, 543, 547, 549, 550, 551, 552, 553, 554, 555, 557, 558, 559, 561, 563, 564, 565, 566, 567, 568, 569, 571, 572, 573, 575, 577, 578, 579, 580, 581, 582, 583, 585, 586, 587, 589, 650, 654, 655, 657, 659, 660, 661, 667, 668, 670, 672, 676, 679, 681, 682, 684, 686, 688, 690, 691, 693, 696, 697, 702, 706, 709, 712, 716, 718, 722, 723, 726, 727, 728, 729, 730, 732, 736, 737, 756, 758, 759, 760, 762, 763, 768, 771, 772, 773, 777, 779, 780, 831, 832, 837, 839, 840, 841, 843, 844, 849, 852, 853, 854, 857, 858, 862, 864, 865, 866, 868, 871, 872, 873, 876, 877, 878, 879, 881, 887, 888, 891, 892, 894, 895, 898, 899, 901, 902, 903, 904, 905, 906, 908, 912, 916, 918, 919, 920, 921, 923, 925, 928, 931, 935, 937, 941, 945, 948, 952, 955, 956, 957, 959, 961, 964, 965, 966, 967, 972, 973, 975, 978, 979, 980, 982, 983, 984, 985, 986, 987, 988, 989, 990, 991, 992, 993, 998, 999, 1001, 1003, 1005, 1006, 1008, 1009, 1010, 1011, 1012, 1013, 1015, 1016, 1017, 1018, 1019, 1020, 1024, 1027, 1028, 1031, 1032, 1033, 1034, 1036, 1037, 1040, 1041, 1044, 1047, 1048, 1049, 1050, 1051, 1054, 1056, 1057, 1058, 1059, 1060, 1061, 1062, 1065, 1067, 1068, 1069, 1070, 1071, 1073, 1075, 1076, 1078, 1079, 1080, 1081, 1082, 1083, 1087, 1088, 1089, 1090, 1092, 1094, 1096, 1097, 1098, 1099, 1101, 1110, 1113, 1116, 1117, 1119, 1120, 1122, 1123, 1124, 1125, 1131, 1133, 1137, 1138, 1139, 1140, 1141, 1142, 1143, 1144, 1145, 1147, 1151, 1152, 1153, 1154, 1157, 1160, 1163, 1164, 1165, 1166, 1167, 1168, 1169, 1170, 1172, 1175, 1176, 1177, 1178, 1180, 1182, 1184, 1186, 1190, 1191, 1194, 1198, 1200, 1201, 1209, 1212, 1213, 1214, 1215, 1217, 1218, 1219, 1221, 1223, 1224, 1227, 1228, 1231, 1233, 1236, 1238, 1239, 1240, 1243, 1255, 1258, 1259, 1262, 1263, 1264, 1267, 1269, 1270, 1281, 1291, 1298, 1299, 1301, 1302, 1303, 1305, 1325, 1328, 1329, 1332, 1333, 1336, 1341, 1346, 1347, 1348, 1349, 1351, 1352, 1356, 1358, 1362, 1365, 1366, 1367, 1369, 1373, 1374, 1377, 1380, 1391, 1394, 1397, 1398, 1400, 1401, 1403, 1404, 1409, 1411, 1412, 1417, 1422], "summary": {"covered_lines": 583, "num_statements": 677, "percent_covered": 86.11521418020679, "percent_covered_display": "86", "missing_lines": 94, "excluded_lines": 0}, "missing_lines": [21, 22, 43, 84, 85, 86, 89, 93, 94, 191, 192, 291, 292, 298, 355, 356, 381, 382, 402, 403, 404, 405, 406, 407, 408, 409, 410, 411, 416, 417, 465, 466, 594, 632, 635, 638, 639, 640, 641, 643, 645, 646, 648, 663, 664, 673, 677, 704, 719, 733, 801, 802, 803, 804, 805, 806, 807, 808, 810, 811, 813, 814, 815, 817, 818, 823, 826, 827, 828, 909, 938, 942, 1022, 1084, 1104, 1105, 1107, 1108, 1126, 1130, 1134, 1148, 1187, 1195, 1216, 1266, 1284, 1285, 1287, 1289, 1293, 1295, 1326, 1334], "excluded_lines": [], "functions": {"CParser.__init__": {"executed_lines": [29, 30, 31], "summary": {"covered_lines": 3, "num_statements": 3, "percent_covered": 100.0, "percent_covered_display": "100", "missing_lines": 0, "excluded_lines": 0}, "missing_lines": [], "excluded_lines": []}, "CParser.parse_project": {"executed_lines": [37, 39, 40, 42, 45, 48, 49, 52, 53, 54, 55, 56, 57, 61, 65, 67, 70, 71, 73, 74, 76, 77, 80, 82, 88, 96, 103, 105, 106], "summary": {"covered_lines": 29, "num_statements": 36, "percent_covered": 80.55555555555556, "percent_covered_display": "81", "missing_lines": 7, "excluded_lines": 0}, "missing_lines": [43, 84, 85, 86, 89, 93, 94], "excluded_lines": []}, "CParser.parse_file": {"executed_lines": [110, 113, 116, 117, 120, 121, 124, 125, 126, 133, 134, 137, 138, 139, 140, 143, 151], "summary": {"covered_lines": 17, "num_statements": 17, "percent_covered": 100.0, "percent_covered_display": "100", "missing_lines": 0, "excluded_lines": 0}, "missing_lines": [], "excluded_lines": []}, "CParser._parse_structs_with_tokenizer": {"executed_lines": [169, 170, 172, 175, 178, 182, 184, 187, 188, 189, 190, 197, 198, 201, 202, 204, 206, 209, 213], "summary": {"covered_lines": 19, "num_statements": 21, "percent_covered": 90.47619047619048, "percent_covered_display": "90", "missing_lines": 2, "excluded_lines": 0}, "missing_lines": [191, 192], "excluded_lines": []}, "CParser._parse_enums_with_tokenizer": {"executed_lines": [219, 220, 222, 224, 227, 231, 233, 234, 235, 236, 237, 238, 239, 240, 241, 243, 244, 245, 248, 249, 252, 253, 255, 257, 258, 262], "summary": {"covered_lines": 26, "num_statements": 26, "percent_covered": 100.0, "percent_covered_display": "100", "missing_lines": 0, "excluded_lines": 0}, "missing_lines": [], "excluded_lines": []}, "CParser._parse_unions_with_tokenizer": {"executed_lines": [268, 270, 271, 273, 275, 278, 282, 284, 287, 288, 289, 290, 297, 301, 302, 304, 306, 309, 313], "summary": {"covered_lines": 19, "num_statements": 22, "percent_covered": 86.36363636363636, "percent_covered_display": "86", "missing_lines": 3, "excluded_lines": 0}, "missing_lines": [291, 292, 298], "excluded_lines": []}, "CParser._parse_functions_with_tokenizer": {"executed_lines": [319, 321, 322, 324, 332, 335, 339, 340, 342, 346, 348, 350, 351, 352, 358], "summary": {"covered_lines": 15, "num_statements": 17, "percent_covered": 88.23529411764706, "percent_covered_display": "88", "missing_lines": 2, "excluded_lines": 0}, "missing_lines": [355, 356], "excluded_lines": []}, "CParser._parse_globals_with_tokenizer": {"executed_lines": [362, 364, 366, 367, 369, 376, 377, 380, 385, 386, 387, 390, 396, 397, 400, 414, 420, 421, 422, 423, 424, 425, 426, 427, 429, 430, 431, 434, 435, 436, 438, 450, 452, 453, 454, 455, 462, 469, 471, 473], "summary": {"covered_lines": 40, "num_statements": 56, "percent_covered": 71.42857142857143, "percent_covered_display": "71", "missing_lines": 16, "excluded_lines": 0}, "missing_lines": [381, 382, 402, 403, 404, 405, 406, 407, 408, 409, 410, 411, 416, 417, 465, 466], "excluded_lines": []}, "CParser._parse_includes_with_tokenizer": {"executed_lines": [477, 479, 480, 485, 487, 488, 490, 492], "summary": {"covered_lines": 8, "num_statements": 8, "percent_covered": 100.0, "percent_covered_display": "100", "missing_lines": 0, "excluded_lines": 0}, "missing_lines": [], "excluded_lines": []}, "CParser._parse_macros_with_tokenizer": {"executed_lines": [496, 498, 499, 503, 506, 509, 510, 513, 516, 517, 519], "summary": {"covered_lines": 11, "num_statements": 11, "percent_covered": 100.0, "percent_covered_display": "100", "missing_lines": 0, "excluded_lines": 0}, "missing_lines": [], "excluded_lines": []}, "CParser._parse_aliases_with_tokenizer": {"executed_lines": [523, 525, 527, 528, 529, 531, 532, 533, 536, 537, 541, 543], "summary": {"covered_lines": 12, "num_statements": 12, "percent_covered": 100.0, "percent_covered_display": "100", "missing_lines": 0, "excluded_lines": 0}, "missing_lines": [], "excluded_lines": []}, "CParser._extract_tag_name_for_struct": {"executed_lines": [549, 550, 551, 552, 553, 554, 555, 557, 558, 559], "summary": {"covered_lines": 10, "num_statements": 10, "percent_covered": 100.0, "percent_covered_display": "100", "missing_lines": 0, "excluded_lines": 0}, "missing_lines": [], "excluded_lines": []}, "CParser._extract_tag_name_for_enum": {"executed_lines": [563, 564, 565, 566, 567, 568, 569, 571, 572, 573], "summary": {"covered_lines": 10, "num_statements": 10, "percent_covered": 100.0, "percent_covered_display": "100", "missing_lines": 0, "excluded_lines": 0}, "missing_lines": [], "excluded_lines": []}, "CParser._extract_tag_name_for_union": {"executed_lines": [577, 578, 579, 580, 581, 582, 583, 585, 586, 587], "summary": {"covered_lines": 10, "num_statements": 10, "percent_covered": 100.0, "percent_covered_display": "100", "missing_lines": 0, "excluded_lines": 0}, "missing_lines": [], "excluded_lines": []}, "CParser._extract_non_primitive_types": {"executed_lines": [], "summary": {"covered_lines": 0, "num_statements": 11, "percent_covered": 0.0, "percent_covered_display": "0", "missing_lines": 11, "excluded_lines": 0}, "missing_lines": [594, 632, 635, 638, 639, 640, 641, 643, 645, 646, 648], "excluded_lines": []}, "CParser._find_c_files": {"executed_lines": [654, 655, 657, 659, 660, 661, 667, 668, 670, 672, 676, 679, 681, 682], "summary": {"covered_lines": 14, "num_statements": 18, "percent_covered": 77.77777777777777, "percent_covered_display": "78", "missing_lines": 4, "excluded_lines": 0}, "missing_lines": [663, 664, 673, 677], "excluded_lines": []}, "CParser._detect_encoding": {"executed_lines": [686], "summary": {"covered_lines": 1, "num_statements": 1, "percent_covered": 100.0, "percent_covered_display": "100", "missing_lines": 0, "excluded_lines": 0}, "missing_lines": [], "excluded_lines": []}, "CParser._find_original_token_pos": {"executed_lines": [690, 691, 693, 696, 697, 702], "summary": {"covered_lines": 6, "num_statements": 7, "percent_covered": 85.71428571428571, "percent_covered_display": "86", "missing_lines": 1, "excluded_lines": 0}, "missing_lines": [704], "excluded_lines": []}, "CParser._parse_single_typedef": {"executed_lines": [709, 712, 716, 718, 722, 723, 726, 727, 728, 729, 730, 732, 736, 737, 756, 758, 759, 760, 762, 763, 768, 771, 772, 773, 777, 779, 780, 831, 832, 837, 839, 840, 841, 843, 844, 849, 852, 853, 854, 857, 858, 862, 864, 865, 866, 868, 871, 872, 873, 876, 877, 878, 879], "summary": {"covered_lines": 53, "num_statements": 74, "percent_covered": 71.62162162162163, "percent_covered_display": "72", "missing_lines": 21, "excluded_lines": 0}, "missing_lines": [719, 733, 801, 802, 803, 804, 805, 806, 807, 808, 810, 811, 813, 814, 815, 817, 818, 823, 826, 827, 828], "excluded_lines": []}, "CParser._parse_complex_typedef": {"executed_lines": [887, 888, 891, 892, 894, 895, 898, 899, 901, 902, 903, 904, 905, 906, 908, 912, 916, 918, 919, 920, 921, 923], "summary": {"covered_lines": 22, "num_statements": 23, "percent_covered": 95.65217391304348, "percent_covered_display": "96", "missing_lines": 1, "excluded_lines": 0}, "missing_lines": [909], "excluded_lines": []}, "CParser._extract_tag_name_from_typedef": {"executed_lines": [928, 931, 935, 937, 941, 945, 948, 952, 955, 956, 957, 959], "summary": {"covered_lines": 12, "num_statements": 14, "percent_covered": 85.71428571428571, "percent_covered_display": "86", "missing_lines": 2, "excluded_lines": 0}, "missing_lines": [938, 942], "excluded_lines": []}, "CParser._looks_like_function": {"executed_lines": [964, 965, 966, 967, 972, 973], "summary": {"covered_lines": 6, "num_statements": 6, "percent_covered": 100.0, "percent_covered_display": "100", "missing_lines": 0, "excluded_lines": 0}, "missing_lines": [], "excluded_lines": []}, "CParser._skip_function": {"executed_lines": [978, 979, 980, 982, 983, 984, 985, 986, 987, 988, 989, 990, 991, 992, 993, 998, 999, 1001], "summary": {"covered_lines": 18, "num_statements": 18, "percent_covered": 100.0, "percent_covered_display": "100", "missing_lines": 0, "excluded_lines": 0}, "missing_lines": [], "excluded_lines": []}, "CParser._skip_structure_definition": {"executed_lines": [1005, 1006, 1008, 1009, 1010, 1011, 1012, 1013, 1015, 1016, 1017, 1018, 1019, 1020], "summary": {"covered_lines": 14, "num_statements": 15, "percent_covered": 93.33333333333333, "percent_covered_display": "93", "missing_lines": 1, "excluded_lines": 0}, "missing_lines": [1022], "excluded_lines": []}, "CParser._parse_global_variable": {"executed_lines": [1027, 1028, 1031, 1032, 1033, 1034, 1036, 1037, 1040, 1041, 1044, 1047, 1048, 1049, 1050, 1051, 1054, 1056, 1057, 1058, 1059, 1060, 1061, 1062, 1065, 1067, 1068, 1069, 1070, 1071, 1073, 1075, 1076, 1078, 1079, 1080, 1081, 1082, 1083, 1087, 1088, 1089, 1090, 1092], "summary": {"covered_lines": 44, "num_statements": 45, "percent_covered": 97.77777777777777, "percent_covered_display": "98", "missing_lines": 1, "excluded_lines": 0}, "missing_lines": [1084], "excluded_lines": []}, "CParser._skip_to_semicolon": {"executed_lines": [1096, 1097, 1098, 1099], "summary": {"covered_lines": 4, "num_statements": 4, "percent_covered": 100.0, "percent_covered_display": "100", "missing_lines": 0, "excluded_lines": 0}, "missing_lines": [], "excluded_lines": []}, "CParser._skip_preprocessor_directives": {"executed_lines": [], "summary": {"covered_lines": 0, "num_statements": 4, "percent_covered": 0.0, "percent_covered_display": "0", "missing_lines": 4, "excluded_lines": 0}, "missing_lines": [1104, 1105, 1107, 1108], "excluded_lines": []}, "CParser._parse_function_parameters": {"executed_lines": [1113, 1116, 1117, 1119, 1120, 1122, 1123, 1124, 1125, 1131, 1133, 1137, 1138, 1139, 1140, 1141, 1142, 1143, 1144, 1145, 1147, 1151, 1152, 1153, 1154, 1157, 1160, 1163, 1164, 1165, 1166, 1167, 1168, 1169, 1170, 1172, 1175, 1176, 1177, 1178, 1180], "summary": {"covered_lines": 41, "num_statements": 45, "percent_covered": 91.11111111111111, "percent_covered_display": "91", "missing_lines": 4, "excluded_lines": 0}, "missing_lines": [1126, 1130, 1134, 1148], "excluded_lines": []}, "CParser._parse_single_parameter": {"executed_lines": [1184, 1186, 1190, 1191, 1194, 1198, 1200, 1201, 1209, 1212, 1213, 1214, 1215, 1217, 1218, 1219, 1221, 1223, 1224, 1227, 1228, 1231, 1233, 1236, 1238, 1239, 1240, 1243, 1255, 1258, 1259, 1262, 1263, 1264, 1267, 1269, 1270, 1281], "summary": {"covered_lines": 38, "num_statements": 46, "percent_covered": 82.6086956521739, "percent_covered_display": "83", "missing_lines": 8, "excluded_lines": 0}, "missing_lines": [1187, 1195, 1216, 1266, 1284, 1285, 1287, 1289], "excluded_lines": []}, "CParser._get_timestamp": {"executed_lines": [], "summary": {"covered_lines": 0, "num_statements": 2, "percent_covered": 0.0, "percent_covered_display": "0", "missing_lines": 2, "excluded_lines": 0}, "missing_lines": [1293, 1295], "excluded_lines": []}, "Parser.__init__": {"executed_lines": [1302, 1303], "summary": {"covered_lines": 2, "num_statements": 2, "percent_covered": 100.0, "percent_covered_display": "100", "missing_lines": 0, "excluded_lines": 0}, "missing_lines": [], "excluded_lines": []}, "Parser.parse": {"executed_lines": [1325, 1328, 1329, 1332, 1333, 1336, 1341, 1346, 1347, 1348, 1349, 1351, 1352, 1356, 1358, 1362, 1365, 1366, 1367, 1369, 1373, 1374, 1377, 1380, 1391, 1394, 1397, 1398, 1400, 1401, 1403, 1404, 1409, 1411, 1412, 1417, 1422], "summary": {"covered_lines": 37, "num_statements": 39, "percent_covered": 94.87179487179488, "percent_covered_display": "95", "missing_lines": 2, "excluded_lines": 0}, "missing_lines": [1326, 1334], "excluded_lines": []}, "": {"executed_lines": [2, 5, 6, 7, 9, 10, 17, 18, 20, 25, 26, 28, 33, 108, 164, 215, 264, 315, 360, 475, 494, 521, 547, 561, 575, 589, 650, 684, 688, 706, 881, 925, 961, 975, 1003, 1024, 1094, 1101, 1110, 1182, 1291, 1298, 1299, 1301, 1305], "summary": {"covered_lines": 42, "num_statements": 44, "percent_covered": 95.45454545454545, "percent_covered_display": "95", "missing_lines": 2, "excluded_lines": 0}, "missing_lines": [21, 22], "excluded_lines": []}}, "classes": {"CParser": {"executed_lines": [29, 30, 31, 37, 39, 40, 42, 45, 48, 49, 52, 53, 54, 55, 56, 57, 61, 65, 67, 70, 71, 73, 74, 76, 77, 80, 82, 88, 96, 103, 105, 106, 110, 113, 116, 117, 120, 121, 124, 125, 126, 133, 134, 137, 138, 139, 140, 143, 151, 169, 170, 172, 175, 178, 182, 184, 187, 188, 189, 190, 197, 198, 201, 202, 204, 206, 209, 213, 219, 220, 222, 224, 227, 231, 233, 234, 235, 236, 237, 238, 239, 240, 241, 243, 244, 245, 248, 249, 252, 253, 255, 257, 258, 262, 268, 270, 271, 273, 275, 278, 282, 284, 287, 288, 289, 290, 297, 301, 302, 304, 306, 309, 313, 319, 321, 322, 324, 332, 335, 339, 340, 342, 346, 348, 350, 351, 352, 358, 362, 364, 366, 367, 369, 376, 377, 380, 385, 386, 387, 390, 396, 397, 400, 414, 420, 421, 422, 423, 424, 425, 426, 427, 429, 430, 431, 434, 435, 436, 438, 450, 452, 453, 454, 455, 462, 469, 471, 473, 477, 479, 480, 485, 487, 488, 490, 492, 496, 498, 499, 503, 506, 509, 510, 513, 516, 517, 519, 523, 525, 527, 528, 529, 531, 532, 533, 536, 537, 541, 543, 549, 550, 551, 552, 553, 554, 555, 557, 558, 559, 563, 564, 565, 566, 567, 568, 569, 571, 572, 573, 577, 578, 579, 580, 581, 582, 583, 585, 586, 587, 654, 655, 657, 659, 660, 661, 667, 668, 670, 672, 676, 679, 681, 682, 686, 690, 691, 693, 696, 697, 702, 709, 712, 716, 718, 722, 723, 726, 727, 728, 729, 730, 732, 736, 737, 756, 758, 759, 760, 762, 763, 768, 771, 772, 773, 777, 779, 780, 831, 832, 837, 839, 840, 841, 843, 844, 849, 852, 853, 854, 857, 858, 862, 864, 865, 866, 868, 871, 872, 873, 876, 877, 878, 879, 887, 888, 891, 892, 894, 895, 898, 899, 901, 902, 903, 904, 905, 906, 908, 912, 916, 918, 919, 920, 921, 923, 928, 931, 935, 937, 941, 945, 948, 952, 955, 956, 957, 959, 964, 965, 966, 967, 972, 973, 978, 979, 980, 982, 983, 984, 985, 986, 987, 988, 989, 990, 991, 992, 993, 998, 999, 1001, 1005, 1006, 1008, 1009, 1010, 1011, 1012, 1013, 1015, 1016, 1017, 1018, 1019, 1020, 1027, 1028, 1031, 1032, 1033, 1034, 1036, 1037, 1040, 1041, 1044, 1047, 1048, 1049, 1050, 1051, 1054, 1056, 1057, 1058, 1059, 1060, 1061, 1062, 1065, 1067, 1068, 1069, 1070, 1071, 1073, 1075, 1076, 1078, 1079, 1080, 1081, 1082, 1083, 1087, 1088, 1089, 1090, 1092, 1096, 1097, 1098, 1099, 1113, 1116, 1117, 1119, 1120, 1122, 1123, 1124, 1125, 1131, 1133, 1137, 1138, 1139, 1140, 1141, 1142, 1143, 1144, 1145, 1147, 1151, 1152, 1153, 1154, 1157, 1160, 1163, 1164, 1165, 1166, 1167, 1168, 1169, 1170, 1172, 1175, 1176, 1177, 1178, 1180, 1184, 1186, 1190, 1191, 1194, 1198, 1200, 1201, 1209, 1212, 1213, 1214, 1215, 1217, 1218, 1219, 1221, 1223, 1224, 1227, 1228, 1231, 1233, 1236, 1238, 1239, 1240, 1243, 1255, 1258, 1259, 1262, 1263, 1264, 1267, 1269, 1270, 1281], "summary": {"covered_lines": 502, "num_statements": 592, "percent_covered": 84.79729729729729, "percent_covered_display": "85", "missing_lines": 90, "excluded_lines": 0}, "missing_lines": [43, 84, 85, 86, 89, 93, 94, 191, 192, 291, 292, 298, 355, 356, 381, 382, 402, 403, 404, 405, 406, 407, 408, 409, 410, 411, 416, 417, 465, 466, 594, 632, 635, 638, 639, 640, 641, 643, 645, 646, 648, 663, 664, 673, 677, 704, 719, 733, 801, 802, 803, 804, 805, 806, 807, 808, 810, 811, 813, 814, 815, 817, 818, 823, 826, 827, 828, 909, 938, 942, 1022, 1084, 1104, 1105, 1107, 1108, 1126, 1130, 1134, 1148, 1187, 1195, 1216, 1266, 1284, 1285, 1287, 1289, 1293, 1295], "excluded_lines": []}, "Parser": {"executed_lines": [1302, 1303, 1325, 1328, 1329, 1332, 1333, 1336, 1341, 1346, 1347, 1348, 1349, 1351, 1352, 1356, 1358, 1362, 1365, 1366, 1367, 1369, 1373, 1374, 1377, 1380, 1391, 1394, 1397, 1398, 1400, 1401, 1403, 1404, 1409, 1411, 1412, 1417, 1422], "summary": {"covered_lines": 39, "num_statements": 41, "percent_covered": 95.1219512195122, "percent_covered_display": "95", "missing_lines": 2, "excluded_lines": 0}, "missing_lines": [1326, 1334], "excluded_lines": []}, "": {"executed_lines": [2, 5, 6, 7, 9, 10, 17, 18, 20, 25, 26, 28, 33, 108, 164, 215, 264, 315, 360, 475, 494, 521, 547, 561, 575, 589, 650, 684, 688, 706, 881, 925, 961, 975, 1003, 1024, 1094, 1101, 1110, 1182, 1291, 1298, 1299, 1301, 1305], "summary": {"covered_lines": 42, "num_statements": 44, "percent_covered": 95.45454545454545, "percent_covered_display": "95", "missing_lines": 2, "excluded_lines": 0}, "missing_lines": [21, 22], "excluded_lines": []}}}, "c_to_plantuml/parser_tokenizer.py": {"executed_lines": [2, 6, 7, 8, 9, 10, 13, 14, 17, 18, 19, 20, 21, 22, 23, 24, 25, 28, 29, 30, 31, 32, 33, 34, 35, 38, 39, 40, 41, 42, 43, 44, 45, 46, 47, 48, 51, 52, 53, 54, 57, 58, 59, 62, 63, 64, 65, 66, 69, 70, 71, 73, 74, 75, 76, 78, 79, 82, 83, 86, 107, 121, 122, 125, 142, 144, 145, 146, 147, 148, 149, 150, 151, 152, 153, 154, 155, 157, 158, 159, 160, 162, 163, 171, 173, 174, 175, 177, 178, 181, 190, 192, 197, 198, 199, 200, 201, 203, 209, 210, 211, 212, 213, 215, 217, 218, 219, 221, 230, 241, 243, 247, 249, 251, 252, 254, 256, 257, 258, 259, 262, 263, 264, 265, 268, 270, 271, 273, 274, 275, 276, 279, 280, 281, 282, 285, 286, 287, 288, 289, 290, 292, 293, 294, 297, 307, 308, 310, 312, 313, 314, 316, 317, 320, 321, 322, 323, 325, 327, 328, 331, 332, 335, 336, 339, 340, 343, 344, 345, 346, 349, 350, 351, 352, 353, 356, 357, 358, 370, 371, 374, 375, 376, 377, 378, 379, 382, 383, 385, 387, 391, 392, 399, 401, 405, 406, 408, 409, 411, 413, 414, 417, 419, 420, 423, 424, 425, 430, 434, 436, 438, 441, 442, 444, 445, 446, 447, 449, 455, 456, 458, 459, 460, 461, 462, 463, 464, 465, 466, 468, 470, 472, 474, 475, 477, 478, 479, 480, 481, 482, 483, 484, 485, 487, 489, 491, 497, 498, 500, 501, 502, 503, 505, 507, 509, 510, 512, 513, 514, 515, 516, 517, 518, 519, 520, 522, 524, 526, 528, 530, 535, 537, 538, 539, 540, 543, 545, 551, 552, 554, 555, 556, 557, 558, 559, 561, 563, 565, 568, 570, 573, 576, 579, 580, 581, 584, 587, 589, 590, 593, 594, 596, 600, 601, 604, 605, 606, 607, 608, 609, 610, 615, 616, 618, 620, 621, 622, 623, 624, 625, 626, 629, 630, 632, 633, 634, 635, 636, 639, 640, 643, 645, 646, 648, 650, 653, 655, 658, 660, 661, 664, 667, 673, 674, 675, 678, 684, 687, 688, 691, 692, 697, 698, 699, 700, 701, 702, 708, 712, 714, 715, 717, 719, 722, 724, 727, 730, 733, 734, 735, 738, 741, 743, 744, 747, 748, 750, 754, 755, 758, 759, 760, 761, 762, 763, 764, 769, 770, 772, 774, 775, 776, 777, 778, 779, 780, 781, 783, 784, 786, 787, 793, 794, 797, 799, 800, 802, 804, 807, 809, 812, 814, 815, 818, 819, 820, 821, 825, 827, 833, 836, 837, 840, 842, 846, 847, 851, 852, 855, 856, 857, 862, 868, 869, 870, 875, 878, 879, 882, 883, 884, 901, 902, 903, 909, 914, 915, 920, 921, 923, 924, 925, 933, 936, 937, 940, 941, 943, 945, 949, 950, 951, 952, 957, 962, 964, 967, 970, 971, 973, 974, 975, 976, 977, 978, 980, 981, 984, 985, 986, 987, 989, 990, 991, 995, 997, 1000, 1001, 1004, 1010, 1011, 1012, 1015, 1018, 1020, 1021, 1024, 1025, 1029, 1032, 1033, 1036, 1037, 1038, 1041, 1043, 1045, 1048, 1049, 1052, 1058, 1059, 1061, 1064, 1070, 1071, 1072, 1075, 1080, 1084, 1085, 1089, 1090, 1091, 1094, 1095, 1096, 1099, 1102, 1104, 1105, 1106, 1114, 1121, 1122, 1123, 1124, 1125, 1127, 1130, 1131, 1135, 1138, 1139, 1140, 1141, 1142, 1143, 1146, 1148, 1169, 1189, 1246, 1251, 1253, 1254, 1255, 1256, 1257, 1259, 1260, 1263, 1270, 1271, 1272, 1273, 1276, 1277, 1278, 1285, 1286, 1287, 1288, 1289, 1290, 1291, 1294, 1296, 1297, 1298, 1299, 1300, 1302, 1303, 1304, 1305, 1306, 1307, 1308, 1313, 1314, 1315, 1316, 1317, 1318, 1319, 1320, 1321, 1322, 1327, 1328, 1329, 1330, 1331], "summary": {"covered_lines": 597, "num_statements": 677, "percent_covered": 88.18316100443131, "percent_covered_display": "88", "missing_lines": 80, "excluded_lines": 2}, "missing_lines": [222, 231, 309, 311, 427, 532, 533, 541, 549, 569, 597, 654, 670, 681, 693, 694, 703, 704, 705, 723, 751, 788, 789, 790, 808, 864, 911, 946, 958, 960, 968, 993, 998, 1007, 1026, 1039, 1046, 1055, 1067, 1078, 1081, 1086, 1097, 1126, 1155, 1157, 1158, 1163, 1164, 1165, 1167, 1176, 1177, 1178, 1183, 1184, 1185, 1187, 1198, 1199, 1200, 1201, 1202, 1203, 1205, 1206, 1211, 1212, 1213, 1220, 1221, 1228, 1231, 1232, 1235, 1241, 1242, 1243, 1244, 1301], "excluded_lines": [78, 79], "functions": {"Token.__repr__": {"executed_lines": [79], "summary": {"covered_lines": 0, "num_statements": 0, "percent_covered": 100.0, "percent_covered_display": "100", "missing_lines": 0, "excluded_lines": 1}, "missing_lines": [], "excluded_lines": [79]}, "CTokenizer.__init__": {"executed_lines": [122, 125], "summary": {"covered_lines": 2, "num_statements": 2, "percent_covered": 100.0, "percent_covered_display": "100", "missing_lines": 0, "excluded_lines": 0}, "missing_lines": [], "excluded_lines": []}, "CTokenizer.tokenize": {"executed_lines": [144, 145, 146, 147, 148, 149, 150, 151, 152, 153, 154, 155, 157, 158, 159, 160, 162, 163, 171, 173, 174, 175, 177, 178, 181, 190, 192, 197, 198, 199, 200, 201, 203, 209, 210, 211, 212, 213, 215, 217, 218, 219, 221, 230, 241, 243, 247], "summary": {"covered_lines": 47, "num_statements": 49, "percent_covered": 95.91836734693878, "percent_covered_display": "96", "missing_lines": 2, "excluded_lines": 0}, "missing_lines": [222, 231], "excluded_lines": []}, "CTokenizer._tokenize_line": {"executed_lines": [251, 252, 254, 256, 257, 258, 259, 262, 263, 264, 265, 268, 270, 271, 273, 274, 275, 276, 279, 280, 281, 282, 285, 286, 287, 288, 289, 290, 292, 293, 294, 297, 307, 308, 310, 312, 313, 314, 316, 317, 320, 321, 322, 323, 325, 327, 328, 331, 332, 335, 336, 339, 340, 343, 344, 345, 346, 349, 350, 351, 352, 353, 356, 357, 358, 370, 371, 374, 375, 376, 377, 378, 379, 382, 383, 385], "summary": {"covered_lines": 76, "num_statements": 78, "percent_covered": 97.43589743589743, "percent_covered_display": "97", "missing_lines": 2, "excluded_lines": 0}, "missing_lines": [309, 311], "excluded_lines": []}, "CTokenizer.filter_tokens": {"executed_lines": [391, 392, 399], "summary": {"covered_lines": 3, "num_statements": 3, "percent_covered": 100.0, "percent_covered_display": "100", "missing_lines": 0, "excluded_lines": 0}, "missing_lines": [], "excluded_lines": []}, "CTokenizer._merge_multiline_macros": {"executed_lines": [405, 406, 408, 409, 411, 413, 414, 417, 419, 420, 423, 424, 425, 430, 434, 436, 438], "summary": {"covered_lines": 17, "num_statements": 18, "percent_covered": 94.44444444444444, "percent_covered_display": "94", "missing_lines": 1, "excluded_lines": 0}, "missing_lines": [427], "excluded_lines": []}, "StructureFinder.__init__": {"executed_lines": [445, 446, 447], "summary": {"covered_lines": 3, "num_statements": 3, "percent_covered": 100.0, "percent_covered_display": "100", "missing_lines": 0, "excluded_lines": 0}, "missing_lines": [], "excluded_lines": []}, "StructureFinder.find_structs": {"executed_lines": [455, 456, 458, 459, 460, 461, 462, 463, 464, 465, 466, 468, 470], "summary": {"covered_lines": 13, "num_statements": 13, "percent_covered": 100.0, "percent_covered_display": "100", "missing_lines": 0, "excluded_lines": 0}, "missing_lines": [], "excluded_lines": []}, "StructureFinder.find_enums": {"executed_lines": [474, 475, 477, 478, 479, 480, 481, 482, 483, 484, 485, 487, 489], "summary": {"covered_lines": 13, "num_statements": 13, "percent_covered": 100.0, "percent_covered_display": "100", "missing_lines": 0, "excluded_lines": 0}, "missing_lines": [], "excluded_lines": []}, "StructureFinder.find_functions": {"executed_lines": [497, 498, 500, 501, 502, 503, 505], "summary": {"covered_lines": 7, "num_statements": 7, "percent_covered": 100.0, "percent_covered_display": "100", "missing_lines": 0, "excluded_lines": 0}, "missing_lines": [], "excluded_lines": []}, "StructureFinder.find_unions": {"executed_lines": [509, 510, 512, 513, 514, 515, 516, 517, 518, 519, 520, 522, 524], "summary": {"covered_lines": 13, "num_statements": 13, "percent_covered": 100.0, "percent_covered_display": "100", "missing_lines": 0, "excluded_lines": 0}, "missing_lines": [], "excluded_lines": []}, "StructureFinder._current_token_is": {"executed_lines": [528], "summary": {"covered_lines": 1, "num_statements": 1, "percent_covered": 100.0, "percent_covered_display": "100", "missing_lines": 0, "excluded_lines": 0}, "missing_lines": [], "excluded_lines": []}, "StructureFinder._peek_token": {"executed_lines": [], "summary": {"covered_lines": 0, "num_statements": 2, "percent_covered": 0.0, "percent_covered_display": "0", "missing_lines": 2, "excluded_lines": 0}, "missing_lines": [532, 533], "excluded_lines": []}, "StructureFinder._advance": {"executed_lines": [537, 538, 539, 540], "summary": {"covered_lines": 4, "num_statements": 5, "percent_covered": 80.0, "percent_covered_display": "80", "missing_lines": 1, "excluded_lines": 0}, "missing_lines": [541], "excluded_lines": []}, "StructureFinder._find_matching_brace": {"executed_lines": [545, 551, 552, 554, 555, 556, 557, 558, 559, 561], "summary": {"covered_lines": 10, "num_statements": 11, "percent_covered": 90.9090909090909, "percent_covered_display": "91", "missing_lines": 1, "excluded_lines": 0}, "missing_lines": [549], "excluded_lines": []}, "StructureFinder._parse_struct": {"executed_lines": [565, 568, 570, 573, 576, 579, 580, 581, 584, 587, 589, 590, 593, 594, 596, 600, 601, 604, 605, 606, 607, 608, 609, 610, 615, 616, 618, 620, 621, 622, 623, 624, 625, 626, 629, 630, 632, 633, 634, 635, 636, 639, 640, 643, 645, 646], "summary": {"covered_lines": 46, "num_statements": 48, "percent_covered": 95.83333333333333, "percent_covered_display": "96", "missing_lines": 2, "excluded_lines": 0}, "missing_lines": [569, 597], "excluded_lines": []}, "StructureFinder._parse_typedef_struct": {"executed_lines": [650, 653, 655, 658, 660, 661, 664, 667, 673, 674, 675, 678, 684, 687, 688, 691, 692, 697, 698, 699, 700, 701, 702, 708, 712, 714, 715], "summary": {"covered_lines": 27, "num_statements": 35, "percent_covered": 77.14285714285714, "percent_covered_display": "77", "missing_lines": 8, "excluded_lines": 0}, "missing_lines": [654, 670, 681, 693, 694, 703, 704, 705], "excluded_lines": []}, "StructureFinder._parse_enum": {"executed_lines": [719, 722, 724, 727, 730, 733, 734, 735, 738, 741, 743, 744, 747, 748, 750, 754, 755, 758, 759, 760, 761, 762, 763, 764, 769, 770, 772, 774, 775, 776, 777, 778, 779, 780, 781, 783, 784, 786, 787, 793, 794, 797, 799, 800], "summary": {"covered_lines": 44, "num_statements": 49, "percent_covered": 89.79591836734694, "percent_covered_display": "90", "missing_lines": 5, "excluded_lines": 0}, "missing_lines": [723, 751, 788, 789, 790], "excluded_lines": []}, "StructureFinder._parse_typedef_enum": {"executed_lines": [804, 807, 809, 812, 814, 815, 818, 819, 820, 821, 825], "summary": {"covered_lines": 11, "num_statements": 12, "percent_covered": 91.66666666666667, "percent_covered_display": "92", "missing_lines": 1, "excluded_lines": 0}, "missing_lines": [808], "excluded_lines": []}, "StructureFinder._parse_function": {"executed_lines": [833, 836, 837, 840, 842, 846, 847, 851, 852, 855, 856, 857, 862, 868, 869, 870, 875, 878, 879, 882, 883, 884, 901, 902, 903, 909, 914, 915, 920, 921, 923, 924, 925, 933, 936, 937, 940, 941], "summary": {"covered_lines": 38, "num_statements": 40, "percent_covered": 95.0, "percent_covered_display": "95", "missing_lines": 2, "excluded_lines": 0}, "missing_lines": [864, 911], "excluded_lines": []}, "StructureFinder._is_function_declaration": {"executed_lines": [945, 949, 950, 951, 952, 957], "summary": {"covered_lines": 6, "num_statements": 9, "percent_covered": 66.66666666666667, "percent_covered_display": "67", "missing_lines": 3, "excluded_lines": 0}, "missing_lines": [946, 958, 960], "excluded_lines": []}, "StructureFinder._find_function_end": {"executed_lines": [964, 967, 970, 971, 973, 974, 975, 976, 977, 978, 980, 981, 984, 985, 986, 987, 989, 990, 991], "summary": {"covered_lines": 19, "num_statements": 21, "percent_covered": 90.47619047619048, "percent_covered_display": "90", "missing_lines": 2, "excluded_lines": 0}, "missing_lines": [968, 993], "excluded_lines": []}, "StructureFinder._parse_union": {"executed_lines": [997, 1000, 1001, 1004, 1010, 1011, 1012, 1015, 1018, 1020, 1021, 1024, 1025, 1029, 1032, 1033, 1036, 1037, 1038, 1041], "summary": {"covered_lines": 20, "num_statements": 24, "percent_covered": 83.33333333333333, "percent_covered_display": "83", "missing_lines": 4, "excluded_lines": 0}, "missing_lines": [998, 1007, 1026, 1039], "excluded_lines": []}, "StructureFinder._parse_typedef_union": {"executed_lines": [1045, 1048, 1049, 1052, 1058, 1059, 1061, 1064, 1070, 1071, 1072, 1075, 1080, 1084, 1085, 1089, 1090, 1091, 1094, 1095, 1096, 1099], "summary": {"covered_lines": 22, "num_statements": 29, "percent_covered": 75.86206896551724, "percent_covered_display": "76", "missing_lines": 7, "excluded_lines": 0}, "missing_lines": [1046, 1055, 1067, 1078, 1081, 1086, 1097], "excluded_lines": []}, "extract_token_range": {"executed_lines": [1104, 1105, 1106], "summary": {"covered_lines": 3, "num_statements": 3, "percent_covered": 100.0, "percent_covered_display": "100", "missing_lines": 0, "excluded_lines": 0}, "missing_lines": [], "excluded_lines": []}, "find_struct_fields": {"executed_lines": [1121, 1122, 1123, 1124, 1125, 1127, 1130, 1131, 1135, 1138, 1139, 1140, 1141, 1142, 1143, 1146, 1148, 1169, 1189, 1246, 1251, 1253, 1254, 1255, 1256, 1257, 1259, 1260, 1263, 1270, 1271, 1272, 1273, 1276, 1277, 1278, 1285, 1286, 1287, 1288, 1289, 1290, 1291], "summary": {"covered_lines": 43, "num_statements": 79, "percent_covered": 54.43037974683544, "percent_covered_display": "54", "missing_lines": 36, "excluded_lines": 0}, "missing_lines": [1126, 1155, 1157, 1158, 1163, 1164, 1165, 1167, 1176, 1177, 1178, 1183, 1184, 1185, 1187, 1198, 1199, 1200, 1201, 1202, 1203, 1205, 1206, 1211, 1212, 1213, 1220, 1221, 1228, 1231, 1232, 1235, 1241, 1242, 1243, 1244], "excluded_lines": []}, "find_enum_values": {"executed_lines": [1296, 1297, 1298, 1299, 1300, 1302, 1303, 1304, 1305, 1306, 1307, 1308, 1313, 1314, 1315, 1316, 1317, 1318, 1319, 1320, 1321, 1322, 1327, 1328, 1329, 1330, 1331], "summary": {"covered_lines": 27, "num_statements": 28, "percent_covered": 96.42857142857143, "percent_covered_display": "96", "missing_lines": 1, "excluded_lines": 0}, "missing_lines": [1301], "excluded_lines": []}, "": {"executed_lines": [2, 6, 7, 8, 9, 10, 13, 14, 17, 18, 19, 20, 21, 22, 23, 24, 25, 28, 29, 30, 31, 32, 33, 34, 35, 38, 39, 40, 41, 42, 43, 44, 45, 46, 47, 48, 51, 52, 53, 54, 57, 58, 59, 62, 63, 64, 65, 66, 69, 70, 71, 73, 74, 75, 76, 78, 82, 83, 86, 107, 121, 142, 249, 387, 401, 441, 442, 444, 449, 472, 491, 507, 526, 530, 535, 543, 563, 648, 717, 802, 827, 943, 962, 995, 1043, 1102, 1114, 1294], "summary": {"covered_lines": 82, "num_statements": 82, "percent_covered": 100.0, "percent_covered_display": "100", "missing_lines": 0, "excluded_lines": 1}, "missing_lines": [], "excluded_lines": [78]}}, "classes": {"TokenType": {"executed_lines": [], "summary": {"covered_lines": 0, "num_statements": 0, "percent_covered": 100.0, "percent_covered_display": "100", "missing_lines": 0, "excluded_lines": 0}, "missing_lines": [], "excluded_lines": []}, "Token": {"executed_lines": [79], "summary": {"covered_lines": 0, "num_statements": 0, "percent_covered": 100.0, "percent_covered_display": "100", "missing_lines": 0, "excluded_lines": 1}, "missing_lines": [], "excluded_lines": [79]}, "CTokenizer": {"executed_lines": [122, 125, 144, 145, 146, 147, 148, 149, 150, 151, 152, 153, 154, 155, 157, 158, 159, 160, 162, 163, 171, 173, 174, 175, 177, 178, 181, 190, 192, 197, 198, 199, 200, 201, 203, 209, 210, 211, 212, 213, 215, 217, 218, 219, 221, 230, 241, 243, 247, 251, 252, 254, 256, 257, 258, 259, 262, 263, 264, 265, 268, 270, 271, 273, 274, 275, 276, 279, 280, 281, 282, 285, 286, 287, 288, 289, 290, 292, 293, 294, 297, 307, 308, 310, 312, 313, 314, 316, 317, 320, 321, 322, 323, 325, 327, 328, 331, 332, 335, 336, 339, 340, 343, 344, 345, 346, 349, 350, 351, 352, 353, 356, 357, 358, 370, 371, 374, 375, 376, 377, 378, 379, 382, 383, 385, 391, 392, 399, 405, 406, 408, 409, 411, 413, 414, 417, 419, 420, 423, 424, 425, 430, 434, 436, 438], "summary": {"covered_lines": 145, "num_statements": 150, "percent_covered": 96.66666666666667, "percent_covered_display": "97", "missing_lines": 5, "excluded_lines": 0}, "missing_lines": [222, 231, 309, 311, 427], "excluded_lines": []}, "StructureFinder": {"executed_lines": [445, 446, 447, 455, 456, 458, 459, 460, 461, 462, 463, 464, 465, 466, 468, 470, 474, 475, 477, 478, 479, 480, 481, 482, 483, 484, 485, 487, 489, 497, 498, 500, 501, 502, 503, 505, 509, 510, 512, 513, 514, 515, 516, 517, 518, 519, 520, 522, 524, 528, 537, 538, 539, 540, 545, 551, 552, 554, 555, 556, 557, 558, 559, 561, 565, 568, 570, 573, 576, 579, 580, 581, 584, 587, 589, 590, 593, 594, 596, 600, 601, 604, 605, 606, 607, 608, 609, 610, 615, 616, 618, 620, 621, 622, 623, 624, 625, 626, 629, 630, 632, 633, 634, 635, 636, 639, 640, 643, 645, 646, 650, 653, 655, 658, 660, 661, 664, 667, 673, 674, 675, 678, 684, 687, 688, 691, 692, 697, 698, 699, 700, 701, 702, 708, 712, 714, 715, 719, 722, 724, 727, 730, 733, 734, 735, 738, 741, 743, 744, 747, 748, 750, 754, 755, 758, 759, 760, 761, 762, 763, 764, 769, 770, 772, 774, 775, 776, 777, 778, 779, 780, 781, 783, 784, 786, 787, 793, 794, 797, 799, 800, 804, 807, 809, 812, 814, 815, 818, 819, 820, 821, 825, 833, 836, 837, 840, 842, 846, 847, 851, 852, 855, 856, 857, 862, 868, 869, 870, 875, 878, 879, 882, 883, 884, 901, 902, 903, 909, 914, 915, 920, 921, 923, 924, 925, 933, 936, 937, 940, 941, 945, 949, 950, 951, 952, 957, 964, 967, 970, 971, 973, 974, 975, 976, 977, 978, 980, 981, 984, 985, 986, 987, 989, 990, 991, 997, 1000, 1001, 1004, 1010, 1011, 1012, 1015, 1018, 1020, 1021, 1024, 1025, 1029, 1032, 1033, 1036, 1037, 1038, 1041, 1045, 1048, 1049, 1052, 1058, 1059, 1061, 1064, 1070, 1071, 1072, 1075, 1080, 1084, 1085, 1089, 1090, 1091, 1094, 1095, 1096, 1099], "summary": {"covered_lines": 297, "num_statements": 335, "percent_covered": 88.65671641791045, "percent_covered_display": "89", "missing_lines": 38, "excluded_lines": 0}, "missing_lines": [532, 533, 541, 549, 569, 597, 654, 670, 681, 693, 694, 703, 704, 705, 723, 751, 788, 789, 790, 808, 864, 911, 946, 958, 960, 968, 993, 998, 1007, 1026, 1039, 1046, 1055, 1067, 1078, 1081, 1086, 1097], "excluded_lines": []}, "": {"executed_lines": [2, 6, 7, 8, 9, 10, 13, 14, 17, 18, 19, 20, 21, 22, 23, 24, 25, 28, 29, 30, 31, 32, 33, 34, 35, 38, 39, 40, 41, 42, 43, 44, 45, 46, 47, 48, 51, 52, 53, 54, 57, 58, 59, 62, 63, 64, 65, 66, 69, 70, 71, 73, 74, 75, 76, 78, 82, 83, 86, 107, 121, 142, 249, 387, 401, 441, 442, 444, 449, 472, 491, 507, 526, 530, 535, 543, 563, 648, 717, 802, 827, 943, 962, 995, 1043, 1102, 1104, 1105, 1106, 1114, 1121, 1122, 1123, 1124, 1125, 1127, 1130, 1131, 1135, 1138, 1139, 1140, 1141, 1142, 1143, 1146, 1148, 1169, 1189, 1246, 1251, 1253, 1254, 1255, 1256, 1257, 1259, 1260, 1263, 1270, 1271, 1272, 1273, 1276, 1277, 1278, 1285, 1286, 1287, 1288, 1289, 1290, 1291, 1294, 1296, 1297, 1298, 1299, 1300, 1302, 1303, 1304, 1305, 1306, 1307, 1308, 1313, 1314, 1315, 1316, 1317, 1318, 1319, 1320, 1321, 1322, 1327, 1328, 1329, 1330, 1331], "summary": {"covered_lines": 155, "num_statements": 192, "percent_covered": 80.72916666666667, "percent_covered_display": "81", "missing_lines": 37, "excluded_lines": 1}, "missing_lines": [1126, 1155, 1157, 1158, 1163, 1164, 1165, 1167, 1176, 1177, 1178, 1183, 1184, 1185, 1187, 1198, 1199, 1200, 1201, 1202, 1203, 1205, 1206, 1211, 1212, 1213, 1220, 1221, 1228, 1231, 1232, 1235, 1241, 1242, 1243, 1244, 1301], "excluded_lines": [78]}}}, "c_to_plantuml/preprocessor.py": {"executed_lines": [2, 7, 8, 9, 10, 11, 13, 16, 17, 19, 20, 21, 22, 23, 24, 25, 26, 29, 30, 31, 33, 34, 35, 36, 37, 38, 39, 42, 43, 45, 46, 47, 48, 49, 50, 52, 58, 63, 65, 67, 71, 73, 74, 77, 80, 83, 85, 88, 89, 90, 93, 96, 98, 101, 105, 107, 109, 111, 114, 116, 117, 120, 121, 122, 123, 126, 131, 133, 137, 139, 158, 159, 160, 161, 162, 163, 164, 165, 166, 174, 182, 192, 193, 194, 197, 202, 208, 212, 213, 214, 215, 219, 228, 230, 233, 237, 239, 241, 242, 244, 245, 246, 248, 249, 251, 257, 258, 270, 271, 273, 275, 277, 278, 280, 281, 282, 286, 287, 289, 290, 294, 295, 297, 298, 310, 312, 314, 316, 317, 318, 319, 320, 321, 322, 323, 324, 325, 326, 327, 328, 336, 338, 340, 341, 342, 343, 344, 345, 346, 347, 348, 349, 350, 351, 355, 365, 371, 379, 380, 382, 383, 384, 385, 386, 387, 388, 390, 391, 393, 396, 398, 400, 401, 403, 404, 405, 406, 411, 413, 414, 416, 417, 418, 421, 423, 425, 426, 431, 433, 435, 440, 441, 443, 444, 446, 448, 450, 451, 453, 455, 456, 459, 460, 462, 463, 464, 466, 470, 475, 477, 480, 482, 484, 485], "summary": {"covered_lines": 209, "num_statements": 294, "percent_covered": 71.08843537414965, "percent_covered_display": "71", "missing_lines": 85, "excluded_lines": 0}, "missing_lines": [54, 55, 56, 60, 61, 69, 103, 104, 115, 127, 132, 134, 140, 141, 142, 145, 146, 150, 151, 152, 153, 156, 167, 168, 169, 170, 171, 172, 173, 175, 176, 177, 178, 179, 180, 181, 183, 184, 185, 186, 187, 188, 189, 198, 199, 204, 205, 209, 221, 222, 226, 234, 300, 302, 303, 305, 307, 308, 329, 330, 331, 332, 334, 353, 357, 358, 359, 360, 361, 362, 363, 367, 368, 369, 394, 395, 397, 407, 409, 471, 472, 488, 489, 490, 491], "excluded_lines": [], "functions": {"PreprocessorEvaluator.__init__": {"executed_lines": [46, 47, 48, 49, 50], "summary": {"covered_lines": 5, "num_statements": 5, "percent_covered": 100.0, "percent_covered_display": "100", "missing_lines": 0, "excluded_lines": 0}, "missing_lines": [], "excluded_lines": []}, "PreprocessorEvaluator.add_define": {"executed_lines": [], "summary": {"covered_lines": 0, "num_statements": 3, "percent_covered": 0.0, "p
[...]
summary": {"covered_lines": 9, "num_statements": 9, "percent_covered": 100.0, "percent_covered_display": "100", "missing_lines": 0, "excluded_lines": 0}, "missing_lines": [], "excluded_lines": []}, "Transformer._find_root_file_with_mapping": {"executed_lines": [246, 247, 250], "summary": {"covered_lines": 3, "num_statements": 3, "percent_covered": 100.0, "percent_covered_display": "100", "missing_lines": 0, "excluded_lines": 0}, "missing_lines": [], "excluded_lines": []}, "Transformer._find_root_file": {"executed_lines": [254, 257, 258, 264, 268, 271], "summary": {"covered_lines": 6, "num_statements": 7, "percent_covered": 85.71428571428571, "percent_covered_display": "86", "missing_lines": 1, "excluded_lines": 0}, "missing_lines": [274], "excluded_lines": []}, "Transformer._filter_file_includes": {"executed_lines": [281, 286, 287, 289, 290, 291, 293, 297, 300, 301, 303, 305, 306, 308, 315, 317], "summary": {"covered_lines": 16, "num_statements": 16, "percent_covered": 100.0, "percent_covered_display": "100", "missing_lines": 0, "excluded_lines": 0}, "missing_lines": [], "excluded_lines": []}, "Transformer._matches_any_pattern": {"executed_lines": [328], "summary": {"covered_lines": 1, "num_statements": 1, "percent_covered": 100.0, "percent_covered_display": "100", "missing_lines": 0, "excluded_lines": 0}, "missing_lines": [], "excluded_lines": []}, "Transformer._should_process_include": {"executed_lines": [], "summary": {"covered_lines": 0, "num_statements": 5, "percent_covered": 0.0, "percent_covered_display": "0", "missing_lines": 5, "excluded_lines": 0}, "missing_lines": [338, 341, 342, 345, 346], "excluded_lines": []}, "Transformer._should_process_include_with_root": {"executed_lines": [], "summary": {"covered_lines": 0, "num_statements": 4, "percent_covered": 0.0, "percent_covered_display": "0", "missing_lines": 4, "excluded_lines": 0}, "missing_lines": [356, 357, 360, 361], "excluded_lines": []}, "Transformer._filter_file_elements": {"executed_lines": [368, 369, 374, 375, 378, 379, 382, 383, 388, 389, 394, 395, 398, 399, 403], "summary": {"covered_lines": 15, "num_statements": 15, "percent_covered": 100.0, "percent_covered_display": "100", "missing_lines": 0, "excluded_lines": 0}, "missing_lines": [], "excluded_lines": []}, "Transformer._apply_model_transformations": {"executed_lines": [410, 411, 415, 416, 419, 420, 421, 422, 423, 425, 432, 433, 436, 437, 440, 441, 443], "summary": {"covered_lines": 17, "num_statements": 17, "percent_covered": 100.0, "percent_covered_display": "100", "missing_lines": 0, "excluded_lines": 0}, "missing_lines": [], "excluded_lines": []}, "Transformer._apply_renaming": {"executed_lines": [449, 454, 455, 458, 460], "summary": {"covered_lines": 5, "num_statements": 5, "percent_covered": 100.0, "percent_covered_display": "100", "missing_lines": 0, "excluded_lines": 0}, "missing_lines": [], "excluded_lines": []}, "Transformer._apply_additions": {"executed_lines": [466, 471, 472, 476, 478], "summary": {"covered_lines": 5, "num_statements": 5, "percent_covered": 100.0, "percent_covered_display": "100", "missing_lines": 0, "excluded_lines": 0}, "missing_lines": [], "excluded_lines": []}, "Transformer._apply_removals": {"executed_lines": [484, 489, 490, 494, 496], "summary": {"covered_lines": 5, "num_statements": 5, "percent_covered": 100.0, "percent_covered_display": "100", "missing_lines": 0, "excluded_lines": 0}, "missing_lines": [], "excluded_lines": []}, "Transformer._process_include_relations": {"executed_lines": [505, 508, 509, 510, 511, 512, 515, 529, 530, 531, 532, 535, 536, 540, 541, 542, 545, 550, 560], "summary": {"covered_lines": 19, "num_statements": 22, "percent_covered": 86.36363636363636, "percent_covered_display": "86", "missing_lines": 3, "excluded_lines": 0}, "missing_lines": [520, 521, 524], "excluded_lines": []}, "Transformer._collect_include_relations_for_c_file": {"executed_lines": [574, 575, 577, 580, 581, 584, 588, 590, 597, 603, 612, 624, 625, 627, 632, 635, 636], "summary": {"covered_lines": 17, "num_statements": 23, "percent_covered": 73.91304347826087, "percent_covered_display": "74", "missing_lines": 6, "excluded_lines": 0}, "missing_lines": [591, 594, 604, 609, 615, 620], "excluded_lines": []}, "Transformer._find_included_file": {"executed_lines": [656, 665, 667, 668, 669, 671, 672, 673, 675, 677], "summary": {"covered_lines": 10, "num_statements": 10, "percent_covered": 100.0, "percent_covered_display": "100", "missing_lines": 0, "excluded_lines": 0}, "missing_lines": [], "excluded_lines": []}, "Transformer._matches_pattern": {"executed_lines": [681, 682, 683, 684, 685], "summary": {"covered_lines": 5, "num_statements": 5, "percent_covered": 100.0, "percent_covered_display": "100", "missing_lines": 0, "excluded_lines": 0}, "missing_lines": [], "excluded_lines": []}, "Transformer._compile_patterns": {"executed_lines": [689, 691, 692, 693, 694, 695, 697], "summary": {"covered_lines": 7, "num_statements": 7, "percent_covered": 100.0, "percent_covered_display": "100", "missing_lines": 0, "excluded_lines": 0}, "missing_lines": [], "excluded_lines": []}, "Transformer._should_include_file": {"executed_lines": [707, 708, 709, 712, 713, 714, 716], "summary": {"covered_lines": 7, "num_statements": 7, "percent_covered": 100.0, "percent_covered_display": "100", "missing_lines": 0, "excluded_lines": 0}, "missing_lines": [], "excluded_lines": []}, "Transformer._filter_dict": {"executed_lines": [720, 721, 723, 724, 726, 727, 728, 731, 732, 733, 735, 737], "summary": {"covered_lines": 12, "num_statements": 12, "percent_covered": 100.0, "percent_covered_display": "100", "missing_lines": 0, "excluded_lines": 0}, "missing_lines": [], "excluded_lines": []}, "Transformer._filter_list": {"executed_lines": [741, 742, 744, 745, 746, 749, 750, 751, 754, 755, 756, 758, 760], "summary": {"covered_lines": 13, "num_statements": 13, "percent_covered": 100.0, "percent_covered_display": "100", "missing_lines": 0, "excluded_lines": 0}, "missing_lines": [], "excluded_lines": []}, "Transformer._dict_to_file_model": {"executed_lines": [766, 767, 768, 771, 780, 781, 782, 783, 784, 785, 789, 790, 793, 794, 795, 796, 801, 802, 803, 804, 814, 815, 816, 819, 830, 831, 832, 834], "summary": {"covered_lines": 28, "num_statements": 29, "percent_covered": 96.55172413793103, "percent_covered_display": "97", "missing_lines": 1, "excluded_lines": 0}, "missing_lines": [811], "excluded_lines": []}, "Transformer._save_model": {"executed_lines": [848, 849, 850], "summary": {"covered_lines": 3, "num_statements": 5, "percent_covered": 60.0, "percent_covered_display": "60", "missing_lines": 2, "excluded_lines": 0}, "missing_lines": [851, 852], "excluded_lines": []}, "": {"executed_lines": [2, 7, 8, 9, 10, 11, 13, 27, 28, 30, 33, 67, 93, 110, 144, 166, 175, 224, 242, 252, 276, 326, 330, 348, 363, 405, 445, 462, 480, 498, 562, 647, 679, 687, 699, 718, 739, 762, 846], "summary": {"covered_lines": 37, "num_statements": 37, "percent_covered": 100.0, "percent_covered_display": "100", "missing_lines": 0, "excluded_lines": 0}, "missing_lines": [], "excluded_lines": []}}, "classes": {"Transformer": {"executed_lines": [31, 48, 51, 54, 57, 60, 61, 63, 65, 69, 70, 72, 73, 74, 77, 84, 85, 87, 88, 90, 91, 95, 96, 98, 99, 100, 102, 103, 114, 117, 118, 121, 122, 125, 126, 127, 130, 131, 134, 135, 139, 142, 149, 150, 152, 153, 155, 156, 157, 158, 160, 161, 164, 170, 171, 173, 179, 184, 185, 186, 187, 190, 193, 194, 198, 200, 201, 204, 207, 210, 212, 216, 218, 222, 226, 230, 231, 232, 233, 234, 235, 238, 240, 246, 247, 250, 254, 257, 258, 264, 268, 271, 281, 286, 287, 289, 290, 291, 293, 297, 300, 301, 303, 305, 306, 308, 315, 317, 328, 368, 369, 374, 375, 378, 379, 382, 383, 388, 389, 394, 395, 398, 399, 403, 410, 411, 415, 416, 419, 420, 421, 422, 423, 425, 432, 433, 436, 437, 440, 441, 443, 449, 454, 455, 458, 460, 466, 471, 472, 476, 478, 484, 489, 490, 494, 496, 505, 508, 509, 510, 511, 512, 515, 529, 530, 531, 532, 535, 536, 540, 541, 542, 545, 550, 560, 574, 575, 577, 580, 581, 584, 588, 590, 597, 603, 612, 624, 625, 627, 632, 635, 636, 656, 665, 667, 668, 669, 671, 672, 673, 675, 677, 681, 682, 683, 684, 685, 689, 691, 692, 693, 694, 695, 697, 707, 708, 709, 712, 713, 714, 716, 720, 721, 723, 724, 726, 727, 728, 731, 732, 733, 735, 737, 741, 742, 744, 745, 746, 749, 750, 751, 754, 755, 756, 758, 760, 766, 767, 768, 771, 780, 781, 782, 783, 784, 785, 789, 790, 793, 794, 795, 796, 801, 802, 803, 804, 814, 815, 816, 819, 830, 831, 832, 834, 848, 849, 850], "summary": {"covered_lines": 277, "num_statements": 301, "percent_covered": 92.0265780730897, "percent_covered_display": "92", "missing_lines": 24, "excluded_lines": 0}, "missing_lines": [105, 106, 274, 338, 341, 342, 345, 346, 356, 357, 360, 361, 520, 521, 524, 591, 594, 604, 609, 615, 620, 811, 851, 852], "excluded_lines": []}, "": {"executed_lines": [2, 7, 8, 9, 10, 11, 13, 27, 28, 30, 33, 67, 93, 110, 144, 166, 175, 224, 242, 252, 276, 326, 330, 348, 363, 405, 445, 462, 480, 498, 562, 647, 679, 687, 699, 718, 739, 762, 846], "summary": {"covered_lines": 37, "num_statements": 37, "percent_covered": 100.0, "percent_covered_display": "100", "missing_lines": 0, "excluded_lines": 0}, "missing_lines": [], "excluded_lines": []}}}, "c_to_plantuml/utils.py": {"executed_lines": [2, 6, 7, 8, 11, 12, 15, 16, 19, 21, 22, 32, 34, 35, 36, 37, 38, 39, 45, 46, 47, 50, 55, 78, 104, 120, 127, 143, 153, 156, 166, 169, 170, 171, 172, 173, 174, 176, 179, 186, 188, 191], "summary": {"covered_lines": 41, "num_statements": 67, "percent_covered": 61.19402985074627, "percent_covered_display": "61", "missing_lines": 26, "excluded_lines": 0}, "missing_lines": [14, 24, 25, 26, 27, 28, 29, 40, 43, 52, 67, 68, 71, 72, 73, 75, 90, 93, 94, 95, 96, 97, 99, 101, 116, 189], "excluded_lines": [], "functions": {"detect_file_encoding": {"executed_lines": [21, 22, 32, 34, 35, 36, 37, 38, 39, 45, 46, 47], "summary": {"covered_lines": 12, "num_statements": 20, "percent_covered": 60.0, "percent_covered_display": "60", "missing_lines": 8, "excluded_lines": 0}, "missing_lines": [24, 25, 26, 27, 28, 29, 40, 43], "excluded_lines": []}, "get_filename_from_path": {"executed_lines": [], "summary": {"covered_lines": 0, "num_statements": 1, "percent_covered": 0.0, "percent_covered_display": "0", "missing_lines": 1, "excluded_lines": 0}, "missing_lines": [52], "excluded_lines": []}, "find_file_by_filename": {"executed_lines": [], "summary": {"covered_lines": 0, "num_statements": 6, "percent_covered": 0.0, "percent_covered_display": "0", "missing_lines": 6, "excluded_lines": 0}, "missing_lines": [67, 68, 71, 72, 73, 75], "excluded_lines": []}, "normalize_file_path": {"executed_lines": [], "summary": {"covered_lines": 0, "num_statements": 8, "percent_covered": 0.0, "percent_covered_display": "0", "missing_lines": 8, "excluded_lines": 0}, "missing_lines": [90, 93, 94, 95, 96, 97, 99, 101], "excluded_lines": []}, "create_file_key": {"executed_lines": [], "summary": {"covered_lines": 0, "num_statements": 1, "percent_covered": 0.0, "percent_covered_display": "0", "missing_lines": 1, "excluded_lines": 0}, "missing_lines": [116], "excluded_lines": []}, "get_acceptable_encodings": {"executed_lines": [127], "summary": {"covered_lines": 1, "num_statements": 1, "percent_covered": 100.0, "percent_covered_display": "100", "missing_lines": 0, "excluded_lines": 0}, "missing_lines": [], "excluded_lines": []}, "is_acceptable_encoding": {"executed_lines": [153], "summary": {"covered_lines": 1, "num_statements": 1, "percent_covered": 100.0, "percent_covered_display": "100", "missing_lines": 0, "excluded_lines": 0}, "missing_lines": [], "excluded_lines": []}, "normalize_encoding": {"executed_lines": [166, 169, 170, 171, 172, 173, 174, 176], "summary": {"covered_lines": 8, "num_statements": 8, "percent_covered": 100.0, "percent_covered_display": "100", "missing_lines": 0, "excluded_lines": 0}, "missing_lines": [], "excluded_lines": []}, "get_platform_default_encoding": {"executed_lines": [186, 188, 191], "summary": {"covered_lines": 3, "num_statements": 4, "percent_covered": 75.0, "percent_covered_display": "75", "missing_lines": 1, "excluded_lines": 0}, "missing_lines": [189], "excluded_lines": []}, "": {"executed_lines": [2, 6, 7, 8, 11, 12, 15, 16, 19, 50, 55, 78, 104, 120, 143, 156, 179], "summary": {"covered_lines": 16, "num_statements": 17, "percent_covered": 94.11764705882354, "percent_covered_display": "94", "missing_lines": 1, "excluded_lines": 0}, "missing_lines": [14], "excluded_lines": []}}, "classes": {"": {"executed_lines": [2, 6, 7, 8, 11, 12, 15, 16, 19, 21, 22, 32, 34, 35, 36, 37, 38, 39, 45, 46, 47, 50, 55, 78, 104, 120, 127, 143, 153, 156, 166, 169, 170, 171, 172, 173, 174, 176, 179, 186, 188, 191], "summary": {"covered_lines": 41, "num_statements": 67, "percent_covered": 61.19402985074627, "percent_covered_display": "61", "missing_lines": 26, "excluded_lines": 0}, "missing_lines": [14, 24, 25, 26, 27, 28, 29, 40, 43, 52, 67, 68, 71, 72, 73, 75, 90, 93, 94, 95, 96, 97, 99, 101, 116, 189], "excluded_lines": []}}}, "c_to_plantuml/verifier.py": {"executed_lines": [2, 8, 9, 10, 12, 15, 16, 18, 19, 20, 22, 32, 35, 38, 39, 41, 43, 44, 45, 46, 48, 50, 52, 54, 55, 57, 58, 60, 61, 63, 66, 69, 73, 74, 77, 78, 81, 82, 85, 86, 89, 90, 93, 94, 96, 98, 99, 101, 102, 105, 106, 108, 110, 113, 117, 118, 122, 127, 129, 132, 136, 137, 139, 141, 143, 148, 154, 155, 156, 157, 159, 161, 163, 165, 168, 171, 176, 179, 181, 182, 187, 191, 192, 197, 198, 202, 204, 205, 208, 210, 212, 215, 218, 225, 226, 230, 231, 234, 237, 239, 241, 244, 247, 252, 253, 257, 258, 261, 262, 264, 266, 268, 269, 271, 272, 273, 274, 275, 276, 278], "summary": {"covered_lines": 118, "num_statements": 139, "percent_covered": 84.89208633093526, "percent_covered_display": "85", "missing_lines": 21, "excluded_lines": 0}, "missing_lines": [67, 70, 111, 114, 119, 123, 130, 133, 142, 144, 149, 166, 169, 172, 180, 188, 213, 227, 235, 242, 254], "excluded_lines": [], "functions": {"ModelVerifier.__init__": {"executed_lines": [19, 20], "summary": {"covered_lines": 2, "num_statements": 2, "percent_covered": 100.0, "percent_covered_display": "100", "missing_lines": 0, "excluded_lines": 0}, "missing_lines": [], "excluded_lines": []}, "ModelVerifier.verify_model": {"executed_lines": [32, 35, 38, 39, 41, 43, 44, 45, 46, 48, 50], "summary": {"covered_lines": 11, "num_statements": 11, "percent_covered": 100.0, "percent_covered_display": "100", "missing_lines": 0, "excluded_lines": 0}, "missing_lines": [], "excluded_lines": []}, "ModelVerifier._verify_project_data": {"executed_lines": [54, 55, 57, 58, 60, 61], "summary": {"covered_lines": 6, "num_statements": 6, "percent_covered": 100.0, "percent_covered_display": "100", "missing_lines": 0, "excluded_lines": 0}, "missing_lines": [], "excluded_lines": []}, "ModelVerifier._verify_file": {"executed_lines": [66, 69, 73, 74, 77, 78, 81, 82, 85, 86, 89, 90, 93, 94], "summary": {"covered_lines": 14, "num_statements": 16, "percent_covered": 87.5, "percent_covered_display": "88", "missing_lines": 2, "excluded_lines": 0}, "missing_lines": [67, 70], "excluded_lines": []}, "ModelVerifier._verify_struct": {"executed_lines": [98, 99, 101, 102, 105, 106], "summary": {"covered_lines": 6, "num_statements": 6, "percent_covered": 100.0, "percent_covered_display": "100", "missing_lines": 0, "excluded_lines": 0}, "missing_lines": [], "excluded_lines": []}, "ModelVerifier._verify_enum": {"executed_lines": [110, 113, 117, 118, 122], "summary": {"covered_lines": 5, "num_statements": 9, "percent_covered": 55.55555555555556, "percent_covered_display": "56", "missing_lines": 4, "excluded_lines": 0}, "missing_lines": [111, 114, 119, 123], "excluded_lines": []}, "ModelVerifier._verify_union": {"executed_lines": [129, 132, 136, 137], "summary": {"covered_lines": 4, "num_statements": 6, "percent_covered": 66.66666666666667, "percent_covered_display": "67", "missing_lines": 2, "excluded_lines": 0}, "missing_lines": [130, 133], "excluded_lines": []}, "ModelVerifier._verify_function": {"executed_lines": [141, 143, 148, 154, 155, 156, 157], "summary": {"covered_lines": 7, "num_statements": 10, "percent_covered": 70.0, "percent_covered_display": "70", "missing_lines": 3, "excluded_lines": 0}, "missing_lines": [142, 144, 149], "excluded_lines": []}, "ModelVerifier._verify_global": {"executed_lines": [161], "summary": {"covered_lines": 1, "num_statements": 1, "percent_covered": 100.0, "percent_covered_display": "100", "missing_lines": 0, "excluded_lines": 0}, "missing_lines": [], "excluded_lines": []}, "ModelVerifier._verify_alias": {"executed_lines": [165, 168, 171], "summary": {"covered_lines": 3, "num_statements": 6, "percent_covered": 50.0, "percent_covered_display": "50", "missing_lines": 3, "excluded_lines": 0}, "missing_lines": [166, 169, 172], "excluded_lines": []}, "ModelVerifier._verify_field": {"executed_lines": [179, 181, 182, 187, 191, 192, 197, 198], "summary": {"covered_lines": 8, "num_statements": 10, "percent_covered": 80.0, "percent_covered_display": "80", "missing_lines": 2, "excluded_lines": 0}, "missing_lines": [180, 188], "excluded_lines": []}, "ModelVerifier._is_valid_identifier": {"executed_lines": [204, 205, 208], "summary": {"covered_lines": 3, "num_statements": 3, "percent_covered": 100.0, "percent_covered_display": "100", "missing_lines": 0, "excluded_lines": 0}, "missing_lines": [], "excluded_lines": []}, "ModelVerifier._is_suspicious_type": {"executed_lines": [212, 215, 218, 225, 226, 230, 231, 234, 237], "summary": {"covered_lines": 9, "num_statements": 12, "percent_covered": 75.0, "percent_covered_display": "75", "missing_lines": 3, "excluded_lines": 0}, "missing_lines": [213, 227, 235], "excluded_lines": []}, "ModelVerifier._is_suspicious_value": {"executed_lines": [241, 244, 247, 252, 253, 257, 258, 261, 262, 264], "summary": {"covered_lines": 10, "num_statements": 12, "percent_covered": 83.33333333333333, "percent_covered_display": "83", "missing_lines": 2, "excluded_lines": 0}, "missing_lines": [242, 254], "excluded_lines": []}, "ModelVerifier._has_unbalanced_brackets": {"executed_lines": [268, 269, 271, 272, 273, 274, 275, 276, 278], "summary": {"covered_lines": 9, "num_statements": 9, "percent_covered": 100.0, "percent_covered_display": "100", "missing_lines": 0, "excluded_lines": 0}, "missing_lines": [], "excluded_lines": []}, "": {"executed_lines": [2, 8, 9, 10, 12, 15, 16, 18, 22, 52, 63, 96, 108, 127, 139, 159, 163, 176, 202, 210, 239, 266], "summary": {"covered_lines": 20, "num_statements": 20, "percent_covered": 100.0, "percent_covered_display": "100", "missing_lines": 0, "excluded_lines": 0}, "missing_lines": [], "excluded_lines": []}}, "classes": {"ModelVerifier": {"executed_lines": [19, 20, 32, 35, 38, 39, 41, 43, 44, 45, 46, 48, 50, 54, 55, 57, 58, 60, 61, 66, 69, 73, 74, 77, 78, 81, 82, 85, 86, 89, 90, 93, 94, 98, 99, 101, 102, 105, 106, 110, 113, 117, 118, 122, 129, 132, 136, 137, 141, 143, 148, 154, 155, 156, 157, 161, 165, 168, 171, 179, 181, 182, 187, 191, 192, 197, 198, 204, 205, 208, 212, 215, 218, 225, 226, 230, 231, 234, 237, 241, 244, 247, 252, 253, 257, 258, 261, 262, 264, 268, 269, 271, 272, 273, 274, 275, 276, 278], "summary": {"covered_lines": 98, "num_statements": 119, "percent_covered": 82.3529411764706, "percent_covered_display": "82", "missing_lines": 21, "excluded_lines": 0}, "missing_lines": [67, 70, 111, 114, 119, 123, 130, 133, 142, 144, 149, 166, 169, 172, 180, 188, 213, 227, 235, 242, 254], "excluded_lines": []}, "": {"executed_lines": [2, 8, 9, 10, 12, 15, 16, 18, 22, 52, 63, 96, 108, 127, 139, 159, 163, 176, 202, 210, 239, 266], "summary": {"covered_lines": 20, "num_statements": 20, "percent_covered": 100.0, "percent_covered_display": "100", "missing_lines": 0, "excluded_lines": 0}, "missing_lines": [], "excluded_lines": []}}}}, "totals": {"covered_lines": 2643, "num_statements": 3080, "percent_covered": 85.81168831168831, "percent_covered_display": "86", "missing_lines": 437, "excluded_lines": 14}}