/opt/hostedtoolcache/Python/3.9.23/x64/lib/python3.9/site-packages/coverage/inorout.py:462: CoverageWarning: --include is ignored because --source is set (include-ignored)
  self.warn("--include is ignored because --source is set", slug="include-ignored")
============================= test session starts ==============================
platform linux -- Python 3.9.23, pytest-8.4.1, pluggy-1.6.0 -- /opt/hostedtoolcache/Python/3.9.23/x64/bin/python3
cachedir: .pytest_cache
metadata: {'Python': '3.9.23', 'Platform': 'Linux-6.11.0-1018-azure-x86_64-with-glibc2.39', 'Packages': {'pytest': '8.4.1', 'pluggy': '1.6.0'}, 'Plugins': {'xdist': '3.8.0', 'cov': '6.2.1', 'mock': '3.14.1', 'metadata': '3.1.1', 'html': '4.1.1', 'benchmark': '5.1.0'}, 'CI': 'true', 'JAVA_HOME': '/usr/lib/jvm/temurin-17-jdk-amd64'}
benchmark: 5.1.0 (defaults: timer=time.perf_counter disable_gc=False min_rounds=5 min_time=0.000005 max_time=1.0 calibration_precision=10 warmup=False warmup_iterations=100000)
rootdir: /home/runner/work/c2puml/c2puml
configfile: pytest.ini
plugins: xdist-3.8.0, cov-6.2.1, mock-3.14.1, metadata-3.1.1, html-4.1.1, benchmark-5.1.0
collecting ... collected 172 items

tests/feature/test_cli_feature_comprehensive.py::TestCLIFeatureComprehensive::test_generate_command_isolation_error_handling PASSED [  0%]
tests/feature/test_cli_feature_comprehensive.py::TestCLIFeatureComprehensive::test_generate_fallback_to_model PASSED [  1%]
tests/feature/test_cli_feature_comprehensive.py::TestCLIFeatureComprehensive::test_generate_prefers_transformed_model PASSED [  1%]
tests/feature/test_cli_feature_comprehensive.py::TestCLIFeatureComprehensive::test_parse_only_command PASSED [  2%]
tests/feature/test_cli_feature_comprehensive.py::TestCLIFeatureComprehensive::test_transform_only_command PASSED [  2%]
tests/feature/test_cli_modes_comprehensive.py::TestCLIModesComprehensive::test_full_workflow_default_mode PASSED [  3%]
tests/feature/test_cli_modes_comprehensive.py::TestCLIModesComprehensive::test_generate_mode_fallback_to_model PASSED [  4%]
tests/feature/test_cli_modes_comprehensive.py::TestCLIModesComprehensive::test_generate_mode_isolation_error_handling PASSED [  4%]
tests/feature/test_cli_modes_comprehensive.py::TestCLIModesComprehensive::test_generate_mode_prefers_transformed_model PASSED [  5%]
tests/feature/test_cli_modes_comprehensive.py::TestCLIModesComprehensive::test_parse_mode_only_generates_model PASSED [  5%]
tests/feature/test_cli_modes_comprehensive.py::TestCLIModesComprehensive::test_transform_mode_generates_transformed_model PASSED [  6%]
tests/feature/test_component_features_comprehensive.py::TestComponentFeaturesComprehensive::test_cross_file_type_dependencies PASSED [  6%]
tests/feature/test_component_features_comprehensive.py::TestComponentFeaturesComprehensive::test_generator_complex_relationships PASSED [  7%]
tests/feature/test_component_features_comprehensive.py::TestComponentFeaturesComprehensive::test_generator_typedef_relationships PASSED [  8%]
tests/feature/test_component_features_comprehensive.py::TestComponentFeaturesComprehensive::test_generator_union_support PASSED [  8%]
tests/feature/test_component_features_comprehensive.py::TestComponentFeaturesComprehensive::test_parser_complex_typedefs_parsing PASSED [  9%]
tests/feature/test_component_features_comprehensive.py::TestComponentFeaturesComprehensive::test_parser_function_pointers_parsing PASSED [  9%]
tests/feature/test_component_features_comprehensive.py::TestComponentFeaturesComprehensive::test_parser_unions_parsing PASSED [ 10%]
tests/feature/test_component_features_comprehensive.py::TestComponentFeaturesComprehensive::test_project_structure_analysis PASSED [ 11%]
tests/feature/test_component_features_comprehensive.py::TestComponentFeaturesComprehensive::test_recursive_include_handling PASSED [ 11%]
tests/feature/test_crypto_filter_pattern_comprehensive.py::TestCryptoFilterPatternComprehensive::test_crypto_filter_pattern_functionality PASSED [ 12%]
tests/feature/test_crypto_filter_usecase_comprehensive.py::TestCryptoFilterUsecaseComprehensive::test_crypto_filter_usecase_functionality PASSED [ 12%]
tests/feature/test_error_handling_comprehensive.py::TestErrorHandlingComprehensive::test_invalid_config_errors PASSED [ 13%]
tests/feature/test_error_handling_comprehensive.py::TestErrorHandlingComprehensive::test_invalid_source_folder_errors PASSED [ 13%]
tests/feature/test_error_handling_comprehensive.py::TestErrorHandlingComprehensive::test_partial_failure_scenarios PASSED [ 14%]
tests/feature/test_include_processing_features_cli.py::TestIncludeProcessingBasicFeaturesCLI::test_basic_include_processing_workflow PASSED [ 15%]
tests/feature/test_include_processing_features_cli.py::TestIncludeProcessingBasicFeaturesCLI::test_c_to_h_relationships PASSED [ 15%]
tests/feature/test_include_processing_features_cli.py::TestIncludeProcessingBasicFeaturesCLI::test_header_to_header_relationships PASSED [ 16%]
tests/feature/test_include_processing_features_cli.py::TestIncludeProcessingComplexFeaturesCLI::test_circular_include_detection PASSED [ 16%]
tests/feature/test_include_processing_features_cli.py::TestIncludeProcessingComplexFeaturesCLI::test_complex_project_structure PASSED [ 17%]
tests/feature/test_include_processing_features_cli.py::TestIncludeProcessingComplexFeaturesCLI::test_nested_directory_structure PASSED [ 18%]
tests/feature/test_include_processing_features_cli.py::TestIncludeProcessingIntegrationCLI::test_full_pipeline_with_includes PASSED [ 18%]
tests/feature/test_include_processing_features_cli.py::TestIncludeProcessingIntegrationCLI::test_include_depth_control PASSED [ 19%]
tests/feature/test_include_processing_features_cli.py::TestIncludeProcessingIntegrationCLI::test_include_filtering PASSED [ 19%]
tests/feature/test_include_processing_features_cli.py::TestIncludeProcessingDependenciesCLI::test_dependency_ordering PASSED [ 20%]
tests/feature/test_include_processing_features_cli.py::TestIncludeProcessingDependenciesCLI::test_missing_dependency_handling PASSED [ 20%]
tests/feature/test_include_processing_features_cli.py::TestIncludeProcessingDependenciesCLI::test_transitive_dependencies PASSED [ 21%]
tests/feature/test_include_processing_features_cli.py::TestIncludeProcessingComprehensiveCLI::test_comprehensive_include_scenario PASSED [ 22%]
tests/feature/test_include_processing_features_cli.py::TestIncludeProcessingComprehensiveCLI::test_macro_propagation_through_includes PASSED [ 22%]
tests/feature/test_include_processing_features_cli.py::TestIncludeProcessingComprehensiveCLI::test_typedef_relationships_across_files PASSED [ 23%]
tests/feature/test_integration.py::TestIntegration::test_complete_workflow PASSED [ 23%]
tests/feature/test_integration.py::TestIntegration::test_configuration_features PASSED [ 24%]
tests/feature/test_integration.py::TestIntegration::test_error_handling PASSED [ 25%]
tests/feature/test_integration.py::TestIntegration::test_performance_features PASSED [ 25%]
tests/feature/test_multiple_source_folders.py::TestMultipleSourceFolders::test_empty_source_folders_error PASSED [ 26%]
tests/feature/test_multiple_source_folders.py::TestMultipleSourceFolders::test_invalid_source_folder_error PASSED [ 26%]
tests/feature/test_multiple_source_folders.py::TestMultipleSourceFolders::test_multiple_source_folders_parsing PASSED [ 27%]
tests/feature/test_multiple_source_folders.py::TestMultipleSourceFolders::test_multiple_source_folders_with_config PASSED [ 27%]
tests/feature/test_multiple_source_folders.py::TestMultipleSourceFolders::test_parser_multiple_source_folders_method PASSED [ 28%]
tests/feature/test_multiple_source_folders.py::TestMultipleSourceFolders::test_project_name_from_config PASSED [ 29%]
tests/feature/test_multiple_source_folders.py::TestMultipleSourceFolders::test_single_source_folder_backward_compatibility PASSED [ 29%]
tests/feature/test_transformer_features.py::TestTransformerFeatures::test_include_filters_with_filtered_header PASSED [ 30%]
tests/feature/test_transformer_features.py::TestTransformerFeatures::test_transform_complex_project_with_filters PASSED [ 30%]
tests/feature/test_transformer_features.py::TestTransformerFeatures::test_transform_complex_regex_patterns PASSED [ 31%]
tests/feature/test_transformer_features.py::TestTransformerFeatures::test_transform_error_handling PASSED [ 31%]
tests/feature/test_transformer_features.py::TestTransformerFeatures::test_transform_integration_with_parser_and_generator PASSED [ 32%]
tests/feature/test_transformer_features.py::TestTransformerFeatures::test_transform_with_additions PASSED [ 33%]
tests/feature/test_transformer_features.py::TestTransformerFeatures::test_transform_with_include_relations PASSED [ 33%]
tests/feature/test_transformer_features.py::TestTransformerFeatures::test_transform_with_removals PASSED [ 34%]
tests/feature/test_transformer_features.py::TestTransformerFeatures::test_transform_with_renaming PASSED [ 34%]
tests/integration/test_comprehensive_cli.py::TestComprehensiveIntegrationCLI::test_complete_system_integration PASSED [ 35%]
tests/integration/test_comprehensive_cli.py::TestComprehensiveIntegrationCLI::test_comprehensive_c_to_h_relationships PASSED [ 36%]
tests/integration/test_comprehensive_cli.py::TestComprehensiveIntegrationCLI::test_comprehensive_header_to_header_relationships PASSED [ 36%]
tests/integration/test_comprehensive_cli.py::TestComprehensiveIntegrationCLI::test_comprehensive_typedef_relationships PASSED [ 37%]
tests/integration/test_comprehensive_cli.py::TestComprehensiveIntegrationCLI::test_parser_tokenizer_integration PASSED [ 37%]
tests/integration/test_new_formatting_comprehensive_cli.py::TestNewFormattingComprehensiveCLI::test_complete_formatting_integration PASSED [ 38%]
tests/integration/test_new_formatting_comprehensive_cli.py::TestNewFormattingComprehensiveCLI::test_mixed_project_comprehensive_formatting PASSED [ 38%]
tests/unit/test_absolute_path_bug_comprehensive.py::TestAbsolutePathBugComprehensive::test_absolute_vs_relative_path_consistency PASSED [ 39%]
tests/unit/test_absolute_path_bug_comprehensive.py::TestAbsolutePathBugComprehensive::test_mixed_path_styles_handling PASSED [ 40%]
tests/unit/test_absolute_path_bug_comprehensive.py::TestAbsolutePathBugComprehensive::test_relative_path_handling_in_include_tree PASSED [ 40%]
tests/unit/test_absolute_path_bug_comprehensive.py::TestAbsolutePathBugComprehensive::test_subdirectory_includes_path_resolution PASSED [ 41%]
tests/unit/test_anonymous_processing_comprehensive.py::TestAnonymousProcessingComprehensive::test_anonymous_processing_comprehensive PASSED [ 41%]
tests/unit/test_anonymous_structure_comprehensive.py::TestAnonymousStructureComprehensive::test_anonymous_struct_in_typedef PASSED [ 42%]
tests/unit/test_anonymous_structure_comprehensive.py::TestAnonymousStructureComprehensive::test_anonymous_unions_in_structs PASSED [ 43%]
tests/unit/test_anonymous_structure_comprehensive.py::TestAnonymousStructureComprehensive::test_nested_anonymous_structures PASSED [ 43%]
tests/unit/test_config_comprehensive.py::TestConfigComprehensive::test_config_comprehensive PASSED [ 44%]
tests/unit/test_debug_field_parsing_comprehensive.py::TestDebugFieldParsingComprehensive::test_complex_struct_field_processing PASSED [ 44%]
tests/unit/test_debug_field_parsing_comprehensive.py::TestDebugFieldParsingComprehensive::test_nested_anonymous_structure_fields PASSED [ 45%]
tests/unit/test_debug_field_parsing_comprehensive.py::TestDebugFieldParsingComprehensive::test_nested_union_field_parsing PASSED [ 45%]
tests/unit/test_debug_parsing_comprehensive.py::TestDebugParsingComprehensive::test_anonymous_structure_parsing PASSED [ 46%]
tests/unit/test_debug_parsing_comprehensive.py::TestDebugParsingComprehensive::test_complex_union_parsing PASSED [ 47%]
tests/unit/test_debug_parsing_comprehensive.py::TestDebugParsingComprehensive::test_nested_struct_parsing PASSED [ 47%]
tests/unit/test_file_specific_configuration_comprehensive.py::TestFileSpecificConfigurationComprehensive::test_configuration_extraction PASSED [ 48%]
tests/unit/test_file_specific_configuration_comprehensive.py::TestFileSpecificConfigurationComprehensive::test_file_specific_include_depth PASSED [ 48%]
tests/unit/test_file_specific_configuration_comprehensive.py::TestFileSpecificConfigurationComprehensive::test_file_specific_include_filter PASSED [ 49%]
tests/unit/test_file_specific_configuration_comprehensive.py::TestFileSpecificConfigurationComprehensive::test_include_filter_patterns PASSED [ 50%]
tests/unit/test_function_parameters_complex.py::TestFunctionParametersComplex::test_function_parameters_complex PASSED [ 50%]
tests/unit/test_function_parameters_display.py::TestFunctionParametersDisplay::test_function_parameters_display PASSED [ 51%]
tests/unit/test_function_parameters_empty.py::TestFunctionParametersEmpty::test_function_parameters_empty PASSED [ 51%]
tests/unit/test_function_parameters_parsing.py::TestFunctionParametersParsing::test_function_parameters_parsing PASSED [ 52%]
tests/unit/test_function_params_complex.py::TestFunctionParamsComplex::test_function_params_complex PASSED [ 52%]
tests/unit/test_function_params_parsing.py::TestFunctionParamsParsing::test_function_params_parsing PASSED [ 53%]
tests/unit/test_generator_basic_plantuml.py::TestGeneratorBasicPlantuml::test_generator_basic_plantuml PASSED [ 54%]
tests/unit/test_generator_comprehensive.py::TestGeneratorComprehensive::test_generator_comprehensive PASSED [ 54%]
tests/unit/test_generator_exact_format_cli.py::TestGeneratorExactFormatCLI::test_exact_requested_format PASSED [ 55%]
tests/unit/test_generator_exact_format_cli.py::TestGeneratorExactFormatCLI::test_format_with_parameters PASSED [ 55%]
tests/unit/test_generator_grouping_cli.py::TestGeneratorGroupingCLI::test_function_grouping_with_empty_line_separation PASSED [ 56%]
tests/unit/test_generator_grouping_cli.py::TestGeneratorGroupingCLI::test_global_grouping_with_empty_line_separation PASSED [ 56%]
tests/unit/test_generator_grouping_cli.py::TestGeneratorGroupingCLI::test_mixed_grouping_comprehensive PASSED [ 57%]
tests/unit/test_generator_include_tree_cli.py::TestGeneratorIncludeTreeCLI::test_include_tree_comprehensive PASSED [ 58%]
tests/unit/test_generator_include_tree_cli.py::TestGeneratorIncludeTreeCLI::test_include_tree_with_absolute_paths PASSED [ 58%]
tests/unit/test_generator_includes_comprehensive.py::TestGeneratorIncludesComprehensive::test_duplicate_include_handling PASSED [ 59%]
tests/unit/test_generator_naming_comprehensive.py::TestGeneratorNamingComprehensive::test_generator_complex_typedef_names PASSED [ 59%]
tests/unit/test_generator_naming_comprehensive.py::TestGeneratorNamingComprehensive::test_generator_edge_case_names PASSED [ 60%]
tests/unit/test_generator_naming_comprehensive.py::TestGeneratorNamingComprehensive::test_generator_file_naming_conventions PASSED [ 61%]
tests/unit/test_generator_naming_comprehensive.py::TestGeneratorNamingComprehensive::test_generator_typedef_naming_conventions PASSED [ 61%]
tests/unit/test_generator_new_formatting_cli.py::TestGeneratorNewFormattingCLI::test_alias_formatting_with_typedef_stereotype_and_alias_prefix PASSED [ 62%]
tests/unit/test_generator_new_formatting_cli.py::TestGeneratorNewFormattingCLI::test_complex_typedef_combination PASSED [ 62%]
tests/unit/test_generator_new_formatting_cli.py::TestGeneratorNewFormattingCLI::test_enum_formatting_with_enumeration_stereotype PASSED [ 63%]
tests/unit/test_generator_new_formatting_cli.py::TestGeneratorNewFormattingCLI::test_function_pointer_formatting_with_function_pointer_stereotype PASSED [ 63%]
tests/unit/test_generator_new_formatting_cli.py::TestGeneratorNewFormattingCLI::test_public_private_visibility_logic PASSED [ 64%]
tests/unit/test_generator_new_formatting_cli.py::TestGeneratorNewFormattingCLI::test_struct_formatting_with_struct_stereotype PASSED [ 65%]
tests/unit/test_generator_new_formatting_cli.py::TestGeneratorNewFormattingCLI::test_union_formatting_with_union_stereotype PASSED [ 65%]
tests/unit/test_generator_visibility_logic_cli.py::TestGeneratorVisibilityLogicCLI::test_function_visibility_private_when_not_in_header PASSED [ 66%]
tests/unit/test_generator_visibility_logic_cli.py::TestGeneratorVisibilityLogicCLI::test_function_visibility_public_when_in_header PASSED [ 66%]
tests/unit/test_generator_visibility_logic_cli.py::TestGeneratorVisibilityLogicCLI::test_global_visibility_private_when_not_in_header PASSED [ 67%]
tests/unit/test_generator_visibility_logic_cli.py::TestGeneratorVisibilityLogicCLI::test_global_visibility_public_when_in_header PASSED [ 68%]
tests/unit/test_generator_visibility_logic_cli.py::TestGeneratorVisibilityLogicCLI::test_mixed_visibility_comprehensive PASSED [ 68%]
tests/unit/test_generator_visibility_logic_cli.py::TestGeneratorVisibilityLogicCLI::test_no_headers_all_private PASSED [ 69%]
tests/unit/test_global_parsing_comprehensive.py::TestGlobalParsingComprehensive::test_global_parsing_comprehensive PASSED [ 69%]
tests/unit/test_include_filtering_comprehensive.py::TestIncludeFilteringComprehensive::test_include_filtering_comprehensive PASSED [ 70%]
tests/unit/test_include_processing_comprehensive.py::TestIncludeProcessingComprehensive::test_basic_include_processing PASSED [ 70%]
tests/unit/test_macro_duplicates_complex.py::TestMacroDuplicatesComplex::test_macro_duplicates_complex PASSED [ 71%]
tests/unit/test_macro_duplicates_simple.py::TestMacroDuplicatesSimple::test_macro_duplicates_simple PASSED [ 72%]
tests/unit/test_nested_structures_puml.py::TestNestedStructuresPuml::test_nested_structures_puml PASSED [ 72%]
tests/unit/test_parser_complete.py::TestParserComplete::test_parser_complete PASSED [ 73%]
tests/unit/test_parser_encoding.py::TestParserEncoding::test_parser_encoding PASSED [ 73%]
tests/unit/test_parser_enum_comprehensive.py::TestParserEnumComprehensive::test_parser_enum_simple PASSED [ 74%]
tests/unit/test_parser_enum_comprehensive.py::TestParserEnumComprehensive::test_parser_enum_typedef PASSED [ 75%]
tests/unit/test_parser_enums.py::TestParserEnums::test_parser_enums PASSED [ 75%]
tests/unit/test_parser_function_comprehensive.py::TestParserFunctionComprehensive::test_parser_function_declarations PASSED [ 76%]
tests/unit/test_parser_function_comprehensive.py::TestParserFunctionComprehensive::test_parser_function_definitions PASSED [ 76%]
tests/unit/test_parser_function_comprehensive.py::TestParserFunctionComprehensive::test_parser_function_modifiers PASSED [ 77%]
tests/unit/test_parser_functions.py::TestParserFunctions::test_parser_functions PASSED [ 77%]
tests/unit/test_parser_globals.py::TestParserGlobals::test_parser_globals PASSED [ 78%]
tests/unit/test_parser_includes.py::TestParserIncludes::test_parser_includes PASSED [ 79%]
tests/unit/test_parser_macros.py::TestParserMacros::test_parser_macros PASSED [ 79%]
tests/unit/test_parser_mixed_comprehensive.py::TestParserMixedComprehensive::test_parser_mixed_content PASSED [ 80%]
tests/unit/test_parser_nested_structures_comprehensive.py::TestParserNestedStructuresComprehensive::test_nested_struct_preservation PASSED [ 80%]
tests/unit/test_parser_nested_structures_comprehensive.py::TestParserNestedStructuresComprehensive::test_nested_structures_in_generated_puml PASSED [ 81%]
tests/unit/test_parser_nested_structures_comprehensive.py::TestParserNestedStructuresComprehensive::test_nested_union_preservation PASSED [ 81%]
tests/unit/test_parser_simple_c_file.py::TestParserSimpleCFile::test_parser_simple_c_file PASSED [ 82%]
tests/unit/test_parser_simple_struct.py::TestParserSimpleStruct::test_parser_simple_struct PASSED [ 83%]
tests/unit/test_parser_structs.py::TestParserStructs::test_parser_structs PASSED [ 83%]
tests/unit/test_parser_typedef_struct.py::TestParserTypedefStruct::test_parser_typedef_struct PASSED [ 84%]
tests/unit/test_parser_typedefs.py::TestParserTypedefs::test_parser_typedefs PASSED [ 84%]
tests/unit/test_preprocessor_bug_comprehensive.py::TestPreprocessorBugComprehensive::test_preprocessor_bug_comprehensive PASSED [ 85%]
tests/unit/test_preprocessor_handling_comprehensive.py::TestPreprocessorHandlingComprehensive::test_preprocessor_handling_comprehensive PASSED [ 86%]
tests/unit/test_simple_c_file_parsing.py::TestSimpleCFileParsing::test_simple_c_file_parsing PASSED [ 86%]
tests/unit/test_struct_order_complex.py::TestStructOrderComplex::test_struct_order_complex PASSED [ 87%]
tests/unit/test_struct_order_preservation.py::TestStructOrderPreservation::test_struct_order_preservation PASSED [ 87%]
tests/unit/test_struct_order_puml.py::TestStructOrderPuml::test_struct_order_puml PASSED [ 88%]
tests/unit/test_tokenizer_complex_function_parsing.py::TestTokenizerComplexFunctionParsing::test_tokenizer_complex_function_parsing PASSED [ 88%]
tests/unit/test_tokenizer_complex_mixed_structures.py::TestTokenizerComplexMixedStructures::test_tokenizer_complex_mixed_structures PASSED [ 89%]
tests/unit/test_tokenizer_comprehensive.py::TestTokenizerComprehensive::test_tokenizer_complex_parsing PASSED [ 90%]
tests/unit/test_tokenizer_comprehensive.py::TestTokenizerComprehensive::test_tokenizer_edge_cases PASSED [ 90%]
tests/unit/test_tokenizer_comprehensive.py::TestTokenizerComprehensive::test_tokenizer_preprocessor_handling PASSED [ 91%]
tests/unit/test_tokenizer_keywords.py::TestTokenizerKeywords::test_tokenizer_keywords PASSED [ 91%]
tests/unit/test_tokenizer_validation_comprehensive.py::TestTokenizerValidationComprehensive::test_complex_nested_union_tokenization PASSED [ 92%]
tests/unit/test_transformer_basic.py::TestTransformerBasic::test_transformer_basic PASSED [ 93%]
tests/unit/test_transformer_comprehensive.py::TestTransformerComprehensive::test_transformer_comprehensive_operations PASSED [ 93%]
tests/unit/test_transformer_comprehensive.py::TestTransformerComprehensive::test_transformer_file_filtering PASSED [ 94%]
tests/unit/test_transformer_comprehensive.py::TestTransformerComprehensive::test_transformer_include_processing PASSED [ 94%]
tests/unit/test_typedef_extraction_comprehensive.py::TestTypedefExtractionComprehensive::test_comprehensive_mixed_typedefs_extraction PASSED [ 95%]
tests/unit/test_typedef_extraction_comprehensive.py::TestTypedefExtractionComprehensive::test_edge_cases_typedefs_extraction PASSED [ 95%]
tests/unit/test_typedef_extraction_comprehensive.py::TestTypedefExtractionComprehensive::test_enum_typedefs_extraction PASSED [ 96%]
tests/unit/test_typedef_extraction_comprehensive.py::TestTypedefExtractionComprehensive::test_function_pointer_typedefs_extraction PASSED [ 97%]
tests/unit/test_typedef_extraction_comprehensive.py::TestTypedefExtractionComprehensive::test_simple_typedefs_extraction PASSED [ 97%]
tests/unit/test_typedef_extraction_comprehensive.py::TestTypedefExtractionComprehensive::test_struct_typedefs_extraction PASSED [ 98%]
tests/unit/test_typedef_extraction_comprehensive.py::TestTypedefExtractionComprehensive::test_union_typedefs_extraction PASSED [ 98%]
tests/unit/test_verifier_comprehensive.py::TestVerifierComprehensive::test_verifier_comprehensive PASSED [ 99%]
tests/unit/test_verifier_valid_model.py::TestVerifierValidModel::test_verifier_valid_model PASSED [100%]

============================= 172 passed in 13.53s =============================
