/opt/hostedtoolcache/Python/3.9.23/x64/lib/python3.9/site-packages/coverage/inorout.py:469: CoverageWarning: --include is ignored because --source is set (include-ignored)
  self.warn("--include is ignored because --source is set", slug="include-ignored")
============================= test session starts ==============================
platform linux -- Python 3.9.23, pytest-8.4.1, pluggy-1.6.0 -- /opt/hostedtoolcache/Python/3.9.23/x64/bin/python3
cachedir: .pytest_cache
metadata: {'Python': '3.9.23', 'Platform': 'Linux-6.11.0-1018-azure-x86_64-with-glibc2.39', 'Packages': {'pytest': '8.4.1', 'pluggy': '1.6.0'}, 'Plugins': {'xdist': '3.8.0', 'cov': '6.2.1', 'mock': '3.14.1', 'metadata': '3.1.1', 'html': '4.1.1', 'benchmark': '5.1.0'}, 'CI': 'true', 'JAVA_HOME': '/usr/lib/jvm/temurin-17-jdk-amd64'}
benchmark: 5.1.0 (defaults: timer=time.perf_counter disable_gc=False min_rounds=5 min_time=0.000005 max_time=1.0 calibration_precision=10 warmup=False warmup_iterations=100000)
rootdir: /home/runner/work/c2puml/c2puml
configfile: pytest.ini
plugins: xdist-3.8.0, cov-6.2.1, mock-3.14.1, metadata-3.1.1, html-4.1.1, benchmark-5.1.0
collecting ... collected 67 items

tests/example/test_901_basic_example.py::TestBasicExample::test_basic_example PASSED [  1%]
tests/feature/test_201_cli_modes.py::TestCLIModesComprehensive::test_cli_modes_and_features_comprehensive PASSED [  2%]
tests/feature/test_202_include_proc.py::TestIncludeProcessingConsolidated::test_include_processing_basic_consolidated PASSED [  4%]
tests/feature/test_202_include_proc.py::TestIncludeProcessingConsolidated::test_include_processing_consolidated PASSED [  5%]
tests/feature/test_202_include_proc.py::TestIncludeProcessingConsolidated::test_include_processing_error_handling_consolidated PASSED [  7%]
tests/feature/test_203_comp_features.py::TestComponentFeaturesConsolidated::test_component_features_types_and_relationships_comprehensive PASSED [  8%]
tests/feature/test_204_errors.py::TestErrorHandlingComprehensive::test_invalid_config_errors PASSED [ 10%]
tests/feature/test_204_errors.py::TestErrorHandlingComprehensive::test_invalid_source_folder_errors PASSED [ 11%]
tests/feature/test_204_errors.py::TestErrorHandlingComprehensive::test_partial_failure_scenarios PASSED [ 13%]
tests/feature/test_205_multi_src.py::TestMultipleSourceFoldersCLI::test_multiple_source_folders PASSED [ 14%]
tests/feature/test_206_trans_features.py::TestTransformerFeaturesCLI::test_transform_renaming PASSED [ 16%]
tests/feature/test_207_crypto_filter_pattern.py::TestCryptoFilterPatternComprehensive::test_crypto_filter_pattern_functionality PASSED [ 17%]
tests/feature/test_208_crypto_filter_usecase.py::TestCryptoFilterUsecaseComprehensive::test_crypto_filter_usecase_functionality PASSED [ 19%]
tests/feature/test_209_integration_cli.py::TestIntegrationCLI::test_complete_workflow PASSED [ 20%]
tests/integration/test_301_integration.py::TestComprehensiveIntegrationCLI::test_complete_system_integration PASSED [ 22%]
tests/integration/test_301_integration.py::TestComprehensiveIntegrationCLI::test_integration_relationships_and_formatting_comprehensive PASSED [ 23%]
tests/unit/test_101_gen_basic.py::TestGeneratorBasicPlantuml::test_generator_basic_plantuml PASSED [ 25%]
tests/unit/test_102_trans_basic.py::TestTransformerBasic::test_transformer_basic PASSED [ 26%]
tests/unit/test_103_abs_path.py::TestAbsolutePathBugComprehensive::test_absolute_vs_relative_path_consistency PASSED [ 28%]
tests/unit/test_103_abs_path.py::TestAbsolutePathBugComprehensive::test_mixed_path_styles_handling PASSED [ 29%]
tests/unit/test_103_abs_path.py::TestAbsolutePathBugComprehensive::test_path_resolution_and_include_tree_comprehensive PASSED [ 31%]
tests/unit/test_103_abs_path.py::TestAbsolutePathBugComprehensive::test_relative_path_handling_in_include_tree PASSED [ 32%]
tests/unit/test_103_abs_path.py::TestAbsolutePathBugComprehensive::test_subdirectory_includes_path_resolution PASSED [ 34%]
tests/unit/test_104_anon_proc.py::TestAnonymousProcessingComprehensive::test_anonymous_processing_comprehensive PASSED [ 35%]
tests/unit/test_105_anon_structs.py::TestAnonymousStructureComprehensive::test_anonymous_structures_and_unions_comprehensive PASSED [ 37%]
tests/unit/test_106_config.py::TestConfigComprehensive::test_config_comprehensive PASSED [ 38%]
tests/unit/test_107_debug_fields.py::TestDebugFieldParsingComprehensive::test_complex_struct_field_processing PASSED [ 40%]
tests/unit/test_107_debug_fields.py::TestDebugFieldParsingComprehensive::test_nested_anonymous_structure_fields PASSED [ 41%]
tests/unit/test_107_debug_fields.py::TestDebugFieldParsingComprehensive::test_nested_union_field_parsing PASSED [ 43%]
tests/unit/test_108_debug_parse.py::TestDebugParsingComprehensive::test_anonymous_structure_parsing PASSED [ 44%]
tests/unit/test_108_debug_parse.py::TestDebugParsingComprehensive::test_complex_union_parsing PASSED [ 46%]
tests/unit/test_108_debug_parse.py::TestDebugParsingComprehensive::test_nested_struct_parsing PASSED [ 47%]
tests/unit/test_109_file_spec_cfg.py::TestFileSpecificConfigurationComprehensive::test_file_specific_configuration_comprehensive PASSED [ 49%]
tests/unit/test_110_gen_comp.py::TestGeneratorComprehensive::test_generator_comprehensive PASSED [ 50%]
tests/unit/test_111_gen_exact.py::TestGeneratorExactFormatCLI::test_exact_requested_format PASSED [ 52%]
tests/unit/test_111_gen_exact.py::TestGeneratorExactFormatCLI::test_format_with_parameters PASSED [ 53%]
tests/unit/test_112_gen_grouping.py::TestGeneratorGroupingCLI::test_generator_grouping_comprehensive PASSED [ 55%]
tests/unit/test_113_gen_inctree.py::TestGeneratorIncludeTreeCLI::test_include_tree_comprehensive PASSED [ 56%]
tests/unit/test_113_gen_inctree.py::TestGeneratorIncludeTreeCLI::test_include_tree_with_absolute_paths PASSED [ 58%]
tests/unit/test_114_preproc.py::TestPreprocessorHandlingComprehensive::test_preprocessor_and_macros_comprehensive PASSED [ 59%]
tests/unit/test_115_parser_basics.py::TestParserComprehensiveBasics::test_parser_comprehensive_basics PASSED [ 61%]
tests/unit/test_116_struct_order.py::TestStructOrderPuml::test_struct_and_nested_ordering_comprehensive PASSED [ 62%]
tests/unit/test_117_tokenizer_comp.py::TestTokenizerComprehensive::test_tokenizer_comprehensive PASSED [ 64%]
tests/unit/test_118_token_keywords.py::TestTokenizerKeywords::test_tokenizer_keywords PASSED [ 65%]
tests/unit/test_119_trans_comp.py::TestTransformerComprehensive::test_transformer_comprehensive PASSED [ 67%]
tests/unit/test_120_typedef_extr.py::TestTypedefExtractionComprehensive::test_typedef_extraction_comprehensive PASSED [ 68%]
tests/unit/test_120_typedef_extr.py::TestTypedefExtractionComprehensive::test_typedef_extraction_edge PASSED [ 70%]
tests/unit/test_120_typedef_extr.py::TestTypedefExtractionComprehensive::test_typedef_extraction_enums PASSED [ 71%]
tests/unit/test_120_typedef_extr.py::TestTypedefExtractionComprehensive::test_typedef_extraction_mixed PASSED [ 73%]
tests/unit/test_120_typedef_extr.py::TestTypedefExtractionComprehensive::test_typedef_extraction_unions PASSED [ 74%]
tests/unit/test_121_verifier.py::TestVerifierComprehensive::test_verifier_comprehensive PASSED [ 76%]
tests/unit/test_122_gen_includes.py::TestGeneratorIncludesComprehensive::test_generator_includes_and_filtering_comprehensive PASSED [ 77%]
tests/unit/test_123_gen_naming.py::TestGeneratorNamingComprehensive::test_generator_naming_conventions_comprehensive PASSED [ 79%]
tests/unit/test_124_gen_newfmt.py::TestGeneratorNewFormattingCLI::test_generator_new_formatting_stereotypes_comprehensive PASSED [ 80%]
tests/unit/test_124_gen_newfmt.py::TestGeneratorNewFormattingCLI::test_newfmt_complex_typedef PASSED [ 82%]
tests/unit/test_124_gen_newfmt.py::TestGeneratorNewFormattingCLI::test_newfmt_visibility_logic PASSED [ 83%]
tests/unit/test_125_gen_visibility.py::TestGeneratorVisibilityLogicCLI::test_generator_visibility_logic_comprehensive PASSED [ 85%]
tests/unit/test_126_parser_typedefs.py::TestParserTypedefsConsolidated::test_parser_typedefs_comprehensive PASSED [ 86%]
tests/unit/test_127_parser_simple_c.py::TestParserSimpleCFile::test_parser_simple_c_file PASSED [ 88%]
tests/unit/test_128_parser_simple_struct.py::TestParserSimpleStruct::test_parser_simple_struct PASSED [ 89%]
tests/unit/test_129_parser_encoding.py::TestParserEncoding::test_parser_encoding PASSED [ 91%]
tests/unit/test_130_parser_elems.py::TestParserElementsConsolidated::test_parser_elements_consolidated PASSED [ 92%]
tests/unit/test_131_parser_funcs.py::TestParserFunctions::test_parser_functions_and_parameters_comprehensive PASSED [ 94%]
tests/unit/test_132_parser_includes.py::TestParserIncludes::test_parser_includes_comprehensive PASSED [ 95%]
tests/unit/test_133_include_filter.py::TestIncludeFilteringComprehensive::test_include_filtering_comprehensive PASSED [ 97%]
tests/unit/test_134_include_proc_unit.py::TestIncludeProcessingComprehensive::test_basic_include_processing PASSED [ 98%]
tests/unit/test_135_nested_structs.py::TestNestedStructuresPuml::test_nested_structures_puml PASSED [100%]

============================== 67 passed in 7.89s ==============================
/opt/hostedtoolcache/Python/3.9.23/x64/lib/python3.9/site-packages/coverage/control.py:943: CoverageWarning: No data was collected. (no-data-collected)
  self._warn("No data was collected.", slug="no-data-collected")
