Name                                  Stmts   Miss  Cover   Missing
-------------------------------------------------------------------
src/c2puml/__init__.py                   23      0   100%
src/c2puml/config.py                    118     16    86%   49, 53, 55, 57, 59, 84-87, 99, 126, 134, 138, 167-168, 206
src/c2puml/core/__init__.py               6      0   100%
src/c2puml/core/generator.py            342     35    90%   44, 51-52, 391, 508, 523-543, 547-548, 559-574, 582, 612
src/c2puml/core/parser.py               792    130    84%   21-22, 43, 84-86, 89-94, 191-192, 291-292, 298, 355-356, 381-382, 402-411, 416-417, 465-466, 594-648, 663-664, 673, 677, 704, 719, 733, 801-828, 911, 940, 944, 1024, 1089, 1131, 1153-1157, 1175-1179, 1183, 1197, 1243, 1251, 1272, 1295-1301, 1313-1349, 1379-1380, 1410, 1422, 1440-1445, 1461, 1473-1475, 1506, 1514
src/c2puml/core/parser_tokenizer.py     731     62    92%   228, 237, 315, 317, 436, 541-542, 550, 558, 578, 604-615, 634, 641, 698, 714, 725, 737-738, 747-749, 767, 795, 832-834, 852, 908, 955, 990, 1002-1004, 1012, 1037, 1042, 1051, 1070, 1083, 1090, 1099, 1111, 1122, 1125, 1130, 1141, 1170, 1220-1231, 1391
src/c2puml/core/preprocessor.py         294     85    71%   54-56, 60-61, 69, 103-104, 115, 127, 132, 134, 140-156, 167-173, 175-181, 183-189, 198-199, 204-205, 209, 221-226, 234, 300-308, 329-334, 353, 357-363, 367-369, 394-395, 397, 407-409, 471-472, 488-491
src/c2puml/core/transformer.py          966    187    81%   105-106, 272-273, 386-399, 404, 414-415, 419, 432-449, 460-468, 474-488, 500-539, 647-648, 660, 684, 691-715, 822, 826-830, 885-972, 980, 992, 1017-1018, 1044-1048, 1056-1060, 1069-1073, 1088, 1127-1129, 1141-1143, 1155-1157, 1171, 1434, 1446, 1458, 1716-1730, 1781, 1797-1800, 1810-1815, 1821-1826, 1961-1962, 2017, 2057-2058, 2139-2140, 2192-2196, 2205-2209
src/c2puml/core/verifier.py             139     21    85%   67, 70, 111, 114, 119, 123, 130, 133, 142, 144, 149, 166, 169, 172, 180, 188, 213, 227, 235, 242, 254
src/c2puml/main.py                       97     28    71%   38-47, 85, 93-95, 121-123, 140-142, 151-155, 162-164, 199-201
src/c2puml/models.py                    245     25    90%   27, 31, 37, 41, 60, 62, 64, 80, 82, 110, 120, 133, 154, 170, 172, 274, 287, 314, 328, 357, 359, 375-376, 399-400
src/c2puml/utils.py                      47     10    79%   14, 24-29, 40-43, 123
-------------------------------------------------------------------
TOTAL                                  3800    599    84%
