{"meta": {"format": 3, "version": "7.10.5", "timestamp": "2025-08-24T18:07:32.473482", "branch_coverage": false, "show_contexts": false}, "files": {"src/c2puml/__init__.py": {"executed_lines": [1, 8, 9, 12, 15, 18, 31, 32, 33, 34, 35, 38, 40, 41, 42, 44, 45, 47, 48, 50, 51, 53, 54, 56], "summary": {"covered_lines": 23, "num_statements": 23, "percent_covered": 100.0, "percent_covered_display": "100", "missing_lines": 0, "excluded_lines": 0}, "missing_lines": [], "excluded_lines": [], "functions": {"": {"executed_lines": [1, 8, 9, 12, 15, 18, 31, 32, 33, 34, 35, 38, 40, 41, 42, 44, 45, 47, 48, 50, 51, 53, 54, 56], "summary": {"covered_lines": 23, "num_statements": 23, "percent_covered": 100.0, "percent_covered_display": "100", "missing_lines": 0, "excluded_lines": 0}, "missing_lines": [], "excluded_lines": []}}, "classes": {"": {"executed_lines": [1, 8, 9, 12, 15, 18, 31, 32, 33, 34, 35, 38, 40, 41, 42, 44, 45, 47, 48, 50, 51, 53, 54, 56], "summary": {"covered_lines": 23, "num_statements": 23, "percent_covered": 100.0, "percent_covered_display": "100", "missing_lines": 0, "excluded_lines": 0}, "missing_lines": [], "excluded_lines": []}}}, "src/c2puml/config.py": {"executed_lines": [2, 6, 7, 8, 9, 10, 11, 13, 16, 17, 18, 21, 22, 23, 24, 25, 26, 27, 28, 29, 32, 33, 36, 37, 40, 43, 44, 46, 49, 52, 55, 57, 58, 59, 61, 63, 65, 67, 69, 71, 73, 75, 77, 78, 79, 80, 81, 82, 83, 84, 85, 86, 87, 88, 89, 90, 92, 99, 107, 108, 109, 112, 114, 118, 121, 122, 129, 130, 139, 140, 179, 206, 215, 218, 223, 224, 237, 258], "summary": {"covered_lines": 75, "num_statements": 142, "percent_covered": 52.816901408450704, "percent_covered_display": "53", "missing_lines": 67, "excluded_lines": 6}, "missing_lines": [56, 60, 62, 64, 66, 68, 70, 72, 74, 76, 94, 96, 97, 98, 101, 102, 103, 104, 116, 123, 124, 125, 126, 131, 132, 133, 134, 142, 143, 145, 146, 147, 150, 151, 154, 155, 157, 158, 160, 161, 164, 165, 166, 167, 168, 170, 172, 173, 174, 175, 181, 198, 199, 200, 201, 202, 209, 213, 219, 220, 227, 228, 229, 231, 239, 240, 242], "excluded_lines": [258, 259, 260, 261, 262, 263], "functions": {"Config.__init__": {"executed_lines": [49, 52, 55, 57, 58, 59, 61, 63, 65, 67, 69, 71, 73, 75, 77, 78, 79, 80, 81, 82, 83, 84, 85, 86, 87, 88, 89, 90, 92, 99, 107, 108, 109, 112], "summary": {"covered_lines": 34, "num_statements": 52, "percent_covered": 65.38461538461539, "percent_covered_display": "65", "missing_lines": 18, "excluded_lines": 0}, "missing_lines": [56, 60, 62, 64, 66, 68, 70, 72, 74, 76, 94, 96, 97, 98, 101, 102, 103, 104], "excluded_lines": []}, "Config.__post_init__": {"executed_lines": [], "summary": {"covered_lines": 0, "num_statements": 1, "percent_covered": 0.0, "percent_covered_display": "0", "missing_lines": 1, "excluded_lines": 0}, "missing_lines": [116], "excluded_lines": []}, "Config._compile_patterns": {"executed_lines": [121, 122, 129, 130], "summary": {"covered_lines": 4, "num_statements": 12, "percent_covered": 33.333333333333336, "percent_covered_display": "33", "missing_lines": 8, "excluded_lines": 0}, "missing_lines": [123, 124, 125, 126, 131, 132, 133, 134], "excluded_lines": []}, "Config.load": {"executed_lines": [], "summary": {"covered_lines": 0, "num_statements": 23, "percent_covered": 0.0, "percent_covered_display": "0", "missing_lines": 23, "excluded_lines": 0}, "missing_lines": [142, 143, 145, 146, 147, 150, 151, 154, 155, 157, 158, 160, 161, 164, 165, 166, 167, 168, 170, 172, 173, 174, 175], "excluded_lines": []}, "Config.save": {"executed_lines": [], "summary": {"covered_lines": 0, "num_statements": 6, "percent_covered": 0.0, "percent_covered_display": "0", "missing_lines": 6, "excluded_lines": 0}, "missing_lines": [181, 198, 199, 200, 201, 202], "excluded_lines": []}, "Config.has_filters": {"executed_lines": [], "summary": {"covered_lines": 0, "num_statements": 2, "percent_covered": 0.0, "percent_covered_display": "0", "missing_lines": 2, "excluded_lines": 0}, "missing_lines": [209, 213], "excluded_lines": []}, "Config._should_include_file": {"executed_lines": [218, 223, 224], "summary": {"covered_lines": 3, "num_statements": 9, "percent_covered": 33.333333333333336, "percent_covered_display": "33", "missing_lines": 6, "excluded_lines": 0}, "missing_lines": [219, 220, 227, 228, 229, 231], "excluded_lines": []}, "Config.__eq__": {"executed_lines": [], "summary": {"covered_lines": 0, "num_statements": 3, "percent_covered": 0.0, "percent_covered_display": "0", "missing_lines": 3, "excluded_lines": 0}, "missing_lines": [239, 240, 242], "excluded_lines": []}, "Config.__repr__": {"executed_lines": [], "summary": {"covered_lines": 0, "num_statements": 0, "percent_covered": 100.0, "percent_covered_display": "100", "missing_lines": 0, "excluded_lines": 5}, "missing_lines": [], "excluded_lines": [259, 260, 261, 262, 263]}, "": {"executed_lines": [2, 6, 7, 8, 9, 10, 11, 13, 16, 17, 18, 21, 22, 23, 24, 25, 26, 27, 28, 29, 32, 33, 36, 37, 40, 43, 44, 46, 114, 118, 139, 140, 179, 206, 215, 237, 258], "summary": {"covered_lines": 34, "num_statements": 34, "percent_covered": 100.0, "percent_covered_display": "100", "missing_lines": 0, "excluded_lines": 1}, "missing_lines": [], "excluded_lines": [258]}}, "classes": {"Config": {"executed_lines": [49, 52, 55, 57, 58, 59, 61, 63, 65, 67, 69, 71, 73, 75, 77, 78, 79, 80, 81, 82, 83, 84, 85, 86, 87, 88, 89, 90, 92, 99, 107, 108, 109, 112, 121, 122, 129, 130, 218, 223, 224], "summary": {"covered_lines": 41, "num_statements": 108, "percent_covered": 37.96296296296296, "percent_covered_display": "38", "missing_lines": 67, "excluded_lines": 5}, "missing_lines": [56, 60, 62, 64, 66, 68, 70, 72, 74, 76, 94, 96, 97, 98, 101, 102, 103, 104, 116, 123, 124, 125, 126, 131, 132, 133, 134, 142, 143, 145, 146, 147, 150, 151, 154, 155, 157, 158, 160, 161, 164, 165, 166, 167, 168, 170, 172, 173, 174, 175, 181, 198, 199, 200, 201, 202, 209, 213, 219, 220, 227, 228, 229, 231, 239, 240, 242], "excluded_lines": [259, 260, 261, 262, 263]}, "": {"executed_lines": [2, 6, 7, 8, 9, 10, 11, 13, 16, 17, 18, 21, 22, 23, 24, 25, 26, 27, 28, 29, 32, 33, 36, 37, 40, 43, 44, 46, 114, 118, 139, 140, 179, 206, 215, 237, 258], "summary": {"covered_lines": 34, "num_statements": 34, "percent_covered": 100.0, "percent_covered_display": "100", "missing_lines": 0, "excluded_lines": 1}, "missing_lines": [], "excluded_lines": [258]}}}, "src/c2puml/core/__init__.py": {"executed_lines": [1, 8, 9, 10, 11, 12, 14], "summary": {"covered_lines": 6, "num_statements": 6, "percent_covered": 100.0, "percent_covered_display": "100", "missing_lines": 0, "excluded_lines": 0}, "missing_lines": [], "excluded_lines": [], "functions": {"": {"executed_lines": [1, 8, 9, 10, 11, 12, 14], "summary": {"covered_lines": 6, "num_statements": 6, "percent_covered": 100.0, "percent_covered_display": "100", "missing_lines": 0, "excluded_lines": 0}, "missing_lines": [], "excluded_lines": []}}, "classes": {"": {"executed_lines": [1, 8, 9, 10, 11, 12, 14], "summary": {"covered_lines": 6, "num_statements": 6, "percent_covered": 100.0, "percent_covered_display": "100", "missing_lines": 0, "excluded_lines": 0}, "missing_lines": [], "excluded_lines": []}}}, "src/c2puml/core/generator.py": {"executed_lines": [2, 7, 8, 9, 10, 11, 13, 16, 17, 18, 21, 22, 23, 26, 27, 30, 31, 43, 44, 45, 47, 49, 53, 54, 55, 56, 60, 65, 68, 71, 74, 76, 78, 82, 87, 88, 91, 92, 94, 96, 98, 102, 104, 105, 109, 110, 111, 112, 113, 114, 115, 116, 117, 119, 121, 123, 131, 133, 134, 136, 147, 148, 150, 152, 153, 154, 156, 166, 176, 178, 190, 191, 192, 201, 210, 211, 213, 215, 217, 225, 227, 229, 231, 235, 237, 240, 241, 252, 253, 254, 258, 260, 261, 262, 265, 266, 267, 268, 288, 290, 294, 296, 297, 298, 300, 302, 303, 305, 308, 312, 313, 316, 317, 320, 321, 324, 325, 329, 331, 333, 335, 338, 339, 341, 342, 344, 345, 347, 348, 349, 355, 356, 357, 362, 364, 366, 368, 369, 372, 375, 376, 377, 395, 397, 399, 400, 401, 402, 403, 406, 407, 409, 410, 411, 412, 413, 414, 415, 416, 418, 422, 426, 430, 431, 432, 433, 435, 439, 440, 441, 442, 444, 452, 453, 454, 455, 456, 460, 470, 483, 493, 506, 520, 521, 522, 524, 527, 528, 531, 543, 544, 546, 549, 554, 555, 559, 560, 562, 566, 567, 570, 571, 573, 574, 575, 577, 580, 583, 587, 591, 592, 594, 602, 603, 606, 607, 609, 610, 614, 615, 616, 618, 619, 621, 624, 625, 628, 629, 632, 633, 637, 647, 648, 649, 650, 652, 661, 663, 666, 668, 669, 670, 673, 674, 675, 676, 677, 679, 684, 685, 686, 687, 690, 692, 693, 694, 696, 697, 698, 700, 704, 705, 706, 708, 709, 712, 713, 714, 715, 717, 719, 720, 721, 722, 724, 728, 729, 730, 732, 733, 735, 743, 744, 745, 746, 749, 750, 751, 752, 753, 755, 759, 761, 762, 766, 770, 773, 792, 793, 794, 797, 798, 799, 800, 804, 812, 813, 814, 815, 817, 824, 827, 828, 829, 831, 832, 836, 838, 842, 843, 847, 848, 863, 865, 873, 874, 876, 878, 880, 881, 882, 883, 884, 886, 887, 889, 890, 891, 894, 896, 900, 901, 903, 905, 906, 907, 908, 909, 910, 912, 920, 921, 923, 927, 931, 935, 944, 946, 947, 948, 949, 950, 951, 952, 954, 955, 956, 958, 960, 962, 967, 968, 971, 972, 973, 976, 977, 979, 981, 983, 985, 986, 987, 990, 991, 992, 993, 994, 997, 1000, 1004, 1005, 1006, 1009, 1010, 1011, 1014, 1016, 1018, 1019, 1020, 1021, 1022, 1024], "summary": {"covered_lines": 402, "num_statements": 488, "percent_covered": 82.37704918032787, "percent_covered_display": "82", "missing_lines": 86, "excluded_lines": 0}, "missing_lines": [50, 57, 58, 151, 216, 244, 245, 246, 249, 271, 273, 274, 275, 276, 277, 278, 279, 282, 283, 284, 285, 286, 309, 351, 352, 360, 379, 380, 381, 382, 384, 385, 386, 387, 388, 389, 390, 391, 392, 393, 394, 419, 421, 457, 458, 525, 533, 535, 536, 537, 538, 539, 540, 541, 578, 584, 588, 611, 612, 613, 664, 667, 775, 779, 780, 781, 782, 783, 785, 787, 788, 790, 802, 833, 854, 855, 856, 857, 858, 859, 879, 959, 982, 1001, 1012, 1023], "excluded_lines": [], "functions": {"Generator._clear_output_folder": {"executed_lines": [49, 53, 54, 55, 56], "summary": {"covered_lines": 5, "num_statements": 8, "percent_covered": 62.5, "percent_covered_display": "62", "missing_lines": 3, "excluded_lines": 0}, "missing_lines": [50, 57, 58], "excluded_lines": []}, "Generator.generate": {"executed_lines": [65, 68, 71, 74, 76, 78, 82, 87, 88, 91, 92, 94, 96], "summary": {"covered_lines": 13, "num_statements": 13, "percent_covered": 100.0, "percent_covered_display": "100", "missing_lines": 0, "excluded_lines": 0}, "missing_lines": [], "excluded_lines": []}, "Generator.generate_diagram": {"executed_lines": [102, 104, 105, 109, 110, 111, 112, 113, 114, 115, 116, 117, 119, 121, 123, 131, 133, 134], "summary": {"covered_lines": 18, "num_statements": 18, "percent_covered": 100.0, "percent_covered_display": "100", "missing_lines": 0, "excluded_lines": 0}, "missing_lines": [], "excluded_lines": []}, "Generator._generate_all_file_classes": {"executed_lines": [147, 148, 150, 152, 153, 154, 156, 166, 176], "summary": {"covered_lines": 9, "num_statements": 10, "percent_covered": 90.0, "percent_covered_display": "90", "missing_lines": 1, "excluded_lines": 0}, "missing_lines": [151], "excluded_lines": []}, "Generator._generate_file_classes_by_extension": {"executed_lines": [190, 191, 192], "summary": {"covered_lines": 3, "num_statements": 3, "percent_covered": 100.0, "percent_covered_display": "100", "missing_lines": 0, "excluded_lines": 0}, "missing_lines": [], "excluded_lines": []}, "Generator._generate_typedef_classes_for_all_files": {"executed_lines": [210, 211, 213, 215, 217, 225], "summary": {"covered_lines": 6, "num_statements": 7, "percent_covered": 85.71428571428571, "percent_covered_display": "86", "missing_lines": 1, "excluded_lines": 0}, "missing_lines": [216], "excluded_lines": []}, "Generator._load_model": {"executed_lines": [229], "summary": {"covered_lines": 1, "num_statements": 1, "percent_covered": 100.0, "percent_covered_display": "100", "missing_lines": 0, "excluded_lines": 0}, "missing_lines": [], "excluded_lines": []}, "Generator._build_include_tree": {"executed_lines": [235, 237, 252, 253, 254, 258, 260, 261, 262, 265, 266, 267, 268, 288], "summary": {"covered_lines": 14, "num_statements": 27, "percent_covered": 51.851851851851855, "percent_covered_display": "52", "missing_lines": 13, "excluded_lines": 0}, "missing_lines": [271, 273, 274, 275, 276, 277, 278, 279, 282, 283, 284, 285, 286], "excluded_lines": []}, "Generator._build_include_tree.find_file_key": {"executed_lines": [240, 241], "summary": {"covered_lines": 2, "num_statements": 6, "percent_covered": 33.333333333333336, "percent_covered_display": "33", "missing_lines": 4, "excluded_lines": 0}, "missing_lines": [244, 245, 246, 249], "excluded_lines": []}, "Generator._generate_uml_ids": {"executed_lines": [294, 296, 297, 298, 300, 302, 303, 305, 308, 312, 313, 316, 317, 320, 321, 324, 325, 329], "summary": {"covered_lines": 18, "num_statements": 19, "percent_covered": 94.73684210526316, "percent_covered_display": "95", "missing_lines": 1, "excluded_lines": 0}, "missing_lines": [309], "excluded_lines": []}, "Generator._format_macro": {"executed_lines": [333, 335, 338, 339, 341, 342, 344, 345, 347, 348, 349, 355, 356, 357], "summary": {"covered_lines": 14, "num_statements": 17, "percent_covered": 82.3529411764706, "percent_covered_display": "82", "missing_lines": 3, "excluded_lines": 0}, "missing_lines": [351, 352, 360], "excluded_lines": []}, "Generator._format_global_variable": {"executed_lines": [364], "summary": {"covered_lines": 1, "num_statements": 1, "percent_covered": 100.0, "percent_covered_display": "100", "missing_lines": 0, "excluded_lines": 0}, "missing_lines": [], "excluded_lines": []}, "Generator._format_function_signature": {"executed_lines": [368, 369, 372, 375, 376, 377, 395], "summary": {"covered_lines": 7, "num_statements": 22, "percent_covered": 31.818181818181817, "percent_covered_display": "32", "missing_lines": 15, "excluded_lines": 0}, "missing_lines": [379, 380, 381, 382, 384, 385, 386, 387, 388, 389, 390, 391, 392, 393, 394], "excluded_lines": []}, "Generator._format_function_parameters": {"executed_lines": [399, 400, 401, 402, 403, 406, 407, 409, 410, 411, 412, 413, 414, 415, 416, 418, 422], "summary": {"covered_lines": 17, "num_statements": 19, "percent_covered": 89.47368421052632, "percent_covered_display": "89", "missing_lines": 2, "excluded_lines": 0}, "missing_lines": [419, 421], "excluded_lines": []}, "Generator._add_macros_section": {"executed_lines": [430, 431, 432, 433], "summary": {"covered_lines": 4, "num_statements": 4, "percent_covered": 100.0, "percent_covered_display": "100", "missing_lines": 0, "excluded_lines": 0}, "missing_lines": [], "excluded_lines": []}, "Generator._add_globals_section": {"executed_lines": [439, 440, 441, 442], "summary": {"covered_lines": 4, "num_statements": 4, "percent_covered": 100.0, "percent_covered_display": "100", "missing_lines": 0, "excluded_lines": 0}, "missing_lines": [], "excluded_lines": []}, "Generator._add_functions_section": {"executed_lines": [452, 453, 454, 455, 456], "summary": {"covered_lines": 5, "num_statements": 7, "percent_covered": 71.42857142857143, "percent_covered_display": "71", "missing_lines": 2, "excluded_lines": 0}, "missing_lines": [457, 458], "excluded_lines": []}, "Generator._generate_c_file_class": {"executed_lines": [470], "summary": {"covered_lines": 1, "num_statements": 1, "percent_covered": 100.0, "percent_covered_display": "100", "missing_lines": 0, "excluded_lines": 0}, "missing_lines": [], "excluded_lines": []}, "Generator._generate_header_class": {"executed_lines": [493], "summary": {"covered_lines": 1, "num_statements": 1, "percent_covered": 100.0, "percent_covered_display": "100", "missing_lines": 0, "excluded_lines": 0}, "missing_lines": [], "excluded_lines": []}, "Generator._generate_file_class_unified": {"executed_lines": [520, 521, 522, 524, 527, 528, 531, 543, 544, 546, 549, 554, 555, 559, 560], "summary": {"covered_lines": 15, "num_statements": 24, "percent_covered": 62.5, "percent_covered_display": "62", "missing_lines": 9, "excluded_lines": 0}, "missing_lines": [525, 533, 535, 536, 537, 538, 539, 540, 541], "excluded_lines": []}, "Generator._add_globals_section_with_visibility": {"executed_lines": [566, 567, 570, 571, 573, 574, 575, 577, 580, 583, 587, 591, 592], "summary": {"covered_lines": 13, "num_statements": 16, "percent_covered": 81.25, "percent_covered_display": "81", "missing_lines": 3, "excluded_lines": 0}, "missing_lines": [578, 584, 588], "excluded_lines": []}, "Generator._add_functions_section_with_visibility": {"executed_lines": [602, 603, 606, 607, 609, 610, 614, 615, 616, 618, 619, 621, 624, 625, 628, 629, 632, 633], "summary": {"covered_lines": 18, "num_statements": 21, "percent_covered": 85.71428571428571, "percent_covered_display": "86", "missing_lines": 3, "excluded_lines": 0}, "missing_lines": [611, 612, 613], "excluded_lines": []}, "Generator._generate_typedef_classes": {"executed_lines": [647, 648, 649, 650], "summary": {"covered_lines": 4, "num_statements": 4, "percent_covered": 100.0, "percent_covered_display": "100", "missing_lines": 0, "excluded_lines": 0}, "missing_lines": [], "excluded_lines": []}, "Generator._generate_struct_classes": {"executed_lines": [661, 663, 666, 668, 669, 670, 673, 674, 675, 676, 677], "summary": {"covered_lines": 11, "num_statements": 13, "percent_covered": 84.61538461538461, "percent_covered_display": "85", "missing_lines": 2, "excluded_lines": 0}, "missing_lines": [664, 667], "excluded_lines": []}, "Generator._generate_enum_classes": {"executed_lines": [684, 685, 686, 687, 690, 692, 693, 694, 696, 697, 698], "summary": {"covered_lines": 11, "num_statements": 11, "percent_covered": 100.0, "percent_covered_display": "100", "missing_lines": 0, "excluded_lines": 0}, "missing_lines": [], "excluded_lines": []}, "Generator._generate_alias_classes": {"executed_lines": [704, 705, 706, 708, 709, 712, 713, 714, 715], "summary": {"covered_lines": 9, "num_statements": 9, "percent_covered": 100.0, "percent_covered_display": "100", "missing_lines": 0, "excluded_lines": 0}, "missing_lines": [], "excluded_lines": []}, "Generator._get_alias_stereotype": {"executed_lines": [719, 720, 721, 722], "summary": {"covered_lines": 4, "num_statements": 4, "percent_covered": 100.0, "percent_covered_display": "100", "missing_lines": 0, "excluded_lines": 0}, "missing_lines": [], "excluded_lines": []}, "Generator._is_function_pointer_type": {"executed_lines": [728, 729, 730, 732, 733], "summary": {"covered_lines": 5, "num_statements": 5, "percent_covered": 100.0, "percent_covered_display": "100", "missing_lines": 0, "excluded_lines": 0}, "missing_lines": [], "excluded_lines": []}, "Generator._generate_union_classes": {"executed_lines": [743, 744, 745, 746, 749, 750, 751, 752, 753], "summary": {"covered_lines": 9, "num_statements": 9, "percent_covered": 100.0, "percent_covered_display": "100", "missing_lines": 0, "excluded_lines": 0}, "missing_lines": [], "excluded_lines": []}, "Generator._process_alias_content": {"executed_lines": [759, 761, 762], "summary": {"covered_lines": 3, "num_statements": 3, "percent_covered": 100.0, "percent_covered_display": "100", "missing_lines": 0, "excluded_lines": 0}, "missing_lines": [], "excluded_lines": []}, "Generator._generate_field_with_nested_structs": {"executed_lines": [770, 773, 792, 793, 794, 797, 798, 799, 800], "summary": {"covered_lines": 9, "num_statements": 20, "percent_covered": 45.0, "percent_covered_display": "45", "missing_lines": 11, "excluded_lines": 0}, "missing_lines": [775, 779, 780, 781, 782, 783, 785, 787, 788, 790, 802], "excluded_lines": []}, "Generator._generate_relationships": {"executed_lines": [812, 813, 814, 815], "summary": {"covered_lines": 4, "num_statements": 4, "percent_covered": 100.0, "percent_covered_display": "100", "missing_lines": 0, "excluded_lines": 0}, "missing_lines": [], "excluded_lines": []}, "Generator._generate_include_relationships": {"executed_lines": [824, 827, 828, 829, 831, 832, 836, 838, 842, 843, 847, 848, 863], "summary": {"covered_lines": 13, "num_statements": 20, "percent_covered": 65.0, "percent_covered_display": "65", "missing_lines": 7, "excluded_lines": 0}, "missing_lines": [833, 854, 855, 856, 857, 858, 859], "excluded_lines": []}, "Generator._generate_declaration_relationships": {"executed_lines": [873, 874, 876, 878, 880, 881, 882, 883, 884, 886, 887, 889, 890, 891, 894], "summary": {"covered_lines": 15, "num_statements": 16, "percent_covered": 93.75, "percent_covered_display": "94", "missing_lines": 1, "excluded_lines": 0}, "missing_lines": [879], "excluded_lines": []}, "Generator._get_file_uml_id": {"executed_lines": [900, 901], "summary": {"covered_lines": 2, "num_statements": 2, "percent_covered": 100.0, "percent_covered_display": "100", "missing_lines": 0, "excluded_lines": 0}, "missing_lines": [], "excluded_lines": []}, "Generator._is_anonymous_structure_in_project": {"executed_lines": [905, 906, 907, 908, 909, 910], "summary": {"covered_lines": 6, "num_statements": 6, "percent_covered": 100.0, "percent_covered_display": "100", "missing_lines": 0, "excluded_lines": 0}, "missing_lines": [], "excluded_lines": []}, "Generator._generate_uses_relationships": {"executed_lines": [920, 921, 923, 927, 931], "summary": {"covered_lines": 5, "num_statements": 5, "percent_covered": 100.0, "percent_covered_display": "100", "missing_lines": 0, "excluded_lines": 0}, "missing_lines": [], "excluded_lines": []}, "Generator._add_typedef_uses_relationships": {"executed_lines": [944, 946, 947, 948, 949, 950, 951, 952, 954, 955, 956, 958, 960], "summary": {"covered_lines": 13, "num_statements": 14, "percent_covered": 92.85714285714286, "percent_covered_display": "93", "missing_lines": 1, "excluded_lines": 0}, "missing_lines": [959], "excluded_lines": []}, "Generator._generate_anonymous_relationships": {"executed_lines": [967, 968, 971, 972, 973, 976, 977, 979, 981, 983, 985, 986, 987, 990, 991, 992, 993, 994], "summary": {"covered_lines": 18, "num_statements": 19, "percent_covered": 94.73684210526316, "percent_covered_display": "95", "missing_lines": 1, "excluded_lines": 0}, "missing_lines": [982], "excluded_lines": []}, "Generator._get_anonymous_uml_id": {"executed_lines": [1000, 1004, 1005, 1006, 1009, 1010, 1011, 1014], "summary": {"covered_lines": 8, "num_statements": 10, "percent_covered": 80.0, "percent_covered_display": "80", "missing_lines": 2, "excluded_lines": 0}, "missing_lines": [1001, 1012], "excluded_lines": []}, "Generator._is_anonymous_composition_pair": {"executed_lines": [1018, 1019, 1020, 1021, 1022, 1024], "summary": {"covered_lines": 6, "num_statements": 7, "percent_covered": 85.71428571428571, "percent_covered_display": "86", "missing_lines": 1, "excluded_lines": 0}, "missing_lines": [1023], "excluded_lines": []}, "": {"executed_lines": [2, 7, 8, 9, 10, 11, 13, 16, 17, 18, 21, 22, 23, 26, 27, 30, 31, 43, 44, 45, 47, 60, 98, 136, 178, 201, 227, 231, 290, 331, 362, 366, 397, 426, 435, 444, 460, 483, 506, 562, 594, 637, 652, 679, 700, 717, 724, 735, 755, 766, 804, 817, 865, 896, 903, 912, 935, 962, 997, 1016], "summary": {"covered_lines": 58, "num_statements": 58, "percent_covered": 100.0, "percent_covered_display": "100", "missing_lines": 0, "excluded_lines": 0}, "missing_lines": [], "excluded_lines": []}}, "classes": {"Generator": {"executed_lines": [49, 53, 54, 55, 56, 65, 68, 71, 74, 76, 78, 82, 87, 88, 91, 92, 94, 96, 102, 104, 105, 109, 110, 111, 112, 113, 114, 115, 116, 117, 119, 121, 123, 131, 133, 134, 147, 148, 150, 152, 153, 154, 156, 166, 176, 190, 191, 192, 210, 211, 213, 215, 217, 225, 229, 235, 237, 240, 241, 252, 253, 254, 258, 260, 261, 262, 265, 266, 267, 268, 288, 294, 296, 297, 298, 300, 302, 303, 305, 308, 312, 313, 316, 317, 320, 321, 324, 325, 329, 333, 335, 338, 339, 341, 342, 344, 345, 347, 348, 349, 355, 356, 357, 364, 368, 369, 372, 375, 376, 377, 395, 399, 400, 401, 402, 403, 406, 407, 409, 410, 411, 412, 413, 414, 415, 416, 418, 422, 430, 431, 432, 433, 439, 440, 441, 442, 452, 453, 454, 455, 456, 470, 493, 520, 521, 522, 524, 527, 528, 531, 543, 544, 546, 549, 554, 555, 559, 560, 566, 567, 570, 571, 573, 574, 575, 577, 580, 583, 587, 591, 592, 602, 603, 606, 607, 609, 610, 614, 615, 616, 618, 619, 621, 624, 625, 628, 629, 632, 633, 647, 648, 649, 650, 661, 663, 666, 668, 669, 670, 673, 674, 675, 676, 677, 684, 685, 686, 687, 690, 692, 693, 694, 696, 697, 698, 704, 705, 706, 708, 709, 712, 713, 714, 715, 719, 720, 721, 722, 728, 729, 730, 732, 733, 743, 744, 745, 746, 749, 750, 751, 752, 753, 759, 761, 762, 770, 773, 792, 793, 794, 797, 798, 799, 800, 812, 813, 814, 815, 824, 827, 828, 829, 831, 832, 836, 838, 842, 843, 847, 848, 863, 873, 874, 876, 878, 880, 881, 882, 883, 884, 886, 887, 889, 890, 891, 894, 900, 901, 905, 906, 907, 908, 909, 910, 920, 921, 923, 927, 931, 944, 946, 947, 948, 949, 950, 951, 952, 954, 955, 956, 958, 960, 967, 968, 971, 972, 973, 976, 977, 979, 981, 983, 985, 986, 987, 990, 991, 992, 993, 994, 1000, 1004, 1005, 1006, 1009, 1010, 1011, 1014, 1018, 1019, 1020, 1021, 1022, 1024], "summary": {"covered_lines": 344, "num_statements": 430, "percent_covered": 80.0, "percent_covered_display": "80", "missing_lines": 86, "excluded_lines": 0}, "missing_lines": [50, 57, 58, 151, 216, 244, 245, 246, 249, 271, 273, 274, 275, 276, 277, 278, 279, 282, 283, 284, 285, 286, 309, 351, 352, 360, 379, 380, 381, 382, 384, 385, 386, 387, 388, 389, 390, 391, 392, 393, 394, 419, 421, 457, 458, 525, 533, 535, 536, 537, 538, 539, 540, 541, 578, 584, 588, 611, 612, 613, 664, 667, 775, 779, 780, 781, 782, 783, 785, 787, 788, 790, 802, 833, 854, 855, 856, 857, 858, 859, 879, 959, 982, 1001, 1012, 1023], "excluded_lines": []}, "": {"executed_lines": [2, 7, 8, 9, 10, 11, 13, 16, 17, 18, 21, 22, 23, 26, 27, 30, 31, 43, 44, 45, 47, 60, 98, 136, 178, 201, 227, 231, 290, 331, 362, 366, 397, 426, 435, 444, 460, 483, 506, 562, 594, 637, 652, 679, 700, 717, 724, 735, 755, 766, 804, 817, 865, 896, 903, 912, 935, 962, 997, 1016], "summary": {"covered_lines": 58, "num_statements": 58, "percent_covered": 100.0, "percent_covered_display": "100", "missing_lines": 0, "excluded_lines": 0}, "missing_lines": [], "excluded_lines": []}}}, "src/c2puml/core/parser.py": {"executed_lines": [2, 5, 6, 7, 9, 10, 17, 18, 19, 21, 26, 27, 29, 30, 31, 32, 34, 39, 42, 45, 46, 50, 78, 82, 83, 89, 92, 93, 97, 100, 101, 102, 103, 104, 105, 115, 118, 119, 121, 122, 124, 125, 128, 133, 135, 141, 149, 156, 158, 159, 161, 163, 166, 169, 170, 173, 174, 177, 178, 179, 186, 187, 190, 191, 192, 193, 196, 203, 217, 218, 220, 222, 227, 228, 230, 233, 236, 240, 242, 245, 246, 247, 248, 255, 256, 259, 260, 262, 265, 266, 269, 273, 275, 279, 280, 282, 284, 287, 291, 293, 294, 295, 296, 297, 298, 299, 300, 301, 303, 304, 305, 308, 312, 313, 315, 317, 318, 322, 324, 328, 330, 331, 333, 335, 338, 342, 344, 347, 348, 349, 350, 357, 361, 362, 364, 366, 369, 373, 375, 379, 381, 382, 384, 393, 396, 400, 401, 403, 407, 409, 411, 412, 413, 414, 420, 422, 424, 426, 428, 429, 431, 438, 439, 442, 447, 448, 449, 452, 458, 459, 462, 476, 482, 483, 484, 485, 486, 487, 488, 489, 491, 492, 493, 496, 497, 498, 500, 512, 514, 515, 516, 517, 524, 531, 533, 535, 537, 539, 541, 542, 547, 549, 550, 552, 554, 556, 558, 560, 561, 565, 566, 567, 569, 571, 573, 575, 577, 578, 579, 581, 582, 583, 586, 587, 591, 593, 597, 599, 600, 601, 602, 603, 604, 605, 607, 608, 609, 611, 613, 614, 615, 616, 617, 618, 619, 621, 622, 623, 625, 627, 628, 629, 630, 631, 632, 633, 635, 636, 637, 639, 700, 704, 705, 707, 709, 710, 711, 712, 713, 728, 729, 731, 732, 734, 738, 742, 746, 750, 756, 757, 759, 761, 763, 765, 768, 771, 772, 777, 781, 784, 787, 791, 793, 797, 800, 802, 804, 805, 806, 807, 808, 809, 810, 811, 812, 813, 814, 816, 818, 819, 821, 829, 831, 832, 833, 834, 835, 837, 839, 841, 842, 843, 845, 846, 848, 852, 853, 854, 856, 857, 860, 861, 862, 863, 864, 865, 866, 867, 868, 871, 873, 875, 876, 877, 879, 883, 884, 903, 904, 906, 930, 932, 933, 954, 955, 956, 957, 958, 959, 960, 961, 963, 964, 966, 967, 968, 970, 971, 976, 979, 980, 981, 984, 985, 990, 992, 993, 994, 996, 997, 1002, 1005, 1006, 1007, 1010, 1011, 1015, 1017, 1018, 1019, 1021, 1024, 1025, 1026, 1029, 1030, 1031, 1032, 1033, 1034, 1036, 1041, 1042, 1045, 1046, 1048, 1049, 1052, 1053, 1055, 1056, 1057, 1058, 1059, 1060, 1062, 1066, 1070, 1072, 1073, 1074, 1075, 1079, 1082, 1085, 1089, 1091, 1095, 1099, 1102, 1106, 1109, 1110, 1111, 1113, 1115, 1118, 1119, 1120, 1121, 1126, 1127, 1129, 1132, 1133, 1134, 1136, 1137, 1138, 1139, 1140, 1141, 1142, 1143, 1144, 1145, 1146, 1147, 1152, 1153, 1157, 1159, 1160, 1162, 1163, 1164, 1165, 1166, 1167, 1169, 1170, 1171, 1172, 1173, 1174, 1178, 1181, 1182, 1185, 1186, 1187, 1188, 1190, 1191, 1194, 1195, 1198, 1201, 1202, 1203, 1204, 1205, 1208, 1210, 1212, 1213, 1214, 1215, 1216, 1218, 1220, 1221, 1223, 1224, 1225, 1226, 1228, 1229, 1230, 1231, 1233, 1235, 1236, 1237, 1238, 1239, 1241, 1242, 1246, 1247, 1248, 1249, 1250, 1251, 1252, 1254, 1255, 1258, 1260, 1261, 1262, 1263, 1264, 1266, 1268, 1269, 1271, 1272, 1273, 1274, 1276, 1277, 1278, 1279, 1281, 1283, 1284, 1285, 1286, 1290, 1291, 1292, 1293, 1294, 1295, 1299, 1301, 1302, 1303, 1304, 1306, 1315, 1318, 1321, 1322, 1324, 1325, 1327, 1328, 1329, 1330, 1336, 1338, 1342, 1343, 1344, 1345, 1346, 1347, 1348, 1349, 1350, 1352, 1356, 1357, 1358, 1359, 1362, 1365, 1368, 1369, 1370, 1371, 1372, 1373, 1374, 1375, 1377, 1378, 1379, 1380, 1381, 1382, 1384, 1387, 1388, 1389, 1390, 1392, 1394, 1396, 1398, 1402, 1403, 1406, 1410, 1412, 1413, 1421, 1424, 1425, 1426, 1427, 1429, 1430, 1431, 1433, 1435, 1436, 1439, 1440, 1443, 1446, 1448, 1460, 1461, 1508, 1510, 1512, 1513, 1514, 1515, 1516, 1518, 1520, 1521, 1522, 1523, 1524, 1526, 1528, 1529, 1532, 1533, 1538, 1541, 1543, 1546, 1547, 1548, 1551, 1552, 1555, 1570, 1571, 1604, 1607, 1609, 1611, 1612, 1613, 1615, 1617, 1619, 1621, 1622, 1624, 1626, 1629, 1631, 1632, 1634, 1635, 1637, 1639, 1642, 1644, 1645, 1647, 1649, 1650, 1651, 1652, 1653, 1655, 1662, 1663, 1665, 1666, 1667, 1669, 1688, 1691, 1695, 1696, 1698, 1701, 1706, 1711, 1712, 1713, 1714, 1715, 1717, 1718, 1722, 1724, 1728, 1731, 1732, 1733, 1735, 1755, 1762, 1768, 1779, 1782, 1783, 1788, 1789, 1791, 1792, 1794, 1795, 1802, 1803, 1808, 1813], "summary": {"covered_lines": 735, "num_statements": 932, "percent_covered": 78.86266094420601, "percent_covered_display": "79", "missing_lines": 197, "excluded_lines": 0}, "missing_lines": [22, 23, 40, 43, 47, 48, 52, 55, 56, 57, 58, 61, 62, 63, 65, 66, 67, 68, 69, 70, 71, 72, 74, 76, 79, 84, 85, 86, 87, 94, 95, 109, 113, 129, 137, 138, 139, 142, 146, 147, 249, 250, 309, 351, 352, 358, 417, 418, 443, 444, 464, 465, 466, 467, 468, 469, 470, 471, 472, 473, 478, 479, 527, 528, 644, 682, 685, 688, 689, 690, 691, 693, 695, 696, 698, 714, 715, 718, 719, 720, 721, 722, 724, 725, 735, 739, 743, 744, 747, 748, 751, 752, 754, 766, 779, 794, 836, 880, 909, 911, 912, 913, 915, 916, 921, 924, 925, 926, 1063, 1077, 1092, 1096, 1155, 1176, 1243, 1287, 1297, 1309, 1310, 1312, 1313, 1331, 1335, 1339, 1353, 1399, 1407, 1428, 1451, 1452, 1453, 1454, 1455, 1456, 1457, 1469, 1472, 1473, 1474, 1475, 1476, 1477, 1478, 1479, 1481, 1483, 1484, 1487, 1488, 1491, 1494, 1496, 1499, 1500, 1501, 1502, 1503, 1504, 1505, 1535, 1536, 1567, 1574, 1575, 1576, 1577, 1579, 1580, 1582, 1583, 1594, 1597, 1598, 1600, 1602, 1627, 1640, 1657, 1659, 1689, 1692, 1697, 1699, 1739, 1740, 1743, 1746, 1747, 1750, 1756, 1757, 1758, 1759, 1763, 1784, 1785, 1800], "excluded_lines": [], "functions": {"CParser.__init__": {"executed_lines": [30, 31, 32], "summary": {"covered_lines": 3, "num_statements": 3, "percent_covered": 100.0, "percent_covered_display": "100", "missing_lines": 0, "excluded_lines": 0}, "missing_lines": [], "excluded_lines": []}, "CParser.parse_project": {"executed_lines": [39, 42, 45, 46, 50, 78, 82, 83, 89, 92, 93, 97, 100, 101, 102, 103, 104, 105, 115, 118, 119, 121, 122, 124, 125, 128, 133, 135, 141, 149, 156, 158, 159], "summary": {"covered_lines": 33, "num_statements": 71, "percent_covered": 46.478873239436616, "percent_covered_display": "46", "missing_lines": 38, "excluded_lines": 0}, "missing_lines": [40, 43, 47, 48, 52, 55, 56, 57, 58, 61, 62, 63, 65, 66, 67, 68, 69, 70, 71, 72, 74, 76, 79, 84, 85, 86, 87, 94, 95, 109, 113, 129, 137, 138, 139, 142, 146, 147], "excluded_lines": []}, "CParser.parse_file": {"executed_lines": [163, 166, 169, 170, 173, 174, 177, 178, 179, 186, 187, 190, 191, 192, 193, 196, 203, 217, 218, 220], "summary": {"covered_lines": 20, "num_statements": 20, "percent_covered": 100.0, "percent_covered_display": "100", "missing_lines": 0, "excluded_lines": 0}, "missing_lines": [], "excluded_lines": []}, "CParser._parse_structs_with_tokenizer": {"executed_lines": [227, 228, 230, 233, 236, 240, 242, 245, 246, 247, 248, 255, 256, 259, 260, 262, 265, 266, 269, 273], "summary": {"covered_lines": 20, "num_statements": 22, "percent_covered": 90.9090909090909, "percent_covered_display": "91", "missing_lines": 2, "excluded_lines": 0}, "missing_lines": [249, 250], "excluded_lines": []}, "CParser._parse_enums_with_tokenizer": {"executed_lines": [279, 280, 282, 284, 287, 291, 293, 294, 295, 296, 297, 298, 299, 300, 301, 303, 304, 305, 308, 312, 313, 315, 317, 318, 322], "summary": {"covered_lines": 25, "num_statements": 26, "percent_covered": 96.15384615384616, "percent_covered_display": "96", "missing_lines": 1, "excluded_lines": 0}, "missing_lines": [309], "excluded_lines": []}, "CParser._parse_unions_with_tokenizer": {"executed_lines": [328, 330, 331, 333, 335, 338, 342, 344, 347, 348, 349, 350, 357, 361, 362, 364, 366, 369, 373], "summary": {"covered_lines": 19, "num_statements": 22, "percent_covered": 86.36363636363636, "percent_covered_display": "86", "missing_lines": 3, "excluded_lines": 0}, "missing_lines": [351, 352, 358], "excluded_lines": []}, "CParser._parse_functions_with_tokenizer": {"executed_lines": [379, 381, 382, 384, 393, 396, 400, 401, 403, 407, 409, 411, 412, 413, 414, 420], "summary": {"covered_lines": 16, "num_statements": 18, "percent_covered": 88.88888888888889, "percent_covered_display": "89", "missing_lines": 2, "excluded_lines": 0}, "missing_lines": [417, 418], "excluded_lines": []}, "CParser._parse_globals_with_tokenizer": {"executed_lines": [424, 426, 428, 429, 431, 438, 439, 442, 447, 448, 449, 452, 458, 459, 462, 476, 482, 483, 484, 485, 486, 487, 488, 489, 491, 492, 493, 496, 497, 498, 500, 512, 514, 515, 516, 517, 524, 531, 533, 535], "summary": {"covered_lines": 40, "num_statements": 56, "percent_covered": 71.42857142857143, "percent_covered_display": "71", "missing_lines": 16, "excluded_lines": 0}, "missing_lines": [443, 444, 464, 465, 466, 467, 468, 469, 470, 471, 472, 473, 478, 479, 527, 528], "excluded_lines": []}, "CParser._parse_includes_with_tokenizer": {"executed_lines": [539, 541, 542, 547, 549, 550, 552, 554], "summary": {"covered_lines": 8, "num_statements": 8, "percent_covered": 100.0, "percent_covered_display": "100", "missing_lines": 0, "excluded_lines": 0}, "missing_lines": [], "excluded_lines": []}, "CParser._parse_macros_with_tokenizer": {"executed_lines": [558, 560, 561, 565, 566, 567, 569], "summary": {"covered_lines": 7, "num_statements": 7, "percent_covered": 100.0, "percent_covered_display": "100", "missing_lines": 0, "excluded_lines": 0}, "missing_lines": [], "excluded_lines": []}, "CParser._parse_aliases_with_tokenizer": {"executed_lines": [573, 575, 577, 578, 579, 581, 582, 583, 586, 587, 591, 593], "summary": {"covered_lines": 12, "num_statements": 12, "percent_covered": 100.0, "percent_covered_display": "100", "missing_lines": 0, "excluded_lines": 0}, "missing_lines": [], "excluded_lines": []}, "CParser._extract_tag_name_for_struct": {"executed_lines": [599, 600, 601, 602, 603, 604, 605, 607, 608, 609], "summary": {"covered_lines": 10, "num_statements": 10, "percent_covered": 100.0, "percent_covered_display": "100", "missing_lines": 0, "excluded_lines": 0}, "missing_lines": [], "excluded_lines": []}, "CParser._extract_tag_name_for_enum": {"executed_lines": [613, 614, 615, 616, 617, 618, 619, 621, 622, 623], "summary": {"covered_lines": 10, "num_statements": 10, "percent_covered": 100.0, "percent_covered_display": "100", "missing_lines": 0, "excluded_lines": 0}, "missing_lines": [], "excluded_lines": []}, "CParser._extract_tag_name_for_union": {"executed_lines": [627, 628, 629, 630, 631, 632, 633, 635, 636, 637], "summary": {"covered_lines": 10, "num_statements": 10, "percent_covered": 100.0, "percent_covered_display": "100", "missing_lines": 0, "excluded_lines": 0}, "missing_lines": [], "excluded_lines": []}, "CParser._extract_non_primitive_types": {"executed_lines": [], "summary": {"covered_lines": 0, "num_statements": 11, "percent_covered": 0.0, "percent_covered_display": "0", "missing_lines": 11, "excluded_lines": 0}, "missing_lines": [644, 682, 685, 688, 689, 690, 691, 693, 695, 696, 698], "excluded_lines": []}, "CParser._find_c_files": {"executed_lines": [704, 705, 707, 709, 710, 711, 712, 713, 728, 729, 731, 732, 734, 738, 742, 746, 750, 756, 757], "summary": {"covered_lines": 19, "num_statements": 37, "percent_covered": 51.351351351351354, "percent_covered_display": "51", "missing_lines": 18, "excluded_lines": 0}, "missing_lines": [714, 715, 718, 719, 720, 721, 722, 724, 725, 735, 739, 743, 744, 747, 748, 751, 752, 754], "excluded_lines": []}, "CParser._detect_encoding": {"executed_lines": [761], "summary": {"covered_lines": 1, "num_statements": 1, "percent_covered": 100.0, "percent_covered_display": "100", "missing_lines": 0, "excluded_lines": 0}, "missing_lines": [], "excluded_lines": []}, "CParser._find_original_token_pos": {"executed_lines": [765, 768, 771, 772, 777], "summary": {"covered_lines": 5, "num_statements": 7, "percent_covered": 71.42857142857143, "percent_covered_display": "71", "missing_lines": 2, "excluded_lines": 0}, "missing_lines": [766, 779], "excluded_lines": []}, "CParser._parse_single_typedef": {"executed_lines": [784, 787, 791, 793, 797, 800, 802, 804, 805, 806, 807, 808, 809, 810, 811, 812, 813, 814, 816, 818, 819, 821, 829, 831, 832, 833, 834, 835, 837, 839, 841, 842, 843, 845, 846, 848, 852, 853, 854, 856, 857, 860, 861, 862, 863, 864, 865, 866, 867, 868, 871, 873, 875, 876, 877, 879, 883, 884, 903, 904, 906, 930, 932, 933, 954, 955, 956, 957, 958, 959, 960, 961, 963, 964, 966, 967, 968, 970, 971, 976, 979, 980, 981, 984, 985, 990, 992, 993, 994, 996, 997, 1002, 1005, 1006, 1007, 1010, 1011, 1015, 1017, 1018, 1019, 1021, 1024, 1025, 1026, 1029, 1030, 1031, 1032, 1033, 1034], "summary": {"covered_lines": 111, "num_statements": 124, "percent_covered": 89.51612903225806, "percent_covered_display": "90", "missing_lines": 13, "excluded_lines": 0}, "missing_lines": [794, 836, 880, 909, 911, 912, 913, 915, 916, 921, 924, 925, 926], "excluded_lines": []}, "CParser._parse_complex_typedef": {"executed_lines": [1041, 1042, 1045, 1046, 1048, 1049, 1052, 1053, 1055, 1056, 1057, 1058, 1059, 1060, 1062, 1066, 1070, 1072, 1073, 1074, 1075], "summary": {"covered_lines": 21, "num_statements": 23, "percent_covered": 91.30434782608695, "percent_covered_display": "91", "missing_lines": 2, "excluded_lines": 0}, "missing_lines": [1063, 1077], "excluded_lines": []}, "CParser._extract_tag_name_from_typedef": {"executed_lines": [1082, 1085, 1089, 1091, 1095, 1099, 1102, 1106, 1109, 1110, 1111, 1113], "summary": {"covered_lines": 12, "num_statements": 14, "percent_covered": 85.71428571428571, "percent_covered_display": "86", "missing_lines": 2, "excluded_lines": 0}, "missing_lines": [1092, 1096], "excluded_lines": []}, "CParser._looks_like_function": {"executed_lines": [1118, 1119, 1120, 1121, 1126, 1127], "summary": {"covered_lines": 6, "num_statements": 6, "percent_covered": 100.0, "percent_covered_display": "100", "missing_lines": 0, "excluded_lines": 0}, "missing_lines": [], "excluded_lines": []}, "CParser._skip_function": {"executed_lines": [1132, 1133, 1134, 1136, 1137, 1138, 1139, 1140, 1141, 1142, 1143, 1144, 1145, 1146, 1147, 1152, 1153], "summary": {"covered_lines": 17, "num_statements": 18, "percent_covered": 94.44444444444444, "percent_covered_display": "94", "missing_lines": 1, "excluded_lines": 0}, "missing_lines": [1155], "excluded_lines": []}, "CParser._skip_structure_definition": {"executed_lines": [1159, 1160, 1162, 1163, 1164, 1165, 1166, 1167, 1169, 1170, 1171, 1172, 1173, 1174], "summary": {"covered_lines": 14, "num_statements": 15, "percent_covered": 93.33333333333333, "percent_covered_display": "93", "missing_lines": 1, "excluded_lines": 0}, "missing_lines": [1176], "excluded_lines": []}, "CParser._parse_global_variable": {"executed_lines": [1181, 1182, 1185, 1186, 1187, 1188, 1190, 1191, 1194, 1195, 1198, 1201, 1202, 1203, 1204, 1205, 1208, 1210, 1212, 1213, 1214, 1215, 1216, 1218, 1220, 1221, 1223, 1224, 1225, 1226, 1228, 1229, 1230, 1231, 1233, 1235, 1236, 1237, 1238, 1239, 1241, 1242, 1246, 1247, 1248, 1249, 1250, 1251, 1252, 1254, 1255, 1258, 1260, 1261, 1262, 1263, 1264, 1266, 1268, 1269, 1271, 1272, 1273, 1274, 1276, 1277, 1278, 1279, 1281, 1283, 1284, 1285, 1286, 1290, 1291, 1292, 1293, 1294, 1295], "summary": {"covered_lines": 79, "num_statements": 82, "percent_covered": 96.34146341463415, "percent_covered_display": "96", "missing_lines": 3, "excluded_lines": 0}, "missing_lines": [1243, 1287, 1297], "excluded_lines": []}, "CParser._skip_to_semicolon": {"executed_lines": [1301, 1302, 1303, 1304], "summary": {"covered_lines": 4, "num_statements": 4, "percent_covered": 100.0, "percent_covered_display": "100", "missing_lines": 0, "excluded_lines": 0}, "missing_lines": [], "excluded_lines": []}, "CParser._skip_preprocessor_directives": {"executed_lines": [], "summary": {"covered_lines": 0, "num_statements": 4, "percent_covered": 0.0, "percent_covered_display": "0", "missing_lines": 4, "excluded_lines": 0}, "missing_lines": [1309, 1310, 1312, 1313], "excluded_lines": []}, "CParser._parse_function_parameters": {"executed_lines": [1318, 1321, 1322, 1324, 1325, 1327, 1328, 1329, 1330, 1336, 1338, 1342, 1343, 1344, 1345, 1346, 1347, 1348, 1349, 1350, 1352, 1356, 1357, 1358, 1359, 1362, 1365, 1368, 1369, 1370, 1371, 1372, 1373, 1374, 1375, 1377, 1378, 1379, 1380, 1381, 1382, 1384, 1387, 1388, 1389, 1390, 1392], "summary": {"covered_lines": 47, "num_statements": 51, "percent_covered": 92.15686274509804, "percent_covered_display": "92", "missing_lines": 4, "excluded_lines": 0}, "missing_lines": [1331, 1335, 1339, 1353], "excluded_lines": []}, "CParser._parse_single_parameter": {"executed_lines": [1396, 1398, 1402, 1403, 1406, 1410, 1412, 1413, 1421, 1424, 1425, 1426, 1427, 1429, 1430, 1431, 1433, 1435, 1436, 1439, 1440, 1443, 1446, 1448, 1460, 1461, 1508, 1510, 1512, 1513, 1514, 1515, 1516, 1518, 1520, 1521, 1522, 1523, 1524, 1526, 1528, 1529, 1532, 1533, 1538, 1541, 1543, 1546, 1547, 1548, 1551, 1552, 1555, 1570, 1571], "summary": {"covered_lines": 55, "num_statements": 105, "percent_covered": 52.38095238095238, "percent_covered_display": "52", "missing_lines": 50, "excluded_lines": 0}, "missing_lines": [1399, 1407, 1428, 1451, 1452, 1453, 1454, 1455, 1456, 1457, 1469, 1472, 1473, 1474, 1475, 1476, 1477, 1478, 1479, 1481, 1483, 1484, 1487, 1488, 1491, 1494, 1496, 1499, 1500, 1501, 1502, 1503, 1504, 1505, 1535, 1536, 1567, 1574, 1575, 1576, 1577, 1579, 1580, 1582, 1583, 1594, 1597, 1598, 1600, 1602], "excluded_lines": []}, "CParser._fix_array_bracket_spacing": {"executed_lines": [1607, 1609, 1611, 1612, 1613], "summary": {"covered_lines": 5, "num_statements": 5, "percent_covered": 100.0, "percent_covered_display": "100", "missing_lines": 0, "excluded_lines": 0}, "missing_lines": [], "excluded_lines": []}, "CParser._fix_pointer_spacing": {"executed_lines": [1617, 1619, 1621, 1622], "summary": {"covered_lines": 4, "num_statements": 4, "percent_covered": 100.0, "percent_covered_display": "100", "missing_lines": 0, "excluded_lines": 0}, "missing_lines": [], "excluded_lines": []}, "CParser._clean_type_string": {"executed_lines": [1626, 1629, 1631, 1632, 1634, 1635], "summary": {"covered_lines": 6, "num_statements": 7, "percent_covered": 85.71428571428571, "percent_covered_display": "86", "missing_lines": 1, "excluded_lines": 0}, "missing_lines": [1627], "excluded_lines": []}, "CParser._clean_value_string": {"executed_lines": [1639, 1642, 1644, 1645, 1647, 1649, 1650, 1651, 1652, 1653], "summary": {"covered_lines": 10, "num_statements": 11, "percent_covered": 90.9090909090909, "percent_covered_display": "91", "missing_lines": 1, "excluded_lines": 0}, "missing_lines": [1640], "excluded_lines": []}, "CParser._get_timestamp": {"executed_lines": [], "summary": {"covered_lines": 0, "num_statements": 2, "percent_covered": 0.0, "percent_covered_display": "0", "missing_lines": 2, "excluded_lines": 0}, "missing_lines": [1657, 1659], "excluded_lines": []}, "Parser.__init__": {"executed_lines": [1666, 1667], "summary": {"covered_lines": 2, "num_statements": 2, "percent_covered": 100.0, "percent_covered_display": "100", "missing_lines": 0, "excluded_lines": 0}, "missing_lines": [], "excluded_lines": []}, "Parser.parse": {"executed_lines": [1688, 1691, 1695, 1696, 1698, 1701, 1706, 1711, 1712, 1713, 1714, 1715, 1717, 1718, 1722, 1724, 1728, 1731, 1732, 1733, 1735, 1755, 1762, 1768, 1779, 1782, 1783, 1788, 1789, 1791, 1792, 1794, 1795, 1802, 1803, 1808, 1813], "summary": {"covered_lines": 37, "num_statements": 55, "percent_covered": 67.27272727272727, "percent_covered_display": "67", "missing_lines": 18, "excluded_lines": 0}, "missing_lines": [1689, 1692, 1697, 1699, 1739, 1740, 1743, 1746, 1747, 1750, 1756, 1757, 1758, 1759, 1763, 1784, 1785, 1800], "excluded_lines": []}, "": {"executed_lines": [2, 5, 6, 7, 9, 10, 17, 18, 19, 21, 26, 27, 29, 34, 161, 222, 275, 324, 375, 422, 537, 556, 571, 597, 611, 625, 639, 700, 759, 763, 781, 1036, 1079, 1115, 1129, 1157, 1178, 1299, 1306, 1315, 1394, 1604, 1615, 1624, 1637, 1655, 1662, 1663, 1665, 1669], "summary": {"covered_lines": 47, "num_statements": 49, "percent_covered": 95.91836734693878, "percent_covered_display": "96", "missing_lines": 2, "excluded_lines": 0}, "missing_lines": [22, 23], "excluded_lines": []}}, "classes": {"CParser": {"executed_lines": [30, 31, 32, 39, 42, 45, 46, 50, 78, 82, 83, 89, 92, 93, 97, 100, 101, 102, 103, 104, 105, 115, 118, 119, 121, 122, 124, 125, 128, 133, 135, 141, 149, 156, 158, 159, 163, 166, 169, 170, 173, 174, 177, 178, 179, 186, 187, 190, 191, 192, 193, 196, 203, 217, 218, 220, 227, 228, 230, 233, 236, 240, 242, 245, 246, 247, 248, 255, 256, 259, 260, 262, 265, 266, 269, 273, 279, 280, 282, 284, 287, 291, 293, 294, 295, 296, 297, 298, 299, 300, 301, 303, 304, 305, 308, 312, 313, 315, 317, 318, 322, 328, 330, 331, 333, 335, 338, 342, 344, 347, 348, 349, 350, 357, 361, 362, 364, 366, 369, 373, 379, 381, 382, 384, 393, 396, 400, 401, 403, 407, 409, 411, 412, 413, 414, 420, 424, 426, 428, 429, 431, 438, 439, 442, 447, 448, 449, 452, 458, 459, 462, 476, 482, 483, 484, 485, 486, 487, 488, 489, 491, 492, 493, 496, 497, 498, 500, 512, 514, 515, 516, 517, 524, 531, 533, 535, 539, 541, 542, 547, 549, 550, 552, 554, 558, 560, 561, 565, 566, 567, 569, 573, 575, 577, 578, 579, 581, 582, 583, 586, 587, 591, 593, 599, 600, 601, 602, 603, 604, 605, 607, 608, 609, 613, 614, 615, 616, 617, 618, 619, 621, 622, 623, 627, 628, 629, 630, 631, 632, 633, 635, 636, 637, 704, 705, 707, 709, 710, 711, 712, 713, 728, 729, 731, 732, 734, 738, 742, 746, 750, 756, 757, 761, 765, 768, 771, 772, 777, 784, 787, 791, 793, 797, 800, 802, 804, 805, 806, 807, 808, 809, 810, 811, 812, 813, 814, 816, 818, 819, 821, 829, 831, 832, 833, 834, 835, 837, 839, 841, 842, 843, 845, 846, 848, 852, 853, 854, 856, 857, 860, 861, 862, 863, 864, 865, 866, 867, 868, 871, 873, 875, 876, 877, 879, 883, 884, 903, 904, 906, 930, 932, 933, 954, 955, 956, 957, 958, 959, 960, 961, 963, 964, 966, 967, 968, 970, 971, 976, 979, 980, 981, 984, 985, 990, 992, 993, 994, 996, 997, 1002, 1005, 1006, 1007, 1010, 1011, 1015, 1017, 1018, 1019, 1021, 1024, 1025, 1026, 1029, 1030, 1031, 1032, 1033, 1034, 1041, 1042, 1045, 1046, 1048, 1049, 1052, 1053, 1055, 1056, 1057, 1058, 1059, 1060, 1062, 1066, 1070, 1072, 1073, 1074, 1075, 1082, 1085, 1089, 1091, 1095, 1099, 1102, 1106, 1109, 1110, 1111, 1113, 1118, 1119, 1120, 1121, 1126, 1127, 1132, 1133, 1134, 1136, 1137, 1138, 1139, 1140, 1141, 1142, 1143, 1144, 1145, 1146, 1147, 1152, 1153, 1159, 1160, 1162, 1163, 1164, 1165, 1166, 1167, 1169, 1170, 1171, 1172, 1173, 1174, 1181, 1182, 1185, 1186, 1187, 1188, 1190, 1191, 1194, 1195, 1198, 1201, 1202, 1203, 1204, 1205, 1208, 1210, 1212, 1213, 1214, 1215, 1216, 1218, 1220, 1221, 1223, 1224, 1225, 1226, 1228, 1229, 1230, 1231, 1233, 1235, 1236, 1237, 1238, 1239, 1241, 1242, 1246, 1247, 1248, 1249, 1250, 1251, 1252, 1254, 1255, 1258, 1260, 1261, 1262, 1263, 1264, 1266, 1268, 1269, 1271, 1272, 1273, 1274, 1276, 1277, 1278, 1279, 1281, 1283, 1284, 1285, 1286, 1290, 1291, 1292, 1293, 1294, 1295, 1301, 1302, 1303, 1304, 1318, 1321, 1322, 1324, 1325, 1327, 1328, 1329, 1330, 1336, 1338, 1342, 1343, 1344, 1345, 1346, 1347, 1348, 1349, 1350, 1352, 1356, 1357, 1358, 1359, 1362, 1365, 1368, 1369, 1370, 1371, 1372, 1373, 1374, 1375, 1377, 1378, 1379, 1380, 1381, 1382, 1384, 1387, 1388, 1389, 1390, 1392, 1396, 1398, 1402, 1403, 1406, 1410, 1412, 1413, 1421, 1424, 1425, 1426, 1427, 1429, 1430, 1431, 1433, 1435, 1436, 1439, 1440, 1443, 1446, 1448, 1460, 1461, 1508, 1510, 1512, 1513, 1514, 1515, 1516, 1518, 1520, 1521, 1522, 1523, 1524, 1526, 1528, 1529, 1532, 1533, 1538, 1541, 1543, 1546, 1547, 1548, 1551, 1552, 1555, 1570, 1571, 1607, 1609, 1611, 1612, 1613, 1617, 1619, 1621, 1622, 1626, 1629, 1631, 1632, 1634, 1635, 1639, 1642, 1644, 1645, 1647, 1649, 1650, 1651, 1652, 1653], "summary": {"covered_lines": 649, "num_statements": 826, "percent_covered": 78.57142857142857, "percent_covered_display": "79", "missing_lines": 177, "excluded_lines": 0}, "missing_lines": [40, 43, 47, 48, 52, 55, 56, 57, 58, 61, 62, 63, 65, 66, 67, 68, 69, 70, 71, 72, 74, 76, 79, 84, 85, 86, 87, 94, 95, 109, 113, 129, 137, 138, 139, 142, 146, 147, 249, 250, 309, 351, 352, 358, 417, 418, 443, 444, 464, 465, 466, 467, 468, 469, 470, 471, 472, 473, 478, 479, 527, 528, 644, 682, 685, 688, 689, 690, 691, 693, 695, 696, 698, 714, 715, 718, 719, 720, 721, 722, 724, 725, 735, 739, 743, 744, 747, 748, 751, 752, 754, 766, 779, 794, 836, 880, 909, 911, 912, 913, 915, 916, 921, 924, 925, 926, 1063, 1077, 1092, 1096, 1155, 1176, 1243, 1287, 1297, 1309, 1310, 1312, 1313, 1331, 1335, 1339, 1353, 1399, 1407, 1428, 1451, 1452, 1453, 1454, 1455, 1456, 1457, 1469, 1472, 1473, 1474, 1475, 1476, 1477, 1478, 1479, 1481, 1483, 1484, 1487, 1488, 1491, 1494, 1496, 1499, 1500, 1501, 1502, 1503, 1504, 1505, 1535, 1536, 1567, 1574, 1575, 1576, 1577, 1579, 1580, 1582, 1583, 1594, 1597, 1598, 1600, 1602, 1627, 1640, 1657, 1659], "excluded_lines": []}, "Parser": {"executed_lines": [1666, 1667, 1688, 1691, 1695, 1696, 1698, 1701, 1706, 1711, 1712, 1713, 1714, 1715, 1717, 1718, 1722, 1724, 1728, 1731, 1732, 1733, 1735, 1755, 1762, 1768, 1779, 1782, 1783, 1788, 1789, 1791, 1792, 1794, 1795, 1802, 1803, 1808, 1813], "summary": {"covered_lines": 39, "num_statements": 57, "percent_covered": 68.42105263157895, "percent_covered_display": "68", "missing_lines": 18, "excluded_lines": 0}, "missing_lines": [1689, 1692, 1697, 1699, 1739, 1740, 1743, 1746, 1747, 1750, 1756, 1757, 1758, 1759, 1763, 1784, 1785, 1800], "excluded_lines": []}, "": {"executed_lines": [2, 5, 6, 7, 9, 10, 17, 18, 19, 21, 26, 27, 29, 34, 161, 222, 275, 324, 375, 422, 537, 556, 571, 597, 611, 625, 639, 700, 759, 763, 781, 1036, 1079, 1115, 1129, 1157, 1178, 1299, 1306, 1315, 1394, 1604, 1615, 1624, 1637, 1655, 1662, 1663, 1665, 1669], "summary": {"covered_lines": 47, "num_statements": 49, "percent_covered": 95.91836734693878, "percent_covered_display": "96", "missing_lines": 2, "excluded_lines": 0}, "missing_lines": [22, 23], "excluded_lines": []}}}, "src/c2puml/core/parser_anonymous_processor.py": {"executed_lines": [1, 3, 4, 5, 8, 9, 11, 12, 13, 14, 16, 18, 19, 21, 22, 24, 27, 29, 32, 33, 36, 38, 41, 42, 43, 46, 47, 48, 51, 52, 53, 55, 59, 62, 65, 66, 68, 69, 71, 72, 73, 78, 79, 80, 81, 84, 87, 89, 94, 95, 97, 99, 104, 105, 107, 109, 113, 116, 117, 121, 122, 124, 125, 126, 129, 130, 131, 133, 136, 137, 138, 139, 140, 141, 142, 143, 145, 146, 149, 150, 151, 154, 157, 158, 159, 161, 163, 165, 167, 169, 171, 172, 173, 174, 175, 177, 179, 180, 181, 182, 183, 184, 186, 188, 189, 191, 195, 197, 218, 219, 221, 223, 226, 229, 234, 235, 236, 237, 238, 239, 242, 244, 246, 248, 249, 251, 253, 254, 256, 258, 261, 263, 264, 266, 269, 272, 274, 278, 279, 280, 282, 283, 284, 285, 286, 288, 290, 291, 292, 295, 296, 299, 300, 304, 306, 310, 312, 313, 314, 316, 317, 319, 320, 326, 346, 347, 349, 351, 353, 356, 358, 359, 360, 361, 362, 365, 366, 370, 373, 374, 375, 376, 377, 379, 380, 383, 386, 403, 406, 407, 411, 412, 415, 420, 421, 422, 425, 426, 427, 431, 432, 439, 441, 442, 443, 445, 447, 489, 492, 496, 500, 503, 505, 513, 515, 518, 519, 522, 523, 525, 527, 530, 536, 537, 538, 540, 542, 547, 564, 565, 566, 567, 568, 569, 570, 573, 574, 575, 576, 581, 582, 583, 584, 587, 596, 617, 650, 669, 671, 672, 673, 675, 680, 681, 682, 683, 686, 690, 692, 711, 714, 715, 717, 718, 721, 724, 725, 727, 728, 729, 730, 731, 733, 734, 735, 737, 739, 741, 742, 745, 747, 748, 751, 752, 754, 755, 756, 758, 759, 762, 764, 765, 768, 771, 773, 774, 778, 779, 780, 783, 784, 786, 789, 793, 796, 797, 798, 799, 801, 803, 805, 807, 808, 810, 812, 818, 819, 820, 822, 823, 824, 826, 828, 831, 832, 833, 835, 836, 839, 841, 844, 845, 847, 848, 849, 850, 852, 856, 857, 858, 859, 860, 861, 862, 864, 865, 866, 868, 870, 872, 875, 876, 878, 879, 880, 881, 883, 887, 888, 889, 890, 891, 892, 893, 895, 896, 897, 899, 901, 903, 905, 906, 908, 909, 910, 911, 912, 914, 918, 919, 920, 921, 922, 923, 924, 926, 929, 932, 933, 934, 935, 937, 941, 943, 944, 946, 947, 948, 949, 950, 952, 956, 957, 958, 959, 960, 961, 962, 964, 967, 968, 969, 971], "summary": {"covered_lines": 411, "num_statements": 565, "percent_covered": 72.7433628318584, "percent_covered_display": "73", "missing_lines": 154, "excluded_lines": 0}, "missing_lines": [134, 155, 199, 202, 204, 207, 208, 209, 210, 211, 212, 214, 231, 267, 275, 301, 307, 323, 324, 325, 328, 329, 330, 332, 333, 335, 336, 337, 340, 341, 342, 343, 367, 382, 387, 389, 390, 391, 392, 393, 394, 396, 397, 400, 401, 402, 408, 416, 417, 428, 433, 434, 435, 450, 452, 453, 454, 455, 456, 459, 460, 461, 462, 463, 464, 465, 467, 468, 471, 472, 473, 474, 475, 478, 479, 480, 481, 483, 484, 485, 487, 493, 497, 501, 548, 550, 555, 556, 557, 558, 561, 589, 591, 592, 593, 597, 598, 599, 600, 602, 607, 608, 609, 610, 613, 618, 619, 620, 621, 625, 628, 631, 632, 633, 634, 635, 636, 637, 638, 641, 642, 643, 644, 647, 652, 653, 654, 655, 660, 661, 662, 663, 666, 693, 695, 696, 701, 702, 703, 704, 707, 732, 772, 837, 853, 867, 884, 898, 915, 936, 939, 953, 970, 973], "excluded_lines": [], "functions": {"AnonymousTypedefProcessor.__init__": {"executed_lines": [12, 13, 14], "summary": {"covered_lines": 3, "num_statements": 3, "percent_covered": 100.0, "percent_covered_display": "100", "missing_lines": 0, "excluded_lines": 0}, "missing_lines": [], "excluded_lines": []}, "AnonymousTypedefProcessor.process_file_model": {"executed_lines": [18, 19, 21, 22, 24, 27, 29, 32, 33, 36], "summary": {"covered_lines": 10, "num_statements": 10, "percent_covered": 100.0, "percent_covered_display": "100", "missing_lines": 0, "excluded_lines": 0}, "missing_lines": [], "excluded_lines": []}, "AnonymousTypedefProcessor._process_all_entities": {"executed_lines": [41, 42, 43, 46, 47, 48, 51, 52, 53], "summary": {"covered_lines": 9, "num_statements": 9, "percent_covered": 100.0, "percent_covered_display": "100", "missing_lines": 0, "excluded_lines": 0}, "missing_lines": [], "excluded_lines": []}, "AnonymousTypedefProcessor._process_alias_for_anonymous_structs": {"executed_lines": [59, 62, 65, 66, 68, 69, 71, 72, 73, 78, 79, 80, 81, 84, 87], "summary": {"covered_lines": 15, "num_statements": 15, "percent_covered": 100.0, "percent_covered_display": "100", "missing_lines": 0, "excluded_lines": 0}, "missing_lines": [], "excluded_lines": []}, "AnonymousTypedefProcessor._process_struct_for_anonymous_structs": {"executed_lines": [94, 95, 97], "summary": {"covered_lines": 3, "num_statements": 3, "percent_covered": 100.0, "percent_covered_display": "100", "missing_lines": 0, "excluded_lines": 0}, "missing_lines": [], "excluded_lines": []}, "AnonymousTypedefProcessor._process_union_for_anonymous_structs": {"executed_lines": [104, 105, 107], "summary": {"covered_lines": 3, "num_statements": 3, "percent_covered": 100.0, "percent_covered_display": "100", "missing_lines": 0, "excluded_lines": 0}, "missing_lines": [], "excluded_lines": []}, "AnonymousTypedefProcessor._extract_anonymous_structs_from_text": {"executed_lines": [113, 116, 117, 121, 122, 124, 125, 126, 129, 130, 131, 133, 136, 137, 138, 139, 140, 141, 142, 143, 145, 146, 149, 150, 151, 154, 157, 158, 159, 161], "summary": {"covered_lines": 30, "num_statements": 32, "percent_covered": 93.75, "percent_covered_display": "94", "missing_lines": 2, "excluded_lines": 0}, "missing_lines": [134, 155], "excluded_lines": []}, "AnonymousTypedefProcessor._generate_anonymous_name": {"executed_lines": [165], "summary": {"covered_lines": 1, "num_statements": 1, "percent_covered": 100.0, "percent_covered_display": "100", "missing_lines": 0, "excluded_lines": 0}, "missing_lines": [], "excluded_lines": []}, "AnonymousTypedefProcessor._generate_content_hash": {"executed_lines": [169, 171, 172, 173, 174, 175], "summary": {"covered_lines": 6, "num_statements": 6, "percent_covered": 100.0, "percent_covered_display": "100", "missing_lines": 0, "excluded_lines": 0}, "missing_lines": [], "excluded_lines": []}, "AnonymousTypedefProcessor._find_existing_anonymous_structure": {"executed_lines": [179, 180, 181, 182, 183, 184], "summary": {"covered_lines": 6, "num_statements": 6, "percent_covered": 100.0, "percent_covered_display": "100", "missing_lines": 0, "excluded_lines": 0}, "missing_lines": [], "excluded_lines": []}, "AnonymousTypedefProcessor._register_anonymous_structure": {"executed_lines": [188, 189], "summary": {"covered_lines": 2, "num_statements": 2, "percent_covered": 100.0, "percent_covered_display": "100", "missing_lines": 0, "excluded_lines": 0}, "missing_lines": [], "excluded_lines": []}, "AnonymousTypedefProcessor._get_or_create_anonymous_structure": {"executed_lines": [195, 197, 218, 219, 221, 223, 226, 229, 234, 235, 236, 237, 238, 239, 242, 244], "summary": {"covered_lines": 16, "num_statements": 27, "percent_covered": 59.25925925925926, "percent_covered_display": "59", "missing_lines": 11, "excluded_lines": 0}, "missing_lines": [199, 202, 204, 207, 208, 209, 210, 211, 212, 214, 231], "excluded_lines": []}, "AnonymousTypedefProcessor._create_anonymous_struct": {"executed_lines": [248, 249], "summary": {"covered_lines": 2, "num_statements": 2, "percent_covered": 100.0, "percent_covered_display": "100", "missing_lines": 0, "excluded_lines": 0}, "missing_lines": [], "excluded_lines": []}, "AnonymousTypedefProcessor._create_anonymous_union": {"executed_lines": [253, 254], "summary": {"covered_lines": 2, "num_statements": 2, "percent_covered": 100.0, "percent_covered_display": "100", "missing_lines": 0, "excluded_lines": 0}, "missing_lines": [], "excluded_lines": []}, "AnonymousTypedefProcessor._parse_struct_fields": {"executed_lines": [258, 261, 263, 264, 266, 269, 272, 274, 278, 279, 280, 282, 283, 284, 285, 286, 288, 290, 291, 292, 295, 296, 299, 300, 304, 306, 310, 312, 313, 314, 316, 317, 319, 320, 326, 346, 347, 349], "summary": {"covered_lines": 38, "num_statements": 57, "percent_covered": 66.66666666666667, "percent_covered_display": "67", "missing_lines": 19, "excluded_lines": 0}, "missing_lines": [267, 275, 301, 307, 323, 324, 325, 328, 329, 330, 332, 333, 335, 336, 337, 340, 341, 342, 343], "excluded_lines": []}, "AnonymousTypedefProcessor._parse_comma_separated_fields": {"executed_lines": [353, 356, 358, 359, 360, 361, 362, 365, 366, 370, 373, 374, 375, 376, 377, 379, 380, 383, 386, 403, 406, 407, 411, 412, 415, 420, 421, 422, 425, 426, 427, 431, 432, 439, 441, 442, 443, 445], "summary": {"covered_lines": 38, "num_statements": 59, "percent_covered": 64.40677966101696, "percent_covered_display": "64", "missing_lines": 21, "excluded_lines": 0}, "missing_lines": [367, 382, 387, 389, 390, 391, 392, 393, 394, 396, 397, 400, 401, 402, 408, 416, 417, 428, 433, 434, 435], "excluded_lines": []}, "AnonymousTypedefProcessor._parse_single_field": {"executed_lines": [], "summary": {"covered_lines": 0, "num_statements": 28, "percent_covered": 0.0, "percent_covered_display": "0", "missing_lines": 28, "excluded_lines": 0}, "missing_lines": [450, 452, 453, 454, 455, 456, 459, 460, 461, 462, 463, 464, 465, 467, 468, 471, 472, 473, 474, 475, 478, 479, 480, 481, 483, 484, 485, 487], "excluded_lines": []}, "AnonymousTypedefProcessor._is_too_complex_to_process": {"executed_lines": [492, 496, 500, 503], "summary": {"covered_lines": 4, "num_statements": 7, "percent_covered": 57.142857142857146, "percent_covered_display": "57", "missing_lines": 3, "excluded_lines": 0}, "missing_lines": [493, 497, 501], "excluded_lines": []}, "AnonymousTypedefProcessor._replace_anonymous_struct_with_reference": {"executed_lines": [513, 515, 518, 519, 522, 523], "summary": {"covered_lines": 6, "num_statements": 6, "percent_covered": 100.0, "percent_covered_display": "100", "missing_lines": 0, "excluded_lines": 0}, "missing_lines": [], "excluded_lines": []}, "AnonymousTypedefProcessor._field_contains_anonymous_struct": {"executed_lines": [527, 530, 536, 537, 538, 540], "summary": {"covered_lines": 6, "num_statements": 6, "percent_covered": 100.0, "percent_covered_display": "100", "missing_lines": 0, "excluded_lines": 0}, "missing_lines": [], "excluded_lines": []}, "AnonymousTypedefProcessor._extract_anonymous_from_field": {"executed_lines": [547, 564, 565, 566, 567, 568, 569, 570, 573, 574, 575, 576, 581, 582, 583, 584, 587, 596, 617, 650, 669, 671, 672, 673, 675, 680, 681, 682, 683, 686, 690, 692], "summary": {"covered_lines": 32, "num_statements": 89, "percent_covered": 35.95505617977528, "percent_covered_display": "36", "missing_lines": 57, "excluded_lines": 0}, "missing_lines": [548, 550, 555, 556, 557, 558, 561, 589, 591, 592, 593, 597, 598, 599, 600, 602, 607, 608, 609, 610, 613, 618, 619, 620, 621, 625, 628, 631, 632, 633, 634, 635, 636, 637, 638, 641, 642, 643, 644, 647, 652, 653, 654, 655, 660, 661, 662, 663, 666, 693, 695, 696, 701, 702, 703, 704, 707], "excluded_lines": []}, "AnonymousTypedefProcessor._update_field_references_to_extracted_entities": {"executed_lines": [714, 715, 717, 718, 721, 724, 725, 727, 728, 729, 730, 731, 733, 734, 735], "summary": {"covered_lines": 15, "num_statements": 16, "percent_covered": 93.75, "percent_covered_display": "94", "missing_lines": 1, "excluded_lines": 0}, "missing_lines": [732], "excluded_lines": []}, "AnonymousTypedefProcessor._fix_flattened_fields_with_references": {"executed_lines": [739, 741, 742, 745, 747, 748, 751, 752, 754, 755, 756, 758, 759, 762, 764, 765, 768, 771, 773, 774, 778, 779, 780, 783, 784, 786, 789, 793, 796, 797, 798, 799], "summary": {"covered_lines": 32, "num_statements": 33, "percent_covered": 96.96969696969697, "percent_covered_display": "97", "missing_lines": 1, "excluded_lines": 0}, "missing_lines": [772], "excluded_lines": []}, "AnonymousTypedefProcessor._update_entity_field_references": {"executed_lines": [803, 805, 807, 808, 810], "summary": {"covered_lines": 5, "num_statements": 5, "percent_covered": 100.0, "percent_covered_display": "100", "missing_lines": 0, "excluded_lines": 0}, "missing_lines": [], "excluded_lines": []}, "AnonymousTypedefProcessor._field_should_reference_extracted_entity": {"executed_lines": [818, 819, 820, 822, 823, 824, 826], "summary": {"covered_lines": 7, "num_statements": 7, "percent_covered": 100.0, "percent_covered_display": "100", "missing_lines": 0, "excluded_lines": 0}, "missing_lines": [], "excluded_lines": []}, "AnonymousTypedefProcessor._find_extracted_entity_for_field": {"executed_lines": [831, 832, 833, 835, 836, 839], "summary": {"covered_lines": 6, "num_statements": 7, "percent_covered": 85.71428571428571, "percent_covered_display": "86", "missing_lines": 1, "excluded_lines": 0}, "missing_lines": [837], "excluded_lines": []}, "AnonymousTypedefProcessor._has_balanced_anonymous_pattern": {"executed_lines": [844, 845, 847, 848, 849, 850, 852, 856, 857, 858, 859, 860, 861, 862, 864, 865, 866, 868, 870], "summary": {"covered_lines": 19, "num_statements": 21, "percent_covered": 90.47619047619048, "percent_covered_display": "90", "missing_lines": 2, "excluded_lines": 0}, "missing_lines": [853, 867], "excluded_lines": []}, "AnonymousTypedefProcessor._has_balanced_anonymous_pattern_no_field_name": {"executed_lines": [875, 876, 878, 879, 880, 881, 883, 887, 888, 889, 890, 891, 892, 893, 895, 896, 897, 899, 901], "summary": {"covered_lines": 19, "num_statements": 21, "percent_covered": 90.47619047619048, "percent_covered_display": "90", "missing_lines": 2, "excluded_lines": 0}, "missing_lines": [884, 898], "excluded_lines": []}, "AnonymousTypedefProcessor._extract_balanced_anonymous_struct": {"executed_lines": [905, 906, 908, 909, 910, 911, 912, 914, 918, 919, 920, 921, 922, 923, 924, 926, 929, 932, 933, 934, 935, 937], "summary": {"covered_lines": 22, "num_statements": 25, "percent_covered": 88.0, "percent_covered_display": "88", "missing_lines": 3, "excluded_lines": 0}, "missing_lines": [915, 936, 939], "excluded_lines": []}, "AnonymousTypedefProcessor._extract_balanced_anonymous_struct_no_field_name": {"executed_lines": [943, 944, 946, 947, 948, 949, 950, 952, 956, 957, 958, 959, 960, 961, 962, 964, 967, 968, 969, 971], "summary": {"covered_lines": 20, "num_statements": 23, "percent_covered": 86.95652173913044, "percent_covered_display": "87", "missing_lines": 3, "excluded_lines": 0}, "missing_lines": [953, 970, 973], "excluded_lines": []}, "": {"executed_lines": [1, 3, 4, 5, 8, 9, 11, 16, 38, 55, 89, 99, 109, 163, 167, 177, 186, 191, 246, 251, 256, 351, 447, 489, 505, 525, 542, 711, 737, 801, 812, 828, 841, 872, 903, 941], "summary": {"covered_lines": 34, "num_statements": 34, "percent_covered": 100.0, "percent_covered_display": "100", "missing_lines": 0, "excluded_lines": 0}, "missing_lines": [], "excluded_lines": []}}, "classes": {"AnonymousTypedefProcessor": {"executed_lines": [12, 13, 14, 18, 19, 21, 22, 24, 27, 29, 32, 33, 36, 41, 42, 43, 46, 47, 48, 51, 52, 53, 59, 62, 65, 66, 68, 69, 71, 72, 73, 78, 79, 80, 81, 84, 87, 94, 95, 97, 104, 105, 107, 113, 116, 117, 121, 122, 124, 125, 126, 129, 130, 131, 133, 136, 137, 138, 139, 140, 141, 142, 143, 145, 146, 149, 150, 151, 154, 157, 158, 159, 161, 165, 169, 171, 172, 173, 174, 175, 179, 180, 181, 182, 183, 184, 188, 189, 195, 197, 218, 219, 221, 223, 226, 229, 234, 235, 236, 237, 238, 239, 242, 244, 248, 249, 253, 254, 258, 261, 263, 264, 266, 269, 272, 274, 278, 279, 280, 282, 283, 284, 285, 286, 288, 290, 291, 292, 295, 296, 299, 300, 304, 306, 310, 312, 313, 314, 316, 317, 319, 320, 326, 346, 347, 349, 353, 356, 358, 359, 360, 361, 362, 365, 366, 370, 373, 374, 375, 376, 377, 379, 380, 383, 386, 403, 406, 407, 411, 412, 415, 420, 421, 422, 425, 426, 427, 431, 432, 439, 441, 442, 443, 445, 492, 496, 500, 503, 513, 515, 518, 519, 522, 523, 527, 530, 536, 537, 538, 540, 547, 564, 565, 566, 567, 568, 569, 570, 573, 574, 575, 576, 581, 582, 583, 584, 587, 596, 617, 650, 669, 671, 672, 673, 675, 680, 681, 682, 683, 686, 690, 692, 714, 715, 717, 718, 721, 724, 725, 727, 728, 729, 730, 731, 733, 734, 735, 739, 741, 742, 745, 747, 748, 751, 752, 754, 755, 756, 758, 759, 762, 764, 765, 768, 771, 773, 774, 778, 779, 780, 783, 784, 786, 789, 793, 796, 797, 798, 799, 803, 805, 807, 808, 810, 818, 819, 820, 822, 823, 824, 826, 831, 832, 833, 835, 836, 839, 844, 845, 847, 848, 849, 850, 852, 856, 857, 858, 859, 860, 861, 862, 864, 865, 866, 868, 870, 875, 876, 878, 879, 880, 881, 883, 887, 888, 889, 890, 891, 892, 893, 895, 896, 897, 899, 901, 905, 906, 908, 909, 910, 911, 912, 914, 918, 919, 920, 921, 922, 923, 924, 926, 929, 932, 933, 934, 935, 937, 943, 944, 946, 947, 948, 949, 950, 952, 956, 957, 958, 959, 960, 961, 962, 964, 967, 968, 969, 971], "summary": {"covered_lines": 377, "num_statements": 531, "percent_covered": 70.99811676082862, "percent_covered_display": "71", "missing_lines": 154, "excluded_lines": 0}, "missing_lines": [134, 155, 199, 202, 204, 207, 208, 209, 210, 211, 212, 214, 231, 267, 275, 301, 307, 323, 324, 325, 328, 329, 330, 332, 333, 335, 336, 337, 340, 341, 342, 343, 367, 382, 387, 389, 390, 391, 392, 393, 394, 396, 397, 400, 401, 402, 408, 416, 417, 428, 433, 434, 435, 450, 452, 453, 454, 455, 456, 459, 460, 461, 462, 463, 464, 465, 467, 468, 471, 472, 473, 474, 475, 478, 479, 480, 481, 483, 484, 485, 487, 493, 497, 501, 548, 550, 555, 556, 557, 558, 561, 589, 591, 592, 593, 597, 598, 599, 600, 602, 607, 608, 609, 610, 613, 618, 619, 620, 621, 625, 628, 631, 632, 633, 634, 635, 636, 637, 638, 641, 642, 643, 644, 647, 652, 653, 654, 655, 660, 661, 662, 663, 666, 693, 695, 696, 701, 702, 703, 704, 707, 732, 772, 837, 853, 867, 884, 898, 915, 936, 939, 953, 970, 973], "excluded_lines": []}, "": {"executed_lines": [1, 3, 4, 5, 8, 9, 11, 16, 38, 55, 89, 99, 109, 163, 167, 177, 186, 191, 246, 251, 256, 351, 447, 489, 505, 525, 542, 711, 737, 801, 812, 828, 841, 872, 903, 941], "summary": {"covered_lines": 34, "num_statements": 34, "percent_covered": 100.0, "percent_covered_display": "100", "missing_lines": 0, "excluded_lines": 0}, "missing_lines": [], "excluded_lines": []}}}, "src/c2puml/core/parser_tokenizer.py": {"executed_lines": [2, 6, 7, 8, 9, 10, 13, 14, 17, 18, 19, 20, 21, 22, 23, 24, 25, 26, 29, 30, 31, 32, 33, 34, 35, 36, 39, 40, 41, 42, 43, 44, 45, 46, 47, 48, 49, 50, 53, 54, 55, 56, 59, 60, 61, 64, 65, 66, 67, 68, 71, 72, 73, 75, 76, 77, 78, 80, 84, 85, 88, 110, 125, 129, 130, 133, 150, 152, 153, 154, 155, 156, 157, 158, 159, 160, 161, 162, 163, 165, 166, 179, 181, 182, 183, 185, 186, 189, 198, 200, 211, 217, 218, 219, 220, 221, 223, 225, 226, 227, 229, 238, 249, 251, 255, 257, 259, 260, 262, 264, 265, 266, 267, 270, 271, 272, 273, 276, 278, 279, 281, 282, 283, 284, 287, 288, 289, 290, 293, 294, 295, 296, 297, 298, 300, 301, 302, 305, 315, 316, 318, 320, 321, 322, 324, 325, 328, 329, 330, 331, 333, 343, 344, 347, 348, 351, 352, 353, 354, 357, 358, 359, 360, 361, 364, 365, 366, 367, 369, 381, 382, 385, 386, 387, 388, 389, 390, 393, 394, 396, 398, 402, 403, 410, 412, 416, 417, 419, 420, 422, 424, 425, 428, 430, 431, 434, 435, 436, 441, 445, 447, 449, 452, 453, 455, 456, 457, 458, 460, 466, 467, 469, 470, 471, 472, 473, 474, 475, 476, 477, 479, 481, 483, 485, 486, 488, 489, 490, 491, 492, 493, 494, 495, 496, 498, 500, 502, 508, 509, 511, 512, 513, 514, 516, 518, 520, 521, 523, 524, 525, 526, 527, 528, 529, 530, 531, 533, 535, 537, 539, 541, 546, 548, 549, 550, 551, 554, 556, 562, 563, 565, 566, 567, 568, 569, 570, 572, 574, 576, 579, 581, 584, 585, 586, 588, 589, 591, 592, 594, 598, 604, 620, 621, 622, 625, 626, 628, 629, 631, 632, 634, 639, 640, 642, 646, 647, 650, 651, 652, 653, 654, 655, 656, 661, 662, 664, 666, 667, 668, 669, 670, 671, 672, 675, 676, 678, 679, 680, 681, 682, 685, 686, 689, 691, 692, 694, 696, 699, 701, 704, 706, 707, 710, 713, 719, 720, 721, 724, 730, 732, 733, 736, 737, 742, 743, 744, 745, 746, 747, 748, 750, 753, 757, 759, 760, 762, 764, 767, 769, 772, 778, 779, 780, 783, 786, 788, 789, 792, 793, 795, 799, 800, 803, 804, 805, 806, 807, 808, 809, 814, 815, 817, 819, 820, 821, 822, 823, 824, 826, 838, 839, 842, 844, 845, 847, 849, 852, 854, 857, 859, 860, 863, 864, 865, 866, 870, 872, 878, 881, 882, 885, 887, 891, 892, 896, 897, 900, 901, 902, 913, 914, 915, 920, 923, 924, 927, 928, 929, 947, 948, 949, 960, 961, 966, 972, 973, 975, 976, 977, 986, 989, 990, 993, 994, 996, 998, 1002, 1003, 1004, 1005, 1010, 1015, 1017, 1020, 1023, 1024, 1026, 1027, 1028, 1029, 1030, 1031, 1033, 1037, 1038, 1039, 1040, 1042, 1043, 1048, 1050, 1053, 1054, 1057, 1063, 1064, 1065, 1068, 1073, 1077, 1078, 1082, 1085, 1086, 1089, 1090, 1091, 1094, 1096, 1098, 1101, 1102, 1105, 1111, 1112, 1114, 1117, 1123, 1124, 1125, 1128, 1133, 1137, 1138, 1142, 1143, 1144, 1147, 1148, 1149, 1152, 1155, 1167, 1174, 1175, 1176, 1177, 1178, 1180, 1183, 1184, 1185, 1186, 1187, 1188, 1189, 1190, 1192, 1193, 1196, 1197, 1200, 1201, 1204, 1205, 1206, 1207, 1208, 1210, 1212, 1214, 1216, 1217, 1218, 1222, 1226, 1227, 1228, 1229, 1231, 1233, 1235, 1240, 1243, 1245, 1252, 1255, 1256, 1258, 1259, 1260, 1261, 1262, 1263, 1265, 1267, 1268, 1270, 1271, 1272, 1276, 1277, 1294, 1301, 1304, 1305, 1307, 1308, 1309, 1310, 1311, 1312, 1314, 1316, 1317, 1319, 1320, 1321, 1325, 1326, 1342, 1351, 1352, 1353, 1354, 1355, 1356, 1358, 1359, 1364, 1365, 1366, 1373, 1374, 1381, 1384, 1385, 1388, 1394, 1395, 1396, 1397, 1399, 1404, 1405, 1406, 1407, 1408, 1410, 1412, 1413, 1416, 1417, 1418, 1419, 1420, 1421, 1422, 1423, 1424, 1425, 1427, 1429, 1430, 1433, 1434, 1438, 1439, 1440, 1442, 1448, 1449, 1450, 1451, 1453, 1458, 1460, 1461, 1462, 1469, 1470, 1471, 1472, 1476, 1477, 1478, 1481, 1482, 1483, 1484, 1485, 1486, 1487, 1488, 1489, 1490, 1491, 1493, 1496, 1497, 1498, 1499, 1500, 1502, 1503, 1504, 1507, 1508, 1510, 1511, 1512, 1513, 1515, 1521, 1522, 1523, 1524, 1527, 1528, 1529, 1536, 1537, 1538, 1539, 1540, 1541, 1542, 1545, 1547, 1548, 1549, 1550, 1551, 1553, 1554, 1555, 1556, 1557, 1558, 1559, 1564, 1565, 1566, 1567, 1568, 1569, 1570, 1571, 1572, 1573, 1578, 1579, 1580, 1581, 1582, 1585, 1594, 1595, 1596, 1598, 1599, 1600, 1601, 1602, 1604, 1605, 1606, 1607, 1608, 1609, 1611, 1613, 1614, 1615, 1618, 1619, 1620, 1621, 1623, 1628, 1629], "summary": {"covered_lines": 755, "num_statements": 865, "percent_covered": 87.28323699421965, "percent_covered_display": "87", "missing_lines": 110, "excluded_lines": 2}, "missing_lines": [167, 168, 170, 171, 205, 206, 207, 208, 209, 230, 239, 317, 319, 335, 336, 339, 340, 438, 543, 544, 552, 560, 580, 595, 601, 606, 607, 608, 610, 611, 613, 614, 616, 617, 636, 643, 700, 716, 727, 738, 739, 749, 768, 775, 796, 825, 828, 829, 831, 832, 833, 834, 835, 853, 907, 909, 955, 957, 999, 1011, 1013, 1021, 1034, 1044, 1046, 1051, 1060, 1071, 1074, 1079, 1092, 1099, 1108, 1120, 1131, 1134, 1139, 1150, 1157, 1158, 1159, 1179, 1211, 1230, 1232, 1237, 1238, 1239, 1274, 1282, 1283, 1284, 1285, 1287, 1288, 1290, 1291, 1292, 1323, 1331, 1332, 1333, 1334, 1335, 1336, 1338, 1339, 1340, 1552, 1630], "excluded_lines": [80, 81], "functions": {"Token.__repr__": {"executed_lines": [], "summary": {"covered_lines": 0, "num_statements": 0, "percent_covered": 100.0, "percent_covered_display": "100", "missing_lines": 0, "excluded_lines": 1}, "missing_lines": [], "excluded_lines": [81]}, "CTokenizer.__init__": {"executed_lines": [130, 133], "summary": {"covered_lines": 2, "num_statements": 2, "percent_covered": 100.0, "percent_covered_display": "100", "missing_lines": 0, "excluded_lines": 0}, "missing_lines": [], "excluded_lines": []}, "CTokenizer.tokenize": {"executed_lines": [152, 153, 154, 155, 156, 157, 158, 159, 160, 161, 162, 163, 165, 166, 179, 181, 182, 183, 185, 186, 189, 198, 200, 211, 217, 218, 219, 220, 221, 223, 225, 226, 227, 229, 238, 249, 251, 255], "summary": {"covered_lines": 38, "num_statements": 49, "percent_covered": 77.55102040816327, "percent_covered_display": "78", "missing_lines": 11, "excluded_lines": 0}, "missing_lines": [167, 168, 170, 171, 205, 206, 207, 208, 209, 230, 239], "excluded_lines": []}, "CTokenizer._tokenize_line": {"executed_lines": [259, 260, 262, 264, 265, 266, 267, 270, 271, 272, 273, 276, 278, 279, 281, 282, 283, 284, 287, 288, 289, 290, 293, 294, 295, 296, 297, 298, 300, 301, 302, 305, 315, 316, 318, 320, 321, 322, 324, 325, 328, 329, 330, 331, 333, 343, 344, 347, 348, 351, 352, 353, 354, 357, 358, 359, 360, 361, 364, 365, 366, 367, 369, 381, 382, 385, 386, 387, 388, 389, 390, 393, 394, 396], "summary": {"covered_lines": 74, "num_statements": 80, "percent_covered": 92.5, "percent_covered_display": "92", "missing_lines": 6, "excluded_lines": 0}, "missing_lines": [317, 319, 335, 336, 339, 340], "excluded_lines": []}, "CTokenizer.filter_tokens": {"executed_lines": [402, 403, 410], "summary": {"covered_lines": 3, "num_statements": 3, "percent_covered": 100.0, "percent_covered_display": "100", "missing_lines": 0, "excluded_lines": 0}, "missing_lines": [], "excluded_lines": []}, "CTokenizer._merge_multiline_macros": {"executed_lines": [416, 417, 419, 420, 422, 424, 425, 428, 430, 431, 434, 435, 436, 441, 445, 447, 449], "summary": {"covered_lines": 17, "num_statements": 18, "percent_covered": 94.44444444444444, "percent_covered_display": "94", "missing_lines": 1, "excluded_lines": 0}, "missing_lines": [438], "excluded_lines": []}, "StructureFinder.__init__": {"executed_lines": [456, 457, 458], "summary": {"covered_lines": 3, "num_statements": 3, "percent_covered": 100.0, "percent_covered_display": "100", "missing_lines": 0, "excluded_lines": 0}, "missing_lines": [], "excluded_lines": []}, "StructureFinder.find_structs": {"executed_lines": [466, 467, 469, 470, 471, 472, 473, 474, 475, 476, 477, 479, 481], "summary": {"covered_lines": 13, "num_statements": 13, "percent_covered": 100.0, "percent_covered_display": "100", "missing_lines": 0, "excluded_lines": 0}, "missing_lines": [], "excluded_lines": []}, "StructureFinder.find_enums": {"executed_lines": [485, 486, 488, 489, 490, 491, 492, 493, 494, 495, 496, 498, 500], "summary": {"covered_lines": 13, "num_statements": 13, "percent_covered": 100.0, "percent_covered_display": "100", "missing_lines": 0, "excluded_lines": 0}, "missing_lines": [], "excluded_lines": []}, "StructureFinder.find_functions": {"executed_lines": [508, 509, 511, 512, 513, 514, 516], "summary": {"covered_lines": 7, "num_statements": 7, "percent_covered": 100.0, "percent_covered_display": "100", "missing_lines": 0, "excluded_lines": 0}, "missing_lines": [], "excluded_lines": []}, "StructureFinder.find_unions": {"executed_lines": [520, 521, 523, 524, 525, 526, 527, 528, 529, 530, 531, 533, 535], "summary": {"covered_lines": 13, "num_statements": 13, "percent_covered": 100.0, "percent_covered_display": "100", "missing_lines": 0, "excluded_lines": 0}, "missing_lines": [], "excluded_lines": []}, "StructureFinder._current_token_is": {"executed_lines": [539], "summary": {"covered_lines": 1, "num_statements": 1, "percent_covered": 100.0, "percent_covered_display": "100", "missing_lines": 0, "excluded_lines": 0}, "missing_lines": [], "excluded_lines": []}, "StructureFinder._peek_token": {"executed_lines": [], "summary": {"covered_lines": 0, "num_statements": 2, "percent_covered": 0.0, "percent_covered_display": "0", "missing_lines": 2, "excluded_lines": 0}, "missing_lines": [543, 544], "excluded_lines": []}, "StructureFinder._advance": {"executed_lines": [548, 549, 550, 551], "summary": {"covered_lines": 4, "num_statements": 5, "percent_covered": 80.0, "percent_covered_display": "80", "missing_lines": 1, "excluded_lines": 0}, "missing_lines": [552], "excluded_lines": []}, "StructureFinder._find_matching_brace": {"executed_lines": [556, 562, 563, 565, 566, 567, 568, 569, 570, 572], "summary": {"covered_lines": 10, "num_statements": 11, "percent_covered": 90.9090909090909, "percent_covered_display": "91", "missing_lines": 1, "excluded_lines": 0}, "missing_lines": [560], "excluded_lines": []}, "StructureFinder._parse_struct": {"executed_lines": [576, 579, 581, 584, 585, 586, 588, 589, 591, 592, 594, 598, 604, 620, 621, 622, 625, 626, 628, 629, 631, 632, 634, 639, 640, 642, 646, 647, 650, 651, 652, 653, 654, 655, 656, 661, 662, 664, 666, 667, 668, 669, 670, 671, 672, 675, 676, 678, 679, 680, 681, 682, 685, 686, 689, 691, 692], "summary": {"covered_lines": 57, "num_statements": 
[...]
xecuted_lines": [234, 238], "summary": {"covered_lines": 2, "num_statements": 3, "percent_covered": 66.66666666666667, "percent_covered_display": "67", "missing_lines": 1, "excluded_lines": 0}, "missing_lines": [235], "excluded_lines": []}, "ModelVerifier._is_suspicious_type": {"executed_lines": [242, 245, 248, 256, 257, 258, 261, 262, 265, 268], "summary": {"covered_lines": 10, "num_statements": 12, "percent_covered": 83.33333333333333, "percent_covered_display": "83", "missing_lines": 2, "excluded_lines": 0}, "missing_lines": [243, 266], "excluded_lines": []}, "ModelVerifier._is_suspicious_value": {"executed_lines": [272, 275, 278, 283, 284, 288, 292, 295], "summary": {"covered_lines": 8, "num_statements": 12, "percent_covered": 66.66666666666667, "percent_covered_display": "67", "missing_lines": 4, "excluded_lines": 0}, "missing_lines": [273, 285, 289, 293], "excluded_lines": []}, "ModelVerifier._has_unbalanced_brackets": {"executed_lines": [299, 300, 302, 303, 304, 305, 306, 309], "summary": {"covered_lines": 8, "num_statements": 9, "percent_covered": 88.88888888888889, "percent_covered_display": "89", "missing_lines": 1, "excluded_lines": 0}, "missing_lines": [307], "excluded_lines": []}, "": {"executed_lines": [2, 8, 9, 10, 12, 15, 16, 18, 22, 55, 66, 112, 124, 143, 155, 175, 179, 192, 206, 232, 240, 270, 297], "summary": {"covered_lines": 21, "num_statements": 21, "percent_covered": 100.0, "percent_covered_display": "100", "missing_lines": 0, "excluded_lines": 0}, "missing_lines": [], "excluded_lines": []}}, "classes": {"ModelVerifier": {"executed_lines": [19, 20, 32, 35, 38, 41, 42, 44, 46, 47, 48, 49, 53, 57, 60, 63, 69, 72, 76, 77, 79, 80, 81, 82, 86, 89, 90, 93, 94, 97, 98, 101, 102, 105, 106, 109, 110, 114, 117, 121, 122, 126, 129, 133, 134, 138, 145, 148, 152, 153, 157, 159, 164, 170, 171, 172, 173, 177, 181, 184, 187, 194, 196, 201, 209, 211, 212, 217, 221, 222, 227, 234, 238, 242, 245, 248, 256, 257, 258, 261, 262, 265, 268, 272, 275, 278, 283, 284, 288, 292, 295, 299, 300, 302, 303, 304, 305, 306, 309], "summary": {"covered_lines": 99, "num_statements": 133, "percent_covered": 74.43609022556392, "percent_covered_display": "74", "missing_lines": 34, "excluded_lines": 0}, "missing_lines": [51, 58, 61, 64, 70, 73, 83, 115, 118, 127, 130, 135, 139, 146, 149, 158, 160, 165, 182, 185, 188, 197, 202, 210, 218, 228, 235, 243, 266, 273, 285, 289, 293, 307], "excluded_lines": []}, "": {"executed_lines": [2, 8, 9, 10, 12, 15, 16, 18, 22, 55, 66, 112, 124, 143, 155, 175, 179, 192, 206, 232, 240, 270, 297], "summary": {"covered_lines": 21, "num_statements": 21, "percent_covered": 100.0, "percent_covered_display": "100", "missing_lines": 0, "excluded_lines": 0}, "missing_lines": [], "excluded_lines": []}}}, "src/c2puml/main.py": {"executed_lines": [2, 11, 12, 13, 14, 15, 16, 18, 19, 20, 21, 24, 25, 26, 33, 34, 35, 36, 37, 50, 51, 62, 69, 75, 78, 80, 83, 84, 87, 90, 91, 92, 98, 101, 102, 103, 105, 106, 109, 110, 111, 113, 119, 120, 134, 135, 136, 137, 146, 147, 153, 154, 155, 157, 158, 159, 161, 162, 169, 173, 174, 180, 182, 184, 190, 192, 193, 202, 204, 206, 207, 208, 209, 213, 214, 215, 231, 232], "summary": {"covered_lines": 75, "num_statements": 120, "percent_covered": 62.5, "percent_covered_display": "62", "missing_lines": 45, "excluded_lines": 2}, "missing_lines": [38, 40, 41, 42, 43, 44, 45, 47, 85, 93, 94, 95, 121, 122, 124, 125, 126, 127, 128, 129, 130, 131, 148, 149, 150, 163, 164, 166, 167, 168, 175, 176, 177, 216, 217, 219, 220, 221, 222, 223, 224, 225, 226, 227, 228], "excluded_lines": [231, 232], "functions": {"setup_logging": {"executed_lines": [25, 26], "summary": {"covered_lines": 2, "num_statements": 2, "percent_covered": 100.0, "percent_covered_display": "100", "missing_lines": 0, "excluded_lines": 0}, "missing_lines": [], "excluded_lines": []}, "load_config_from_path": {"executed_lines": [34, 35, 36, 37], "summary": {"covered_lines": 4, "num_statements": 12, "percent_covered": 33.333333333333336, "percent_covered_display": "33", "missing_lines": 8, "excluded_lines": 0}, "missing_lines": [38, 40, 41, 42, 43, 44, 45, 47], "excluded_lines": []}, "main": {"executed_lines": [51, 62, 69, 75, 78, 80, 83, 84, 87, 90, 91, 92, 98, 101, 102, 103, 105, 106, 109, 110, 111, 113, 119, 120, 134, 135, 136, 137, 146, 147, 153, 154, 155, 157, 158, 159, 161, 162, 169, 173, 174, 180, 182, 184, 190, 192, 193, 202, 204, 206, 207, 208, 209, 213, 214, 215], "summary": {"covered_lines": 56, "num_statements": 93, "percent_covered": 60.215053763440864, "percent_covered_display": "60", "missing_lines": 37, "excluded_lines": 0}, "missing_lines": [85, 93, 94, 95, 121, 122, 124, 125, 126, 127, 128, 129, 130, 131, 148, 149, 150, 163, 164, 166, 167, 168, 175, 176, 177, 216, 217, 219, 220, 221, 222, 223, 224, 225, 226, 227, 228], "excluded_lines": []}, "": {"executed_lines": [2, 11, 12, 13, 14, 15, 16, 18, 19, 20, 21, 24, 33, 50, 231, 232], "summary": {"covered_lines": 13, "num_statements": 13, "percent_covered": 100.0, "percent_covered_display": "100", "missing_lines": 0, "excluded_lines": 2}, "missing_lines": [], "excluded_lines": [231, 232]}}, "classes": {"": {"executed_lines": [2, 11, 12, 13, 14, 15, 16, 18, 19, 20, 21, 24, 25, 26, 33, 34, 35, 36, 37, 50, 51, 62, 69, 75, 78, 80, 83, 84, 87, 90, 91, 92, 98, 101, 102, 103, 105, 106, 109, 110, 111, 113, 119, 120, 134, 135, 136, 137, 146, 147, 153, 154, 155, 157, 158, 159, 161, 162, 169, 173, 174, 180, 182, 184, 190, 192, 193, 202, 204, 206, 207, 208, 209, 213, 214, 215, 231, 232], "summary": {"covered_lines": 75, "num_statements": 120, "percent_covered": 62.5, "percent_covered_display": "62", "missing_lines": 45, "excluded_lines": 2}, "missing_lines": [38, 40, 41, 42, 43, 44, 45, 47, 85, 93, 94, 95, 121, 122, 124, 125, 126, 127, 128, 129, 130, 131, 148, 149, 150, 163, 164, 166, 167, 168, 175, 176, 177, 216, 217, 219, 220, 221, 222, 223, 224, 225, 226, 227, 228], "excluded_lines": [231, 232]}}}, "src/c2puml/models.py": {"executed_lines": [2, 6, 7, 8, 11, 12, 13, 15, 16, 17, 19, 24, 26, 30, 36, 40, 49, 50, 51, 53, 54, 55, 57, 59, 61, 63, 67, 68, 69, 71, 72, 73, 74, 75, 76, 78, 80, 82, 86, 87, 88, 89, 90, 92, 93, 96, 97, 98, 100, 101, 102, 103, 104, 108, 110, 114, 115, 116, 117, 119, 120, 124, 125, 126, 128, 129, 130, 132, 133, 136, 141, 142, 143, 145, 146, 147, 148, 152, 154, 158, 159, 160, 162, 163, 164, 168, 170, 172, 176, 177, 178, 180, 182, 183, 184, 185, 186, 187, 188, 189, 190, 191, 192, 193, 194, 196, 197, 199, 201, 203, 206, 208, 210, 215, 216, 217, 218, 219, 221, 223, 224, 226, 227, 230, 231, 232, 233, 234, 235, 236, 237, 238, 241, 243, 244, 247, 250, 251, 254, 255, 260, 261, 262, 263, 264, 268, 272, 283, 284, 285, 286, 287, 291, 298, 299, 305, 306, 307, 308, 309, 313, 323, 324, 325, 326, 327, 337, 338, 339, 340, 341, 342, 343, 344, 345, 347, 349, 354, 355, 356, 358, 359, 360, 362, 364, 366, 369, 371, 380, 381, 382, 386, 387, 389, 394, 400, 401, 403, 404, 405, 406, 412, 415, 416, 417, 418, 419, 420, 423, 425, 426, 427, 428, 431, 432, 435, 436, 437, 438, 441, 442, 445, 446, 450, 451, 453, 456, 494, 497, 500, 501, 502, 503, 505, 507, 508, 510], "summary": {"covered_lines": 226, "num_statements": 251, "percent_covered": 90.0398406374502, "percent_covered_display": "90", "missing_lines": 25, "excluded_lines": 4}, "missing_lines": [27, 31, 37, 41, 60, 62, 64, 81, 83, 111, 121, 134, 155, 171, 173, 280, 293, 320, 334, 365, 367, 383, 384, 407, 408], "excluded_lines": [19, 20, 21, 22], "functions": {"Field.__repr__": {"executed_lines": [], "summary": {"covered_lines": 0, "num_statements": 0, "percent_covered": 100.0, "percent_covered_display": "100", "missing_lines": 0, "excluded_lines": 3}, "missing_lines": [], "excluded_lines": [20, 21, 22]}, "Field.__post_init__": {"executed_lines": [26, 30, 36, 40], "summary": {"covered_lines": 4, "num_statements": 8, "percent_covered": 50.0, "percent_covered_display": "50", "missing_lines": 4, "excluded_lines": 0}, "missing_lines": [27, 31, 37, 41], "excluded_lines": []}, "IncludeRelation.__post_init__": {"executed_lines": [59, 61, 63], "summary": {"covered_lines": 3, "num_statements": 6, "percent_covered": 50.0, "percent_covered_display": "50", "missing_lines": 3, "excluded_lines": 0}, "missing_lines": [60, 62, 64], "excluded_lines": []}, "Function.__post_init__": {"executed_lines": [80, 82, 86, 87, 88, 89, 90, 92, 93], "summary": {"covered_lines": 9, "num_statements": 11, "percent_covered": 81.81818181818181, "percent_covered_display": "82", "missing_lines": 2, "excluded_lines": 0}, "missing_lines": [81, 83], "excluded_lines": []}, "Struct.__post_init__": {"executed_lines": [110], "summary": {"covered_lines": 1, "num_statements": 2, "percent_covered": 50.0, "percent_covered_display": "50", "missing_lines": 1, "excluded_lines": 0}, "missing_lines": [111], "excluded_lines": []}, "EnumValue.__post_init__": {"executed_lines": [120], "summary": {"covered_lines": 1, "num_statements": 2, "percent_covered": 50.0, "percent_covered_display": "50", "missing_lines": 1, "excluded_lines": 0}, "missing_lines": [121], "excluded_lines": []}, "Enum.__post_init__": {"executed_lines": [133, 136], "summary": {"covered_lines": 2, "num_statements": 3, "percent_covered": 66.66666666666667, "percent_covered_display": "67", "missing_lines": 1, "excluded_lines": 0}, "missing_lines": [134], "excluded_lines": []}, "Union.__post_init__": {"executed_lines": [154], "summary": {"covered_lines": 1, "num_statements": 2, "percent_covered": 50.0, "percent_covered_display": "50", "missing_lines": 1, "excluded_lines": 0}, "missing_lines": [155], "excluded_lines": []}, "Alias.__post_init__": {"executed_lines": [170, 172], "summary": {"covered_lines": 2, "num_statements": 4, "percent_covered": 50.0, "percent_covered_display": "50", "missing_lines": 2, "excluded_lines": 0}, "missing_lines": [171, 173], "excluded_lines": []}, "FileModel.__post_init__": {"executed_lines": [196, 197, 199], "summary": {"covered_lines": 3, "num_statements": 3, "percent_covered": 100.0, "percent_covered_display": "100", "missing_lines": 0, "excluded_lines": 0}, "missing_lines": [], "excluded_lines": []}, "FileModel.to_dict": {"executed_lines": [203, 206, 208, 210, 215, 216, 217, 218, 219, 221, 223, 224, 226, 227, 230, 231, 232, 233, 234, 235, 236, 237, 238, 241], "summary": {"covered_lines": 24, "num_statements": 24, "percent_covered": 100.0, "percent_covered_display": "100", "missing_lines": 0, "excluded_lines": 0}, "missing_lines": [], "excluded_lines": []}, "FileModel.from_dict": {"executed_lines": [247, 250, 251, 254, 255, 260, 261, 262, 263, 264, 268, 272, 283, 284, 285, 286, 287, 291, 298, 299, 305, 306, 307, 308, 309, 313, 323, 324, 325, 326, 327, 337, 338, 339, 340, 341, 342, 343, 344, 345, 347, 349], "summary": {"covered_lines": 42, "num_statements": 46, "percent_covered": 91.30434782608695, "percent_covered_display": "91", "missing_lines": 4, "excluded_lines": 0}, "missing_lines": [280, 293, 320, 334], "excluded_lines": []}, "ProjectModel.__post_init__": {"executed_lines": [364, 366], "summary": {"covered_lines": 2, "num_statements": 4, "percent_covered": 50.0, "percent_covered_display": "50", "missing_lines": 2, "excluded_lines": 0}, "missing_lines": [365, 367], "excluded_lines": []}, "ProjectModel.save": {"executed_lines": [371, 380, 381, 382], "summary": {"covered_lines": 4, "num_statements": 6, "percent_covered": 66.66666666666667, "percent_covered_display": "67", "missing_lines": 2, "excluded_lines": 0}, "missing_lines": [383, 384], "excluded_lines": []}, "ProjectModel.from_dict": {"executed_lines": [389, 394], "summary": {"covered_lines": 2, "num_statements": 2, "percent_covered": 100.0, "percent_covered_display": "100", "missing_lines": 0, "excluded_lines": 0}, "missing_lines": [], "excluded_lines": []}, "ProjectModel.load": {"executed_lines": [403, 404, 405, 406], "summary": {"covered_lines": 4, "num_statements": 6, "percent_covered": 66.66666666666667, "percent_covered_display": "67", "missing_lines": 2, "excluded_lines": 0}, "missing_lines": [407, 408], "excluded_lines": []}, "ProjectModel.update_uses_fields": {"executed_lines": [415, 416, 417, 418, 419, 420, 423, 425, 426, 427, 428, 431, 432, 435, 436, 437, 438, 441, 442, 445, 446, 450, 451], "summary": {"covered_lines": 23, "num_statements": 23, "percent_covered": 100.0, "percent_covered_display": "100", "missing_lines": 0, "excluded_lines": 0}, "missing_lines": [], "excluded_lines": []}, "ProjectModel._extract_non_primitive_types": {"executed_lines": [456, 494, 497, 500, 501, 502, 503, 505, 507, 508, 510], "summary": {"covered_lines": 11, "num_statements": 11, "percent_covered": 100.0, "percent_covered_display": "100", "missing_lines": 0, "excluded_lines": 0}, "missing_lines": [], "excluded_lines": []}, "": {"executed_lines": [2, 6, 7, 8, 11, 12, 13, 15, 16, 17, 19, 24, 49, 50, 51, 53, 54, 55, 57, 67, 68, 69, 71, 72, 73, 74, 75, 76, 78, 96, 97, 98, 100, 101, 102, 103, 104, 108, 114, 115, 116, 117, 119, 124, 125, 126, 128, 129, 130, 132, 141, 142, 143, 145, 146, 147, 148, 152, 158, 159, 160, 162, 163, 164, 168, 176, 177, 178, 180, 182, 183, 184, 185, 186, 187, 188, 189, 190, 191, 192, 193, 194, 201, 243, 244, 354, 355, 356, 358, 359, 360, 362, 369, 386, 387, 400, 401, 412, 453], "summary": {"covered_lines": 88, "num_statements": 88, "percent_covered": 100.0, "percent_covered_display": "100", "missing_lines": 0, "excluded_lines": 1}, "missing_lines": [], "excluded_lines": [19]}}, "classes": {"Field": {"executed_lines": [26, 30, 36, 40], "summary": {"covered_lines": 4, "num_statements": 8, "percent_covered": 50.0, "percent_covered_display": "50", "missing_lines": 4, "excluded_lines": 3}, "missing_lines": [27, 31, 37, 41], "excluded_lines": [20, 21, 22]}, "IncludeRelation": {"executed_lines": [59, 61, 63], "summary": {"covered_lines": 3, "num_statements": 6, "percent_covered": 50.0, "percent_covered_display": "50", "missing_lines": 3, "excluded_lines": 0}, "missing_lines": [60, 62, 64], "excluded_lines": []}, "Function": {"executed_lines": [80, 82, 86, 87, 88, 89, 90, 92, 93], "summary": {"covered_lines": 9, "num_statements": 11, "percent_covered": 81.81818181818181, "percent_covered_display": "82", "missing_lines": 2, "excluded_lines": 0}, "missing_lines": [81, 83], "excluded_lines": []}, "Struct": {"executed_lines": [110], "summary": {"covered_lines": 1, "num_statements": 2, "percent_covered": 50.0, "percent_covered_display": "50", "missing_lines": 1, "excluded_lines": 0}, "missing_lines": [111], "excluded_lines": []}, "EnumValue": {"executed_lines": [120], "summary": {"covered_lines": 1, "num_statements": 2, "percent_covered": 50.0, "percent_covered_display": "50", "missing_lines": 1, "excluded_lines": 0}, "missing_lines": [121], "excluded_lines": []}, "Enum": {"executed_lines": [133, 136], "summary": {"covered_lines": 2, "num_statements": 3, "percent_covered": 66.66666666666667, "percent_covered_display": "67", "missing_lines": 1, "excluded_lines": 0}, "missing_lines": [134], "excluded_lines": []}, "Union": {"executed_lines": [154], "summary": {"covered_lines": 1, "num_statements": 2, "percent_covered": 50.0, "percent_covered_display": "50", "missing_lines": 1, "excluded_lines": 0}, "missing_lines": [155], "excluded_lines": []}, "Alias": {"executed_lines": [170, 172], "summary": {"covered_lines": 2, "num_statements": 4, "percent_covered": 50.0, "percent_covered_display": "50", "missing_lines": 2, "excluded_lines": 0}, "missing_lines": [171, 173], "excluded_lines": []}, "FileModel": {"executed_lines": [196, 197, 199, 203, 206, 208, 210, 215, 216, 217, 218, 219, 221, 223, 224, 226, 227, 230, 231, 232, 233, 234, 235, 236, 237, 238, 241, 247, 250, 251, 254, 255, 260, 261, 262, 263, 264, 268, 272, 283, 284, 285, 286, 287, 291, 298, 299, 305, 306, 307, 308, 309, 313, 323, 324, 325, 326, 327, 337, 338, 339, 340, 341, 342, 343, 344, 345, 347, 349], "summary": {"covered_lines": 69, "num_statements": 73, "percent_covered": 94.52054794520548, "percent_covered_display": "95", "missing_lines": 4, "excluded_lines": 0}, "missing_lines": [280, 293, 320, 334], "excluded_lines": []}, "ProjectModel": {"executed_lines": [364, 366, 371, 380, 381, 382, 389, 394, 403, 404, 405, 406, 415, 416, 417, 418, 419, 420, 423, 425, 426, 427, 428, 431, 432, 435, 436, 437, 438, 441, 442, 445, 446, 450, 451, 456, 494, 497, 500, 501, 502, 503, 505, 507, 508, 510], "summary": {"covered_lines": 46, "num_statements": 52, "percent_covered": 88.46153846153847, "percent_covered_display": "88", "missing_lines": 6, "excluded_lines": 0}, "missing_lines": [365, 367, 383, 384, 407, 408], "excluded_lines": []}, "": {"executed_lines": [2, 6, 7, 8, 11, 12, 13, 15, 16, 17, 19, 24, 49, 50, 51, 53, 54, 55, 57, 67, 68, 69, 71, 72, 73, 74, 75, 76, 78, 96, 97, 98, 100, 101, 102, 103, 104, 108, 114, 115, 116, 117, 119, 124, 125, 126, 128, 129, 130, 132, 141, 142, 143, 145, 146, 147, 148, 152, 158, 159, 160, 162, 163, 164, 168, 176, 177, 178, 180, 182, 183, 184, 185, 186, 187, 188, 189, 190, 191, 192, 193, 194, 201, 243, 244, 354, 355, 356, 358, 359, 360, 362, 369, 386, 387, 400, 401, 412, 453], "summary": {"covered_lines": 88, "num_statements": 88, "percent_covered": 100.0, "percent_covered_display": "100", "missing_lines": 0, "excluded_lines": 1}, "missing_lines": [], "excluded_lines": [19]}}}, "src/c2puml/utils.py": {"executed_lines": [2, 6, 7, 8, 11, 12, 15, 16, 19, 21, 22, 32, 34, 35, 36, 37, 38, 54, 77, 90, 113], "summary": {"covered_lines": 20, "num_statements": 47, "percent_covered": 42.5531914893617, "percent_covered_display": "43", "missing_lines": 27, "excluded_lines": 0}, "missing_lines": [14, 24, 25, 26, 27, 28, 29, 39, 40, 43, 45, 46, 47, 61, 87, 100, 103, 104, 105, 106, 107, 108, 110, 120, 122, 123, 125], "excluded_lines": [], "functions": {"detect_file_encoding": {"executed_lines": [21, 22, 32, 34, 35, 36, 37, 38], "summary": {"covered_lines": 8, "num_statements": 20, "percent_covered": 40.0, "percent_covered_display": "40", "missing_lines": 12, "excluded_lines": 0}, "missing_lines": [24, 25, 26, 27, 28, 29, 39, 40, 43, 45, 46, 47], "excluded_lines": []}, "get_acceptable_encodings": {"executed_lines": [], "summary": {"covered_lines": 0, "num_statements": 1, "percent_covered": 0.0, "percent_covered_display": "0", "missing_lines": 1, "excluded_lines": 0}, "missing_lines": [61], "excluded_lines": []}, "is_acceptable_encoding": {"executed_lines": [], "summary": {"covered_lines": 0, "num_statements": 1, "percent_covered": 0.0, "percent_covered_display": "0", "missing_lines": 1, "excluded_lines": 0}, "missing_lines": [87], "excluded_lines": []}, "normalize_encoding": {"executed_lines": [], "summary": {"covered_lines": 0, "num_statements": 8, "percent_covered": 0.0, "percent_covered_display": "0", "missing_lines": 8, "excluded_lines": 0}, "missing_lines": [100, 103, 104, 105, 106, 107, 108, 110], "excluded_lines": []}, "get_platform_default_encoding": {"executed_lines": [], "summary": {"covered_lines": 0, "num_statements": 4, "percent_covered": 0.0, "percent_covered_display": "0", "missing_lines": 4, "excluded_lines": 0}, "missing_lines": [120, 122, 123, 125], "excluded_lines": []}, "": {"executed_lines": [2, 6, 7, 8, 11, 12, 15, 16, 19, 54, 77, 90, 113], "summary": {"covered_lines": 12, "num_statements": 13, "percent_covered": 92.3076923076923, "percent_covered_display": "92", "missing_lines": 1, "excluded_lines": 0}, "missing_lines": [14], "excluded_lines": []}}, "classes": {"": {"executed_lines": [2, 6, 7, 8, 11, 12, 15, 16, 19, 21, 22, 32, 34, 35, 36, 37, 38, 54, 77, 90, 113], "summary": {"covered_lines": 20, "num_statements": 47, "percent_covered": 42.5531914893617, "percent_covered_display": "43", "missing_lines": 27, "excluded_lines": 0}, "missing_lines": [14, 24, 25, 26, 27, 28, 29, 39, 40, 43, 45, 46, 47, 61, 87, 100, 103, 104, 105, 106, 107, 108, 110, 120, 122, 123, 125], "excluded_lines": []}}}}, "totals": {"covered_lines": 3546, "num_statements": 4757, "percent_covered": 74.5427790624343, "percent_covered_display": "75", "missing_lines": 1211, "excluded_lines": 14}}