{"meta": {"format": 3, "version": "7.10.4", "timestamp": "2025-08-18T11:03:16.206042", "branch_coverage": false, "show_contexts": false}, "files": {"src/c2puml/__init__.py": {"executed_lines": [1, 8, 9, 12, 15, 18, 31, 32, 33, 34, 35, 38, 40, 41, 42, 44, 45, 47, 48, 50, 51, 53, 54, 56], "summary": {"covered_lines": 23, "num_statements": 23, "percent_covered": 100.0, "percent_covered_display": "100", "missing_lines": 0, "excluded_lines": 0}, "missing_lines": [], "excluded_lines": [], "functions": {"": {"executed_lines": [1, 8, 9, 12, 15, 18, 31, 32, 33, 34, 35, 38, 40, 41, 42, 44, 45, 47, 48, 50, 51, 53, 54, 56], "summary": {"covered_lines": 23, "num_statements": 23, "percent_covered": 100.0, "percent_covered_display": "100", "missing_lines": 0, "excluded_lines": 0}, "missing_lines": [], "excluded_lines": []}}, "classes": {"": {"executed_lines": [1, 8, 9, 12, 15, 18, 31, 32, 33, 34, 35, 38, 40, 41, 42, 44, 45, 47, 48, 50, 51, 53, 54, 56], "summary": {"covered_lines": 23, "num_statements": 23, "percent_covered": 100.0, "percent_covered_display": "100", "missing_lines": 0, "excluded_lines": 0}, "missing_lines": [], "excluded_lines": []}}}, "src/c2puml/config.py": {"executed_lines": [2, 6, 7, 8, 9, 10, 11, 13, 16, 17, 18, 21, 22, 23, 24, 25, 26, 27, 28, 31, 32, 35, 36, 39, 42, 43, 45, 48, 51, 54, 56, 57, 58, 60, 62, 64, 66, 68, 70, 72, 74, 75, 76, 77, 78, 79, 80, 81, 82, 83, 84, 85, 86, 87, 89, 96, 104, 105, 106, 109, 111, 115, 118, 119, 126, 127, 136, 137, 176, 202, 211, 214, 219, 220, 233, 253], "summary": {"covered_lines": 73, "num_statements": 139, "percent_covered": 52.51798561151079, "percent_covered_display": "53", "missing_lines": 66, "excluded_lines": 6}, "missing_lines": [55, 59, 61, 63, 65, 67, 69, 71, 73, 91, 93, 94, 95, 98, 99, 100, 101, 113, 120, 121, 122, 123, 128, 129, 130, 131, 139, 140, 142, 143, 144, 147, 148, 151, 152, 154, 155, 157, 158, 161, 162, 163, 164, 165, 167, 169, 170, 171, 172, 178, 194, 195, 196, 197, 198, 205, 209, 215, 216, 223, 224, 225, 227, 235, 236, 238], "excluded_lines": [253, 254, 255, 256, 257, 258], "functions": {"Config.__init__": {"executed_lines": [48, 51, 54, 56, 57, 58, 60, 62, 64, 66, 68, 70, 72, 74, 75, 76, 77, 78, 79, 80, 81, 82, 83, 84, 85, 86, 87, 89, 96, 104, 105, 106, 109], "summary": {"covered_lines": 33, "num_statements": 50, "percent_covered": 66.0, "percent_covered_display": "66", "missing_lines": 17, "excluded_lines": 0}, "missing_lines": [55, 59, 61, 63, 65, 67, 69, 71, 73, 91, 93, 94, 95, 98, 99, 100, 101], "excluded_lines": []}, "Config.__post_init__": {"executed_lines": [], "summary": {"covered_lines": 0, "num_statements": 1, "percent_covered": 0.0, "percent_covered_display": "0", "missing_lines": 1, "excluded_lines": 0}, "missing_lines": [113], "excluded_lines": []}, "Config._compile_patterns": {"executed_lines": [118, 119, 126, 127], "summary": {"covered_lines": 4, "num_statements": 12, "percent_covered": 33.333333333333336, "percent_covered_display": "33", "missing_lines": 8, "excluded_lines": 0}, "missing_lines": [120, 121, 122, 123, 128, 129, 130, 131], "excluded_lines": []}, "Config.load": {"executed_lines": [], "summary": {"covered_lines": 0, "num_statements": 23, "percent_covered": 0.0, "percent_covered_display": "0", "missing_lines": 23, "excluded_lines": 0}, "missing_lines": [139, 140, 142, 143, 144, 147, 148, 151, 152, 154, 155, 157, 158, 161, 162, 163, 164, 165, 167, 169, 170, 171, 172], "excluded_lines": []}, "Config.save": {"executed_lines": [], "summary": {"covered_lines": 0, "num_statements": 6, "percent_covered": 0.0, "percent_covered_display": "0", "missing_lines": 6, "excluded_lines": 0}, "missing_lines": [178, 194, 195, 196, 197, 198], "excluded_lines": []}, "Config.has_filters": {"executed_lines": [], "summary": {"covered_lines": 0, "num_statements": 2, "percent_covered": 0.0, "percent_covered_display": "0", "missing_lines": 2, "excluded_lines": 0}, "missing_lines": [205, 209], "excluded_lines": []}, "Config._should_include_file": {"executed_lines": [214, 219, 220], "summary": {"covered_lines": 3, "num_statements": 9, "percent_covered": 33.333333333333336, "percent_covered_display": "33", "missing_lines": 6, "excluded_lines": 0}, "missing_lines": [215, 216, 223, 224, 225, 227], "excluded_lines": []}, "Config.__eq__": {"executed_lines": [], "summary": {"covered_lines": 0, "num_statements": 3, "percent_covered": 0.0, "percent_covered_display": "0", "missing_lines": 3, "excluded_lines": 0}, "missing_lines": [235, 236, 238], "excluded_lines": []}, "Config.__repr__": {"executed_lines": [], "summary": {"covered_lines": 0, "num_statements": 0, "percent_covered": 100.0, "percent_covered_display": "100", "missing_lines": 0, "excluded_lines": 5}, "missing_lines": [], "excluded_lines": [254, 255, 256, 257, 258]}, "": {"executed_lines": [2, 6, 7, 8, 9, 10, 11, 13, 16, 17, 18, 21, 22, 23, 24, 25, 26, 27, 28, 31, 32, 35, 36, 39, 42, 43, 45, 111, 115, 136, 137, 176, 202, 211, 233, 253], "summary": {"covered_lines": 33, "num_statements": 33, "percent_covered": 100.0, "percent_covered_display": "100", "missing_lines": 0, "excluded_lines": 1}, "missing_lines": [], "excluded_lines": [253]}}, "classes": {"Config": {"executed_lines": [48, 51, 54, 56, 57, 58, 60, 62, 64, 66, 68, 70, 72, 74, 75, 76, 77, 78, 79, 80, 81, 82, 83, 84, 85, 86, 87, 89, 96, 104, 105, 106, 109, 118, 119, 126, 127, 214, 219, 220], "summary": {"covered_lines": 40, "num_statements": 106, "percent_covered": 37.735849056603776, "percent_covered_display": "38", "missing_lines": 66, "excluded_lines": 5}, "missing_lines": [55, 59, 61, 63, 65, 67, 69, 71, 73, 91, 93, 94, 95, 98, 99, 100, 101, 113, 120, 121, 122, 123, 128, 129, 130, 131, 139, 140, 142, 143, 144, 147, 148, 151, 152, 154, 155, 157, 158, 161, 162, 163, 164, 165, 167, 169, 170, 171, 172, 178, 194, 195, 196, 197, 198, 205, 209, 215, 216, 223, 224, 225, 227, 235, 236, 238], "excluded_lines": [254, 255, 256, 257, 258]}, "": {"executed_lines": [2, 6, 7, 8, 9, 10, 11, 13, 16, 17, 18, 21, 22, 23, 24, 25, 26, 27, 28, 31, 32, 35, 36, 39, 42, 43, 45, 111, 115, 136, 137, 176, 202, 211, 233, 253], "summary": {"covered_lines": 33, "num_statements": 33, "percent_covered": 100.0, "percent_covered_display": "100", "missing_lines": 0, "excluded_lines": 1}, "missing_lines": [], "excluded_lines": [253]}}}, "src/c2puml/core/__init__.py": {"executed_lines": [1, 8, 9, 10, 11, 12, 14], "summary": {"covered_lines": 6, "num_statements": 6, "percent_covered": 100.0, "percent_covered_display": "100", "missing_lines": 0, "excluded_lines": 0}, "missing_lines": [], "excluded_lines": [], "functions": {"": {"executed_lines": [1, 8, 9, 10, 11, 12, 14], "summary": {"covered_lines": 6, "num_statements": 6, "percent_covered": 100.0, "percent_covered_display": "100", "missing_lines": 0, "excluded_lines": 0}, "missing_lines": [], "excluded_lines": []}}, "classes": {"": {"executed_lines": [1, 8, 9, 10, 11, 12, 14], "summary": {"covered_lines": 6, "num_statements": 6, "percent_covered": 100.0, "percent_covered_display": "100", "missing_lines": 0, "excluded_lines": 0}, "missing_lines": [], "excluded_lines": []}}}, "src/c2puml/core/generator.py": {"executed_lines": [2, 7, 8, 9, 10, 11, 13, 16, 17, 18, 21, 22, 23, 26, 27, 30, 31, 43, 44, 46, 48, 52, 53, 54, 55, 59, 64, 67, 70, 73, 75, 77, 81, 86, 87, 90, 91, 93, 95, 97, 101, 103, 104, 108, 109, 110, 111, 112, 113, 114, 115, 116, 118, 120, 122, 130, 132, 133, 135, 146, 147, 149, 151, 152, 153, 155, 165, 175, 177, 189, 190, 191, 200, 209, 210, 212, 214, 216, 224, 226, 228, 230, 234, 236, 239, 240, 251, 252, 253, 257, 259, 260, 261, 264, 265, 266, 267, 287, 289, 293, 295, 296, 297, 299, 301, 302, 304, 307, 311, 312, 315, 316, 319, 320, 323, 324, 328, 330, 332, 335, 338, 340, 342, 343, 344, 345, 348, 356, 357, 358, 361, 363, 365, 367, 369, 370, 373, 376, 377, 378, 396, 398, 400, 401, 402, 403, 404, 407, 408, 410, 411, 412, 413, 414, 415, 416, 417, 419, 423, 427, 431, 432, 433, 434, 436, 440, 441, 442, 443, 445, 453, 454, 455, 456, 457, 461, 471, 484, 494, 507, 521, 522, 523, 525, 528, 529, 532, 537, 538, 540, 543, 548, 549, 553, 554, 556, 560, 561, 564, 565, 567, 568, 569, 571, 574, 577, 581, 585, 586, 588, 596, 597, 600, 601, 603, 604, 608, 609, 610, 612, 613, 615, 618, 619, 622, 623, 626, 627, 631, 641, 642, 643, 644, 646, 655, 657, 660, 662, 663, 664, 667, 668, 669, 670, 671, 673, 678, 679, 680, 681, 684, 686, 687, 688, 690, 691, 692, 694, 698, 699, 700, 702, 703, 706, 707, 708, 709, 711, 713, 714, 715, 716, 718, 722, 723, 724, 726, 727, 729, 737, 738, 739, 740, 743, 744, 745, 746, 747, 749, 753, 755, 756, 760, 764, 767, 786, 787, 788, 791, 792, 793, 794, 798, 806, 807, 808, 809, 811, 818, 821, 822, 823, 825, 826, 830, 832, 836, 837, 841, 842, 857, 859, 867, 868, 870, 872, 874, 875, 876, 877, 878, 880, 881, 883, 884, 885, 888, 890, 894, 895, 897, 899, 900, 901, 902, 903, 904, 906, 914, 915, 917, 921, 925, 929, 938, 939, 940, 941, 942, 943, 945, 946, 947, 948, 950, 955, 956, 959, 960, 961, 964, 966, 967, 968, 970, 972, 974, 976, 977, 978, 981, 982, 983, 984, 985, 988, 991, 995, 996, 997, 1000, 1001, 1002, 1005], "summary": {"covered_lines": 392, "num_statements": 472, "percent_covered": 83.05084745762711, "percent_covered_display": "83", "missing_lines": 80, "excluded_lines": 0}, "missing_lines": [49, 56, 57, 150, 215, 243, 244, 245, 248, 270, 272, 273, 274, 275, 276, 277, 278, 281, 282, 283, 284, 285, 308, 350, 351, 352, 353, 380, 381, 382, 383, 385, 386, 387, 388, 389, 390, 391, 392, 393, 394, 395, 420, 422, 458, 459, 526, 533, 534, 535, 572, 578, 582, 605, 606, 607, 658, 661, 769, 773, 774, 775, 776, 777, 779, 781, 782, 784, 796, 827, 848, 849, 850, 851, 852, 853, 873, 973, 992, 1003], "excluded_lines": [], "functions": {"Generator._clear_output_folder": {"executed_lines": [48, 52, 53, 54, 55], "summary": {"covered_lines": 5, "num_statements": 8, "percent_covered": 62.5, "percent_covered_display": "62", "missing_lines": 3, "excluded_lines": 0}, "missing_lines": [49, 56, 57], "excluded_lines": []}, "Generator.generate": {"executed_lines": [64, 67, 70, 73, 75, 77, 81, 86, 87, 90, 91, 93, 95], "summary": {"covered_lines": 13, "num_statements": 13, "percent_covered": 100.0, "percent_covered_display": "100", "missing_lines": 0, "excluded_lines": 0}, "missing_lines": [], "excluded_lines": []}, "Generator.generate_diagram": {"executed_lines": [101, 103, 104, 108, 109, 110, 111, 112, 113, 114, 115, 116, 118, 120, 122, 130, 132, 133], "summary": {"covered_lines": 18, "num_statements": 18, "percent_covered": 100.0, "percent_covered_display": "100", "missing_lines": 0, "excluded_lines": 0}, "missing_lines": [], "excluded_lines": []}, "Generator._generate_all_file_classes": {"executed_lines": [146, 147, 149, 151, 152, 153, 155, 165, 175], "summary": {"covered_lines": 9, "num_statements": 10, "percent_covered": 90.0, "percent_covered_display": "90", "missing_lines": 1, "excluded_lines": 0}, "missing_lines": [150], "excluded_lines": []}, "Generator._generate_file_classes_by_extension": {"executed_lines": [189, 190, 191], "summary": {"covered_lines": 3, "num_statements": 3, "percent_covered": 100.0, "percent_covered_display": "100", "missing_lines": 0, "excluded_lines": 0}, "missing_lines": [], "excluded_lines": []}, "Generator._generate_typedef_classes_for_all_files": {"executed_lines": [209, 210, 212, 214, 216, 224], "summary": {"covered_lines": 6, "num_statements": 7, "percent_covered": 85.71428571428571, "percent_covered_display": "86", "missing_lines": 1, "excluded_lines": 0}, "missing_lines": [215], "excluded_lines": []}, "Generator._load_model": {"executed_lines": [228], "summary": {"covered_lines": 1, "num_statements": 1, "percent_covered": 100.0, "percent_covered_display": "100", "missing_lines": 0, "excluded_lines": 0}, "missing_lines": [], "excluded_lines": []}, "Generator._build_include_tree": {"executed_lines": [234, 236, 251, 252, 253, 257, 259, 260, 261, 264, 265, 266, 267, 287], "summary": {"covered_lines": 14, "num_statements": 27, "percent_covered": 51.851851851851855, "percent_covered_display": "52", "missing_lines": 13, "excluded_lines": 0}, "missing_lines": [270, 272, 273, 274, 275, 276, 277, 278, 281, 282, 283, 284, 285], "excluded_lines": []}, "Generator._build_include_tree.find_file_key": {"executed_lines": [239, 240], "summary": {"covered_lines": 2, "num_statements": 6, "percent_covered": 33.333333333333336, "percent_covered_display": "33", "missing_lines": 4, "excluded_lines": 0}, "missing_lines": [243, 244, 245, 248], "excluded_lines": []}, "Generator._generate_uml_ids": {"executed_lines": [293, 295, 296, 297, 299, 301, 302, 304, 307, 311, 312, 315, 316, 319, 320, 323, 324, 328], "summary": {"covered_lines": 18, "num_statements": 19, "percent_covered": 94.73684210526316, "percent_covered_display": "95", "missing_lines": 1, "excluded_lines": 0}, "missing_lines": [308], "excluded_lines": []}, "Generator._format_macro": {"executed_lines": [332, 335, 338, 340, 342, 343, 344, 345, 348, 356, 357, 358, 361], "summary": {"covered_lines": 13, "num_statements": 17, "percent_covered": 76.47058823529412, "percent_covered_display": "76", "missing_lines": 4, "excluded_lines": 0}, "missing_lines": [350, 351, 352, 353], "excluded_lines": []}, "Generator._format_global_variable": {"executed_lines": [365], "summary": {"covered_lines": 1, "num_statements": 1, "percent_covered": 100.0, "percent_covered_display": "100", "missing_lines": 0, "excluded_lines": 0}, "missing_lines": [], "excluded_lines": []}, "Generator._format_function_signature": {"executed_lines": [369, 370, 373, 376, 377, 378, 396], "summary": {"covered_lines": 7, "num_statements": 22, "percent_covered": 31.818181818181817, "percent_covered_display": "32", "missing_lines": 15, "excluded_lines": 0}, "missing_lines": [380, 381, 382, 383, 385, 386, 387, 388, 389, 390, 391, 392, 393, 394, 395], "excluded_lines": []}, "Generator._format_function_parameters": {"executed_lines": [400, 401, 402, 403, 404, 407, 408, 410, 411, 412, 413, 414, 415, 416, 417, 419, 423], "summary": {"covered_lines": 17, "num_statements": 19, "percent_covered": 89.47368421052632, "percent_covered_display": "89", "missing_lines": 2, "excluded_lines": 0}, "missing_lines": [420, 422], "excluded_lines": []}, "Generator._add_macros_section": {"executed_lines": [431, 432, 433, 434], "summary": {"covered_lines": 4, "num_statements": 4, "percent_covered": 100.0, "percent_covered_display": "100", "missing_lines": 0, "excluded_lines": 0}, "missing_lines": [], "excluded_lines": []}, "Generator._add_globals_section": {"executed_lines": [440, 441, 442, 443], "summary": {"covered_lines": 4, "num_statements": 4, "percent_covered": 100.0, "percent_covered_display": "100", "missing_lines": 0, "excluded_lines": 0}, "missing_lines": [], "excluded_lines": []}, "Generator._add_functions_section": {"executed_lines": [453, 454, 455, 456, 457], "summary": {"covered_lines": 5, "num_statements": 7, "percent_covered": 71.42857142857143, "percent_covered_display": "71", "missing_lines": 2, "excluded_lines": 0}, "missing_lines": [458, 459], "excluded_lines": []}, "Generator._generate_c_file_class": {"executed_lines": [471], "summary": {"covered_lines": 1, "num_statements": 1, "percent_covered": 100.0, "percent_covered_display": "100", "missing_lines": 0, "excluded_lines": 0}, "missing_lines": [], "excluded_lines": []}, "Generator._generate_header_class": {"executed_lines": [494], "summary": {"covered_lines": 1, "num_statements": 1, "percent_covered": 100.0, "percent_covered_display": "100", "missing_lines": 0, "excluded_lines": 0}, "missing_lines": [], "excluded_lines": []}, "Generator._generate_file_class_unified": {"executed_lines": [521, 522, 523, 525, 528, 529, 532, 537, 538, 540, 543, 548, 549, 553, 554], "summary": {"covered_lines": 15, "num_statements": 19, "percent_covered": 78.94736842105263, "percent_covered_display": "79", "missing_lines": 4, "excluded_lines": 0}, "missing_lines": [526, 533, 534, 535], "excluded_lines": []}, "Generator._add_globals_section_with_visibility": {"executed_lines": [560, 561, 564, 565, 567, 568, 569, 571, 574, 577, 581, 585, 586], "summary": {"covered_lines": 13, "num_statements": 16, "percent_covered": 81.25, "percent_covered_display": "81", "missing_lines": 3, "excluded_lines": 0}, "missing_lines": [572, 578, 582], "excluded_lines": []}, "Generator._add_functions_section_with_visibility": {"executed_lines": [596, 597, 600, 601, 603, 604, 608, 609, 610, 612, 613, 615, 618, 619, 622, 623, 626, 627], "summary": {"covered_lines": 18, "num_statements": 21, "percent_covered": 85.71428571428571, "percent_covered_display": "86", "missing_lines": 3, "excluded_lines": 0}, "missing_lines": [605, 606, 607], "excluded_lines": []}, "Generator._generate_typedef_classes": {"executed_lines": [641, 642, 643, 644], "summary": {"covered_lines": 4, "num_statements": 4, "percent_covered": 100.0, "percent_covered_display": "100", "missing_lines": 0, "excluded_lines": 0}, "missing_lines": [], "excluded_lines": []}, "Generator._generate_struct_classes": {"executed_lines": [655, 657, 660, 662, 663, 664, 667, 668, 669, 670, 671], "summary": {"covered_lines": 11, "num_statements": 13, "percent_covered": 84.61538461538461, "percent_covered_display": "85", "missing_lines": 2, "excluded_lines": 0}, "missing_lines": [658, 661], "excluded_lines": []}, "Generator._generate_enum_classes": {"executed_lines": [678, 679, 680, 681, 684, 686, 687, 688, 690, 691, 692], "summary": {"covered_lines": 11, "num_statements": 11, "percent_covered": 100.0, "percent_covered_display": "100", "missing_lines": 0, "excluded_lines": 0}, "missing_lines": [], "excluded_lines": []}, "Generator._generate_alias_classes": {"executed_lines": [698, 699, 700, 702, 703, 706, 707, 708, 709], "summary": {"covered_lines": 9, "num_statements": 9, "percent_covered": 100.0, "percent_covered_display": "100", "missing_lines": 0, "excluded_lines": 0}, "missing_lines": [], "excluded_lines": []}, "Generator._get_alias_stereotype": {"executed_lines": [713, 714, 715, 716], "summary": {"covered_lines": 4, "num_statements": 4, "percent_covered": 100.0, "percent_covered_display": "100", "missing_lines": 0, "excluded_lines": 0}, "missing_lines": [], "excluded_lines": []}, "Generator._is_function_pointer_type": {"executed_lines": [722, 723, 724, 726, 727], "summary": {"covered_lines": 5, "num_statements": 5, "percent_covered": 100.0, "percent_covered_display": "100", "missing_lines": 0, "excluded_lines": 0}, "missing_lines": [], "excluded_lines": []}, "Generator._generate_union_classes": {"executed_lines": [737, 738, 739, 740, 743, 744, 745, 746, 747], "summary": {"covered_lines": 9, "num_statements": 9, "percent_covered": 100.0, "percent_covered_display": "100", "missing_lines": 0, "excluded_lines": 0}, "missing_lines": [], "excluded_lines": []}, "Generator._process_alias_content": {"executed_lines": [753, 755, 756], "summary": {"covered_lines": 3, "num_statements": 3, "percent_covered": 100.0, "percent_covered_display": "100", "missing_lines": 0, "excluded_lines": 0}, "missing_lines": [], "excluded_lines": []}, "Generator._generate_field_with_nested_structs": {"executed_lines": [764, 767, 786, 787, 788, 791, 792, 793, 794], "summary": {"covered_lines": 9, "num_statements": 20, "percent_covered": 45.0, "percent_covered_display": "45", "missing_lines": 11, "excluded_lines": 0}, "missing_lines": [769, 773, 774, 775, 776, 777, 779, 781, 782, 784, 796], "excluded_lines": []}, "Generator._generate_relationships": {"executed_lines": [806, 807, 808, 809], "summary": {"covered_lines": 4, "num_statements": 4, "percent_covered": 100.0, "percent_covered_display": "100", "missing_lines": 0, "excluded_lines": 0}, "missing_lines": [], "excluded_lines": []}, "Generator._generate_include_relationships": {"executed_lines": [818, 821, 822, 823, 825, 826, 830, 832, 836, 837, 841, 842, 857], "summary": {"covered_lines": 13, "num_statements": 20, "percent_covered": 65.0, "percent_covered_display": "65", "missing_lines": 7, "excluded_lines": 0}, "missing_lines": [827, 848, 849, 850, 851, 852, 853], "excluded_lines": []}, "Generator._generate_declaration_relationships": {"executed_lines": [867, 868, 870, 872, 874, 875, 876, 877, 878, 880, 881, 883, 884, 885, 888], "summary": {"covered_lines": 15, "num_statements": 16, "percent_covered": 93.75, "percent_covered_display": "94", "missing_lines": 1, "excluded_lines": 0}, "missing_lines": [873], "excluded_lines": []}, "Generator._get_file_uml_id": {"executed_lines": [894, 895], "summary": {"covered_lines": 2, "num_statements": 2, "percent_covered": 100.0, "percent_covered_display": "100", "missing_lines": 0, "excluded_lines": 0}, "missing_lines": [], "excluded_lines": []}, "Generator._is_anonymous_structure_in_project": {"executed_lines": [899, 900, 901, 902, 903, 904], "summary": {"covered_lines": 6, "num_statements": 6, "percent_covered": 100.0, "percent_covered_display": "100", "missing_lines": 0, "excluded_lines": 0}, "missing_lines": [], "excluded_lines": []}, "Generator._generate_uses_relationships": {"executed_lines": [914, 915, 917, 921, 925], "summary": {"covered_lines": 5, "num_statements": 5, "percent_covered": 100.0, "percent_covered_display": "100", "missing_lines": 0, "excluded_lines": 0}, "missing_lines": [], "excluded_lines": []}, "Generator._add_typedef_uses_relationships": {"executed_lines": [938, 939, 940, 941, 942, 943, 945, 946, 947, 948], "summary": {"covered_lines": 10, "num_statements": 10, "percent_covered": 100.0, "percent_covered_display": "100", "missing_lines": 0, "excluded_lines": 0}, "missing_lines": [], "excluded_lines": []}, "Generator._generate_anonymous_relationships": {"executed_lines": [955, 956, 959, 960, 961, 964, 966, 967, 968, 970, 972, 974, 976, 977, 978, 981, 982, 983, 984, 985], "summary": {"covered_lines": 20, "num_statements": 21, "percent_covered": 95.23809523809524, "percent_covered_display": "95", "missing_lines": 1, "excluded_lines": 0}, "missing_lines": [973], "excluded_lines": []}, "Generator._get_anonymous_uml_id": {"executed_lines": [991, 995, 996, 997, 1000, 1001, 1002, 1005], "summary": {"covered_lines": 8, "num_statements": 10, "percent_covered": 80.0, "percent_covered_display": "80", "missing_lines": 2, "excluded_lines": 0}, "missing_lines": [992, 1003], "excluded_lines": []}, "": {"executed_lines": [2, 7, 8, 9, 10, 11, 13, 16, 17, 18, 21, 22, 23, 26, 27, 30, 31, 43, 44, 46, 59, 97, 135, 177, 200, 226, 230, 289, 330, 363, 367, 398, 427, 436, 445, 461, 484, 507, 556, 588, 631, 646, 673, 694, 711, 718, 729, 749, 760, 798, 811, 859, 890, 897, 906, 929, 950, 988], "summary": {"covered_lines": 56, "num_statements": 56, "percent_covered": 100.0, "percent_covered_display": "100", "missing_lines": 0, "excluded_lines": 0}, "missing_lines": [], "excluded_lines": []}}, "classes": {"Generator": {"executed_lines": [48, 52, 53, 54, 55, 64, 67, 70, 73, 75, 77, 81, 86, 87, 90, 91, 93, 95, 101, 103, 104, 108, 109, 110, 111, 112, 113, 114, 115, 116, 118, 120, 122, 130, 132, 133, 146, 147, 149, 151, 152, 153, 155, 165, 175, 189, 190, 191, 209, 210, 212, 214, 216, 224, 228, 234, 236, 239, 240, 251, 252, 253, 257, 259, 260, 261, 264, 265, 266, 267, 287, 293, 295, 296, 297, 299, 301, 302, 304, 307, 311, 312, 315, 316, 319, 320, 323, 324, 328, 332, 335, 338, 340, 342, 343, 344, 345, 348, 356, 357, 358, 361, 365, 369, 370, 373, 376, 377, 378, 396, 400, 401, 402, 403, 404, 407, 408, 410, 411, 412, 413, 414, 415, 416, 417, 419, 423, 431, 432, 433, 434, 440, 441, 442, 443, 453, 454, 455, 456, 457, 471, 494, 521, 522, 523, 525, 528, 529, 532, 537, 538, 540, 543, 548, 549, 553, 554, 560, 561, 564, 565, 567, 568, 569, 571, 574, 577, 581, 585, 586, 596, 597, 600, 601, 603, 604, 608, 609, 610, 612, 613, 615, 618, 619, 622, 623, 626, 627, 641, 642, 643, 644, 655, 657, 660, 662, 663, 664, 667, 668, 669, 670, 671, 678, 679, 680, 681, 684, 686, 687, 688, 690, 691, 692, 698, 699, 700, 702, 703, 706, 707, 708, 709, 713, 714, 715, 716, 722, 723, 724, 726, 727, 737, 738, 739, 740, 743, 744, 745, 746, 747, 753, 755, 756, 764, 767, 786, 787, 788, 791, 792, 793, 794, 806, 807, 808, 809, 818, 821, 822, 823, 825, 826, 830, 832, 836, 837, 841, 842, 857, 867, 868, 870, 872, 874, 875, 876, 877, 878, 880, 881, 883, 884, 885, 888, 894, 895, 899, 900, 901, 902, 903, 904, 914, 915, 917, 921, 925, 938, 939, 940, 941, 942, 943, 945, 946, 947, 948, 955, 956, 959, 960, 961, 964, 966, 967, 968, 970, 972, 974, 976, 977, 978, 981, 982, 983, 984, 985, 991, 995, 996, 997, 1000, 1001, 1002, 1005], "summary": {"covered_lines": 336, "num_statements": 416, "percent_covered": 80.76923076923077, "percent_covered_display": "81", "missing_lines": 80, "excluded_lines": 0}, "missing_lines": [49, 56, 57, 150, 215, 243, 244, 245, 248, 270, 272, 273, 274, 275, 276, 277, 278, 281, 282, 283, 284, 285, 308, 350, 351, 352, 353, 380, 381, 382, 383, 385, 386, 387, 388, 389, 390, 391, 392, 393, 394, 395, 420, 422, 458, 459, 526, 533, 534, 535, 572, 578, 582, 605, 606, 607, 658, 661, 769, 773, 774, 775, 776, 777, 779, 781, 782, 784, 796, 827, 848, 849, 850, 851, 852, 853, 873, 973, 992, 1003], "excluded_lines": []}, "": {"executed_lines": [2, 7, 8, 9, 10, 11, 13, 16, 17, 18, 21, 22, 23, 26, 27, 30, 31, 43, 44, 46, 59, 97, 135, 177, 200, 226, 230, 289, 330, 363, 367, 398, 427, 436, 445, 461, 484, 507, 556, 588, 631, 646, 673, 694, 711, 718, 729, 749, 760, 798, 811, 859, 890, 897, 906, 929, 950, 988], "summary": {"covered_lines": 56, "num_statements": 56, "percent_covered": 100.0, "percent_covered_display": "100", "missing_lines": 0, "excluded_lines": 0}, "missing_lines": [], "excluded_lines": []}}}, "src/c2puml/core/parser.py": {"executed_lines": [2, 5, 6, 7, 9, 10, 17, 18, 19, 21, 26, 27, 29, 30, 31, 32, 34, 39, 42, 45, 46, 50, 78, 82, 83, 89, 92, 93, 97, 100, 101, 102, 103, 104, 105, 115, 118, 119, 121, 122, 124, 125, 128, 133, 135, 141, 149, 156, 158, 159, 161, 163, 166, 169, 170, 173, 174, 177, 178, 179, 186, 187, 190, 191, 192, 193, 196, 203, 217, 218, 220, 222, 227, 228, 230, 233, 236, 240, 242, 245, 246, 247, 248, 255, 256, 259, 260, 262, 265, 266, 269, 273, 275, 279, 280, 282, 284, 287, 291, 293, 294, 295, 296, 297, 298, 299, 300, 301, 303, 304, 305, 308, 312, 313, 315, 317, 318, 322, 324, 328, 330, 331, 333, 335, 338, 342, 344, 347, 348, 349, 350, 357, 361, 362, 364, 366, 369, 373, 375, 379, 381, 382, 384, 392, 395, 399, 400, 402, 406, 408, 410, 411, 412, 418, 420, 422, 424, 426, 427, 429, 436, 437, 440, 445, 446, 447, 450, 456, 457, 460, 474, 480, 481, 482, 483, 484, 485, 486, 487, 489, 490, 491, 494, 495, 496, 498, 510, 512, 513, 514, 515, 522, 529, 531, 533, 535, 537, 539, 540, 545, 547, 548, 550, 552, 554, 556, 558, 559, 563, 564, 565, 567, 569, 571, 573, 575, 576, 577, 579, 580, 581, 584, 585, 589, 591, 595, 597, 598, 599, 600, 601, 602, 603, 605, 606, 607, 609, 611, 612, 613, 614, 615, 616, 617, 619, 620, 621, 623, 625, 626, 627, 628, 629, 630, 631, 633, 634, 635, 637, 698, 702, 703, 705, 707, 708, 709, 710, 711, 726, 727, 729, 730, 732, 736, 740, 744, 748, 754, 755, 757, 759, 761, 763, 766, 769, 770, 775, 779, 782, 785, 789, 791, 795, 798, 800, 802, 803, 804, 805, 806, 807, 808, 809, 810, 811, 812, 814, 816, 817, 819, 827, 829, 830, 831, 832, 833, 835, 837, 839, 840, 841, 843, 844, 846, 850, 851, 852, 854, 855, 858, 859, 860, 861, 862, 863, 864, 865, 866, 869, 871, 873, 874, 875, 877, 881, 882, 901, 902, 904, 928, 930, 931, 952, 953, 954, 955, 956, 957, 958, 959, 961, 962, 964, 965, 966, 968, 969, 974, 977, 978, 979, 982, 983, 988, 990, 991, 992, 994, 995, 1000, 1003, 1004, 1005, 1008, 1009, 1013, 1015, 1016, 1017, 1019, 1022, 1023, 1024, 1027, 1028, 1029, 1030, 1031, 1032, 1034, 1039, 1040, 1043, 1044, 1046, 1047, 1050, 1051, 1053, 1054, 1055, 1056, 1057, 1058, 1060, 1064, 1068, 1070, 1071, 1072, 1073, 1077, 1080, 1083, 1087, 1089, 1093, 1097, 1100, 1104, 1107, 1108, 1109, 1111, 1113, 1116, 1117, 1118, 1119, 1124, 1125, 1127, 1130, 1131, 1132, 1134, 1135, 1136, 1137, 1138, 1139, 1140, 1141, 1142, 1143, 1144, 1145, 1150, 1151, 1155, 1157, 1158, 1160, 1161, 1162, 1163, 1164, 1165, 1167, 1168, 1169, 1170, 1171, 1172, 1176, 1179, 1180, 1183, 1184, 1185, 1186, 1188, 1189, 1192, 1193, 1196, 1199, 1200, 1201, 1202, 1203, 1206, 1208, 1210, 1211, 1212, 1213, 1214, 1216, 1218, 1219, 1221, 1222, 1223, 1224, 1226, 1227, 1228, 1229, 1231, 1233, 1234, 1235, 1236, 1237, 1239, 1240, 1244, 1245, 1246, 1247, 1248, 1249, 1250, 1252, 1253, 1256, 1258, 1259, 1260, 1261, 1262, 1264, 1266, 1267, 1269, 1270, 1271, 1272, 1274, 1275, 1276, 1277, 1279, 1281, 1282, 1283, 1284, 1288, 1289, 1290, 1291, 1292, 1293, 1297, 1299, 1300, 1301, 1302, 1304, 1313, 1316, 1319, 1320, 1322, 1323, 1325, 1326, 1327, 1328, 1334, 1336, 1340, 1341, 1342, 1343, 1344, 1345, 1346, 1347, 1348, 1350, 1354, 1355, 1356, 1357, 1360, 1363, 1366, 1367, 1368, 1369, 1370, 1371, 1372, 1373, 1375, 1376, 1377, 1378, 1379, 1380, 1382, 1385, 1386, 1387, 1388, 1390, 1392, 1394, 1396, 1400, 1401, 1404, 1408, 1410, 1411, 1419, 1422, 1423, 1424, 1425, 1427, 1428, 1429, 1431, 1433, 1434, 1437, 1438, 1441, 1444, 1446, 1458, 1459, 1506, 1508, 1510, 1511, 1512, 1513, 1514, 1516, 1518, 1519, 1520, 1521, 1522, 1524, 1526, 1527, 1530, 1531, 1536, 1539, 1541, 1544, 1545, 1546, 1549, 1550, 1553, 1568, 1569, 1602, 1605, 1607, 1609, 1610, 1611, 1613, 1615, 1617, 1619, 1620, 1622, 1624, 1627, 1629, 1630, 1632, 1633, 1635, 1637, 1640, 1642, 1643, 1645, 1647, 1648, 1649, 1650, 1651, 1653, 1660, 1661, 1663, 1664, 1665, 1667, 1686, 1689, 1693, 1694, 1696, 1699, 1704, 1709, 1710, 1711, 1712, 1713, 1715, 1716, 1720, 1722, 1726, 1729, 1730, 1731, 1733, 1753, 1760, 1766, 1777, 1780, 1781, 1786, 1787, 1789, 1790, 1792, 1793, 1800, 1801, 1806, 1811], "summary": {"covered_lines": 734, "num_statements": 931, "percent_covered": 78.83995703544576, "percent_covered_display": "79", "missing_lines": 197, "excluded_lines": 0}, "missing_lines": [22, 23, 40, 43, 47, 48, 52, 55, 56, 57, 58, 61, 62, 63, 65, 66, 67, 68, 69, 70, 71, 72, 74, 76, 79, 84, 85, 86, 87, 94, 95, 109, 113, 129, 137, 138, 139, 142, 146, 147, 249, 250, 309, 351, 352, 358, 415, 416, 441, 442, 462, 463, 464, 465, 466, 467, 468, 469, 470, 471, 476, 477, 525, 526, 642, 680, 683, 686, 687, 688, 689, 691, 693, 694, 696, 712, 713, 716, 717, 718, 719, 720, 722, 723, 733, 737, 741, 742, 745, 746, 749, 750, 752, 764, 777, 792, 834, 878, 907, 909, 910, 911, 913, 914, 919, 922, 923, 924, 1061, 1075, 1090, 1094, 1153, 1174, 1241, 1285, 1295, 1307, 1308, 1310, 1311, 1329, 1333, 1337, 1351, 1397, 1405, 1426, 1449, 1450, 1451, 1452, 1453, 1454, 1455, 1467, 1470, 1471, 1472, 1473, 1474, 1475, 1476, 1477, 1479, 1481, 1482, 1485, 1486, 1489, 1492, 1494, 1497, 1498, 1499, 1500, 1501, 1502, 1503, 1533, 1534, 1565, 1572, 1573, 1574, 1575, 1577, 1578, 1580, 1581, 1592, 1595, 1596, 1598, 1600, 1625, 1638, 1655, 1657, 1687, 1690, 1695, 1697, 1737, 1738, 1741, 1744, 1745, 1748, 1754, 1755, 1756, 1757, 1761, 1782, 1783, 1798], "excluded_lines": [], "functions": {"CParser.__init__": {"executed_lines": [30, 31, 32], "summary": {"covered_lines": 3, "num_statements": 3, "percent_covered": 100.0, "percent_covered_display": "100", "missing_lines": 0, "excluded_lines": 0}, "missing_lines": [], "excluded_lines": []}, "CParser.parse_project": {"executed_lines": [39, 42, 45, 46, 50, 78, 82, 83, 89, 92, 93, 97, 100, 101, 102, 103, 104, 105, 115, 118, 119, 121, 122, 124, 125, 128, 133, 135, 141, 149, 156, 158, 159], "summary": {"covered_lines": 33, "num_statements": 71, "percent_covered": 46.478873239436616, "percent_covered_display": "46", "missing_lines": 38, "excluded_lines": 0}, "missing_lines": [40, 43, 47, 48, 52, 55, 56, 57, 58, 61, 62, 63, 65, 66, 67, 68, 69, 70, 71, 72, 74, 76, 79, 84, 85, 86, 87, 94, 95, 109, 113, 129, 137, 138, 139, 142, 146, 147], "excluded_lines": []}, "CParser.parse_file": {"executed_lines": [163, 166, 169, 170, 173, 174, 177, 178, 179, 186, 187, 190, 191, 192, 193, 196, 203, 217, 218, 220], "summary": {"covered_lines": 20, "num_statements": 20, "percent_covered": 100.0, "percent_covered_display": "100", "missing_lines": 0, "excluded_lines": 0}, "missing_lines": [], "excluded_lines": []}, "CParser._parse_structs_with_tokenizer": {"executed_lines": [227, 228, 230, 233, 236, 240, 242, 245, 246, 247, 248, 255, 256, 259, 260, 262, 265, 266, 269, 273], "summary": {"covered_lines": 20, "num_statements": 22, "percent_covered": 90.9090909090909, "percent_covered_display": "91", "missing_lines": 2, "excluded_lines": 0}, "missing_lines": [249, 250], "excluded_lines": []}, "CParser._parse_enums_with_tokenizer": {"executed_lines": [279, 280, 282, 284, 287, 291, 293, 294, 295, 296, 297, 298, 299, 300, 301, 303, 304, 305, 308, 312, 313, 315, 317, 318, 322], "summary": {"covered_lines": 25, "num_statements": 26, "percent_covered": 96.15384615384616, "percent_covered_display": "96", "missing_lines": 1, "excluded_lines": 0}, "missing_lines": [309], "excluded_lines": []}, "CParser._parse_unions_with_tokenizer": {"executed_lines": [328, 330, 331, 333, 335, 338, 342, 344, 347, 348, 349, 350, 357, 361, 362, 364, 366, 369, 373], "summary": {"covered_lines": 19, "num_statements": 22, "percent_covered": 86.36363636363636, "percent_covered_display": "86", "missing_lines": 3, "excluded_lines": 0}, "missing_lines": [351, 352, 358], "excluded_lines": []}, "CParser._parse_functions_with_tokenizer": {"executed_lines": [379, 381, 382, 384, 392, 395, 399, 400, 402, 406, 408, 410, 411, 412, 418], "summary": {"covered_lines": 15, "num_statements": 17, "percent_covered": 88.23529411764706, "percent_covered_display": "88", "missing_lines": 2, "excluded_lines": 0}, "missing_lines": [415, 416], "excluded_lines": []}, "CParser._parse_globals_with_tokenizer": {"executed_lines": [422, 424, 426, 427, 429, 436, 437, 440, 445, 446, 447, 450, 456, 457, 460, 474, 480, 481, 482, 483, 484, 485, 486, 487, 489, 490, 491, 494, 495, 496, 498, 510, 512, 513, 514, 515, 522, 529, 531, 533], "summary": {"covered_lines": 40, "num_statements": 56, "percent_covered": 71.42857142857143, "percent_covered_display": "71", "missing_lines": 16, "excluded_lines": 0}, "missing_lines": [441, 442, 462, 463, 464, 465, 466, 467, 468, 469, 470, 471, 476, 477, 525, 526], "excluded_lines": []}, "CParser._parse_includes_with_tokenizer": {"executed_lines": [537, 539, 540, 545, 547, 548, 550, 552], "summary": {"covered_lines": 8, "num_statements": 8, "percent_covered": 100.0, "percent_covered_display": "100", "missing_lines": 0, "excluded_lines": 0}, "missing_lines": [], "excluded_lines": []}, "CParser._parse_macros_with_tokenizer": {"executed_lines": [556, 558, 559, 563, 564, 565, 567], "summary": {"covered_lines": 7, "num_statements": 7, "percent_covered": 100.0, "percent_covered_display": "100", "missing_lines": 0, "excluded_lines": 0}, "missing_lines": [], "excluded_lines": []}, "CParser._parse_aliases_with_tokenizer": {"executed_lines": [571, 573, 575, 576, 577, 579, 580, 581, 584, 585, 589, 591], "summary": {"covered_lines": 12, "num_statements": 12, "percent_covered": 100.0, "percent_covered_display": "100", "missing_lines": 0, "excluded_lines": 0}, "missing_lines": [], "excluded_lines": []}, "CParser._extract_tag_name_for_struct": {"executed_lines": [597, 598, 599, 600, 601, 602, 603, 605, 606, 607], "summary": {"covered_lines": 10, "num_statements": 10, "percent_covered": 100.0, "percent_covered_display": "100", "missing_lines": 0, "excluded_lines": 0}, "missing_lines": [], "excluded_lines": []}, "CParser._extract_tag_name_for_enum": {"executed_lines": [611, 612, 613, 614, 615, 616, 617, 619, 620, 621], "summary": {"covered_lines": 10, "num_statements": 10, "percent_covered": 100.0, "percent_covered_display": "100", "missing_lines": 0, "excluded_lines": 0}, "missing_lines": [], "excluded_lines": []}, "CParser._extract_tag_name_for_union": {"executed_lines": [625, 626, 627, 628, 629, 630, 631, 633, 634, 635], "summary": {"covered_lines": 10, "num_statements": 10, "percent_covered": 100.0, "percent_covered_display": "100", "missing_lines": 0, "excluded_lines": 0}, "missing_lines": [], "excluded_lines": []}, "CParser._extract_non_primitive_types": {"executed_lines": [], "summary": {"covered_lines": 0, "num_statements": 11, "percent_covered": 0.0, "percent_covered_display": "0", "missing_lines": 11, "excluded_lines": 0}, "missing_lines": [642, 680, 683, 686, 687, 688, 689, 691, 693, 694, 696], "excluded_lines": []}, "CParser._find_c_files": {"executed_lines": [702, 703, 705, 707, 708, 709, 710, 711, 726, 727, 729, 730, 732, 736, 740, 744, 748, 754, 755], "summary": {"covered_lines": 19, "num_statements": 37, "percent_covered": 51.351351351351354, "percent_covered_display": "51", "missing_lines": 18, "excluded_lines": 0}, "missing_lines": [712, 713, 716, 717, 718, 719, 720, 722, 723, 733, 737, 741, 742, 745, 746, 749, 750, 752], "excluded_lines": []}, "CParser._detect_encoding": {"executed_lines": [759], "summary": {"covered_lines": 1, "num_statements": 1, "percent_covered": 100.0, "percent_covered_display": "100", "missing_lines": 0, "excluded_lines": 0}, "missing_lines": [], "excluded_lines": []}, "CParser._find_original_token_pos": {"executed_lines": [763, 766, 769, 770, 775], "summary": {"covered_lines": 5, "num_statements": 7, "percent_covered": 71.42857142857143, "percent_covered_display": "71", "missing_lines": 2, "excluded_lines": 0}, "missing_lines": [764, 777], "excluded_lines": []}, "CParser._parse_single_typedef": {"executed_lines": [782, 785, 789, 791, 795, 798, 800, 802, 803, 804, 805, 806, 807, 808, 809, 810, 811, 812, 814, 816, 817, 819, 827, 829, 830, 831, 832, 833, 835, 837, 839, 840, 841, 843, 844, 846, 850, 851, 852, 854, 855, 858, 859, 860, 861, 862, 863, 864, 865, 866, 869, 871, 873, 874, 875, 877, 881, 882, 901, 902, 904, 928, 930, 931, 952, 953, 954, 955, 956, 957, 958, 959, 961, 962, 964, 965, 966, 968, 969, 974, 977, 978, 979, 982, 983, 988, 990, 991, 992, 994, 995, 1000, 1003, 1004, 1005, 1008, 1009, 1013, 1015, 1016, 1017, 1019, 1022, 1023, 1024, 1027, 1028, 1029, 1030, 1031, 1032], "summary": {"covered_lines": 111, "num_statements": 124, "percent_covered": 89.51612903225806, "percent_covered_display": "90", "missing_lines": 13, "excluded_lines": 0}, "missing_lines": [792, 834, 878, 907, 909, 910, 911, 913, 914, 919, 922, 923, 924], "excluded_lines": []}, "CParser._parse_complex_typedef": {"executed_lines": [1039, 1040, 1043, 1044, 1046, 1047, 1050, 1051, 1053, 1054, 1055, 1056, 1057, 1058, 1060, 1064, 1068, 1070, 1071, 1072, 1073], "summary": {"covered_lines": 21, "num_statements": 23, "percent_covered": 91.30434782608695, "percent_covered_display": "91", "missing_lines": 2, "excluded_lines": 0}, "missing_lines": [1061, 1075], "excluded_lines": []}, "CParser._extract_tag_name_from_typedef": {"executed_lines": [1080, 1083, 1087, 1089, 1093, 1097, 1100, 1104, 1107, 1108, 1109, 1111], "summary": {"covered_lines": 12, "num_statements": 14, "percent_covered": 85.71428571428571, "percent_covered_display": "86", "missing_lines": 2, "excluded_lines": 0}, "missing_lines": [1090, 1094], "excluded_lines": []}, "CParser._looks_like_function": {"executed_lines": [1116, 1117, 1118, 1119, 1124, 1125], "summary": {"covered_lines": 6, "num_statements": 6, "percent_covered": 100.0, "percent_covered_display": "100", "missing_lines": 0, "excluded_lines": 0}, "missing_lines": [], "excluded_lines": []}, "CParser._skip_function": {"executed_lines": [1130, 1131, 1132, 1134, 1135, 1136, 1137, 1138, 1139, 1140, 1141, 1142, 1143, 1144, 1145, 1150, 1151], "summary": {"covered_lines": 17, "num_statements": 18, "percent_covered": 94.44444444444444, "percent_covered_display": "94", "missing_lines": 1, "excluded_lines": 0}, "missing_lines": [1153], "excluded_lines": []}, "CParser._skip_structure_definition": {"executed_lines": [1157, 1158, 1160, 1161, 1162, 1163, 1164, 1165, 1167, 1168, 1169, 1170, 1171, 1172], "summary": {"covered_lines": 14, "num_statements": 15, "percent_covered": 93.33333333333333, "percent_covered_display": "93", "missing_lines": 1, "excluded_lines": 0}, "missing_lines": [1174], "excluded_lines": []}, "CParser._parse_global_variable": {"executed_lines": [1179, 1180, 1183, 1184, 1185, 1186, 1188, 1189, 1192, 1193, 1196, 1199, 1200, 1201, 1202, 1203, 1206, 1208, 1210, 1211, 1212, 1213, 1214, 1216, 1218, 1219, 1221, 1222, 1223, 1224, 1226, 1227, 1228, 1229, 1231, 1233, 1234, 1235, 1236, 1237, 1239, 1240, 1244, 1245, 1246, 1247, 1248, 1249, 1250, 1252, 1253, 1256, 1258, 1259, 1260, 1261, 1262, 1264, 1266, 1267, 1269, 1270, 1271, 1272, 1274, 1275, 1276, 1277, 1279, 1281, 1282, 1283, 1284, 1288, 1289, 1290, 1291, 1292, 1293], "summary": {"covered_lines": 79, "num_statements": 82, "percent_covered": 96.34146341463415, "percent_covered_display": "96", "missing_lines": 3, "excluded_lines": 0}, "missing_lines": [1241, 1285, 1295], "excluded_lines": []}, "CParser._skip_to_semicolon": {"executed_lines": [1299, 1300, 1301, 1302], "summary": {"covered_lines": 4, "num_statements": 4, "percent_covered": 100.0, "percent_covered_display": "100", "missing_lines": 0, "excluded_lines": 0}, "missing_lines": [], "excluded_lines": []}, "CParser._skip_preprocessor_directives": {"executed_lines": [], "summary": {"covered_lines": 0, "num_statements": 4, "percent_covered": 0.0, "percent_covered_display": "0", "missing_lines": 4, "excluded_lines": 0}, "missing_lines": [1307, 1308, 1310, 1311], "excluded_lines": []}, "CParser._parse_function_parameters": {"executed_lines": [1316, 1319, 1320, 1322, 1323, 1325, 1326, 1327, 1328, 1334, 1336, 1340, 1341, 1342, 1343, 1344, 1345, 1346, 1347, 1348, 1350, 1354, 1355, 1356, 1357, 1360, 1363, 1366, 1367, 1368, 1369, 1370, 1371, 1372, 1373, 1375, 1376, 1377, 1378, 1379, 1380, 1382, 1385, 1386, 1387, 1388, 1390], "summary": {"covered_lines": 47, "num_statements": 51, "percent_covered": 92.15686274509804, "percent_covered_display": "92", "missing_lines": 4, "excluded_lines": 0}, "missing_lines": [1329, 1333, 1337, 1351], "excluded_lines": []}, "CParser._parse_single_parameter": {"executed_lines": [1394, 1396, 1400, 1401, 1404, 1408, 1410, 1411, 1419, 1422, 1423, 1424, 1425, 1427, 1428, 1429, 1431, 1433, 1434, 1437, 1438, 1441, 1444, 1446, 1458, 1459, 1506, 1508, 1510, 1511, 1512, 1513, 1514, 1516, 1518, 1519, 1520, 1521, 1522, 1524, 1526, 1527, 1530, 1531, 1536, 1539, 1541, 1544, 1545, 1546, 1549, 1550, 1553, 1568, 1569], "summary": {"covered_lines": 55, "num_statements": 105, "percent_covered": 52.38095238095238, "percent_covered_display": "52", "missing_lines": 50, "excluded_lines": 0}, "missing_lines": [1397, 1405, 1426, 1449, 1450, 1451, 1452, 1453, 1454, 1455, 1467, 1470, 1471, 1472, 1473, 1474, 1475, 1476, 1477, 1479, 1481, 1482, 1485, 1486, 1489, 1492, 1494, 1497, 1498, 1499, 1500, 1501, 1502, 1503, 1533, 1534, 1565, 1572, 1573, 1574, 1575, 1577, 1578, 1580, 1581, 1592, 1595, 1596, 1598, 1600], "excluded_lines": []}, "CParser._fix_array_bracket_spacing": {"executed_lines": [1605, 1607, 1609, 1610, 1611], "summary": {"covered_lines": 5, "num_statements": 5, "percent_covered": 100.0, "percent_covered_display": "100", "missing_lines": 0, "excluded_lines": 0}, "missing_lines": [], "excluded_lines": []}, "CParser._fix_pointer_spacing": {"executed_lines": [1615, 1617, 1619, 1620], "summary": {"covered_lines": 4, "num_statements": 4, "percent_covered": 100.0, "percent_covered_display": "100", "missing_lines": 0, "excluded_lines": 0}, "missing_lines": [], "excluded_lines": []}, "CParser._clean_type_string": {"executed_lines": [1624, 1627, 1629, 1630, 1632, 1633], "summary": {"covered_lines": 6, "num_statements": 7, "percent_covered": 85.71428571428571, "percent_covered_display": "86", "missing_lines": 1, "excluded_lines": 0}, "missing_lines": [1625], "excluded_lines": []}, "CParser._clean_value_string": {"executed_lines": [1637, 1640, 1642, 1643, 1645, 1647, 1648, 1649, 1650, 1651], "summary": {"covered_lines": 10, "num_statements": 11, "percent_covered": 90.9090909090909, "percent_covered_display": "91", "missing_lines": 1, "excluded_lines": 0}, "missing_lines": [1638], "excluded_lines": []}, "CParser._get_timestamp": {"executed_lines": [], "summary": {"covered_lines": 0, "num_statements": 2, "percent_covered": 0.0, "percent_covered_display": "0", "missing_lines": 2, "excluded_lines": 0}, "missing_lines": [1655, 1657], "excluded_lines": []}, "Parser.__init__": {"executed_lines": [1664, 1665], "summary": {"covered_lines": 2, "num_statements": 2, "percent_covered": 100.0, "percent_covered_display": "100", "missing_lines": 0, "excluded_lines": 0}, "missing_lines": [], "excluded_lines": []}, "Parser.parse": {"executed_lines": [1686, 1689, 1693, 1694, 1696, 1699, 1704, 1709, 1710, 1711, 1712, 1713, 1715, 1716, 1720, 1722, 1726, 1729, 1730, 1731, 1733, 1753, 1760, 1766, 1777, 1780, 1781, 1786, 1787, 1789, 1790, 1792, 1793, 1800, 1801, 1806, 1811], "summary": {"covered_lines": 37, "num_statements": 55, "percent_covered": 67.27272727272727, "percent_covered_display": "67", "missing_lines": 18, "excluded_lines": 0}, "missing_lines": [1687, 1690, 1695, 1697, 1737, 1738, 1741, 1744, 1745, 1748, 1754, 1755, 1756, 1757, 1761, 1782, 1783, 1798], "excluded_lines": []}, "": {"executed_lines": [2, 5, 6, 7, 9, 10, 17, 18, 19, 21, 26, 27, 29, 34, 161, 222, 275, 324, 375, 420, 535, 554, 569, 595, 609, 623, 637, 698, 757, 761, 779, 1034, 1077, 1113, 1127, 1155, 1176, 1297, 1304, 1313, 1392, 1602, 1613, 1622, 1635, 1653, 1660, 1661, 1663, 1667], "summary": {"covered_lines": 47, "num_statements": 49, "percent_covered": 95.91836734693878, "percent_covered_display": "96", "missing_lines": 2, "excluded_lines": 0}, "missing_lines": [22, 23], "excluded_lines": []}}, "classes": {"CParser": {"executed_lines": [30, 31, 32, 39, 42, 45, 46, 50, 78, 82, 83, 89, 92, 93, 97, 100, 101, 102, 103, 104, 105, 115, 118, 119, 121, 122, 124, 125, 128, 133, 135, 141, 149, 156, 158, 159, 163, 166, 169, 170, 173, 174, 177, 178, 179, 186, 187, 190, 191, 192, 193, 196, 203, 217, 218, 220, 227, 228, 230, 233, 236, 240, 242, 245, 246, 247, 248, 255, 256, 259, 260, 262, 265, 266, 269, 273, 279, 280, 282, 284, 287, 291, 293, 294, 295, 296, 297, 298, 299, 300, 301, 303, 304, 305, 308, 312, 313, 315, 317, 318, 322, 328, 330, 331, 333, 335, 338, 342, 344, 347, 348, 349, 350, 357, 361, 362, 364, 366, 369, 373, 379, 381, 382, 384, 392, 395, 399, 400, 402, 406, 408, 410, 411, 412, 418, 422, 424, 426, 427, 429, 436, 437, 440, 445, 446, 447, 450, 456, 457, 460, 474, 480, 481, 482, 483, 484, 485, 486, 487, 489, 490, 491, 494, 495, 496, 498, 510, 512, 513, 514, 515, 522, 529, 531, 533, 537, 539, 540, 545, 547, 548, 550, 552, 556, 558, 559, 563, 564, 565, 567, 571, 573, 575, 576, 577, 579, 580, 581, 584, 585, 589, 591, 597, 598, 599, 600, 601, 602, 603, 605, 606, 607, 611, 612, 613, 614, 615, 616, 617, 619, 620, 621, 625, 626, 627, 628, 629, 630, 631, 633, 634, 635, 702, 703, 705, 707, 708, 709, 710, 711, 726, 727, 729, 730, 732, 736, 740, 744, 748, 754, 755, 759, 763, 766, 769, 770, 775, 782, 785, 789, 791, 795, 798, 800, 802, 803, 804, 805, 806, 807, 808, 809, 810, 811, 812, 814, 816, 817, 819, 827, 829, 830, 831, 832, 833, 835, 837, 839, 840, 841, 843, 844, 846, 850, 851, 852, 854, 855, 858, 859, 860, 861, 862, 863, 864, 865, 866, 869, 871, 873, 874, 875, 877, 881, 882, 901, 902, 904, 928, 930, 931, 952, 953, 954, 955, 956, 957, 958, 959, 961, 962, 964, 965, 966, 968, 969, 974, 977, 978, 979, 982, 983, 988, 990, 991, 992, 994, 995, 1000, 1003, 1004, 1005, 1008, 1009, 1013, 1015, 1016, 1017, 1019, 1022, 1023, 1024, 1027, 1028, 1029, 1030, 1031, 1032, 1039, 1040, 1043, 1044, 1046, 1047, 1050, 1051, 1053, 1054, 1055, 1056, 1057, 1058, 1060, 1064, 1068, 1070, 1071, 1072, 1073, 1080, 1083, 1087, 1089, 1093, 1097, 1100, 1104, 1107, 1108, 1109, 1111, 1116, 1117, 1118, 1119, 1124, 1125, 1130, 1131, 1132, 1134, 1135, 1136, 1137, 1138, 1139, 1140, 1141, 1142, 1143, 1144, 1145, 1150, 1151, 1157, 1158, 1160, 1161, 1162, 1163, 1164, 1165, 1167, 1168, 1169, 1170, 1171, 1172, 1179, 1180, 1183, 1184, 1185, 1186, 1188, 1189, 1192, 1193, 1196, 1199, 1200, 1201, 1202, 1203, 1206, 1208, 1210, 1211, 1212, 1213, 1214, 1216, 1218, 1219, 1221, 1222, 1223, 1224, 1226, 1227, 1228, 1229, 1231, 1233, 1234, 1235, 1236, 1237, 1239, 1240, 1244, 1245, 1246, 1247, 1248, 1249, 1250, 1252, 1253, 1256, 1258, 1259, 1260, 1261, 1262, 1264, 1266, 1267, 1269, 1270, 1271, 1272, 1274, 1275, 1276, 1277, 1279, 1281, 1282, 1283, 1284, 1288, 1289, 1290, 1291, 1292, 1293, 1299, 1300, 1301, 1302, 1316, 1319, 1320, 1322, 1323, 1325, 1326, 1327, 1328, 1334, 1336, 1340, 1341, 1342, 1343, 1344, 1345, 1346, 1347, 1348, 1350, 1354, 1355, 1356, 1357, 1360, 1363, 1366, 1367, 1368, 1369, 1370, 1371, 1372, 1373, 1375, 1376, 1377, 1378, 1379, 1380, 1382, 1385, 1386, 1387, 1388, 1390, 1394, 1396, 1400, 1401, 1404, 1408, 1410, 1411, 1419, 1422, 1423, 1424, 1425, 1427, 1428, 1429, 1431, 1433, 1434, 1437, 1438, 1441, 1444, 1446, 1458, 1459, 1506, 1508, 1510, 1511, 1512, 1513, 1514, 1516, 1518, 1519, 1520, 1521, 1522, 1524, 1526, 1527, 1530, 1531, 1536, 1539, 1541, 1544, 1545, 1546, 1549, 1550, 1553, 1568, 1569, 1605, 1607, 1609, 1610, 1611, 1615, 1617, 1619, 1620, 1624, 1627, 1629, 1630, 1632, 1633, 1637, 1640, 1642, 1643, 1645, 1647, 1648, 1649, 1650, 1651], "summary": {"covered_lines": 648, "num_statements": 825, "percent_covered": 78.54545454545455, "percent_covered_display": "79", "missing_lines": 177, "excluded_lines": 0}, "missing_lines": [40, 43, 47, 48, 52, 55, 56, 57, 58, 61, 62, 63, 65, 66, 67, 68, 69, 70, 71, 72, 74, 76, 79, 84, 85, 86, 87, 94, 95, 109, 113, 129, 137, 138, 139, 142, 146, 147, 249, 250, 309, 351, 352, 358, 415, 416, 441, 442, 462, 463, 464, 465, 466, 467, 468, 469, 470, 471, 476, 477, 525, 526, 642, 680, 683, 686, 687, 688, 689, 691, 693, 694, 696, 712, 713, 716, 717, 718, 719, 720, 722, 723, 733, 737, 741, 742, 745, 746, 749, 750, 752, 764, 777, 792, 834, 878, 907, 909, 910, 911, 913, 914, 919, 922, 923, 924, 1061, 1075, 1090, 1094, 1153, 1174, 1241, 1285, 1295, 1307, 1308, 1310, 1311, 1329, 1333, 1337, 1351, 1397, 1405, 1426, 1449, 1450, 1451, 1452, 1453, 1454, 1455, 1467, 1470, 1471, 1472, 1473, 1474, 1475, 1476, 1477, 1479, 1481, 1482, 1485, 1486, 1489, 1492, 1494, 1497, 1498, 1499, 1500, 1501, 1502, 1503, 1533, 1534, 1565, 1572, 1573, 1574, 1575, 1577, 1578, 1580, 1581, 1592, 1595, 1596, 1598, 1600, 1625, 1638, 1655, 1657], "excluded_lines": []}, "Parser": {"executed_lines": [1664, 1665, 1686, 1689, 1693, 1694, 1696, 1699, 1704, 1709, 1710, 1711, 1712, 1713, 1715, 1716, 1720, 1722, 1726, 1729, 1730, 1731, 1733, 1753, 1760, 1766, 1777, 1780, 1781, 1786, 1787, 1789, 1790, 1792, 1793, 1800, 1801, 1806, 1811], "summary": {"covered_lines": 39, "num_statements": 57, "percent_covered": 68.42105263157895, "percent_covered_display": "68", "missing_lines": 18, "excluded_lines": 0}, "missing_lines": [1687, 1690, 1695, 1697, 1737, 1738, 1741, 1744, 1745, 1748, 1754, 1755, 1756, 1757, 1761, 1782, 1783, 1798], "excluded_lines": []}, "": {"executed_lines": [2, 5, 6, 7, 9, 10, 17, 18, 19, 21, 26, 27, 29, 34, 161, 222, 275, 324, 375, 420, 535, 554, 569, 595, 609, 623, 637, 698, 757, 761, 779, 1034, 1077, 1113, 1127, 1155, 1176, 1297, 1304, 1313, 1392, 1602, 1613, 1622, 1635, 1653, 1660, 1661, 1663, 1667], "summary": {"covered_lines": 47, "num_statements": 49, "percent_covered": 95.91836734693878, "percent_covered_display": "96", "missing_lines": 2, "excluded_lines": 0}, "missing_lines": [22, 23], "excluded_lines": []}}}, "src/c2puml/core/parser_anonymous_processor.py": {"executed_lines": [1, 3, 4, 5, 8, 9, 11, 12, 13, 14, 16, 18, 19, 21, 22, 24, 27, 29, 32, 33, 36, 38, 41, 42, 43, 46, 47, 48, 51, 52, 53, 55, 59, 62, 65, 66, 68, 69, 71, 72, 73, 78, 79, 80, 81, 84, 87, 89, 94, 95, 97, 99, 104, 105, 107, 109, 113, 116, 117, 121, 122, 124, 125, 126, 129, 130, 131, 133, 136, 137, 138, 139, 140, 141, 142, 143, 145, 146, 149, 150, 151, 154, 157, 158, 159, 161, 163, 165, 167, 169, 171, 172, 173, 174, 175, 177, 179, 180, 181, 182, 183, 184, 186, 188, 189, 191, 195, 197, 218, 219, 221, 223, 226, 229, 234, 235, 236, 237, 238, 239, 242, 244, 246, 248, 249, 251, 253, 254, 256, 258, 261, 263, 264, 266, 269, 272, 274, 278, 279, 280, 282, 283, 284, 285, 286, 288, 290, 291, 292, 295, 296, 299, 300, 304, 306, 310, 312, 313, 314, 316, 317, 319, 320, 326, 346, 347, 349, 351, 353, 356, 358, 359, 360, 361, 362, 365, 366, 370, 373, 374, 375, 376, 377, 379, 380, 383, 386, 403, 406, 407, 411, 412, 415, 420, 421, 422, 425, 426, 427, 431, 432, 438, 439, 440, 442, 444, 486, 489, 493, 497, 500, 502, 510, 512, 515, 516, 519, 520, 522, 524, 527, 533, 534, 535, 537, 539, 544, 561, 562, 563, 564, 565, 566, 567, 570, 571, 572, 573, 578, 579, 580, 581, 584, 593, 613, 632, 634, 635, 636, 638, 643, 644, 645, 646, 649, 653, 655, 674, 677, 678, 680, 681, 684, 687, 688, 690, 691, 692, 693, 694, 696, 697, 698, 700, 702, 704, 705, 708, 710, 711, 714, 715, 717, 718, 719, 721, 722, 725, 727, 728, 731, 734, 736, 737, 741, 742, 743, 746, 747, 749, 752, 756, 759, 760, 761, 762, 764, 766, 768, 770, 771, 773, 775, 781, 782, 783, 785, 786, 787, 789, 791, 794, 795, 796, 798, 799, 802, 804, 807, 808, 810, 811, 812, 813, 815, 819, 820, 821, 822, 823, 824, 825, 827, 828, 829, 831, 833, 835, 838, 839, 841, 842, 843, 844, 846, 850, 851, 852, 853, 854, 855, 856, 858, 859, 860, 862, 864, 866, 868, 869, 871, 872, 873, 874, 875, 877, 881, 882, 883, 884, 885, 886, 887, 889, 892, 895, 896, 897, 898, 900, 904, 906, 907, 909, 910, 911, 912, 913, 915, 919, 920, 921, 922, 923, 924, 925, 927, 930, 931, 932, 934], "summary": {"covered_lines": 409, "num_statements": 544, "percent_covered": 75.18382352941177, "percent_covered_display": "75", "missing_lines": 135, "excluded_lines": 0}, "missing_lines": [134, 155, 199, 202, 204, 207, 208, 209, 210, 211, 212, 214, 231, 267, 275, 301, 307, 323, 324, 325, 328, 329, 330, 332, 333, 335, 336, 337, 340, 341, 342, 343, 367, 382, 387, 389, 390, 391, 392, 393, 394, 396, 397, 400, 401, 402, 408, 416, 417, 428, 433, 434, 435, 447, 449, 450, 451, 452, 453, 456, 457, 458, 459, 460, 461, 462, 464, 465, 468, 469, 470, 471, 472, 475, 476, 477, 478, 480, 481, 482, 484, 490, 494, 498, 545, 547, 552, 553, 554, 555, 558, 586, 588, 589, 590, 594, 595, 596, 597, 599, 604, 605, 606, 607, 610, 615, 616, 617, 618, 623, 624, 625, 626, 629, 656, 658, 659, 664, 665, 666, 667, 670, 695, 735, 800, 816, 830, 847, 861, 878, 899, 902, 916, 933, 936], "excluded_lines": [], "functions": {"AnonymousTypedefProcessor.__init__": {"executed_lines": [12, 13, 14], "summary": {"covered_lines": 3, "num_statements": 3, "percent_covered": 100.0, "percent_covered_display": "100", "missing_lines": 0, "excluded_lines": 0}, "missing_lines": [], "excluded_lines": []}, "AnonymousTypedefProcessor.process_file_model": {"executed_lines": [18, 19, 21, 22, 24, 27, 29, 32, 33, 36], "summary": {"covered_lines": 10, "num_statements": 10, "percent_covered": 100.0, "percent_covered_display": "100", "missing_lines": 0, "excluded_lines": 0}, "missing_lines": [], "excluded_lines": []}, "AnonymousTypedefProcessor._process_all_entities": {"executed_lines": [41, 42, 43, 46, 47, 48, 51, 52, 53], "summary": {"covered_lines": 9, "num_statements": 9, "percent_covered": 100.0, "percent_covered_display": "100", "missing_lines": 0, "excluded_lines": 0}, "missing_lines": [], "excluded_lines": []}, "AnonymousTypedefProcessor._process_alias_for_anonymous_structs": {"executed_lines": [59, 62, 65, 66, 68, 69, 71, 72, 73, 78, 79, 80, 81, 84, 87], "summary": {"covered_lines": 15, "num_statements": 15, "percent_covered": 100.0, "percent_covered_display": "100", "missing_lines": 0, "excluded_lines": 0}, "missing_lines": [], "excluded_lines": []}, "AnonymousTypedefProcessor._process_struct_for_anonymous_structs": {"executed_lines": [94, 95, 97], "summary": {"covered_lines": 3, "num_statements": 3, "percent_covered": 100.0, "percent_covered_display": "100", "missing_lines": 0, "excluded_lines": 0}, "missing_lines": [], "excluded_lines": []}, "AnonymousTypedefProcessor._process_union_for_anonymous_structs": {"executed_lines": [104, 105, 107], "summary": {"covered_lines": 3, "num_statements": 3, "percent_covered": 100.0, "percent_covered_display": "100", "missing_lines": 0, "excluded_lines": 0}, "missing_lines": [], "excluded_lines": []}, "AnonymousTypedefProcessor._extract_anonymous_structs_from_text": {"executed_lines": [113, 116, 117, 121, 122, 124, 125, 126, 129, 130, 131, 133, 136, 137, 138, 139, 140, 141, 142, 143, 145, 146, 149, 150, 151, 154, 157, 158, 159, 161], "summary": {"covered_lines": 30, "num_statements": 32, "percent_covered": 93.75, "percent_covered_display": "94", "missing_lines": 2, "excluded_lines": 0}, "missing_lines": [134, 155], "excluded_lines": []}, "AnonymousTypedefProcessor._generate_anonymous_name": {"executed_lines": [165], "summary": {"covered_lines": 1, "num_statements": 1, "percent_covered": 100.0, "percent_covered_display": "100", "missing_lines": 0, "excluded_lines": 0}, "missing_lines": [], "excluded_lines": []}, "AnonymousTypedefProcessor._generate_content_hash": {"executed_lines": [169, 171, 172, 173, 174, 175], "summary": {"covered_lines": 6, "num_statements": 6, "percent_covered": 100.0, "percent_covered_display": "100", "missing_lines": 0, "excluded_lines": 0}, "missing_lines": [], "excluded_lines": []}, "AnonymousTypedefProcessor._find_existing_anonymous_structure": {"executed_lines": [179, 180, 181, 182, 183, 184], "summary": {"covered_lines": 6, "num_statements": 6, "percent_covered": 100.0, "percent_covered_display": "100", "missing_lines": 0, "excluded_lines": 0}, "missing_lines": [], "excluded_lines": []}, "AnonymousTypedefProcessor._register_anonymous_structure": {"executed_lines": [188, 189], "summary": {"covered_lines": 2, "num_statements": 2, "percent_covered": 100.0, "percent_covered_display": "100", "missing_lines": 0, "excluded_lines": 0}, "missing_lines": [], "excluded_lines": []}, "AnonymousTypedefProcessor._get_or_create_anonymous_structure": {"executed_lines": [195, 197, 218, 219, 221, 223, 226, 229, 234, 235, 236, 237, 238, 239, 242, 244], "summary": {"covered_lines": 16, "num_statements": 27, "percent_covered": 59.25925925925926, "percent_covered_display": "59", "missing_lines": 11, "excluded_lines": 0}, "missing_lines": [199, 202, 204, 207, 208, 209, 210, 211, 212, 214, 231], "excluded_lines": []}, "AnonymousTypedefProcessor._create_anonymous_struct": {"executed_lines": [248, 249], "summary": {"covered_lines": 2, "num_statements": 2, "percent_covered": 100.0, "percent_covered_display": "100", "missing_lines": 0, "excluded_lines": 0}, "missing_lines": [], "excluded_lines": []}, "AnonymousTypedefProcessor._create_anonymous_union": {"executed_lines": [253, 254], "summary": {"covered_lines": 2, "num_statements": 2, "percent_covered": 100.0, "percent_covered_display": "100", "missing_lines": 0, "excluded_lines": 0}, "missing_lines": [], "excluded_lines": []}, "AnonymousTypedefProcessor._parse_struct_fields": {"executed_lines": [258, 261, 263, 264, 266, 269, 272, 274, 278, 279, 280, 282, 283, 284, 285, 286, 288, 290, 291, 292, 295, 296, 299, 300, 304, 306, 310, 312, 313, 314, 316, 317, 319, 320, 326, 346, 347, 349], "summary": {"covered_lines": 38, "num_statements": 57, "percent_covered": 66.66666666666667, "percent_covered_display": "67", "missing_lines": 19, "excluded_lines": 0}, "missing_lines": [267, 275, 301, 307, 323, 324, 325, 328, 329, 330, 332, 333, 335, 336, 337, 340, 341, 342, 343], "excluded_lines": []}, "AnonymousTypedefProcessor._parse_comma_separated_fields": {"executed_lines": [353, 356, 358, 359, 360, 361, 362, 365, 366, 370, 373, 374, 375, 376, 377, 379, 380, 383, 386, 403, 406, 407, 411, 412, 415, 420, 421, 422, 425, 426, 427, 431, 432, 438, 439, 440, 442], "summary": {"covered_lines": 37, "num_statements": 58, "percent_covered": 63.793103448275865, "percent_covered_display": "64", "missing_lines": 21, "excluded_lines": 0}, "missing_lines": [367, 382, 387, 389, 390, 391, 392, 393, 394, 396, 397, 400, 401, 402, 408, 416, 417, 428, 433, 434, 435], "excluded_lines": []}, "AnonymousTypedefProcessor._parse_single_field": {"executed_lines": [], "summary": {"covered_lines": 0, "num_statements": 28, "percent_covered": 0.0, "percent_covered_display": "0", "missing_lines": 28, "excluded_lines": 0}, "missing_lines": [447, 449, 450, 451, 452, 453, 456, 457, 458, 459, 460, 461, 462, 464, 465, 468, 469, 470, 471, 472, 475, 476, 477, 478, 480, 481, 482, 484], "excluded_lines": []}, "AnonymousTypedefProcessor._is_too_complex_to_process": {"executed_lines": [489, 493, 497, 500], "summary": {"covered_lines": 4, "num_statements": 7, "percent_covered": 57.142857142857146, "percent_covered_display": "57", "missing_lines": 3, "excluded_lines": 0}, "missing_lines": [490, 494, 498], "excluded_lines": []}, "AnonymousTypedefProcessor._replace_anonymous_struct_with_reference": {"executed_lines": [510, 512, 515, 516, 519, 520], "summary": {"covered_lines": 6, "num_statements": 6, "percent_covered": 100.0, "percent_covered_display": "100", "missing_lines": 0, "excluded_lines": 0}, "missing_lines": [], "excluded_lines": []}, "AnonymousTypedefProcessor._field_contains_anonymous_struct": {"executed_lines": [524, 527, 533, 534, 535, 537], "summary": {"covered_lines": 6, "num_statements": 6, "percent_covered": 100.0, "percent_covered_display": "100", "missing_lines": 0, "excluded_lines": 0}, "missing_lines": [], "excluded_lines": []}, "AnonymousTypedefProcessor._extract_anonymous_from_field": {"executed_lines": [544, 561, 562, 563, 564, 565, 566, 567, 570, 571, 572, 573, 578, 579, 580, 581, 584, 593, 613, 632, 634, 635, 636, 638, 643, 644, 645, 646, 649, 653, 655], "summary": {"covered_lines": 31, "num_statements": 69, "percent_covered": 44.927536231884055, "percent_covered_display": "45", "missing_lines": 38, "excluded_lines": 0}, "missing_lines": [545, 547, 552, 553, 554, 555, 558, 586, 588, 589, 590, 594, 595, 596, 597, 599, 604, 605, 606, 607, 610, 615, 616, 617, 618, 623, 624, 625, 626, 629, 656, 658, 659, 664, 665, 666, 667, 670], "excluded_lines": []}, "AnonymousTypedefProcessor._update_field_references_to_extracted_entities": {"executed_lines": [677, 678, 680, 681, 684, 687, 688, 690, 691, 692, 693, 694, 696, 697, 698], "summary": {"covered_lines": 15, "num_statements": 16, "percent_covered": 93.75, "percent_covered_display": "94", "missing_lines": 1, "excluded_lines": 0}, "missing_lines": [695], "excluded_lines": []}, "AnonymousTypedefProcessor._fix_flattened_fields_with_references": {"executed_lines": [702, 704, 705, 708, 710, 711, 714, 715, 717, 718, 719, 721, 722, 725, 727, 728, 731, 734, 736, 737, 741, 742, 743, 746, 747, 749, 752, 756, 759, 760, 761, 762], "summary": {"covered_lines": 32, "num_statements": 33, "percent_covered": 96.96969696969697, "percent_covered_display": "97", "missing_lines": 1, "excluded_lines": 0}, "missing_lines": [735], "excluded_lines": []}, "AnonymousTypedefProcessor._update_entity_field_references": {"executed_lines": [766, 768, 770, 771, 773], "summary": {"covered_lines": 5, "num_statements": 5, "percent_covered": 100.0, "percent_covered_display": "100", "missing_lines": 0, "excluded_lines": 0}, "missing_lines": [], "excluded_lines": []}, "AnonymousTypedefProcessor._field_should_reference_extracted_entity": {"executed_lines": [781, 782, 783, 785, 786, 787, 789], "summary": {"covered_lines": 7, "num_statements": 7, "percent_covered": 100.0, "percent_covered_display": "100", "missing_lines": 0, "excluded_lines": 0}, "missing_lines": [], "excluded_lines": []}, "AnonymousTypedefProcessor._find_extracted_entity_for_field": {"executed_lines": [794, 795, 796, 798, 799, 802], "summary": {"covered_lines": 6, "num_statements": 7, "percent_covered": 85.71428571428571, "percent_covered_display": "86", "missing_lines": 1, "excluded_lines": 0}, "missing_lines": [800], "excluded_lines": []}, "AnonymousTypedefProcessor._has_balanced_anonymous_pattern": {"executed_lines": [807, 808, 810, 811, 812, 813, 815, 819, 820, 821, 822, 823, 824, 825, 827, 828, 829, 831, 833], "summary": {"covered_lines": 19, "num_statements": 21, "percent_covered": 90.47619047619048, "percent_covered_display": "90", "missing_lines": 2, "excluded_lines": 0}, "missing_lines": [816, 830], "excluded_lines": []}, "AnonymousTypedefProcessor._has_balanced_anonymous_pattern_no_field_name": {"executed_lines": [838, 839, 841, 842, 843, 844, 846, 850, 851, 852, 853, 854, 855, 856, 858, 859, 860, 862, 864], "summary": {"covered_lines": 19, "num_statements": 21, "percent_covered": 90.47619047619048, "percent_covered_display": "90", "missing_lines": 2, "excluded_lines": 0}, "missing_lines": [847, 861], "excluded_lines": []}, "AnonymousTypedefProcessor._extract_balanced_anonymous_struct": {"executed_lines": [868, 869, 871, 872, 873, 874, 875, 877, 881, 882, 883, 884, 885, 886, 887, 889, 892, 895, 896, 897, 898, 900], "summary": {"covered_lines": 22, "num_statements": 25, "percent_covered": 88.0, "percent_covered_display": "88", "missing_lines": 3, "excluded_lines": 0}, "missing_lines": [878, 899, 902], "excluded_lines": []}, "AnonymousTypedefProcessor._extract_balanced_anonymous_struct_no_field_name": {"executed_lines": [906, 907, 909, 910, 911, 912, 913, 915, 919, 920, 921, 922, 923, 924, 925, 927, 930, 931, 932, 934], "summary": {"covered_lines": 20, "num_statements": 23, "percent_covered": 86.95652173913044, "percent_covered_display": "87", "missing_lines": 3, "excluded_lines": 0}, "missing_lines": [916, 933, 936], "excluded_lines": []}, "": {"executed_lines": [1, 3, 4, 5, 8, 9, 11, 16, 38, 55, 89, 99, 109, 163, 167, 177, 186, 191, 246, 251, 256, 351, 444, 486, 502, 522, 539, 674, 700, 764, 775, 791, 804, 835, 866, 904], "summary": {"covered_lines": 34, "num_statements": 34, "percent_covered": 100.0, "percent_covered_display": "100", "missing_lines": 0, "excluded_lines": 0}, "missing_lines": [], "excluded_lines": []}}, "classes": {"AnonymousTypedefProcessor": {"executed_lines": [12, 13, 14, 18, 19, 21, 22, 24, 27, 29, 32, 33, 36, 41, 42, 43, 46, 47, 48, 51, 52, 53, 59, 62, 65, 66, 68, 69, 71, 72, 73, 78, 79, 80, 81, 84, 87, 94, 95, 97, 104, 105, 107, 113, 116, 117, 121, 122, 124, 125, 126, 129, 130, 131, 133, 136, 137, 138, 139, 140, 141, 142, 143, 145, 146, 149, 150, 151, 154, 157, 158, 159, 161, 165, 169, 171, 172, 173, 174, 175, 179, 180, 181, 182, 183, 184, 188, 189, 195, 197, 218, 219, 221, 223, 226, 229, 234, 235, 236, 237, 238, 239, 242, 244, 248, 249, 253, 254, 258, 261, 263, 264, 266, 269, 272, 274, 278, 279, 280, 282, 283, 284, 285, 286, 288, 290, 291, 292, 295, 296, 299, 300, 304, 306, 310, 312, 313, 314, 316, 317, 319, 320, 326, 346, 347, 349, 353, 356, 358, 359, 360, 361, 362, 365, 366, 370, 373, 374, 375, 376, 377, 379, 380, 383, 386, 403, 406, 407, 411, 412, 415, 420, 421, 422, 425, 426, 427, 431, 432, 438, 439, 440, 442, 489, 493, 497, 500, 510, 512, 515, 516, 519, 520, 524, 527, 533, 534, 535, 537, 544, 561, 562, 563, 564, 565, 566, 567, 570, 571, 572, 573, 578, 579, 580, 581, 584, 593, 613, 632, 634, 635, 636, 638, 643, 644, 645, 646, 649, 653, 655, 677, 678, 680, 681, 684, 687, 688, 690, 691, 692, 693, 694, 696, 697, 698, 702, 704, 705, 708, 710, 711, 714, 715, 717, 718, 719, 721, 722, 725, 727, 728, 731, 734, 736, 737, 741, 742, 743, 746, 747, 749, 752, 756, 759, 760, 761, 762, 766, 768, 770, 771, 773, 781, 782, 783, 785, 786, 787, 789, 794, 795, 796, 798, 799, 802, 807, 808, 810, 811, 812, 813, 815, 819, 820, 821, 822, 823, 824, 825, 827, 828, 829, 831, 833, 838, 839, 841, 842, 843, 844, 846, 850, 851, 852, 853, 854, 855, 856, 858, 859, 860, 862, 864, 868, 869, 871, 872, 873, 874, 875, 877, 881, 882, 883, 884, 885, 886, 887, 889, 892, 895, 896, 897, 898, 900, 906, 907, 909, 910, 911, 912, 913, 915, 919, 920, 921, 922, 923, 924, 925, 927, 930, 931, 932, 934], "summary": {"covered_lines": 375, "num_statements": 510, "percent_covered": 73.52941176470588, "percent_covered_display": "74", "missing_lines": 135, "excluded_lines": 0}, "missing_lines": [134, 155, 199, 202, 204, 207, 208, 209, 210, 211, 212, 214, 231, 267, 275, 301, 307, 323, 324, 325, 328, 329, 330, 332, 333, 335, 336, 337, 340, 341, 342, 343, 367, 382, 387, 389, 390, 391, 392, 393, 394, 396, 397, 400, 401, 402, 408, 416, 417, 428, 433, 434, 435, 447, 449, 450, 451, 452, 453, 456, 457, 458, 459, 460, 461, 462, 464, 465, 468, 469, 470, 471, 472, 475, 476, 477, 478, 480, 481, 482, 484, 490, 494, 498, 545, 547, 552, 553, 554, 555, 558, 586, 588, 589, 590, 594, 595, 596, 597, 599, 604, 605, 606, 607, 610, 615, 616, 617, 618, 623, 624, 625, 626, 629, 656, 658, 659, 664, 665, 666, 667, 670, 695, 735, 800, 816, 830, 847, 861, 878, 899, 902, 916, 933, 936], "excluded_lines": []}, "": {"executed_lines": [1, 3, 4, 5, 8, 9, 11, 16, 38, 55, 89, 99, 109, 163, 167, 177, 186, 191, 246, 251, 256, 351, 444, 486, 502, 522, 539, 674, 700, 764, 775, 791, 804, 835, 866, 904], "summary": {"covered_lines": 34, "num_statements": 34, "percent_covered": 100.0, "percent_covered_display": "100", "missing_lines": 0, "excluded_lines": 0}, "missing_lines": [], "excluded_lines": []}}}, "src/c2puml/core/parser_tokenizer.py": {"executed_lines": [2, 6, 7, 8, 9, 10, 13, 14, 17, 18, 19, 20, 21, 22, 23, 24, 25, 28, 29, 30, 31, 32, 33, 34, 35, 38, 39, 40, 41, 42, 43, 44, 45, 46, 47, 48, 49, 52, 53, 54, 55, 58, 59, 60, 63, 64, 65, 66, 67, 70, 71, 72, 74, 75, 76, 77, 79, 83, 84, 87, 108, 123, 127, 128, 131, 148, 150, 151, 152, 153, 154, 155, 156, 157, 158, 159, 160, 161, 163, 164, 177, 179, 180, 181, 183, 184, 187, 196, 198, 209, 215, 216, 217, 218, 219, 221, 223, 224, 225, 227, 236, 247, 249, 253, 255, 257, 258, 260, 262, 263, 264, 265, 268, 269, 270, 271, 274, 276, 277, 279, 280, 281, 282, 285, 286, 287, 288, 291, 292, 293, 294, 295, 296, 298, 299, 300, 303, 313, 314, 316, 318, 319, 320, 322, 323, 326, 327, 328, 329, 331, 341, 342, 345, 346, 349, 350, 351, 352, 355, 356, 357, 358, 359, 362, 363, 364, 365, 367, 379, 380, 383, 384, 385, 386, 387, 388, 391, 392, 394, 396, 400, 401, 408, 410, 414, 415, 417, 418, 420, 422, 423, 426, 428, 429, 432, 433, 434, 439, 443, 445, 447, 450, 451, 453, 454, 455, 456, 458, 464, 465, 467, 468, 469, 470, 471, 472, 473, 474, 475, 477, 479, 481, 483, 484, 486, 487, 488, 489, 490, 491, 492, 493, 494, 496, 498, 500, 506, 507, 509, 510, 511, 512, 514, 516, 518, 519, 521, 522, 523, 524, 525, 526, 527, 528, 529, 531, 533, 535, 537, 539, 544, 546, 547, 548, 549, 552, 554, 560, 561, 563, 564, 565, 566, 567, 568, 570, 572, 574, 577, 579, 582, 583, 584, 586, 587, 589, 590, 592, 596, 602, 618, 619, 620, 623, 624, 626, 627, 629, 630, 632, 637, 638, 640, 644, 645, 648, 649, 650, 651, 652, 653, 654, 659, 660, 662, 664, 665, 666, 667, 668, 669, 670, 673, 674, 676, 677, 678, 679, 680, 683, 684, 687, 689, 690, 692, 694, 697, 699, 702, 704, 705, 708, 711, 717, 718, 719, 722, 728, 730, 731, 734, 735, 740, 741, 742, 743, 744, 745, 746, 748, 751, 755, 757, 758, 760, 762, 765, 767, 770, 776, 777, 778, 781, 784, 786, 787, 790, 791, 793, 797, 798, 801, 802, 803, 804, 805, 806, 807, 812, 813, 815, 817, 818, 819, 820, 821, 822, 824, 836, 837, 840, 842, 843, 845, 847, 850, 852, 855, 857, 858, 861, 862, 863, 864, 868, 870, 876, 879, 880, 883, 885, 889, 890, 894, 895, 898, 899, 900, 911, 912, 913, 918, 921, 922, 925, 926, 927, 944, 945, 946, 957, 958, 963, 964, 966, 967, 968, 976, 979, 980, 983, 984, 986, 988, 992, 993, 994, 995, 1000, 1005, 1007, 1010, 1013, 1014, 1016, 1017, 1018, 1019, 1020, 1021, 1023, 1027, 1028, 1029, 1030, 1032, 1033, 1038, 1040, 1043, 1044, 1047, 1053, 1054, 1055, 1058, 1063, 1067, 1068, 1072, 1075, 1076, 1079, 1080, 1081, 1084, 1086, 1088, 1091, 1092, 1095, 1101, 1102, 1104, 1107, 1113, 1114, 1115, 1118, 1123, 1127, 1128, 1132, 1133, 1134, 1137, 1138, 1139, 1142, 1145, 1157, 1164, 1165, 1166, 1167, 1168, 1170, 1173, 1174, 1175, 1176, 1177, 1178, 1179, 1180, 1182, 1183, 1186, 1187, 1190, 1191, 1194, 1195, 1196, 1197, 1198, 1200, 1202, 1204, 1206, 1207, 1208, 1212, 1216, 1217, 1218, 1219, 1221, 1223, 1225, 1230, 1233, 1235, 1242, 1245, 1246, 1248, 1249, 1250, 1251, 1252, 1253, 1255, 1257, 1258, 1260, 1261, 1262, 1266, 1267, 1284, 1291, 1294, 1295, 1297, 1298, 1299, 1300, 1301, 1302, 1304, 1306, 1307, 1309, 1310, 1311, 1315, 1316, 1332, 1341, 1342, 1343, 1344, 1345, 1346, 1348, 1349, 1354, 1355, 1356, 1363, 1364, 1371, 1374, 1375, 1378, 1384, 1385, 1386, 1387, 1389, 1394, 1395, 1396, 1397, 1398, 1400, 1402, 1403, 1406, 1407, 1408, 1409, 1410, 1411, 1412, 1413, 1414, 1415, 1417, 1419, 1420, 1423, 1424, 1428, 1429, 1430, 1432, 1438, 1439, 1440, 1441, 1443, 1448, 1450, 1451, 1452, 1459, 1460, 1461, 1462, 1465, 1466, 1467, 1474, 1475, 1476, 1477, 1478, 1479, 1480, 1483, 1485, 1486, 1487, 1488, 1489, 1491, 1492, 1493, 1494, 1495, 1496, 1497, 1502, 1503, 1504, 1505, 1506, 1507, 1508, 1509, 1510, 1511, 1516, 1517, 1518, 1519, 1520, 1523, 1532, 1533, 1534, 1536, 1537, 1538, 1539, 1540, 1542, 1543, 1544, 1545, 1546, 1547, 1549, 1551, 1552, 1553, 1556, 1557, 1558, 1559, 1561, 1566, 1567], "summary": {"covered_lines": 719, "num_statements": 829, "percent_covered": 86.73100120627262, "percent_covered_display": "87", "missing_lines": 110, "excluded_lines": 2}, "missing_lines": [165, 166, 168, 169, 203, 204, 205, 206, 207, 228, 237, 315, 317, 333, 334, 337, 338, 436, 541, 542, 550, 558, 578, 593, 599, 604, 605, 606, 608, 609, 611, 612, 614, 615, 634, 641, 698, 714, 725, 736, 737, 747, 766, 773, 794, 823, 826, 827, 829, 830, 831, 832, 833, 851, 905, 907, 952, 954, 989, 1001, 1003, 1011, 1024, 1034, 1036, 1041, 1050, 1061, 1064, 1069, 1082, 1089, 1098, 1110, 1121, 1124, 1129, 1140, 1147, 1148, 1149, 1169, 1201, 1220, 1222, 1227, 1228, 1229, 1264, 1272, 1273, 1274, 1275, 1277, 1278, 1280, 1281, 1282, 1313, 1321, 1322, 1323, 1324, 1325, 1326, 1328, 1329, 1330, 1490, 1568], "excluded_lines": [79, 80], "functions": {"Token.__repr__": {"executed_lines": [], "summary": {"covered_lines": 0, "num_statements": 0, "percent_covered": 100.0, "percent_covered_display": "100", "missing_lines": 0, "excluded_lines": 1}, "missing_lines": [], "excluded_lines": [80]}, "CTokenizer.__init__": {"executed_lines": [128, 131], "summary": {"covered_lines": 2, "num_statements": 2, "percent_covered": 100.0, "percent_covered_display": "100", "missing_lines": 0, "excluded_lines": 0}, "missing_lines": [], "excluded_lines": []}, "CTokenizer.tokenize": {"executed_lines": [150, 151, 152, 153, 154, 155, 156, 157, 158, 159, 160, 161, 163, 164, 177, 179, 180, 181, 183, 184, 187, 196, 198, 209, 215, 216, 217, 218, 219, 221, 223, 224, 225, 227, 236, 247, 249, 253], "summary": {"covered_lines": 38, "num_statements": 49, "percent_covered": 77.55102040816327, "percent_covered_display": "78", "missing_lines": 11, "excluded_lines": 0}, "missing_lines": [165, 166, 168, 169, 203, 204, 205, 206, 207, 228, 237], "excluded_lines": []}, "CTokenizer._tokenize_line": {"executed_lines": [257, 258, 260, 262, 263, 264, 265, 268, 269, 270, 271, 274, 276, 277, 279, 280, 281, 282, 285, 286, 287, 288, 291, 292, 293, 294, 295, 296, 298, 299, 300, 303, 313, 314, 316, 318, 319, 320, 322, 323, 326, 327, 328, 329, 331, 341, 342, 345, 346, 349, 350, 351, 352, 355, 356, 357, 358, 359, 362, 363, 364, 365, 367, 379, 380, 383, 384, 385, 386, 387, 388, 391, 392, 394], "summary": {"covered_lines": 74, "num_statements": 80, "percent_covered": 92.5, "percent_covered_display": "92", "missing_lines": 6, "excluded_lines": 0}, "missing_lines": [315, 317, 333, 334, 337, 338], "excluded_lines": []}, "CTokenizer.filter_tokens": {"executed_lines": [400, 401, 408], "summary": {"covered_lines": 3, "num_statements": 3, "percent_covered": 100.0, "percent_covered_display": "100", "missing_lines": 0, "excluded_lines": 0}, "missing_lines": [], "excluded_lines": []}, "CTokenizer._merge_multiline_macros": {"executed_lines": [414, 415, 417, 418, 420, 422, 423, 426, 428, 429, 432, 433, 434, 439, 443, 445, 447], "summary": {"covered_lines": 17, "num_statements": 18, "percent_covered": 94.44444444444444, "percent_covered_display": "94", "missing_lines": 1, "excluded_lines": 0}, "missing_lines": [436], "excluded_lines": []}, "StructureFinder.__init__": {"executed_lines": [454, 455, 456], "summary": {"covered_lines": 3, "num_statements": 3, "percent_covered": 100.0, "percent_covered_display": "100", "missing_lines": 0, "excluded_lines": 0}, "missing_lines": [], "excluded_lines": []}, "StructureFinder.find_structs": {"executed_lines": [464, 465, 467, 468, 469, 470, 471, 472, 473, 474, 475, 477, 479], "summary": {"covered_lines": 13, "num_statements": 13, "percent_covered": 100.0, "percent_covered_display": "100", "missing_lines": 0, "excluded_lines": 0}, "missing_lines": [], "excluded_lines": []}, "StructureFinder.find_enums": {"executed_lines": [483, 484, 486, 487, 488, 489, 490, 491, 492, 493, 494, 496, 498], "summary": {"covered_lines": 13, "num_statements": 13, "percent_covered": 100.0, "percent_covered_display": "100", "missing_lines": 0, "excluded_lines": 0}, "missing_lines": [], "excluded_lines": []}, "StructureFinder.find_functions": {"executed_lines": [506, 507, 509, 510, 511, 512, 514], "summary": {"covered_lines": 7, "num_statements": 7, "percent_covered": 100.0, "percent_covered_display": "100", "missing_lines": 0, "excluded_lines": 0}, "missing_lines": [], "excluded_lines": []}, "StructureFinder.find_unions": {"executed_lines": [518, 519, 521, 522, 523, 524, 525, 526, 527, 528, 529, 531, 533], "summary": {"covered_lines": 13, "num_statements": 13, "percent_covered": 100.0, "percent_covered_display": "100", "missing_lines": 0, "excluded_lines": 0}, "missing_lines": [], "excluded_lines": []}, "StructureFinder._current_token_is": {"executed_lines": [537], "summary": {"covered_lines": 1, "num_statements": 1, "percent_covered": 100.0, "percent_covered_display": "100", "missing_lines": 0, "excluded_lines": 0}, "missing_lines": [], "excluded_lines": []}, "StructureFinder._peek_token": {"executed_lines": [], "summary": {"covered_lines": 0, "num_statements": 2, "percent_covered": 0.0, "percent_covered_display": "0", "missing_lines": 2, "excluded_lines": 0}, "missing_lines": [541, 542], "excluded_lines": []}, "StructureFinder._advance": {"executed_lines": [546, 547, 548, 549], "summary": {"covered_lines": 4, "num_statements": 5, "percent_covered": 80.0, "percent_covered_display": "80", "missing_lines": 1, "excluded_lines": 0}, "missing_lines": [550], "excluded_lines": []}, "StructureFinder._find_matching_brace": {"executed_lines": [554, 560, 561, 563, 564, 565, 566, 567, 568, 570], "summary": {"covered_lines": 10, "num_statements": 11, "percent_covered": 90.9090909090909, "percent_covered_display": "91", "missing_lines": 1, "excluded_lines": 0}, "missing_lines": [558], "excluded_lines": []}, "StructureFinder._parse_struct": {"executed_lines": [574, 577, 579, 582, 583, 584, 586, 587, 589, 590, 592, 596, 602, 618, 619, 620, 623, 624, 626, 627, 629, 630, 632, 637, 638, 640, 644, 645, 648, 649, 650, 651, 652, 653, 654, 659, 660, 662, 664, 665, 666, 667, 668, 669, 670, 673, 674, 676, 677, 678, 679, 680, 683, 684, 687, 689, 690], "summary": {"covered_lines": 57, "num_statements": 71, "percent_covered": 80.28169014084507, "percent_covered_display": "80", "missing_lines": 14, "excluded_lines": 0}, "missing_lines": [578, 593, 599, 604, 605, 606, 608, 609, 611, 612, 614, 615, 634, 641], "excluded_lines": []}, "StructureFinder._parse_typedef_struct": {"executed_lines": [694, 697, 699, 702, 704, 705, 708, 711, 717, 718, 719, 722, 728, 730, 731, 734, 735, 740, 741, 742, 743, 744, 745, 746, 748, 751, 755, 757, 758], "summary": {"covered_lines": 29, "num_statements": 35, "percent_covered": 82.85714285714286, "percent_covered_display": "83", "missing_lines": 6, "excluded_lines": 0}, "missing_lines": [698, 714, 725, 736, 737, 747], "excluded_lines": []}, "StructureFinder._parse_enum": {"executed_lines": [762, 765, 767, 770, 776, 777, 778, 781, 784, 786, 787, 790, 791, 793, 797, 798, 801, 802, 803, 804, 805, 806, 807, 812, 813, 815, 817, 818, 819, 820, 821, 822, 824, 836, 837, 840, 842, 843], "summary": {"covered_lines": 38, "num_statements": 49, "percent_covered": 77.55102040816327, "percent_covered_display": "78", "missing_lines": 11, "excluded_lines": 0}, "missing_lines": [766, 773, 794, 823, 826,
[...]
fier._is_valid_identifier": {"executed_lines": [234, 238], "summary": {"covered_lines": 2, "num_statements": 3, "percent_covered": 66.66666666666667, "percent_covered_display": "67", "missing_lines": 1, "excluded_lines": 0}, "missing_lines": [235], "excluded_lines": []}, "ModelVerifier._is_suspicious_type": {"executed_lines": [242, 245, 248, 256, 257, 258, 261, 262, 265, 268], "summary": {"covered_lines": 10, "num_statements": 12, "percent_covered": 83.33333333333333, "percent_covered_display": "83", "missing_lines": 2, "excluded_lines": 0}, "missing_lines": [243, 266], "excluded_lines": []}, "ModelVerifier._is_suspicious_value": {"executed_lines": [272, 275, 278, 283, 284, 288, 292, 295], "summary": {"covered_lines": 8, "num_statements": 12, "percent_covered": 66.66666666666667, "percent_covered_display": "67", "missing_lines": 4, "excluded_lines": 0}, "missing_lines": [273, 285, 289, 293], "excluded_lines": []}, "ModelVerifier._has_unbalanced_brackets": {"executed_lines": [299, 300, 302, 303, 304, 305, 306, 309], "summary": {"covered_lines": 8, "num_statements": 9, "percent_covered": 88.88888888888889, "percent_covered_display": "89", "missing_lines": 1, "excluded_lines": 0}, "missing_lines": [307], "excluded_lines": []}, "": {"executed_lines": [2, 8, 9, 10, 12, 15, 16, 18, 22, 55, 66, 112, 124, 143, 155, 175, 179, 192, 206, 232, 240, 270, 297], "summary": {"covered_lines": 21, "num_statements": 21, "percent_covered": 100.0, "percent_covered_display": "100", "missing_lines": 0, "excluded_lines": 0}, "missing_lines": [], "excluded_lines": []}}, "classes": {"ModelVerifier": {"executed_lines": [19, 20, 32, 35, 38, 41, 42, 44, 46, 47, 48, 49, 53, 57, 60, 63, 69, 72, 76, 77, 79, 80, 81, 82, 86, 89, 90, 93, 94, 97, 98, 101, 102, 105, 106, 109, 110, 114, 117, 121, 122, 126, 129, 133, 134, 138, 145, 148, 152, 153, 157, 159, 164, 170, 171, 172, 173, 177, 181, 184, 187, 194, 196, 201, 209, 211, 212, 217, 221, 222, 227, 234, 238, 242, 245, 248, 256, 257, 258, 261, 262, 265, 268, 272, 275, 278, 283, 284, 288, 292, 295, 299, 300, 302, 303, 304, 305, 306, 309], "summary": {"covered_lines": 99, "num_statements": 133, "percent_covered": 74.43609022556392, "percent_covered_display": "74", "missing_lines": 34, "excluded_lines": 0}, "missing_lines": [51, 58, 61, 64, 70, 73, 83, 115, 118, 127, 130, 135, 139, 146, 149, 158, 160, 165, 182, 185, 188, 197, 202, 210, 218, 228, 235, 243, 266, 273, 285, 289, 293, 307], "excluded_lines": []}, "": {"executed_lines": [2, 8, 9, 10, 12, 15, 16, 18, 22, 55, 66, 112, 124, 143, 155, 175, 179, 192, 206, 232, 240, 270, 297], "summary": {"covered_lines": 21, "num_statements": 21, "percent_covered": 100.0, "percent_covered_display": "100", "missing_lines": 0, "excluded_lines": 0}, "missing_lines": [], "excluded_lines": []}}}, "src/c2puml/main.py": {"executed_lines": [2, 11, 12, 13, 14, 15, 16, 18, 19, 20, 21, 24, 25, 26, 33, 34, 35, 36, 37, 50, 51, 62, 69, 75, 78, 80, 83, 84, 87, 90, 91, 92, 98, 101, 102, 103, 105, 106, 109, 110, 111, 113, 119, 120, 134, 135, 136, 137, 146, 147, 153, 154, 155, 157, 158, 160, 161, 168, 172, 173, 179, 181, 183, 189, 191, 192, 201, 203, 205, 206, 207, 211, 212, 213, 229, 230], "summary": {"covered_lines": 73, "num_statements": 118, "percent_covered": 61.86440677966102, "percent_covered_display": "62", "missing_lines": 45, "excluded_lines": 2}, "missing_lines": [38, 40, 41, 42, 43, 44, 45, 47, 85, 93, 94, 95, 121, 122, 124, 125, 126, 127, 128, 129, 130, 131, 148, 149, 150, 162, 163, 165, 166, 167, 174, 175, 176, 214, 215, 217, 218, 219, 220, 221, 222, 223, 224, 225, 226], "excluded_lines": [229, 230], "functions": {"setup_logging": {"executed_lines": [25, 26], "summary": {"covered_lines": 2, "num_statements": 2, "percent_covered": 100.0, "percent_covered_display": "100", "missing_lines": 0, "excluded_lines": 0}, "missing_lines": [], "excluded_lines": []}, "load_config_from_path": {"executed_lines": [34, 35, 36, 37], "summary": {"covered_lines": 4, "num_statements": 12, "percent_covered": 33.333333333333336, "percent_covered_display": "33", "missing_lines": 8, "excluded_lines": 0}, "missing_lines": [38, 40, 41, 42, 43, 44, 45, 47], "excluded_lines": []}, "main": {"executed_lines": [51, 62, 69, 75, 78, 80, 83, 84, 87, 90, 91, 92, 98, 101, 102, 103, 105, 106, 109, 110, 111, 113, 119, 120, 134, 135, 136, 137, 146, 147, 153, 154, 155, 157, 158, 160, 161, 168, 172, 173, 179, 181, 183, 189, 191, 192, 201, 203, 205, 206, 207, 211, 212, 213], "summary": {"covered_lines": 54, "num_statements": 91, "percent_covered": 59.34065934065934, "percent_covered_display": "59", "missing_lines": 37, "excluded_lines": 0}, "missing_lines": [85, 93, 94, 95, 121, 122, 124, 125, 126, 127, 128, 129, 130, 131, 148, 149, 150, 162, 163, 165, 166, 167, 174, 175, 176, 214, 215, 217, 218, 219, 220, 221, 222, 223, 224, 225, 226], "excluded_lines": []}, "": {"executed_lines": [2, 11, 12, 13, 14, 15, 16, 18, 19, 20, 21, 24, 33, 50, 229, 230], "summary": {"covered_lines": 13, "num_statements": 13, "percent_covered": 100.0, "percent_covered_display": "100", "missing_lines": 0, "excluded_lines": 2}, "missing_lines": [], "excluded_lines": [229, 230]}}, "classes": {"": {"executed_lines": [2, 11, 12, 13, 14, 15, 16, 18, 19, 20, 21, 24, 25, 26, 33, 34, 35, 36, 37, 50, 51, 62, 69, 75, 78, 80, 83, 84, 87, 90, 91, 92, 98, 101, 102, 103, 105, 106, 109, 110, 111, 113, 119, 120, 134, 135, 136, 137, 146, 147, 153, 154, 155, 157, 158, 160, 161, 168, 172, 173, 179, 181, 183, 189, 191, 192, 201, 203, 205, 206, 207, 211, 212, 213, 229, 230], "summary": {"covered_lines": 73, "num_statements": 118, "percent_covered": 61.86440677966102, "percent_covered_display": "62", "missing_lines": 45, "excluded_lines": 2}, "missing_lines": [38, 40, 41, 42, 43, 44, 45, 47, 85, 93, 94, 95, 121, 122, 124, 125, 126, 127, 128, 129, 130, 131, 148, 149, 150, 162, 163, 165, 166, 167, 174, 175, 176, 214, 215, 217, 218, 219, 220, 221, 222, 223, 224, 225, 226], "excluded_lines": [229, 230]}}}, "src/c2puml/models.py": {"executed_lines": [2, 6, 7, 8, 11, 12, 13, 15, 16, 17, 19, 24, 26, 30, 36, 40, 49, 50, 51, 53, 54, 55, 57, 59, 61, 63, 67, 68, 69, 71, 72, 73, 74, 75, 77, 79, 81, 85, 86, 87, 88, 89, 91, 92, 95, 96, 97, 99, 100, 101, 102, 103, 107, 109, 113, 114, 115, 116, 118, 119, 123, 124, 125, 127, 128, 129, 131, 132, 135, 140, 141, 142, 144, 145, 146, 147, 151, 153, 157, 158, 159, 161, 162, 163, 167, 169, 171, 175, 176, 177, 179, 181, 182, 183, 184, 185, 186, 187, 188, 189, 190, 191, 192, 193, 195, 196, 198, 200, 202, 205, 207, 209, 214, 215, 216, 217, 218, 220, 222, 223, 225, 226, 229, 230, 231, 232, 233, 234, 235, 236, 237, 240, 242, 243, 246, 249, 250, 253, 254, 259, 260, 261, 262, 263, 267, 271, 282, 283, 284, 285, 286, 290, 297, 298, 304, 305, 306, 307, 308, 312, 322, 323, 324, 325, 326, 336, 337, 338, 339, 340, 341, 342, 343, 344, 346, 348, 353, 354, 355, 357, 358, 359, 361, 363, 365, 368, 370, 379, 380, 381, 385, 386, 388, 393, 399, 400, 402, 403, 404, 405, 411, 414, 415, 416, 417, 418, 419, 422, 424, 425, 426, 427, 430, 431, 434, 435, 436, 437, 440, 441, 444, 445, 449, 450, 452, 455, 493, 496, 499, 500, 501, 502, 504, 506, 507, 509], "summary": {"covered_lines": 225, "num_statements": 250, "percent_covered": 90.0, "percent_covered_display": "90", "missing_lines": 25, "excluded_lines": 4}, "missing_lines": [27, 31, 37, 41, 60, 62, 64, 80, 82, 110, 120, 133, 154, 170, 172, 279, 292, 319, 333, 364, 366, 382, 383, 406, 407], "excluded_lines": [19, 20, 21, 22], "functions": {"Field.__repr__": {"executed_lines": [], "summary": {"covered_lines": 0, "num_statements": 0, "percent_covered": 100.0, "percent_covered_display": "100", "missing_lines": 0, "excluded_lines": 3}, "missing_lines": [], "excluded_lines": [20, 21, 22]}, "Field.__post_init__": {"executed_lines": [26, 30, 36, 40], "summary": {"covered_lines": 4, "num_statements": 8, "percent_covered": 50.0, "percent_covered_display": "50", "missing_lines": 4, "excluded_lines": 0}, "missing_lines": [27, 31, 37, 41], "excluded_lines": []}, "IncludeRelation.__post_init__": {"executed_lines": [59, 61, 63], "summary": {"covered_lines": 3, "num_statements": 6, "percent_covered": 50.0, "percent_covered_display": "50", "missing_lines": 3, "excluded_lines": 0}, "missing_lines": [60, 62, 64], "excluded_lines": []}, "Function.__post_init__": {"executed_lines": [79, 81, 85, 86, 87, 88, 89, 91, 92], "summary": {"covered_lines": 9, "num_statements": 11, "percent_covered": 81.81818181818181, "percent_covered_display": "82", "missing_lines": 2, "excluded_lines": 0}, "missing_lines": [80, 82], "excluded_lines": []}, "Struct.__post_init__": {"executed_lines": [109], "summary": {"covered_lines": 1, "num_statements": 2, "percent_covered": 50.0, "percent_covered_display": "50", "missing_lines": 1, "excluded_lines": 0}, "missing_lines": [110], "excluded_lines": []}, "EnumValue.__post_init__": {"executed_lines": [119], "summary": {"covered_lines": 1, "num_statements": 2, "percent_covered": 50.0, "percent_covered_display": "50", "missing_lines": 1, "excluded_lines": 0}, "missing_lines": [120], "excluded_lines": []}, "Enum.__post_init__": {"executed_lines": [132, 135], "summary": {"covered_lines": 2, "num_statements": 3, "percent_covered": 66.66666666666667, "percent_covered_display": "67", "missing_lines": 1, "excluded_lines": 0}, "missing_lines": [133], "excluded_lines": []}, "Union.__post_init__": {"executed_lines": [153], "summary": {"covered_lines": 1, "num_statements": 2, "percent_covered": 50.0, "percent_covered_display": "50", "missing_lines": 1, "excluded_lines": 0}, "missing_lines": [154], "excluded_lines": []}, "Alias.__post_init__": {"executed_lines": [169, 171], "summary": {"covered_lines": 2, "num_statements": 4, "percent_covered": 50.0, "percent_covered_display": "50", "missing_lines": 2, "excluded_lines": 0}, "missing_lines": [170, 172], "excluded_lines": []}, "FileModel.__post_init__": {"executed_lines": [195, 196, 198], "summary": {"covered_lines": 3, "num_statements": 3, "percent_covered": 100.0, "percent_covered_display": "100", "missing_lines": 0, "excluded_lines": 0}, "missing_lines": [], "excluded_lines": []}, "FileModel.to_dict": {"executed_lines": [202, 205, 207, 209, 214, 215, 216, 217, 218, 220, 222, 223, 225, 226, 229, 230, 231, 232, 233, 234, 235, 236, 237, 240], "summary": {"covered_lines": 24, "num_statements": 24, "percent_covered": 100.0, "percent_covered_display": "100", "missing_lines": 0, "excluded_lines": 0}, "missing_lines": [], "excluded_lines": []}, "FileModel.from_dict": {"executed_lines": [246, 249, 250, 253, 254, 259, 260, 261, 262, 263, 267, 271, 282, 283, 284, 285, 286, 290, 297, 298, 304, 305, 306, 307, 308, 312, 322, 323, 324, 325, 326, 336, 337, 338, 339, 340, 341, 342, 343, 344, 346, 348], "summary": {"covered_lines": 42, "num_statements": 46, "percent_covered": 91.30434782608695, "percent_covered_display": "91", "missing_lines": 4, "excluded_lines": 0}, "missing_lines": [279, 292, 319, 333], "excluded_lines": []}, "ProjectModel.__post_init__": {"executed_lines": [363, 365], "summary": {"covered_lines": 2, "num_statements": 4, "percent_covered": 50.0, "percent_covered_display": "50", "missing_lines": 2, "excluded_lines": 0}, "missing_lines": [364, 366], "excluded_lines": []}, "ProjectModel.save": {"executed_lines": [370, 379, 380, 381], "summary": {"covered_lines": 4, "num_statements": 6, "percent_covered": 66.66666666666667, "percent_covered_display": "67", "missing_lines": 2, "excluded_lines": 0}, "missing_lines": [382, 383], "excluded_lines": []}, "ProjectModel.from_dict": {"executed_lines": [388, 393], "summary": {"covered_lines": 2, "num_statements": 2, "percent_covered": 100.0, "percent_covered_display": "100", "missing_lines": 0, "excluded_lines": 0}, "missing_lines": [], "excluded_lines": []}, "ProjectModel.load": {"executed_lines": [402, 403, 404, 405], "summary": {"covered_lines": 4, "num_statements": 6, "percent_covered": 66.66666666666667, "percent_covered_display": "67", "missing_lines": 2, "excluded_lines": 0}, "missing_lines": [406, 407], "excluded_lines": []}, "ProjectModel.update_uses_fields": {"executed_lines": [414, 415, 416, 417, 418, 419, 422, 424, 425, 426, 427, 430, 431, 434, 435, 436, 437, 440, 441, 444, 445, 449, 450], "summary": {"covered_lines": 23, "num_statements": 23, "percent_covered": 100.0, "percent_covered_display": "100", "missing_lines": 0, "excluded_lines": 0}, "missing_lines": [], "excluded_lines": []}, "ProjectModel._extract_non_primitive_types": {"executed_lines": [455, 493, 496, 499, 500, 501, 502, 504, 506, 507, 509], "summary": {"covered_lines": 11, "num_statements": 11, "percent_covered": 100.0, "percent_covered_display": "100", "missing_lines": 0, "excluded_lines": 0}, "missing_lines": [], "excluded_lines": []}, "": {"executed_lines": [2, 6, 7, 8, 11, 12, 13, 15, 16, 17, 19, 24, 49, 50, 51, 53, 54, 55, 57, 67, 68, 69, 71, 72, 73, 74, 75, 77, 95, 96, 97, 99, 100, 101, 102, 103, 107, 113, 114, 115, 116, 118, 123, 124, 125, 127, 128, 129, 131, 140, 141, 142, 144, 145, 146, 147, 151, 157, 158, 159, 161, 162, 163, 167, 175, 176, 177, 179, 181, 182, 183, 184, 185, 186, 187, 188, 189, 190, 191, 192, 193, 200, 242, 243, 353, 354, 355, 357, 358, 359, 361, 368, 385, 386, 399, 400, 411, 452], "summary": {"covered_lines": 87, "num_statements": 87, "percent_covered": 100.0, "percent_covered_display": "100", "missing_lines": 0, "excluded_lines": 1}, "missing_lines": [], "excluded_lines": [19]}}, "classes": {"Field": {"executed_lines": [26, 30, 36, 40], "summary": {"covered_lines": 4, "num_statements": 8, "percent_covered": 50.0, "percent_covered_display": "50", "missing_lines": 4, "excluded_lines": 3}, "missing_lines": [27, 31, 37, 41], "excluded_lines": [20, 21, 22]}, "IncludeRelation": {"executed_lines": [59, 61, 63], "summary": {"covered_lines": 3, "num_statements": 6, "percent_covered": 50.0, "percent_covered_display": "50", "missing_lines": 3, "excluded_lines": 0}, "missing_lines": [60, 62, 64], "excluded_lines": []}, "Function": {"executed_lines": [79, 81, 85, 86, 87, 88, 89, 91, 92], "summary": {"covered_lines": 9, "num_statements": 11, "percent_covered": 81.81818181818181, "percent_covered_display": "82", "missing_lines": 2, "excluded_lines": 0}, "missing_lines": [80, 82], "excluded_lines": []}, "Struct": {"executed_lines": [109], "summary": {"covered_lines": 1, "num_statements": 2, "percent_covered": 50.0, "percent_covered_display": "50", "missing_lines": 1, "excluded_lines": 0}, "missing_lines": [110], "excluded_lines": []}, "EnumValue": {"executed_lines": [119], "summary": {"covered_lines": 1, "num_statements": 2, "percent_covered": 50.0, "percent_covered_display": "50", "missing_lines": 1, "excluded_lines": 0}, "missing_lines": [120], "excluded_lines": []}, "Enum": {"executed_lines": [132, 135], "summary": {"covered_lines": 2, "num_statements": 3, "percent_covered": 66.66666666666667, "percent_covered_display": "67", "missing_lines": 1, "excluded_lines": 0}, "missing_lines": [133], "excluded_lines": []}, "Union": {"executed_lines": [153], "summary": {"covered_lines": 1, "num_statements": 2, "percent_covered": 50.0, "percent_covered_display": "50", "missing_lines": 1, "excluded_lines": 0}, "missing_lines": [154], "excluded_lines": []}, "Alias": {"executed_lines": [169, 171], "summary": {"covered_lines": 2, "num_statements": 4, "percent_covered": 50.0, "percent_covered_display": "50", "missing_lines": 2, "excluded_lines": 0}, "missing_lines": [170, 172], "excluded_lines": []}, "FileModel": {"executed_lines": [195, 196, 198, 202, 205, 207, 209, 214, 215, 216, 217, 218, 220, 222, 223, 225, 226, 229, 230, 231, 232, 233, 234, 235, 236, 237, 240, 246, 249, 250, 253, 254, 259, 260, 261, 262, 263, 267, 271, 282, 283, 284, 285, 286, 290, 297, 298, 304, 305, 306, 307, 308, 312, 322, 323, 324, 325, 326, 336, 337, 338, 339, 340, 341, 342, 343, 344, 346, 348], "summary": {"covered_lines": 69, "num_statements": 73, "percent_covered": 94.52054794520548, "percent_covered_display": "95", "missing_lines": 4, "excluded_lines": 0}, "missing_lines": [279, 292, 319, 333], "excluded_lines": []}, "ProjectModel": {"executed_lines": [363, 365, 370, 379, 380, 381, 388, 393, 402, 403, 404, 405, 414, 415, 416, 417, 418, 419, 422, 424, 425, 426, 427, 430, 431, 434, 435, 436, 437, 440, 441, 444, 445, 449, 450, 455, 493, 496, 499, 500, 501, 502, 504, 506, 507, 509], "summary": {"covered_lines": 46, "num_statements": 52, "percent_covered": 88.46153846153847, "percent_covered_display": "88", "missing_lines": 6, "excluded_lines": 0}, "missing_lines": [364, 366, 382, 383, 406, 407], "excluded_lines": []}, "": {"executed_lines": [2, 6, 7, 8, 11, 12, 13, 15, 16, 17, 19, 24, 49, 50, 51, 53, 54, 55, 57, 67, 68, 69, 71, 72, 73, 74, 75, 77, 95, 96, 97, 99, 100, 101, 102, 103, 107, 113, 114, 115, 116, 118, 123, 124, 125, 127, 128, 129, 131, 140, 141, 142, 144, 145, 146, 147, 151, 157, 158, 159, 161, 162, 163, 167, 175, 176, 177, 179, 181, 182, 183, 184, 185, 186, 187, 188, 189, 190, 191, 192, 193, 200, 242, 243, 353, 354, 355, 357, 358, 359, 361, 368, 385, 386, 399, 400, 411, 452], "summary": {"covered_lines": 87, "num_statements": 87, "percent_covered": 100.0, "percent_covered_display": "100", "missing_lines": 0, "excluded_lines": 1}, "missing_lines": [], "excluded_lines": [19]}}}, "src/c2puml/utils.py": {"executed_lines": [2, 6, 7, 8, 11, 12, 15, 16, 19, 21, 22, 32, 34, 35, 36, 37, 38, 54, 77, 90, 113], "summary": {"covered_lines": 20, "num_statements": 47, "percent_covered": 42.5531914893617, "percent_covered_display": "43", "missing_lines": 27, "excluded_lines": 0}, "missing_lines": [14, 24, 25, 26, 27, 28, 29, 39, 40, 43, 45, 46, 47, 61, 87, 100, 103, 104, 105, 106, 107, 108, 110, 120, 122, 123, 125], "excluded_lines": [], "functions": {"detect_file_encoding": {"executed_lines": [21, 22, 32, 34, 35, 36, 37, 38], "summary": {"covered_lines": 8, "num_statements": 20, "percent_covered": 40.0, "percent_covered_display": "40", "missing_lines": 12, "excluded_lines": 0}, "missing_lines": [24, 25, 26, 27, 28, 29, 39, 40, 43, 45, 46, 47], "excluded_lines": []}, "get_acceptable_encodings": {"executed_lines": [], "summary": {"covered_lines": 0, "num_statements": 1, "percent_covered": 0.0, "percent_covered_display": "0", "missing_lines": 1, "excluded_lines": 0}, "missing_lines": [61], "excluded_lines": []}, "is_acceptable_encoding": {"executed_lines": [], "summary": {"covered_lines": 0, "num_statements": 1, "percent_covered": 0.0, "percent_covered_display": "0", "missing_lines": 1, "excluded_lines": 0}, "missing_lines": [87], "excluded_lines": []}, "normalize_encoding": {"executed_lines": [], "summary": {"covered_lines": 0, "num_statements": 8, "percent_covered": 0.0, "percent_covered_display": "0", "missing_lines": 8, "excluded_lines": 0}, "missing_lines": [100, 103, 104, 105, 106, 107, 108, 110], "excluded_lines": []}, "get_platform_default_encoding": {"executed_lines": [], "summary": {"covered_lines": 0, "num_statements": 4, "percent_covered": 0.0, "percent_covered_display": "0", "missing_lines": 4, "excluded_lines": 0}, "missing_lines": [120, 122, 123, 125], "excluded_lines": []}, "": {"executed_lines": [2, 6, 7, 8, 11, 12, 15, 16, 19, 54, 77, 90, 113], "summary": {"covered_lines": 12, "num_statements": 13, "percent_covered": 92.3076923076923, "percent_covered_display": "92", "missing_lines": 1, "excluded_lines": 0}, "missing_lines": [14], "excluded_lines": []}}, "classes": {"": {"executed_lines": [2, 6, 7, 8, 11, 12, 15, 16, 19, 21, 22, 32, 34, 35, 36, 37, 38, 54, 77, 90, 113], "summary": {"covered_lines": 20, "num_statements": 47, "percent_covered": 42.5531914893617, "percent_covered_display": "43", "missing_lines": 27, "excluded_lines": 0}, "missing_lines": [14, 24, 25, 26, 27, 28, 29, 39, 40, 43, 45, 46, 47, 61, 87, 100, 103, 104, 105, 106, 107, 108, 110, 120, 122, 123, 125], "excluded_lines": []}}}}, "totals": {"covered_lines": 3495, "num_statements": 4680, "percent_covered": 74.67948717948718, "percent_covered_display": "75", "missing_lines": 1185, "excluded_lines": 14}}