Name                                            Stmts   Miss  Cover   Missing
-----------------------------------------------------------------------------
src/c2puml/__init__.py                             23      0   100%
src/c2puml/config.py                              142     67    53%   56, 60, 62, 64, 66, 68, 70, 72, 74, 76, 94-98, 101-104, 116, 123-126, 131-134, 142-175, 181-202, 209-213, 219-220, 227-231, 239-242
src/c2puml/core/__init__.py                         6      0   100%
src/c2puml/core/generator.py                      488     86    82%   50, 57-58, 151, 216, 244-249, 271-286, 309, 351-352, 360, 379-394, 419-421, 457-458, 525, 533-541, 578, 584, 588, 611-613, 664, 667, 775-790, 802, 833, 854-859, 879, 959, 982, 1001, 1012, 1023
src/c2puml/core/parser.py                         932    197    79%   22-23, 40, 43, 47-48, 52-76, 79, 84-87, 94-95, 109-113, 129, 137-139, 142-147, 249-250, 309, 351-352, 358, 417-418, 443-444, 464-473, 478-479, 527-528, 644-698, 714-725, 735, 739, 743-744, 747-748, 751-754, 766, 779, 794, 836, 880, 909-926, 1063, 1077, 1092, 1096, 1155, 1176, 1243, 1287, 1297, 1309-1313, 1331-1335, 1339, 1353, 1399, 1407, 1428, 1451-1457, 1469-1505, 1535-1536, 1567, 1574-1602, 1627, 1640, 1657-1659, 1689, 1692, 1697, 1699, 1739-1750, 1756-1759, 1763, 1784-1785, 1800
src/c2puml/core/parser_anonymous_processor.py     565    154    73%   134, 155, 199-214, 231, 267, 275, 301, 307, 323-325, 328-343, 367, 382, 387-402, 408, 416-417, 428, 433-435, 450-487, 493, 497, 501, 548-561, 589-593, 597-613, 618-647, 652-666, 693-707, 732, 772, 837, 853, 867, 884, 898, 915, 936, 939, 953, 970, 973
src/c2puml/core/parser_tokenizer.py               865    110    87%   167-171, 205-209, 230, 239, 317, 319, 335-340, 438, 543-544, 552, 560, 580, 595, 601, 606-617, 636, 643, 700, 716, 727, 738-739, 749, 768, 775, 796, 825, 828-835, 853, 907-909, 955-957, 999, 1011-1013, 1021, 1034, 1044-1046, 1051, 1060, 1071, 1074, 1079, 1092, 1099, 1108, 1120, 1131, 1134, 1139, 1150, 1157-1159, 1179, 1211, 1230, 1232, 1237-1239, 1274, 1282-1292, 1323, 1331-1340, 1552, 1630
src/c2puml/core/preprocessor.py                   294     93    68%   54-56, 60-61, 69, 74, 103-104, 115, 121-137, 140-156, 167-173, 175-181, 183-189, 198-199, 204-205, 209, 221-226, 234, 300-308, 329-334, 353, 357-363, 367-369, 394-395, 397, 407-409, 471-472, 488-491
src/c2puml/core/transformer.py                    870    373    57%   69, 75-76, 82, 91-92, 128, 161-166, 202-208, 258-259, 337-338, 350, 438-440, 444-448, 459-460, 475-477, 506-507, 528-532, 541-545, 562-567, 602-611, 622-665, 669-703, 709-713, 717-731, 737-757, 774-776, 783-830, 883-969, 977, 983, 988-999, 1013-1014, 1027-1031, 1039-1043, 1051-1055, 1064-1068, 1075, 1078, 1122-1124, 1136-1138, 1150-1152, 1166, 1196-1200, 1210, 1237-1241, 1251, 1278-1282, 1342, 1358, 1387-1392, 1404-1429, 1435-1444, 1449, 1460-1466, 1472-1478, 1487-1529, 1535-1547, 1672, 1718-1721, 1758-1767, 1775-1776, 1781-1798, 1802-1821, 1827-1895, 1913-1914
src/c2puml/core/verifier.py                       154     34    78%   51, 58, 61, 64, 70, 73, 83, 115, 118, 127, 130, 135, 139, 146, 149, 158, 160, 165, 182, 185, 188, 197, 202, 210, 218, 228, 235, 243, 266, 273, 285, 289, 293, 307
src/c2puml/main.py                                120     45    62%   38-47, 85, 93-95, 121-131, 148-150, 163-168, 175-177, 216-228
src/c2puml/models.py                              251     25    90%   27, 31, 37, 41, 60, 62, 64, 81, 83, 111, 121, 134, 155, 171, 173, 280, 293, 320, 334, 365, 367, 383-384, 407-408
src/c2puml/utils.py                                47     27    43%   14, 24-29, 39-47, 61, 87, 100-110, 120-125
-----------------------------------------------------------------------------
TOTAL                                            4757   1211    75%
