Name                                Stmts   Miss   Cover   Missing
------------------------------------------------------------------
c_to_plantuml/__init__.py               8      0 100.00%
c_to_plantuml/config.py               200     22  89.00%   54, 58, 60, 62, 64, 89-92, 104, 148-149, 158, 166, 170, 199-200, 260, 361-362, 364, 386
c_to_plantuml/generator.py            291     41  85.91%   79, 91, 152, 163-165, 185, 205, 216-218, 274, 298-318, 322-323, 347-362, 370
c_to_plantuml/main.py                  97     45  53.61%   38-47, 85, 93-95, 110-123, 127-142, 146-165, 201-203
c_to_plantuml/models.py               260     35  86.54%   27, 31, 37, 41, 60, 62, 64, 80, 82, 110, 120, 133, 154, 170, 172, 196, 198, 200, 202, 278, 291, 318, 332, 349, 372, 374, 390-391, 414-415, 419-424
c_to_plantuml/parser.py               706     89  87.39%   21-22, 45, 51, 82-84, 87-92, 206-207, 306-307, 313, 370-371, 396-397, 417-426, 431-432, 480-481, 609-663, 676-677, 686, 690, 704, 739, 776, 848-854, 872-874, 896, 911, 925, 959-961, 969-971, 1007, 1036, 1040, 1120, 1182, 1202-1206, 1224-1228, 1232, 1246, 1285, 1293, 1340-1345, 1349-1351, 1355
c_to_plantuml/parser_tokenizer.py     649     75  88.44%   222, 231, 309, 311, 413-430, 532-533, 541, 549, 569, 597, 654, 670, 681, 693-694, 703-705, 723, 751, 779, 788-790, 808, 820-821, 864, 911, 946, 958-960, 968, 993, 998, 1007, 1026, 1036-1039, 1046, 1055, 1067, 1072, 1078, 1081, 1086, 1097, 1126, 1155-1167, 1176-1187, 1240
c_to_plantuml/preprocessor.py         294    101  65.65%   54-56, 60-61, 69, 103-104, 115, 127, 132, 134, 140-156, 166-226, 234, 300-308, 329-334, 353, 357-363, 367-369, 394-395, 397, 404-405, 407-409, 471-472, 488-491
c_to_plantuml/transformer.py          251     10  96.02%   103-104, 344-347, 357-362, 418, 554, 597-598
c_to_plantuml/utils.py                 67     26  61.19%   13, 23-28, 39-42, 51, 66-74, 89-100, 115, 187
c_to_plantuml/verifier.py             139     22  84.17%   67, 70, 111, 114, 119, 123, 130, 133, 142, 144, 149, 166, 169, 172, 180, 188, 213, 227, 235, 242, 254, 262
------------------------------------------------------------------
TOTAL                                2962    466  84.27%
