Name                                 Stmts   Miss  Cover
------------------------------------------------------
c_to_plantuml/__init__.py                2      0   100%
c_to_plantuml/config.py                156     12    92%
c_to_plantuml/generator.py             245     18    93%
c_to_plantuml/main.py                   89      8    91%
c_to_plantuml/model.py                  78      0   100%
c_to_plantuml/parser.py                412     35    91%
c_to_plantuml/tokenizer.py             298     22    93%
c_to_plantuml/transformer.py           189     14    93%
c_to_plantuml/typedef_extractor.py      45      3    93%
c_to_plantuml/utils.py                  34      2    94%
c_to_plantuml/verifier.py               98      5    95%
------------------------------------------------------
TOTAL                                 1646    119    93%