============================= test session starts ==============================
platform linux -- Python 3.9.23, pytest-8.4.1, pluggy-1.6.0 -- /opt/hostedtoolcache/Python/3.9.23/x64/bin/python3
cachedir: .pytest_cache
benchmark: 5.1.0 (defaults: timer=time.perf_counter disable_gc=False min_rounds=5 min_time=0.000005 max_time=1.0 calibration_precision=10 warmup=False warmup_iterations=100000)
metadata: {'Python': '3.9.23', 'Platform': 'Linux-6.11.0-1018-azure-x86_64-with-glibc2.39', 'Packages': {'pytest': '8.4.1', 'pluggy': '1.6.0'}, 'Plugins': {'cov': '6.2.1', 'xdist': '3.8.0', 'html': '4.1.1', 'benchmark': '5.1.0', 'mock': '3.14.1', 'metadata': '3.1.1'}, 'CI': 'true', 'JAVA_HOME': '/usr/lib/jvm/temurin-17-jdk-amd64'}
rootdir: /home/runner/work/generator_project/generator_project
configfile: pytest.ini
plugins: cov-6.2.1, xdist-3.8.0, html-4.1.1, benchmark-5.1.0, mock-3.14.1, metadata-3.1.1
collecting ... collected 338 items

tests/feature/test_cli_feature.py::TestCLIFeature::test_generate_command_isolation PASSED [  0%]
tests/feature/test_cli_feature.py::TestCLIFeature::test_generate_fallback_to_model PASSED [  0%]
tests/feature/test_cli_feature.py::TestCLIFeature::test_generate_prefers_transformed PASSED [  0%]
tests/feature/test_cli_feature.py::TestCLIFeature::test_parse_only PASSED [  1%]
tests/feature/test_cli_feature.py::TestCLIFeature::test_transform_only PASSED [  1%]
tests/feature/test_cli_modes.py::TestCLIModes::test_full_workflow_default PASSED [  1%]
tests/feature/test_cli_modes.py::TestCLIModes::test_generate_mode_fallback_to_model PASSED [  2%]
tests/feature/test_cli_modes.py::TestCLIModes::test_generate_mode_isolation PASSED [  2%]
tests/feature/test_cli_modes.py::TestCLIModes::test_generate_mode_prefers_transformed PASSED [  2%]
tests/feature/test_cli_modes.py::TestCLIModes::test_parse_mode PASSED    [  2%]
tests/feature/test_cli_modes.py::TestCLIModes::test_transform_mode PASSED [  3%]
tests/feature/test_component_features.py::TestParserComponentFeatures::test_parse_complex_typedefs PASSED [  3%]
tests/feature/test_component_features.py::TestParserComponentFeatures::test_parse_function_pointers PASSED [  3%]
tests/feature/test_component_features.py::TestParserComponentFeatures::test_parse_unions PASSED [  4%]
tests/feature/test_component_features.py::TestGeneratorComponentFeatures::test_generate_with_complex_relationships PASSED [  4%]
tests/feature/test_component_features.py::TestGeneratorComponentFeatures::test_generate_with_typedefs PASSED [  4%]
tests/feature/test_component_features.py::TestGeneratorComponentFeatures::test_generate_with_unions PASSED [  5%]
tests/feature/test_component_features.py::TestProjectAnalysisComponentFeatures::test_cross_file_type_dependencies PASSED [  5%]
tests/feature/test_component_features.py::TestProjectAnalysisComponentFeatures::test_project_structure_analysis PASSED [  5%]
tests/feature/test_component_features.py::TestProjectAnalysisComponentFeatures::test_recursive_include_handling PASSED [  5%]
tests/feature/test_crypto_filter_pattern.py::TestCryptoFilterPattern::test_alternative_crypto_filter_patterns PASSED [  6%]
tests/feature/test_crypto_filter_pattern.py::TestCryptoFilterPattern::test_broken_crypto_filter_pattern PASSED [  6%]
tests/feature/test_crypto_filter_pattern.py::TestCryptoFilterPattern::test_case_insensitive_crypto_filter_pattern PASSED [  6%]
tests/feature/test_crypto_filter_pattern.py::TestCryptoFilterPattern::test_fixed_crypto_filter_pattern PASSED [  7%]
tests/feature/test_crypto_filter_pattern.py::TestCryptoFilterPattern::test_parser_integration_with_crypto_filter PASSED [  7%]
tests/feature/test_crypto_filter_usecase.py::TestCryptoFilterUseCase::test_alternative_crypto_patterns PASSED [  7%]
tests/feature/test_crypto_filter_usecase.py::TestCryptoFilterUseCase::test_broken_crypto_filter_pattern PASSED [  7%]
tests/feature/test_crypto_filter_usecase.py::TestCryptoFilterUseCase::test_case_insensitive_variations PASSED [  8%]
tests/feature/test_crypto_filter_usecase.py::TestCryptoFilterUseCase::test_fixed_crypto_filter_pattern PASSED [  8%]
tests/feature/test_crypto_filter_usecase.py::TestCryptoFilterUseCase::test_integration_with_full_workflow PASSED [  8%]
tests/feature/test_crypto_filter_usecase.py::TestCryptoFilterUseCase::test_parser_with_crypto_filter PASSED [  9%]
tests/feature/test_crypto_filter_usecase.py::TestCryptoFilterUseCase::test_regex_escaping_importance PASSED [  9%]
tests/feature/test_crypto_filter_usecase.py::TestCryptoFilterUseCase::test_user_question_scenario PASSED [  9%]
tests/feature/test_include_processing_features.py::TestIncludeProcessingBasicFeatures::test_feature_c_to_h_relationships PASSED [ 10%]
tests/feature/test_include_processing_features.py::TestIncludeProcessingBasicFeatures::test_feature_header_to_header_relationships PASSED [ 10%]
tests/feature/test_include_processing_features.py::TestIncludeProcessingBasicFeatures::test_feature_include_processing_basic_workflow PASSED [ 10%]
tests/feature/test_include_processing_features.py::TestIncludeProcessingComplexFeatures::test_feature_complex_project_structure PASSED [ 10%]
tests/feature/test_include_processing_features.py::TestIncludeProcessingComplexFeatures::test_feature_typedef_relationships_across_files PASSED [ 11%]
tests/feature/test_include_processing_features.py::TestIncludeProcessingIntegration::test_integration_complete_workflow_with_cli PASSED [ 11%]
tests/feature/test_include_processing_features.py::TestIncludeProcessingIntegration::test_integration_plantuml_output_generation PASSED [ 11%]
tests/feature/test_include_processing_features.py::TestIncludeProcessingDependencies::test_dependency_circular_include_handling PASSED [ 12%]
tests/feature/test_include_processing_features.py::TestIncludeProcessingDependencies::test_dependency_include_depth_levels PASSED [ 12%]
tests/feature/test_include_processing_features.py::TestIncludeProcessingDependencies::test_dependency_missing_includes_handling PASSED [ 12%]
tests/feature/test_include_processing_features.py::TestIncludeProcessingComprehensive::test_comprehensive_real_world_project_structure PASSED [ 13%]
tests/feature/test_include_processing_features.py::TestIncludeProcessingComprehensive::test_comprehensive_typedef_and_struct_relationships PASSED [ 13%]
tests/feature/test_integration.py::TestIntegration::test_complete_workflow PASSED [ 13%]
tests/feature/test_integration.py::TestIntegration::test_configuration_features PASSED [ 13%]
tests/feature/test_integration.py::TestIntegration::test_error_handling PASSED [ 14%]
tests/feature/test_integration.py::TestIntegration::test_performance_features PASSED [ 14%]
tests/feature/test_multiple_source_folders.py::TestMultipleSourceFolders::test_empty_source_folders_error PASSED [ 14%]
tests/feature/test_multiple_source_folders.py::TestMultipleSourceFolders::test_invalid_source_folder_error PASSED [ 15%]
tests/feature/test_multiple_source_folders.py::TestMultipleSourceFolders::test_multiple_source_folders_parsing PASSED [ 15%]
tests/feature/test_multiple_source_folders.py::TestMultipleSourceFolders::test_multiple_source_folders_with_config PASSED [ 15%]
tests/feature/test_multiple_source_folders.py::TestMultipleSourceFolders::test_parser_multiple_source_folders_method PASSED [ 15%]
tests/feature/test_multiple_source_folders.py::TestMultipleSourceFolders::test_project_name_from_config PASSED [ 16%]
tests/feature/test_multiple_source_folders.py::TestMultipleSourceFolders::test_single_source_folder_backward_compatibility PASSED [ 16%]
tests/feature/test_transformer_features.py::TestTransformerFeatures::test_include_filters_with_filtered_header PASSED [ 16%]
tests/feature/test_transformer_features.py::TestTransformerFeatures::test_transform_complex_project_with_filters PASSED [ 17%]
tests/feature/test_transformer_features.py::TestTransformerFeatures::test_transform_complex_regex_patterns PASSED [ 17%]
tests/feature/test_transformer_features.py::TestTransformerFeatures::test_transform_error_handling PASSED [ 17%]
tests/feature/test_transformer_features.py::TestTransformerFeatures::test_transform_integration_with_parser_and_generator PASSED [ 18%]
tests/feature/test_transformer_features.py::TestTransformerFeatures::test_transform_with_additions PASSED [ 18%]
tests/feature/test_transformer_features.py::TestTransformerFeatures::test_transform_with_include_relations PASSED [ 18%]
tests/feature/test_transformer_features.py::TestTransformerFeatures::test_transform_with_removals PASSED [ 18%]
tests/feature/test_transformer_features.py::TestTransformerFeatures::test_transform_with_renaming PASSED [ 19%]
tests/integration/test_comprehensive.py::TestIncludeProcessingIntegrationComprehensive::test_comprehensive_c_to_h_relationships_integration PASSED [ 19%]
tests/integration/test_comprehensive.py::TestIncludeProcessingIntegrationComprehensive::test_comprehensive_header_to_header_relationships_integration PASSED [ 19%]
tests/integration/test_comprehensive.py::TestIncludeProcessingIntegrationComprehensive::test_comprehensive_typedef_relationships_integration PASSED [ 20%]
tests/integration/test_comprehensive.py::TestParserTokenizerIntegration::test_parser_tokenizer_complex_syntax_integration PASSED [ 20%]
tests/integration/test_comprehensive.py::TestParserTokenizerIntegration::test_parser_tokenizer_error_handling_integration PASSED [ 20%]
tests/integration/test_comprehensive.py::TestParserTokenizerIntegration::test_parser_tokenizer_function_parsing_integration PASSED [ 21%]
tests/integration/test_comprehensive.py::TestParserTokenizerIntegration::test_parser_tokenizer_preprocessor_integration PASSED [ 21%]
tests/integration/test_comprehensive.py::TestParserTokenizerIntegration::test_parser_tokenizer_struct_parsing_integration PASSED [ 21%]
tests/integration/test_comprehensive.py::TestEndToEndSystemIntegration::test_complete_system_integration_real_world_project PASSED [ 21%]
tests/unit/test_absolute_path_bug_detection.py::TestAbsolutePathBugDetection::test_absolute_vs_relative_path_consistency PASSED [ 22%]
tests/unit/test_absolute_path_bug_detection.py::TestAbsolutePathBugDetection::test_mixed_path_styles_handling PASSED [ 22%]
tests/unit/test_absolute_path_bug_detection.py::TestAbsolutePathBugDetection::test_relative_path_handling_in_include_tree PASSED [ 22%]
tests/unit/test_absolute_path_bug_detection.py::TestAbsolutePathBugDetection::test_subdirectory_includes_path_resolution PASSED [ 23%]
tests/unit/test_config.py::TestConfig::test_config_equality PASSED       [ 23%]
tests/unit/test_config.py::TestConfig::test_config_repr PASSED           [ 23%]
tests/unit/test_config.py::TestConfig::test_config_validation PASSED     [ 23%]
tests/unit/test_config.py::TestConfig::test_default_config_values PASSED [ 24%]
tests/unit/test_config.py::TestConfig::test_element_filtering PASSED     [ 24%]
tests/unit/test_config.py::TestConfig::test_empty_source_folders PASSED  [ 24%]
tests/unit/test_config.py::TestConfig::test_file_filtering PASSED        [ 25%]
tests/unit/test_config.py::TestConfig::test_get_summary PASSED           [ 25%]
tests/unit/test_config.py::TestConfig::test_invalid_regex_patterns PASSED [ 25%]
tests/unit/test_config.py::TestConfig::test_load_config_with_filters PASSED [ 26%]
tests/unit/test_config.py::TestConfig::test_load_valid_config PASSED     [ 26%]
tests/unit/test_config.py::TestConfig::test_model_filtering PASSED       [ 26%]
tests/unit/test_config.py::TestConfig::test_multiple_source_folders PASSED [ 26%]
tests/unit/test_config.py::TestConfig::test_save_and_load_config PASSED  [ 27%]
tests/unit/test_config.py::TestConfig::test_single_source_folder PASSED  [ 27%]
tests/unit/test_function_parameters.py::TestFunctionParameters::test_complex_parameter_types PASSED [ 27%]
tests/unit/test_function_parameters.py::TestFunctionParameters::test_empty_parameter_list PASSED [ 28%]
tests/unit/test_function_parameters.py::TestFunctionParameters::test_function_parameter_display PASSED [ 28%]
tests/unit/test_function_parameters.py::TestFunctionParameters::test_function_parameter_parsing PASSED [ 28%]
tests/unit/test_generator.py::TestGenerator::test_enum_generation_with_values PASSED [ 28%]
tests/unit/test_generator.py::TestGenerator::test_function_parameter_truncation PASSED [ 29%]
tests/unit/test_generator.py::TestGenerator::test_generate_basic_plantuml_content PASSED [ 29%]
tests/unit/test_generator.py::TestGenerator::test_generate_empty_file_model PASSED [ 29%]
tests/unit/test_generator.py::TestGenerator::test_generate_error_handling PASSED [ 30%]
tests/unit/test_generator.py::TestGenerator::test_generate_file_diagram PASSED [ 30%]
tests/unit/test_generator.py::TestGenerator::test_generate_from_model PASSED [ 30%]
tests/unit/test_generator.py::TestGenerator::test_generate_multiple_files PASSED [ 31%]
tests/unit/test_generator.py::TestGenerator::test_generate_with_config PASSED [ 31%]
tests/unit/test_generator.py::TestGenerator::test_generate_with_macros PASSED [ 31%]
tests/unit/test_generator.py::TestGenerator::test_generate_with_special_characters PASSED [ 31%]
tests/unit/test_generator.py::TestGenerator::test_global_variables_generation PASSED [ 32%]
tests/unit/test_generator.py::TestGenerator::test_global_variables_with_real_parsing PASSED [ 32%]
tests/unit/test_generator.py::TestGenerator::test_header_vs_source_prefixes PASSED [ 32%]
tests/unit/test_generator.py::TestGenerator::test_include_relationships_generation PASSED [ 33%]
tests/unit/test_generator.py::TestGenerator::test_output_directory_creation PASSED [ 33%]
tests/unit/test_generator.py::TestGenerator::test_plantuml_syntax_validity PASSED [ 33%]
tests/unit/test_generator.py::TestGenerator::test_relationship_generation PASSED [ 34%]
tests/unit/test_generator.py::TestGenerator::test_typedef_generation_comprehensive PASSED [ 34%]
tests/unit/test_generator.py::TestGenerator::test_union_generation PASSED [ 34%]
tests/unit/test_generator_include_tree_bug.py::TestGeneratorIncludeTreeBug::test_build_include_tree_debug_info PASSED [ 34%]
tests/unit/test_generator_include_tree_bug.py::TestGeneratorIncludeTreeBug::test_build_include_tree_mixed_paths PASSED [ 35%]
tests/unit/test_generator_include_tree_bug.py::TestGeneratorIncludeTreeBug::test_build_include_tree_with_absolute_paths PASSED [ 35%]
tests/unit/test_generator_include_tree_bug.py::TestGeneratorIncludeTreeBug::test_build_include_tree_with_relative_paths PASSED [ 35%]
tests/unit/test_global_parsing.py::TestGlobalParsing::test_complex_function_bodies PASSED [ 36%]
tests/unit/test_global_parsing.py::TestGlobalParsing::test_global_variables_only PASSED [ 36%]
tests/unit/test_global_parsing.py::TestGlobalParsing::test_static_variables PASSED [ 36%]
tests/unit/test_include_processing.py::TestIncludeProcessingBug::test_circular_includes_handling PASSED [ 36%]
tests/unit/test_include_processing.py::TestIncludeProcessingBug::test_include_depth_control PASSED [ 37%]
tests/unit/test_include_processing.py::TestIncludeProcessingBug::test_include_tree_generation_bug PASSED [ 37%]
tests/unit/test_parser.py::TestCParser::test_complete_file_parsing PASSED [ 37%]
tests/unit/test_parser.py::TestCParser::test_encoding_detection PASSED   [ 38%]
tests/unit/test_parser.py::TestCParser::test_parse_enums PASSED          [ 38%]
tests/unit/test_parser.py::TestCParser::test_parse_functions PASSED      [ 38%]
tests/unit/test_parser.py::TestCParser::test_parse_globals PASSED        [ 39%]
tests/unit/test_parser.py::TestCParser::test_parse_includes PASSED       [ 39%]
tests/unit/test_parser.py::TestCParser::test_parse_macros PASSED         [ 39%]
tests/unit/test_parser.py::TestCParser::test_parse_simple_c_file PASSED  [ 39%]
tests/unit/test_parser.py::TestCParser::test_parse_structs PASSED        [ 40%]
tests/unit/test_parser.py::TestCParser::test_parse_typedefs PASSED       [ 40%]
tests/unit/test_parser_comprehensive.py::TestCParserComprehensive::test_parse_anonymous_struct PASSED [ 40%]
tests/unit/test_parser_comprehensive.py::TestCParserComprehensive::test_parse_complex_file PASSED [ 41%]
tests/unit/test_parser_comprehensive.py::TestCParserComprehensive::test_parse_enum_simple PASSED [ 41%]
tests/unit/test_parser_comprehensive.py::TestCParserComprehensive::test_parse_file_encoding_detection PASSED [ 41%]
tests/unit/test_parser_comprehensive.py::TestCParserComprehensive::test_parse_file_error_handling PASSED [ 42%]
tests/unit/test_parser_comprehensive.py::TestCParserComprehensive::test_parse_file_with_arrays PASSED [ 42%]
tests/unit/test_parser_comprehensive.py::TestCParserComprehensive::test_parse_file_with_bit_fields PASSED [ 42%]
tests/unit/test_parser_comprehensive.py::TestCParserComprehensive::test_parse_file_with_comments PASSED [ 42%]
tests/unit/test_parser_comprehensive.py::TestCParserComprehensive::test_parse_file_with_complex_typedefs PASSED [ 43%]
tests/unit/test_parser_comprehensive.py::TestCParserComprehensive::test_parse_file_with_const_and_volatile PASSED [ 43%]
tests/unit/test_parser_comprehensive.py::TestCParserComprehensive::test_parse_file_with_forward_declarations PASSED [ 43%]
tests/unit/test_parser_comprehensive.py::TestCParserComprehensive::test_parse_file_with_function_pointers PASSED [ 44%]
tests/unit/test_parser_comprehensive.py::TestCParserComprehensive::test_parse_file_with_malformed_code PASSED [ 44%]
tests/unit/test_parser_comprehensive.py::TestCParserComprehensive::test_parse_file_with_mixed_content PASSED [ 44%]
tests/unit/test_parser_comprehensive.py::TestCParserComprehensive::test_parse_file_with_nested_structures PASSED [ 44%]
tests/unit/test_parser_comprehensive.py::TestCParserComprehensive::test_parse_file_with_preprocessor_conditionals PASSED [ 45%]
tests/unit/test_parser_comprehensive.py::TestCParserComprehensive::test_parse_file_with_unnamed_parameters PASSED [ 45%]
tests/unit/test_parser_comprehensive.py::TestCParserComprehensive::test_parse_file_with_variadic_functions PASSED [ 45%]
tests/unit/test_parser_comprehensive.py::TestCParserComprehensive::test_parse_function_declaration PASSED [ 46%]
tests/unit/test_parser_comprehensive.py::TestCParserComprehensive::test_parse_function_definition PASSED [ 46%]
tests/unit/test_parser_comprehensive.py::TestCParserComprehensive::test_parse_function_with_modifiers PASSED [ 46%]
tests/unit/test_parser_comprehensive.py::TestCParserComprehensive::test_parse_global_variables PASSED [ 47%]
tests/unit/test_parser_comprehensive.py::TestCParserComprehensive::test_parse_includes PASSED [ 47%]
tests/unit/test_parser_comprehensive.py::TestCParserComprehensive::test_parse_macros PASSED [ 47%]
tests/unit/test_parser_comprehensive.py::TestCParserComprehensive::test_parse_nested_struct PASSED [ 47%]
tests/unit/test_parser_comprehensive.py::TestCParserComprehensive::test_parse_project PASSED [ 48%]
tests/unit/test_parser_comprehensive.py::TestCParserComprehensive::test_parse_simple_struct PASSED [ 48%]
tests/unit/test_parser_comprehensive.py::TestCParserComprehensive::test_parse_typedef_enum PASSED [ 48%]
tests/unit/test_parser_comprehensive.py::TestCParserComprehensive::test_parse_typedef_struct PASSED [ 49%]
tests/unit/test_parser_comprehensive.py::TestCParserComprehensive::test_parse_typedefs PASSED [ 49%]
tests/unit/test_parser_comprehensive.py::TestCParserComprehensive::test_parse_union PASSED [ 49%]
tests/unit/test_parser_filtering.py::TestUserConfigurableFiltering::test_config_equality PASSED [ 50%]
tests/unit/test_parser_filtering.py::TestUserConfigurableFiltering::test_config_has_filters PASSED [ 50%]
tests/unit/test_parser_filtering.py::TestUserConfigurableFiltering::test_config_loading_with_filters PASSED [ 50%]
tests/unit/test_parser_filtering.py::TestUserConfigurableFiltering::test_element_filters_enums PASSED [ 50%]
tests/unit/test_parser_filtering.py::TestUserConfigurableFiltering::test_element_filters_functions PASSED [ 51%]
tests/unit/test_parser_filtering.py::TestUserConfigurableFiltering::test_element_filters_globals PASSED [ 51%]
tests/unit/test_parser_filtering.py::TestUserConfigurableFiltering::test_element_filters_macros PASSED [ 51%]
tests/unit/test_parser_filtering.py::TestUserConfigurableFiltering::test_element_filters_structs PASSED [ 52%]
tests/unit/test_parser_filtering.py::TestUserConfigurableFiltering::test_element_filters_typedefs PASSED [ 52%]
tests/unit/test_parser_filtering.py::TestUserConfigurableFiltering::test_empty_filters PASSED [ 52%]
tests/unit/test_parser_filtering.py::TestUserConfigurableFiltering::test_file_filters_exclude_patterns PASSED [ 52%]
tests/unit/test_parser_filtering.py::TestUserConfigurableFiltering::test_file_filters_include_and_exclude PASSED [ 53%]
tests/unit/test_parser_filtering.py::TestUserConfigurableFiltering::test_file_filters_include_patterns PASSED [ 53%]
tests/unit/test_parser_filtering.py::TestUserConfigurableFiltering::test_filter_performance PASSED [ 53%]
tests/unit/test_parser_filtering.py::TestUserConfigurableFiltering::test_invalid_regex_patterns PASSED [ 54%]
tests/unit/test_parser_filtering.py::TestUserConfigurableFiltering::test_multiple_element_filters PASSED [ 54%]
tests/unit/test_preprocessor_bug.py::TestPreprocessorBug::test_complex_preprocessor_conditions PASSED [ 54%]
tests/unit/test_preprocessor_bug.py::TestPreprocessorBug::test_if_else_endif_block PASSED [ 55%]
tests/unit/test_preprocessor_bug.py::TestPreprocessorBug::test_nested_preprocessor_blocks PASSED [ 55%]
tests/unit/test_preprocessor_bug.py::TestPreprocessorBug::test_preprocessor_edge_case_empty_blocks PASSED [ 55%]
tests/unit/test_preprocessor_bug.py::TestPreprocessorBug::test_preprocessor_edge_case_malformed PASSED [ 55%]
tests/unit/test_preprocessor_bug.py::TestPreprocessorBug::test_preprocessor_in_array_typedefs PASSED [ 56%]
tests/unit/test_preprocessor_bug.py::TestPreprocessorBug::test_preprocessor_in_function_declarations PASSED [ 56%]
tests/unit/test_preprocessor_bug.py::TestPreprocessorBug::test_preprocessor_in_function_pointers PASSED [ 56%]
tests/unit/test_preprocessor_bug.py::TestPreprocessorBug::test_preprocessor_in_global_variables PASSED [ 57%]
tests/unit/test_preprocessor_bug.py::TestPreprocessorBug::test_preprocessor_in_typedefs PASSED [ 57%]
tests/unit/test_preprocessor_bug.py::TestPreprocessorBug::test_preprocessor_in_unions PASSED [ 57%]
tests/unit/test_preprocessor_bug.py::TestPreprocessorBug::test_preprocessor_with_comments PASSED [ 57%]
tests/unit/test_preprocessor_bug.py::TestPreprocessorBug::test_preprocessor_with_complex_expressions PASSED [ 58%]
tests/unit/test_preprocessor_bug.py::TestPreprocessorBug::test_preprocessor_with_defined_operator PASSED [ 58%]
tests/unit/test_preprocessor_bug.py::TestPreprocessorBug::test_preprocessor_with_ifndef PASSED [ 58%]
tests/unit/test_preprocessor_bug.py::TestPreprocessorBug::test_preprocessor_with_multiline_conditions PASSED [ 59%]
tests/unit/test_preprocessor_bug.py::TestPreprocessorBug::test_preprocessor_with_string_literals PASSED [ 59%]
tests/unit/test_preprocessor_bug.py::TestPreprocessorBug::test_preprocessor_with_whitespace_variations PASSED [ 59%]
tests/unit/test_preprocessor_bug.py::TestPreprocessorBug::test_simple_if_endif_block PASSED [ 60%]
tests/unit/test_preprocessor_handling.py::TestPreprocessorHandling::test_multiline_preprocessor_directive PASSED [ 60%]
tests/unit/test_preprocessor_handling.py::TestPreprocessorHandling::test_nested_preprocessor_blocks PASSED [ 60%]
tests/unit/test_preprocessor_handling.py::TestPreprocessorHandling::test_preprocessor_directive_tokenization PASSED [ 60%]
tests/unit/test_preprocessor_handling.py::TestPreprocessorHandling::test_preprocessor_with_comments PASSED [ 61%]
tests/unit/test_preprocessor_handling.py::TestPreprocessorHandling::test_preprocessor_with_elif PASSED [ 61%]
tests/unit/test_preprocessor_handling.py::TestPreprocessorHandling::test_preprocessor_with_else_branch PASSED [ 61%]
tests/unit/test_preprocessor_handling.py::TestPreprocessorHandling::test_preprocessor_with_empty_blocks PASSED [ 62%]
tests/unit/test_preprocessor_handling.py::TestPreprocessorHandling::test_preprocessor_with_enums PASSED [ 62%]
tests/unit/test_preprocessor_handling.py::TestPreprocessorHandling::test_preprocessor_with_functions PASSED [ 62%]
tests/unit/test_preprocessor_handling.py::TestPreprocessorHandling::test_preprocessor_with_mixed_content PASSED [ 63%]
tests/unit/test_preprocessor_handling.py::TestPreprocessorHandling::test_preprocessor_with_structs PASSED [ 63%]
tests/unit/test_preprocessor_handling.py::TestPreprocessorHandling::test_preprocessor_with_typedefs PASSED [ 63%]
tests/unit/test_preprocessor_handling.py::TestPreprocessorHandling::test_preprocessor_with_whitespace_variations PASSED [ 63%]
tests/unit/test_preprocessor_handling.py::TestPreprocessorHandling::test_simple_preprocessor_conditional PASSED [ 64%]
tests/unit/test_tokenizer.py::TestCTokenizer::test_filter_tokens PASSED  [ 64%]
tests/unit/test_tokenizer.py::TestCTokenizer::test_filter_tokens_custom_exclude PASSED [ 64%]
tests/unit/test_tokenizer.py::TestCTokenizer::test_tokenize_char_literals PASSED [ 65%]
tests/unit/test_tokenizer.py::TestCTokenizer::test_tokenize_comments PASSED [ 65%]
tests/unit/test_tokenizer.py::TestCTokenizer::test_tokenize_complex_expression PASSED [ 65%]
tests/unit/test_tokenizer.py::TestCTokenizer::test_tokenize_data_types PASSED [ 65%]
tests/unit/test_tokenizer.py::TestCTokenizer::test_tokenize_edge_cases PASSED [ 66%]
tests/unit/test_tokenizer.py::TestCTokenizer::test_tokenize_identifiers PASSED [ 66%]
tests/unit/test_tokenizer.py::TestCTokenizer::test_tokenize_keywords PASSED [ 66%]
tests/unit/test_tokenizer.py::TestCTokenizer::test_tokenize_line_numbers_and_columns PASSED [ 67%]
tests/unit/test_tokenizer.py::TestCTokenizer::test_tokenize_numbers PASSED [ 67%]
tests/unit/test_tokenizer.py::TestCTokenizer::test_tokenize_operators_and_punctuation PASSED [ 67%]
tests/unit/test_tokenizer.py::TestCTokenizer::test_tokenize_preprocessor PASSED [ 68%]
tests/unit/test_tokenizer.py::TestCTokenizer::test_tokenize_preprocessor_if_directives PASSED [ 68%]
tests/unit/test_tokenizer.py::TestCTokenizer::test_tokenize_strings PASSED [ 68%]
tests/unit/test_tokenizer.py::TestCTokenizer::test_tokenize_whitespace PASSED [ 68%]
tests/unit/test_tokenizer.py::TestStructureFinder::test_find_enums_simple PASSED [ 69%]
tests/unit/test_tokenizer.py::TestStructureFinder::test_find_functions_declarations PASSED [ 69%]
tests/unit/test_tokenizer.py::TestStructureFinder::test_find_functions_definitions PASSED [ 69%]
tests/unit/test_tokenizer.py::TestStructureFinder::test_find_functions_pointer_return PASSED [ 70%]
tests/unit/test_tokenizer.py::TestStructureFinder::test_find_functions_with_modifiers PASSED [ 70%]
tests/unit/test_tokenizer.py::TestStructureFinder::test_find_matching_brace PASSED [ 70%]
tests/unit/test_tokenizer.py::TestStructureFinder::test_find_matching_brace_no_match PASSED [ 71%]
tests/unit/test_tokenizer.py::TestStructureFinder::test_find_structs_anonymous PASSED [ 71%]
tests/unit/test_tokenizer.py::TestStructureFinder::test_find_structs_simple PASSED [ 71%]
tests/unit/test_tokenizer.py::TestStructureFinder::test_find_typedef_enums PASSED [ 71%]
tests/unit/test_tokenizer.py::TestStructureFinder::test_find_typedef_structs PASSED [ 72%]
tests/unit/test_tokenizer.py::TestUtilityFunctions::test_extract_token_range PASSED [ 72%]
tests/unit/test_tokenizer.py::TestUtilityFunctions::test_extract_token_range_invalid PASSED [ 72%]
tests/unit/test_tokenizer.py::TestUtilityFunctions::test_find_enum_values PASSED [ 73%]
tests/unit/test_tokenizer.py::TestUtilityFunctions::test_find_enum_values_complex PASSED [ 73%]
tests/unit/test_tokenizer.py::TestUtilityFunctions::test_find_struct_fields PASSED [ 73%]
tests/unit/test_tokenizer.py::TestTokenizerEdgeCases::test_comment_block_with_code_inside PASSED [ 73%]
tests/unit/test_tokenizer.py::TestTokenizerEdgeCases::test_tokenize_complex_expressions PASSED [ 74%]
tests/unit/test_tokenizer.py::TestTokenizerEdgeCases::test_tokenize_escaped_characters PASSED [ 74%]
tests/unit/test_tokenizer.py::TestTokenizerEdgeCases::test_tokenize_large_multiline_comment_block PASSED [ 74%]
tests/unit/test_tokenizer.py::TestTokenizerEdgeCases::test_tokenize_mixed_content PASSED [ 75%]
tests/unit/test_tokenizer.py::TestTokenizerEdgeCases::test_tokenize_multiline_strings PASSED [ 75%]
tests/unit/test_tokenizer.py::TestTokenizerEdgeCases::test_tokenize_nested_comments PASSED [ 75%]
tests/unit/test_tokenizer.py::TestTokenizerEdgeCases::test_tokenize_preprocessor_edge_cases PASSED [ 76%]
tests/unit/test_tokenizer.py::TestTokenizerEdgeCases::test_very_large_comment_block_parsing PASSED [ 76%]
tests/unit/test_transformer.py::TestTransformer::test_additions_with_file_selection PASSED [ 76%]
tests/unit/test_transformer.py::TestTransformer::test_apply_element_filters_enums PASSED [ 76%]
tests/unit/test_transformer.py::TestTransformer::test_apply_element_filters_functions PASSED [ 77%]
tests/unit/test_transformer.py::TestTransformer::test_apply_element_filters_globals PASSED [ 77%]
tests/unit/test_transformer.py::TestTransformer::test_apply_element_filters_macros PASSED [ 77%]
tests/unit/test_transformer.py::TestTransformer::test_apply_element_filters_structs PASSED [ 78%]
tests/unit/test_transformer.py::TestTransformer::test_apply_element_filters_typedefs PASSED [ 78%]
tests/unit/test_transformer.py::TestTransformer::test_apply_element_filters_unions PASSED [ 78%]
tests/unit/test_transformer.py::TestTransformer::test_apply_file_filters_both_patterns PASSED [ 78%]
tests/unit/test_transformer.py::TestTransformer::test_apply_file_filters_exclude_only PASSED [ 79%]
tests/unit/test_transformer.py::TestTransformer::test_apply_file_filters_include_only PASSED [ 79%]
tests/unit/test_transformer.py::TestTransformer::test_apply_file_filters_no_patterns PASSED [ 79%]
tests/unit/test_transformer.py::TestTransformer::test_apply_include_filters_basic PASSED [ 80%]
tests/unit/test_transformer.py::TestTransformer::test_apply_include_filters_empty_config PASSED [ 80%]
tests/unit/test_transformer.py::TestTransformer::test_apply_include_filters_invalid_regex PASSED [ 80%]
tests/unit/test_transformer.py::TestTransformer::test_apply_include_filters_multiple_root_files PASSED [ 81%]
tests/unit/test_transformer.py::TestTransformer::test_apply_include_filters_no_matching_root_file PASSED [ 81%]
tests/unit/test_transformer.py::TestTransformer::test_apply_transformations_no_config PASSED [ 81%]
tests/unit/test_transformer.py::TestTransformer::test_apply_transformations_with_all_sections PASSED [ 81%]
tests/unit/test_transformer.py::TestTransformer::test_apply_transformations_with_include_filters PASSED [ 82%]
tests/unit/test_transformer.py::TestTransformer::test_compile_patterns_invalid PASSED [ 82%]
tests/unit/test_transformer.py::TestTransformer::test_compile_patterns_valid PASSED [ 82%]
tests/unit/test_transformer.py::TestTransformer::test_dict_to_file_model PASSED [ 83%]
tests/unit/test_transformer.py::TestTransformer::test_file_selection_apply_to_all PASSED [ 83%]
tests/unit/test_transformer.py::TestTransformer::test_file_selection_no_file_selection PASSED [ 83%]
tests/unit/test_transformer.py::TestTransformer::test_file_selection_no_matching_files PASSED [ 84%]
tests/unit/test_transformer.py::TestTransformer::test_file_selection_selected_files PASSED [ 84%]
tests/unit/test_transformer.py::TestTransformer::test_filter_dict_exclude_only PASSED [ 84%]
tests/unit/test_transformer.py::TestTransformer::test_filter_dict_include_only PASSED [ 84%]
tests/unit/test_transformer.py::TestTransformer::test_filter_list_include_only PASSED [ 85%]
tests/unit/test_transformer.py::TestTransformer::test_filter_list_with_key_function PASSED [ 85%]
tests/unit/test_transformer.py::TestTransformer::test_find_included_file PASSED [ 85%]
tests/unit/test_transformer.py::TestTransformer::test_find_included_file_not_found PASSED [ 86%]
tests/unit/test_transformer.py::TestTransformer::test_find_root_file_c_file PASSED [ 86%]
tests/unit/test_transformer.py::TestTransformer::test_find_root_file_header_file PASSED [ 86%]
tests/unit/test_transformer.py::TestTransformer::test_include_filters_transitive_includes_bug PASSED [ 86%]
tests/unit/test_transformer.py::TestTransformer::test_load_config_invalid_file PASSED [ 87%]
tests/unit/test_transformer.py::TestTransformer::test_load_config_valid_file PASSED [ 87%]
tests/unit/test_transformer.py::TestTransformer::test_load_model_invalid_file PASSED [ 87%]
tests/unit/test_transformer.py::TestTransformer::test_load_model_invalid_json PASSED [ 88%]
tests/unit/test_transformer.py::TestTransformer::test_load_model_valid_file PASSED [ 88%]
tests/unit/test_transformer.py::TestTransformer::test_matches_any_pattern PASSED [ 88%]
tests/unit/test_transformer.py::TestTransformer::test_matches_pattern_invalid PASSED [ 89%]
tests/unit/test_transformer.py::TestTransformer::test_matches_pattern_valid PASSED [ 89%]
tests/unit/test_transformer.py::TestTransformer::test_process_include_relations PASSED [ 89%]
tests/unit/test_transformer.py::TestTransformer::test_removals_with_file_selection PASSED [ 89%]
tests/unit/test_transformer.py::TestTransformer::test_renaming_with_file_selection PASSED [ 90%]
tests/unit/test_transformer.py::TestTransformer::test_save_model PASSED  [ 90%]
tests/unit/test_transformer.py::TestTransformer::test_should_include_file_both_patterns PASSED [ 90%]
tests/unit/test_transformer.py::TestTransformer::test_should_include_file_exclude_patterns PASSED [ 91%]
tests/unit/test_transformer.py::TestTransformer::test_should_include_file_include_patterns PASSED [ 91%]
tests/unit/test_transformer.py::TestTransformer::test_transform_main_method PASSED [ 91%]
tests/unit/test_typedef_extraction.py::TestTypedefExtraction::test_comments_and_whitespace PASSED [ 92%]
tests/unit/test_typedef_extraction.py::TestTypedefExtraction::test_comprehensive_typedef_extraction PASSED [ 92%]
tests/unit/test_typedef_extraction.py::TestTypedefExtraction::test_empty_content PASSED [ 92%]
tests/unit/test_typedef_extraction.py::TestTypedefExtraction::test_enum_typedefs PASSED [ 92%]
tests/unit/test_typedef_extraction.py::TestTypedefExtraction::test_function_pointer_typedefs PASSED [ 93%]
tests/unit/test_typedef_extraction.py::TestTypedefExtraction::test_no_typedefs_content PASSED [ 93%]
tests/unit/test_typedef_extraction.py::TestTypedefExtraction::test_simple_typedefs PASSED [ 93%]
tests/unit/test_typedef_extraction.py::TestTypedefExtraction::test_struct_typedefs PASSED [ 94%]
tests/unit/test_typedef_extraction.py::TestTypedefExtraction::test_union_typedefs PASSED [ 94%]
tests/unit/test_utils.py::TestUtils::test_detect_file_encoding_ascii PASSED [ 94%]
tests/unit/test_utils.py::TestUtils::test_detect_file_encoding_utf8 PASSED [ 94%]
tests/unit/test_utils.py::TestUtils::test_detect_file_encoding_with_bom PASSED [ 95%]
tests/unit/test_utils.py::TestUtils::test_get_acceptable_encodings PASSED [ 95%]
tests/unit/test_utils.py::TestUtils::test_get_platform_default_encoding PASSED [ 95%]
tests/unit/test_utils.py::TestUtils::test_is_acceptable_encoding PASSED  [ 96%]
tests/unit/test_utils.py::TestUtils::test_normalize_encoding PASSED      [ 96%]
tests/unit/test_verifier.py::TestModelVerifier::test_empty_names_detected PASSED [ 96%]
tests/unit/test_verifier.py::TestModelVerifier::test_invalid_global_name_detected PASSED [ 97%]
tests/unit/test_verifier.py::TestModelVerifier::test_invalid_identifier_detected PASSED [ 97%]
tests/unit/test_verifier.py::TestModelVerifier::test_invalid_identifiers_fail PASSED [ 97%]
tests/unit/test_verifier.py::TestModelVerifier::test_missing_opening_brackets_detected PASSED [ 97%]
tests/unit/test_verifier.py::TestModelVerifier::test_missing_opening_brackets_in_values_detected PASSED [ 98%]
tests/unit/test_verifier.py::TestModelVerifier::test_project_level_validation PASSED [ 98%]
tests/unit/test_verifier.py::TestModelVerifier::test_suspicious_type_detected PASSED [ 98%]
tests/unit/test_verifier.py::TestModelVerifier::test_suspicious_value_detected PASSED [ 99%]
tests/unit/test_verifier.py::TestModelVerifier::test_unbalanced_brackets_detected PASSED [ 99%]
tests/unit/test_verifier.py::TestModelVerifier::test_valid_identifiers_pass PASSED [ 99%]
tests/unit/test_verifier.py::TestModelVerifier::test_valid_model_passes_verification PASSED [100%]

============================= 338 passed in 2.76s ==============================
